TUZVED18030002 LiveUpdate 2018-03-19 13:26:52 MERCHANT=
TUZVED18030002 LiveUpdate 2018-03-19 13:26:52 ORDER_REF=TUZVED18030002
TUZVED18030002 LiveUpdate 2018-03-19 13:26:52 ORDER_DATE=2018-03-19 13:26:52
TUZVED18030002 LiveUpdate 2018-03-19 13:26:52 ORDER_PNAME=Facsavar 3.5 100 db
TUZVED18030002 LiveUpdate 2018-03-19 13:26:52 ORDER_PCODE=0002CS100
TUZVED18030002 LiveUpdate 2018-03-19 13:26:52 ORDER_PINFO=Cikkszám: WP001-0002CS100 Méret: 100 db/csomag Szín: 16mm 
TUZVED18030002 LiveUpdate 2018-03-19 13:26:52 ORDER_PRICE=2740
TUZVED18030002 LiveUpdate 2018-03-19 13:26:52 ORDER_QTY=5
TUZVED18030002 LiveUpdate 2018-03-19 13:26:52 ORDER_VAT=0
TUZVED18030002 LiveUpdate 2018-03-19 13:26:52 PRICES_CURRENCY=HUF
TUZVED18030002 LiveUpdate 2018-03-19 13:26:52 ORDER_SHIPPING=1290
TUZVED18030002 LiveUpdate 2018-03-19 13:26:52 DISCOUNT=0
TUZVED18030002 LiveUpdate 2018-03-19 13:26:52 PAY_METHOD=CCVISAMC
TUZVED18030002 LiveUpdate 2018-03-19 13:26:52 LANGUAGE=HU
TUZVED18030002 LiveUpdate 2018-03-19 13:26:52 AUTOMODE=1
TUZVED18030002 LiveUpdate 2018-03-19 13:26:52 ORDER_TIMEOUT=300
TUZVED18030002 LiveUpdate 2018-03-19 13:26:52 TIMEOUT_URL=http://www.tuzvedelmicentrum.web-pro.hu/gateway/simple/timeout
TUZVED18030002 LiveUpdate 2018-03-19 13:26:52 BACK_REF=http://www.tuzvedelmicentrum.web-pro.hu/gateway/simple/backref
TUZVED18030002 LiveUpdate 2018-03-19 13:26:52 BILL_FNAME=Real
TUZVED18030002 LiveUpdate 2018-03-19 13:26:52 BILL_LNAME=Trade
TUZVED18030002 LiveUpdate 2018-03-19 13:26:52 BILL_EMAIL=molnar.istvan@web-pro.hu
TUZVED18030002 LiveUpdate 2018-03-19 13:26:52 BILL_PHONE=06701234567
TUZVED18030002 LiveUpdate 2018-03-19 13:26:52 BILL_ADDRESS=Nagytétényi krt. 1.
TUZVED18030002 LiveUpdate 2018-03-19 13:26:52 BILL_ZIPCODE=1106
TUZVED18030002 LiveUpdate 2018-03-19 13:26:52 BILL_CITY=Budapest
TUZVED18030002 LiveUpdate 2018-03-19 13:26:52 BILL_STATE=Budapest
TUZVED18030002 LiveUpdate 2018-03-19 13:26:52 BILL_COUNTRYCODE=HU
TUZVED18030002 LiveUpdate 2018-03-19 13:26:52 DELIVERY_FNAME=Real
TUZVED18030002 LiveUpdate 2018-03-19 13:26:52 DELIVERY_LNAME=Trade
TUZVED18030002 LiveUpdate 2018-03-19 13:26:52 DELIVERY_PHONE=06701234567
TUZVED18030002 LiveUpdate 2018-03-19 13:26:52 DELIVERY_ADDRESS=Nagytétényi krt. 1.
TUZVED18030002 LiveUpdate 2018-03-19 13:26:52 DELIVERY_ZIPCODE=1106
TUZVED18030002 LiveUpdate 2018-03-19 13:26:52 DELIVERY_CITY=Budapest
TUZVED18030002 LiveUpdate 2018-03-19 13:26:52 DELIVERY_STATE=Budapest
TUZVED18030002 LiveUpdate 2018-03-19 13:26:52 DELIVERY_COUNTRYCODE=HU
TUZVED18030002 LiveUpdate 2018-03-19 13:26:52 ORDER_HASH=85d3d730c8f3dff50ad19d8f8082eed9
TUZVED18030002 LiveUpdate 2018-03-19 15:01:23 MERCHANT=
TUZVED18030002 LiveUpdate 2018-03-19 15:01:23 ORDER_REF=TUZVED18030002
TUZVED18030002 LiveUpdate 2018-03-19 15:01:23 ORDER_DATE=2018-03-19 15:01:23
TUZVED18030002 LiveUpdate 2018-03-19 15:01:23 ORDER_PNAME=Facsavar 3.5 100 db
TUZVED18030002 LiveUpdate 2018-03-19 15:01:23 ORDER_PCODE=0002CS100
TUZVED18030002 LiveUpdate 2018-03-19 15:01:23 ORDER_PINFO=Cikkszám: WP001-0002CS100 Méret: 100 db/csomag Szín: 16mm 
TUZVED18030002 LiveUpdate 2018-03-19 15:01:23 ORDER_PRICE=2740
TUZVED18030002 LiveUpdate 2018-03-19 15:01:23 ORDER_QTY=5
TUZVED18030002 LiveUpdate 2018-03-19 15:01:23 ORDER_VAT=0
TUZVED18030002 LiveUpdate 2018-03-19 15:01:23 PRICES_CURRENCY=HUF
TUZVED18030002 LiveUpdate 2018-03-19 15:01:23 ORDER_SHIPPING=1290
TUZVED18030002 LiveUpdate 2018-03-19 15:01:23 DISCOUNT=0
TUZVED18030002 LiveUpdate 2018-03-19 15:01:23 PAY_METHOD=CCVISAMC
TUZVED18030002 LiveUpdate 2018-03-19 15:01:23 LANGUAGE=HU
TUZVED18030002 LiveUpdate 2018-03-19 15:01:23 AUTOMODE=1
TUZVED18030002 LiveUpdate 2018-03-19 15:01:23 ORDER_TIMEOUT=300
TUZVED18030002 LiveUpdate 2018-03-19 15:01:23 TIMEOUT_URL=http://www.tuzvedelmicentrum.web-pro.hu/gateway/simple/timeout
TUZVED18030002 LiveUpdate 2018-03-19 15:01:23 BACK_REF=http://www.tuzvedelmicentrum.web-pro.hu/gateway/simple/backref
TUZVED18030002 LiveUpdate 2018-03-19 15:01:23 BILL_FNAME=Real
TUZVED18030002 LiveUpdate 2018-03-19 15:01:23 BILL_LNAME=Trade
TUZVED18030002 LiveUpdate 2018-03-19 15:01:23 BILL_EMAIL=molnar.istvan@web-pro.hu
TUZVED18030002 LiveUpdate 2018-03-19 15:01:23 BILL_PHONE=06701234567
TUZVED18030002 LiveUpdate 2018-03-19 15:01:23 BILL_ADDRESS=Nagytétényi krt. 1.
TUZVED18030002 LiveUpdate 2018-03-19 15:01:23 BILL_ZIPCODE=1106
TUZVED18030002 LiveUpdate 2018-03-19 15:01:23 BILL_CITY=Budapest
TUZVED18030002 LiveUpdate 2018-03-19 15:01:23 BILL_STATE=Budapest
TUZVED18030002 LiveUpdate 2018-03-19 15:01:23 BILL_COUNTRYCODE=HU
TUZVED18030002 LiveUpdate 2018-03-19 15:01:23 DELIVERY_FNAME=Real
TUZVED18030002 LiveUpdate 2018-03-19 15:01:23 DELIVERY_LNAME=Trade
TUZVED18030002 LiveUpdate 2018-03-19 15:01:23 DELIVERY_PHONE=06701234567
TUZVED18030002 LiveUpdate 2018-03-19 15:01:23 DELIVERY_ADDRESS=Nagytétényi krt. 1.
TUZVED18030002 LiveUpdate 2018-03-19 15:01:23 DELIVERY_ZIPCODE=1106
TUZVED18030002 LiveUpdate 2018-03-19 15:01:23 DELIVERY_CITY=Budapest
TUZVED18030002 LiveUpdate 2018-03-19 15:01:23 DELIVERY_STATE=Budapest
TUZVED18030002 LiveUpdate 2018-03-19 15:01:23 DELIVERY_COUNTRYCODE=HU
TUZVED18030002 LiveUpdate 2018-03-19 15:01:23 ORDER_HASH=49b8bf946121be5d985cd1fdc83101c3
