TUZVED18030003 LiveUpdate 2018-03-13 14:49:37 MERCHANT=
TUZVED18030003 LiveUpdate 2018-03-13 14:49:37 ORDER_REF=TUZVED18030003
TUZVED18030003 LiveUpdate 2018-03-13 14:49:37 ORDER_DATE=2018-03-13 14:49:37
TUZVED18030003 LiveUpdate 2018-03-13 14:49:37 ORDER_PNAME=Facsavar 3.5 100 db
TUZVED18030003 LiveUpdate 2018-03-13 14:49:37 ORDER_PCODE=0002CS100
TUZVED18030003 LiveUpdate 2018-03-13 14:49:37 ORDER_PINFO=Cikkszám: WP001-0002CS100 Méret: 100 db/csomag Szín: 16mm 
TUZVED18030003 LiveUpdate 2018-03-13 14:49:37 ORDER_PRICE=2740
TUZVED18030003 LiveUpdate 2018-03-13 14:49:37 ORDER_QTY=10
TUZVED18030003 LiveUpdate 2018-03-13 14:49:37 ORDER_VAT=0
TUZVED18030003 LiveUpdate 2018-03-13 14:49:37 PRICES_CURRENCY=HUF
TUZVED18030003 LiveUpdate 2018-03-13 14:49:37 ORDER_SHIPPING=1290
TUZVED18030003 LiveUpdate 2018-03-13 14:49:37 DISCOUNT=0
TUZVED18030003 LiveUpdate 2018-03-13 14:49:37 PAY_METHOD=CCVISAMC
TUZVED18030003 LiveUpdate 2018-03-13 14:49:37 LANGUAGE=HU
TUZVED18030003 LiveUpdate 2018-03-13 14:49:37 AUTOMODE=1
TUZVED18030003 LiveUpdate 2018-03-13 14:49:37 ORDER_TIMEOUT=300
TUZVED18030003 LiveUpdate 2018-03-13 14:49:37 TIMEOUT_URL=http://www.tuzvedelmicentrum.web-pro.hu/gateway/simple/timeout
TUZVED18030003 LiveUpdate 2018-03-13 14:49:37 BACK_REF=http://www.tuzvedelmicentrum.web-pro.hu/gateway/simple/backref
TUZVED18030003 LiveUpdate 2018-03-13 14:49:37 BILL_FNAME=Real
TUZVED18030003 LiveUpdate 2018-03-13 14:49:37 BILL_LNAME=Trade
TUZVED18030003 LiveUpdate 2018-03-13 14:49:37 BILL_EMAIL=molnar.istvan@web-pro.hu
TUZVED18030003 LiveUpdate 2018-03-13 14:49:37 BILL_PHONE=06701234567
TUZVED18030003 LiveUpdate 2018-03-13 14:49:37 BILL_ADDRESS=Nagytétényi krt. 1.
TUZVED18030003 LiveUpdate 2018-03-13 14:49:37 BILL_ZIPCODE=1106
TUZVED18030003 LiveUpdate 2018-03-13 14:49:37 BILL_CITY=Budapest
TUZVED18030003 LiveUpdate 2018-03-13 14:49:37 BILL_STATE=Budapest
TUZVED18030003 LiveUpdate 2018-03-13 14:49:37 BILL_COUNTRYCODE=HU
TUZVED18030003 LiveUpdate 2018-03-13 14:49:37 DELIVERY_FNAME=Real
TUZVED18030003 LiveUpdate 2018-03-13 14:49:37 DELIVERY_LNAME=Trade
TUZVED18030003 LiveUpdate 2018-03-13 14:49:37 DELIVERY_PHONE=06701234567
TUZVED18030003 LiveUpdate 2018-03-13 14:49:37 DELIVERY_ADDRESS=Nagytétényi krt. 1.
TUZVED18030003 LiveUpdate 2018-03-13 14:49:37 DELIVERY_ZIPCODE=1106
TUZVED18030003 LiveUpdate 2018-03-13 14:49:37 DELIVERY_CITY=Budapest
TUZVED18030003 LiveUpdate 2018-03-13 14:49:37 DELIVERY_STATE=Budapest
TUZVED18030003 LiveUpdate 2018-03-13 14:49:37 DELIVERY_COUNTRYCODE=HU
TUZVED18030003 LiveUpdate 2018-03-13 14:49:37 ORDER_HASH=4c3a20be5fab9b29616ab6e76565f7c1
TUZVED18030003 LiveUpdate 2018-03-13 14:55:41 MERCHANT=
TUZVED18030003 LiveUpdate 2018-03-13 14:55:41 ORDER_REF=TUZVED18030003
TUZVED18030003 LiveUpdate 2018-03-13 14:55:41 ORDER_DATE=2018-03-13 14:55:41
TUZVED18030003 LiveUpdate 2018-03-13 14:55:41 ORDER_PNAME=Facsavar 3.5 100 db
TUZVED18030003 LiveUpdate 2018-03-13 14:55:41 ORDER_PCODE=0002CS100
TUZVED18030003 LiveUpdate 2018-03-13 14:55:41 ORDER_PINFO=Cikkszám: WP001-0002CS100 Méret: 100 db/csomag Szín: 16mm 
TUZVED18030003 LiveUpdate 2018-03-13 14:55:41 ORDER_PRICE=2740
TUZVED18030003 LiveUpdate 2018-03-13 14:55:41 ORDER_QTY=10
TUZVED18030003 LiveUpdate 2018-03-13 14:55:41 ORDER_VAT=0
TUZVED18030003 LiveUpdate 2018-03-13 14:55:41 PRICES_CURRENCY=HUF
TUZVED18030003 LiveUpdate 2018-03-13 14:55:41 ORDER_SHIPPING=1290
TUZVED18030003 LiveUpdate 2018-03-13 14:55:41 DISCOUNT=0
TUZVED18030003 LiveUpdate 2018-03-13 14:55:41 PAY_METHOD=CCVISAMC
TUZVED18030003 LiveUpdate 2018-03-13 14:55:41 LANGUAGE=HU
TUZVED18030003 LiveUpdate 2018-03-13 14:55:41 AUTOMODE=1
TUZVED18030003 LiveUpdate 2018-03-13 14:55:41 ORDER_TIMEOUT=300
TUZVED18030003 LiveUpdate 2018-03-13 14:55:41 TIMEOUT_URL=http://www.tuzvedelmicentrum.web-pro.hu/gateway/simple/timeout
TUZVED18030003 LiveUpdate 2018-03-13 14:55:41 BACK_REF=http://www.tuzvedelmicentrum.web-pro.hu/gateway/simple/backref
TUZVED18030003 LiveUpdate 2018-03-13 14:55:41 BILL_FNAME=Real
TUZVED18030003 LiveUpdate 2018-03-13 14:55:41 BILL_LNAME=Trade
TUZVED18030003 LiveUpdate 2018-03-13 14:55:41 BILL_EMAIL=molnar.istvan@web-pro.hu
TUZVED18030003 LiveUpdate 2018-03-13 14:55:41 BILL_PHONE=06701234567
TUZVED18030003 LiveUpdate 2018-03-13 14:55:41 BILL_ADDRESS=Nagytétényi krt. 1.
TUZVED18030003 LiveUpdate 2018-03-13 14:55:41 BILL_ZIPCODE=1106
TUZVED18030003 LiveUpdate 2018-03-13 14:55:41 BILL_CITY=Budapest
TUZVED18030003 LiveUpdate 2018-03-13 14:55:41 BILL_STATE=Budapest
TUZVED18030003 LiveUpdate 2018-03-13 14:55:41 BILL_COUNTRYCODE=HU
TUZVED18030003 LiveUpdate 2018-03-13 14:55:41 DELIVERY_FNAME=Real
TUZVED18030003 LiveUpdate 2018-03-13 14:55:41 DELIVERY_LNAME=Trade
TUZVED18030003 LiveUpdate 2018-03-13 14:55:41 DELIVERY_PHONE=06701234567
TUZVED18030003 LiveUpdate 2018-03-13 14:55:41 DELIVERY_ADDRESS=Nagytétényi krt. 1.
TUZVED18030003 LiveUpdate 2018-03-13 14:55:41 DELIVERY_ZIPCODE=1106
TUZVED18030003 LiveUpdate 2018-03-13 14:55:41 DELIVERY_CITY=Budapest
TUZVED18030003 LiveUpdate 2018-03-13 14:55:41 DELIVERY_STATE=Budapest
TUZVED18030003 LiveUpdate 2018-03-13 14:55:41 DELIVERY_COUNTRYCODE=HU
TUZVED18030003 LiveUpdate 2018-03-13 14:55:41 ORDER_HASH=6725a0eedc2eb94d71bb6a9e3d492154
TUZVED18030005 LiveUpdate 2018-03-13 15:00:41 MERCHANT=
TUZVED18030005 LiveUpdate 2018-03-13 15:00:41 ORDER_REF=TUZVED18030005
TUZVED18030005 LiveUpdate 2018-03-13 15:00:41 ORDER_DATE=2018-03-13 15:00:41
TUZVED18030005 LiveUpdate 2018-03-13 15:00:41 ORDER_PNAME=Facsavar 2.5
TUZVED18030005 LiveUpdate 2018-03-13 15:00:41 ORDER_PCODE=0003
TUZVED18030005 LiveUpdate 2018-03-13 15:00:41 ORDER_PINFO=Cikkszám: WP001-0003 Szín: 20mm 
TUZVED18030005 LiveUpdate 2018-03-13 15:00:41 ORDER_PRICE=25
TUZVED18030005 LiveUpdate 2018-03-13 15:00:41 ORDER_QTY=250
TUZVED18030005 LiveUpdate 2018-03-13 15:00:41 ORDER_VAT=0
TUZVED18030005 LiveUpdate 2018-03-13 15:00:41 PRICES_CURRENCY=HUF
TUZVED18030005 LiveUpdate 2018-03-13 15:00:41 ORDER_SHIPPING=1290
TUZVED18030005 LiveUpdate 2018-03-13 15:00:41 DISCOUNT=0
TUZVED18030005 LiveUpdate 2018-03-13 15:00:41 PAY_METHOD=CCVISAMC
TUZVED18030005 LiveUpdate 2018-03-13 15:00:41 LANGUAGE=HU
TUZVED18030005 LiveUpdate 2018-03-13 15:00:41 AUTOMODE=1
TUZVED18030005 LiveUpdate 2018-03-13 15:00:41 ORDER_TIMEOUT=300
TUZVED18030005 LiveUpdate 2018-03-13 15:00:41 TIMEOUT_URL=http://www.tuzvedelmicentrum.web-pro.hu/gateway/simple/timeout
TUZVED18030005 LiveUpdate 2018-03-13 15:00:41 BACK_REF=http://www.tuzvedelmicentrum.web-pro.hu/gateway/simple/backref
TUZVED18030005 LiveUpdate 2018-03-13 15:00:41 BILL_FNAME=Molnár
TUZVED18030005 LiveUpdate 2018-03-13 15:00:41 BILL_LNAME=István
TUZVED18030005 LiveUpdate 2018-03-13 15:00:41 BILL_EMAIL=pocokxtrame@gmail.com
TUZVED18030005 LiveUpdate 2018-03-13 15:00:41 BILL_PHONE=06702361259
TUZVED18030005 LiveUpdate 2018-03-13 15:00:41 BILL_ADDRESS=Patika u. 12.
TUZVED18030005 LiveUpdate 2018-03-13 15:00:41 BILL_ZIPCODE=4287
TUZVED18030005 LiveUpdate 2018-03-13 15:00:41 BILL_CITY=Vámospércs
TUZVED18030005 LiveUpdate 2018-03-13 15:00:41 BILL_STATE=Hajdú-Bihar
TUZVED18030005 LiveUpdate 2018-03-13 15:00:41 BILL_COUNTRYCODE=HU
TUZVED18030005 LiveUpdate 2018-03-13 15:00:41 DELIVERY_FNAME=Molnár
TUZVED18030005 LiveUpdate 2018-03-13 15:00:41 DELIVERY_LNAME=István
TUZVED18030005 LiveUpdate 2018-03-13 15:00:41 DELIVERY_PHONE=06702361259
TUZVED18030005 LiveUpdate 2018-03-13 15:00:41 DELIVERY_ADDRESS=Patika u. 12.
TUZVED18030005 LiveUpdate 2018-03-13 15:00:41 DELIVERY_ZIPCODE=4287
TUZVED18030005 LiveUpdate 2018-03-13 15:00:41 DELIVERY_CITY=Vámospércs
TUZVED18030005 LiveUpdate 2018-03-13 15:00:41 DELIVERY_STATE=Hajdú-Bihar
TUZVED18030005 LiveUpdate 2018-03-13 15:00:41 DELIVERY_COUNTRYCODE=HU
TUZVED18030005 LiveUpdate 2018-03-13 15:00:41 ORDER_HASH=91e47313088d338b6a93bddd50265da9
TUZVED18030006 LiveUpdate 2018-03-13 15:02:08 MERCHANT=
TUZVED18030006 LiveUpdate 2018-03-13 15:02:08 ORDER_REF=TUZVED18030006
TUZVED18030006 LiveUpdate 2018-03-13 15:02:08 ORDER_DATE=2018-03-13 15:02:08
TUZVED18030006 LiveUpdate 2018-03-13 15:02:08 ORDER_PNAME=Facsavar 2.5
TUZVED18030006 LiveUpdate 2018-03-13 15:02:08 ORDER_PNAME=Facsavar 3.5
TUZVED18030006 LiveUpdate 2018-03-13 15:02:08 ORDER_PNAME=PZ1 - PZ2 x 50 mm PZ Pozidriv kétvégű bit
TUZVED18030006 LiveUpdate 2018-03-13 15:02:08 ORDER_PCODE=0003
TUZVED18030006 LiveUpdate 2018-03-13 15:02:08 ORDER_PCODE=0002
TUZVED18030006 LiveUpdate 2018-03-13 15:02:08 ORDER_PCODE=0001
TUZVED18030006 LiveUpdate 2018-03-13 15:02:08 ORDER_PINFO=Cikkszám: WP001-0003 Szín: 20mm 
TUZVED18030006 LiveUpdate 2018-03-13 15:02:08 ORDER_PINFO=Cikkszám: WP001-0002 Méret: 1 darab Szín: 16mm 
TUZVED18030006 LiveUpdate 2018-03-13 15:02:08 ORDER_PINFO=Cikkszám: WP002-0001 Szín: Szürke 
TUZVED18030006 LiveUpdate 2018-03-13 15:02:08 ORDER_PRICE=25
TUZVED18030006 LiveUpdate 2018-03-13 15:02:08 ORDER_PRICE=25
TUZVED18030006 LiveUpdate 2018-03-13 15:02:08 ORDER_PRICE=5500
TUZVED18030006 LiveUpdate 2018-03-13 15:02:08 ORDER_QTY=50
TUZVED18030006 LiveUpdate 2018-03-13 15:02:08 ORDER_QTY=100
TUZVED18030006 LiveUpdate 2018-03-13 15:02:08 ORDER_QTY=10
TUZVED18030006 LiveUpdate 2018-03-13 15:02:08 ORDER_VAT=0
TUZVED18030006 LiveUpdate 2018-03-13 15:02:08 ORDER_VAT=0
TUZVED18030006 LiveUpdate 2018-03-13 15:02:08 ORDER_VAT=0
TUZVED18030006 LiveUpdate 2018-03-13 15:02:08 PRICES_CURRENCY=HUF
TUZVED18030006 LiveUpdate 2018-03-13 15:02:08 ORDER_SHIPPING=1290
TUZVED18030006 LiveUpdate 2018-03-13 15:02:08 DISCOUNT=0
TUZVED18030006 LiveUpdate 2018-03-13 15:02:08 PAY_METHOD=CCVISAMC
TUZVED18030006 LiveUpdate 2018-03-13 15:02:08 LANGUAGE=HU
TUZVED18030006 LiveUpdate 2018-03-13 15:02:08 AUTOMODE=1
TUZVED18030006 LiveUpdate 2018-03-13 15:02:08 ORDER_TIMEOUT=300
TUZVED18030006 LiveUpdate 2018-03-13 15:02:08 TIMEOUT_URL=http://www.tuzvedelmicentrum.web-pro.hu/gateway/simple/timeout
TUZVED18030006 LiveUpdate 2018-03-13 15:02:08 BACK_REF=http://www.tuzvedelmicentrum.web-pro.hu/gateway/simple/backref
TUZVED18030006 LiveUpdate 2018-03-13 15:02:08 BILL_FNAME=Molnár
TUZVED18030006 LiveUpdate 2018-03-13 15:02:08 BILL_LNAME=István
TUZVED18030006 LiveUpdate 2018-03-13 15:02:08 BILL_EMAIL=mistvan2014@gmail.com
TUZVED18030006 LiveUpdate 2018-03-13 15:02:08 BILL_PHONE=06702361259
TUZVED18030006 LiveUpdate 2018-03-13 15:02:08 BILL_ADDRESS=Patika u. 12.
TUZVED18030006 LiveUpdate 2018-03-13 15:02:08 BILL_ZIPCODE=4287
TUZVED18030006 LiveUpdate 2018-03-13 15:02:08 BILL_CITY=Vámospércs
TUZVED18030006 LiveUpdate 2018-03-13 15:02:08 BILL_STATE=Hajdú-Bihar
TUZVED18030006 LiveUpdate 2018-03-13 15:02:08 BILL_COUNTRYCODE=HU
TUZVED18030006 LiveUpdate 2018-03-13 15:02:08 DELIVERY_FNAME=Molnár
TUZVED18030006 LiveUpdate 2018-03-13 15:02:08 DELIVERY_LNAME=István
TUZVED18030006 LiveUpdate 2018-03-13 15:02:08 DELIVERY_PHONE=06702361259
TUZVED18030006 LiveUpdate 2018-03-13 15:02:08 DELIVERY_ADDRESS=Patika u. 12.
TUZVED18030006 LiveUpdate 2018-03-13 15:02:08 DELIVERY_ZIPCODE=4287
TUZVED18030006 LiveUpdate 2018-03-13 15:02:08 DELIVERY_CITY=Vámospércs
TUZVED18030006 LiveUpdate 2018-03-13 15:02:08 DELIVERY_STATE=Hajdú-Bihar
TUZVED18030006 LiveUpdate 2018-03-13 15:02:08 DELIVERY_COUNTRYCODE=HU
TUZVED18030006 LiveUpdate 2018-03-13 15:02:08 ORDER_HASH=7cd82b47d74c7d6f5534cba6bd201f8d
TUZVED18030006 LiveUpdate 2018-03-13 15:02:14 MERCHANT=
TUZVED18030006 LiveUpdate 2018-03-13 15:02:14 ORDER_REF=TUZVED18030006
TUZVED18030006 LiveUpdate 2018-03-13 15:02:14 ORDER_DATE=2018-03-13 15:02:14
TUZVED18030006 LiveUpdate 2018-03-13 15:02:14 ORDER_PNAME=Facsavar 2.5
TUZVED18030006 LiveUpdate 2018-03-13 15:02:14 ORDER_PNAME=Facsavar 3.5
TUZVED18030006 LiveUpdate 2018-03-13 15:02:14 ORDER_PNAME=PZ1 - PZ2 x 50 mm PZ Pozidriv kétvégű bit
TUZVED18030006 LiveUpdate 2018-03-13 15:02:14 ORDER_PCODE=0003
TUZVED18030006 LiveUpdate 2018-03-13 15:02:14 ORDER_PCODE=0002
TUZVED18030006 LiveUpdate 2018-03-13 15:02:14 ORDER_PCODE=0001
TUZVED18030006 LiveUpdate 2018-03-13 15:02:14 ORDER_PINFO=Cikkszám: WP001-0003 Szín: 20mm 
TUZVED18030006 LiveUpdate 2018-03-13 15:02:14 ORDER_PINFO=Cikkszám: WP001-0002 Méret: 1 darab Szín: 16mm 
TUZVED18030006 LiveUpdate 2018-03-13 15:02:14 ORDER_PINFO=Cikkszám: WP002-0001 Szín: Szürke 
TUZVED18030006 LiveUpdate 2018-03-13 15:02:14 ORDER_PRICE=25
TUZVED18030006 LiveUpdate 2018-03-13 15:02:14 ORDER_PRICE=25
TUZVED18030006 LiveUpdate 2018-03-13 15:02:14 ORDER_PRICE=5500
TUZVED18030006 LiveUpdate 2018-03-13 15:02:14 ORDER_QTY=50
TUZVED18030006 LiveUpdate 2018-03-13 15:02:14 ORDER_QTY=100
TUZVED18030006 LiveUpdate 2018-03-13 15:02:14 ORDER_QTY=10
TUZVED18030006 LiveUpdate 2018-03-13 15:02:14 ORDER_VAT=0
TUZVED18030006 LiveUpdate 2018-03-13 15:02:14 ORDER_VAT=0
TUZVED18030006 LiveUpdate 2018-03-13 15:02:14 ORDER_VAT=0
TUZVED18030006 LiveUpdate 2018-03-13 15:02:14 PRICES_CURRENCY=HUF
TUZVED18030006 LiveUpdate 2018-03-13 15:02:14 ORDER_SHIPPING=1290
TUZVED18030006 LiveUpdate 2018-03-13 15:02:14 DISCOUNT=0
TUZVED18030006 LiveUpdate 2018-03-13 15:02:14 PAY_METHOD=CCVISAMC
TUZVED18030006 LiveUpdate 2018-03-13 15:02:14 LANGUAGE=HU
TUZVED18030006 LiveUpdate 2018-03-13 15:02:14 AUTOMODE=1
TUZVED18030006 LiveUpdate 2018-03-13 15:02:14 ORDER_TIMEOUT=300
TUZVED18030006 LiveUpdate 2018-03-13 15:02:14 TIMEOUT_URL=http://www.tuzvedelmicentrum.web-pro.hu/gateway/simple/timeout
TUZVED18030006 LiveUpdate 2018-03-13 15:02:14 BACK_REF=http://www.tuzvedelmicentrum.web-pro.hu/gateway/simple/backref
TUZVED18030006 LiveUpdate 2018-03-13 15:02:14 BILL_FNAME=Molnár
TUZVED18030006 LiveUpdate 2018-03-13 15:02:14 BILL_LNAME=István
TUZVED18030006 LiveUpdate 2018-03-13 15:02:14 BILL_EMAIL=mistvan2014@gmail.com
TUZVED18030006 LiveUpdate 2018-03-13 15:02:14 BILL_PHONE=06702361259
TUZVED18030006 LiveUpdate 2018-03-13 15:02:14 BILL_ADDRESS=Patika u. 12.
TUZVED18030006 LiveUpdate 2018-03-13 15:02:14 BILL_ZIPCODE=4287
TUZVED18030006 LiveUpdate 2018-03-13 15:02:14 BILL_CITY=Vámospércs
TUZVED18030006 LiveUpdate 2018-03-13 15:02:14 BILL_STATE=Hajdú-Bihar
TUZVED18030006 LiveUpdate 2018-03-13 15:02:14 BILL_COUNTRYCODE=HU
TUZVED18030006 LiveUpdate 2018-03-13 15:02:14 DELIVERY_FNAME=Molnár
TUZVED18030006 LiveUpdate 2018-03-13 15:02:14 DELIVERY_LNAME=István
TUZVED18030006 LiveUpdate 2018-03-13 15:02:14 DELIVERY_PHONE=06702361259
TUZVED18030006 LiveUpdate 2018-03-13 15:02:14 DELIVERY_ADDRESS=Patika u. 12.
TUZVED18030006 LiveUpdate 2018-03-13 15:02:14 DELIVERY_ZIPCODE=4287
TUZVED18030006 LiveUpdate 2018-03-13 15:02:14 DELIVERY_CITY=Vámospércs
TUZVED18030006 LiveUpdate 2018-03-13 15:02:14 DELIVERY_STATE=Hajdú-Bihar
TUZVED18030006 LiveUpdate 2018-03-13 15:02:14 DELIVERY_COUNTRYCODE=HU
TUZVED18030006 LiveUpdate 2018-03-13 15:02:14 ORDER_HASH=ccdde5b27366fd8f853e42a5bfaf10f8
TUZVED18030006 LiveUpdate 2018-03-13 15:05:27 MERCHANT=
TUZVED18030006 LiveUpdate 2018-03-13 15:05:27 ORDER_REF=TUZVED18030006
TUZVED18030006 LiveUpdate 2018-03-13 15:05:27 ORDER_DATE=2018-03-13 15:05:27
TUZVED18030006 LiveUpdate 2018-03-13 15:05:27 ORDER_PNAME=Facsavar 2.5
TUZVED18030006 LiveUpdate 2018-03-13 15:05:27 ORDER_PNAME=Facsavar 3.5
TUZVED18030006 LiveUpdate 2018-03-13 15:05:27 ORDER_PNAME=PZ1 - PZ2 x 50 mm PZ Pozidriv kétvégű bit
TUZVED18030006 LiveUpdate 2018-03-13 15:05:27 ORDER_PCODE=0003
TUZVED18030006 LiveUpdate 2018-03-13 15:05:27 ORDER_PCODE=0002
TUZVED18030006 LiveUpdate 2018-03-13 15:05:27 ORDER_PCODE=0001
TUZVED18030006 LiveUpdate 2018-03-13 15:05:27 ORDER_PINFO=Cikkszám: WP001-0003 Szín: 20mm 
TUZVED18030006 LiveUpdate 2018-03-13 15:05:27 ORDER_PINFO=Cikkszám: WP001-0002 Méret: 1 darab Szín: 16mm 
TUZVED18030006 LiveUpdate 2018-03-13 15:05:27 ORDER_PINFO=Cikkszám: WP002-0001 Szín: Szürke 
TUZVED18030006 LiveUpdate 2018-03-13 15:05:27 ORDER_PRICE=25
TUZVED18030006 LiveUpdate 2018-03-13 15:05:27 ORDER_PRICE=25
TUZVED18030006 LiveUpdate 2018-03-13 15:05:27 ORDER_PRICE=5500
TUZVED18030006 LiveUpdate 2018-03-13 15:05:27 ORDER_QTY=50
TUZVED18030006 LiveUpdate 2018-03-13 15:05:27 ORDER_QTY=100
TUZVED18030006 LiveUpdate 2018-03-13 15:05:27 ORDER_QTY=10
TUZVED18030006 LiveUpdate 2018-03-13 15:05:27 ORDER_VAT=0
TUZVED18030006 LiveUpdate 2018-03-13 15:05:27 ORDER_VAT=0
TUZVED18030006 LiveUpdate 2018-03-13 15:05:27 ORDER_VAT=0
TUZVED18030006 LiveUpdate 2018-03-13 15:05:27 PRICES_CURRENCY=HUF
TUZVED18030006 LiveUpdate 2018-03-13 15:05:27 ORDER_SHIPPING=1290
TUZVED18030006 LiveUpdate 2018-03-13 15:05:27 DISCOUNT=0
TUZVED18030006 LiveUpdate 2018-03-13 15:05:27 PAY_METHOD=CCVISAMC
TUZVED18030006 LiveUpdate 2018-03-13 15:05:27 LANGUAGE=HU
TUZVED18030006 LiveUpdate 2018-03-13 15:05:27 AUTOMODE=1
TUZVED18030006 LiveUpdate 2018-03-13 15:05:27 ORDER_TIMEOUT=300
TUZVED18030006 LiveUpdate 2018-03-13 15:05:27 TIMEOUT_URL=http://www.tuzvedelmicentrum.web-pro.hu/gateway/simple/timeout
TUZVED18030006 LiveUpdate 2018-03-13 15:05:27 BACK_REF=http://www.tuzvedelmicentrum.web-pro.hu/gateway/simple/backref
TUZVED18030006 LiveUpdate 2018-03-13 15:05:27 BILL_FNAME=Molnár
TUZVED18030006 LiveUpdate 2018-03-13 15:05:27 BILL_LNAME=István
TUZVED18030006 LiveUpdate 2018-03-13 15:05:27 BILL_EMAIL=mistvan2014@gmail.com
TUZVED18030006 LiveUpdate 2018-03-13 15:05:27 BILL_PHONE=06702361259
TUZVED18030006 LiveUpdate 2018-03-13 15:05:27 BILL_ADDRESS=Patika u. 12.
TUZVED18030006 LiveUpdate 2018-03-13 15:05:27 BILL_ZIPCODE=4287
TUZVED18030006 LiveUpdate 2018-03-13 15:05:27 BILL_CITY=Vámospércs
TUZVED18030006 LiveUpdate 2018-03-13 15:05:27 BILL_STATE=Hajdú-Bihar
TUZVED18030006 LiveUpdate 2018-03-13 15:05:27 BILL_COUNTRYCODE=HU
TUZVED18030006 LiveUpdate 2018-03-13 15:05:27 DELIVERY_FNAME=Molnár
TUZVED18030006 LiveUpdate 2018-03-13 15:05:27 DELIVERY_LNAME=István
TUZVED18030006 LiveUpdate 2018-03-13 15:05:27 DELIVERY_PHONE=06702361259
TUZVED18030006 LiveUpdate 2018-03-13 15:05:27 DELIVERY_ADDRESS=Patika u. 12.
TUZVED18030006 LiveUpdate 2018-03-13 15:05:27 DELIVERY_ZIPCODE=4287
TUZVED18030006 LiveUpdate 2018-03-13 15:05:27 DELIVERY_CITY=Vámospércs
TUZVED18030006 LiveUpdate 2018-03-13 15:05:27 DELIVERY_STATE=Hajdú-Bihar
TUZVED18030006 LiveUpdate 2018-03-13 15:05:27 DELIVERY_COUNTRYCODE=HU
TUZVED18030006 LiveUpdate 2018-03-13 15:05:27 ORDER_HASH=ca9dc4ce5337ab77ddb47e27ea2c0c48
TUZVED18030002 LiveUpdate 2018-03-13 15:05:47 MERCHANT=
TUZVED18030002 LiveUpdate 2018-03-13 15:05:47 ORDER_REF=TUZVED18030002
TUZVED18030002 LiveUpdate 2018-03-13 15:05:47 ORDER_DATE=2018-03-13 15:05:47
TUZVED18030002 LiveUpdate 2018-03-13 15:05:47 ORDER_PNAME=Facsavar 3.5 100 db
TUZVED18030002 LiveUpdate 2018-03-13 15:05:47 ORDER_PCODE=0002CS100
TUZVED18030002 LiveUpdate 2018-03-13 15:05:47 ORDER_PINFO=Cikkszám: WP001-0002CS100 Méret: 100 db/csomag Szín: 16mm 
TUZVED18030002 LiveUpdate 2018-03-13 15:05:47 ORDER_PRICE=2740
TUZVED18030002 LiveUpdate 2018-03-13 15:05:47 ORDER_QTY=5
TUZVED18030002 LiveUpdate 2018-03-13 15:05:47 ORDER_VAT=0
TUZVED18030002 LiveUpdate 2018-03-13 15:05:47 PRICES_CURRENCY=HUF
TUZVED18030002 LiveUpdate 2018-03-13 15:05:47 ORDER_SHIPPING=1290
TUZVED18030002 LiveUpdate 2018-03-13 15:05:47 DISCOUNT=0
TUZVED18030002 LiveUpdate 2018-03-13 15:05:47 PAY_METHOD=CCVISAMC
TUZVED18030002 LiveUpdate 2018-03-13 15:05:47 LANGUAGE=HU
TUZVED18030002 LiveUpdate 2018-03-13 15:05:47 AUTOMODE=1
TUZVED18030002 LiveUpdate 2018-03-13 15:05:47 ORDER_TIMEOUT=300
TUZVED18030002 LiveUpdate 2018-03-13 15:05:47 TIMEOUT_URL=http://www.tuzvedelmicentrum.web-pro.hu/gateway/simple/timeout
TUZVED18030002 LiveUpdate 2018-03-13 15:05:47 BACK_REF=http://www.tuzvedelmicentrum.web-pro.hu/gateway/simple/backref
TUZVED18030002 LiveUpdate 2018-03-13 15:05:47 BILL_FNAME=Real
TUZVED18030002 LiveUpdate 2018-03-13 15:05:47 BILL_LNAME=Trade
TUZVED18030002 LiveUpdate 2018-03-13 15:05:47 BILL_EMAIL=molnar.istvan@web-pro.hu
TUZVED18030002 LiveUpdate 2018-03-13 15:05:47 BILL_PHONE=06701234567
TUZVED18030002 LiveUpdate 2018-03-13 15:05:47 BILL_ADDRESS=Nagytétényi krt. 1.
TUZVED18030002 LiveUpdate 2018-03-13 15:05:47 BILL_ZIPCODE=1106
TUZVED18030002 LiveUpdate 2018-03-13 15:05:47 BILL_CITY=Budapest
TUZVED18030002 LiveUpdate 2018-03-13 15:05:47 BILL_STATE=Budapest
TUZVED18030002 LiveUpdate 2018-03-13 15:05:47 BILL_COUNTRYCODE=HU
TUZVED18030002 LiveUpdate 2018-03-13 15:05:47 DELIVERY_FNAME=Real
TUZVED18030002 LiveUpdate 2018-03-13 15:05:47 DELIVERY_LNAME=Trade
TUZVED18030002 LiveUpdate 2018-03-13 15:05:47 DELIVERY_PHONE=06701234567
TUZVED18030002 LiveUpdate 2018-03-13 15:05:47 DELIVERY_ADDRESS=Nagytétényi krt. 1.
TUZVED18030002 LiveUpdate 2018-03-13 15:05:47 DELIVERY_ZIPCODE=1106
TUZVED18030002 LiveUpdate 2018-03-13 15:05:47 DELIVERY_CITY=Budapest
TUZVED18030002 LiveUpdate 2018-03-13 15:05:47 DELIVERY_STATE=Budapest
TUZVED18030002 LiveUpdate 2018-03-13 15:05:47 DELIVERY_COUNTRYCODE=HU
TUZVED18030002 LiveUpdate 2018-03-13 15:05:47 ORDER_HASH=4424b45a87f1f5286a706698ace477dd
TUZVED18030007 LiveUpdate 2018-03-13 15:09:03 MERCHANT=
TUZVED18030007 LiveUpdate 2018-03-13 15:09:03 ORDER_REF=TUZVED18030007
TUZVED18030007 LiveUpdate 2018-03-13 15:09:03 ORDER_DATE=2018-03-13 15:09:03
TUZVED18030007 LiveUpdate 2018-03-13 15:09:03 ORDER_PNAME=PZ1 - PZ2 x 50 mm PZ Pozidriv kétvégű bit
TUZVED18030007 LiveUpdate 2018-03-13 15:09:03 ORDER_PCODE=0001
TUZVED18030007 LiveUpdate 2018-03-13 15:09:03 ORDER_PINFO=Cikkszám: WP002-0001 Szín: Szürke 
TUZVED18030007 LiveUpdate 2018-03-13 15:09:03 ORDER_PRICE=5500
TUZVED18030007 LiveUpdate 2018-03-13 15:09:03 ORDER_QTY=10
TUZVED18030007 LiveUpdate 2018-03-13 15:09:03 ORDER_VAT=0
TUZVED18030007 LiveUpdate 2018-03-13 15:09:03 PRICES_CURRENCY=HUF
TUZVED18030007 LiveUpdate 2018-03-13 15:09:03 ORDER_SHIPPING=1290
TUZVED18030007 LiveUpdate 2018-03-13 15:09:03 DISCOUNT=11000
TUZVED18030007 LiveUpdate 2018-03-13 15:09:03 PAY_METHOD=CCVISAMC
TUZVED18030007 LiveUpdate 2018-03-13 15:09:03 LANGUAGE=HU
TUZVED18030007 LiveUpdate 2018-03-13 15:09:03 AUTOMODE=1
TUZVED18030007 LiveUpdate 2018-03-13 15:09:03 ORDER_TIMEOUT=300
TUZVED18030007 LiveUpdate 2018-03-13 15:09:03 TIMEOUT_URL=http://www.tuzvedelmicentrum.web-pro.hu/gateway/simple/timeout
TUZVED18030007 LiveUpdate 2018-03-13 15:09:03 BACK_REF=http://www.tuzvedelmicentrum.web-pro.hu/gateway/simple/backref
TUZVED18030007 LiveUpdate 2018-03-13 15:09:03 BILL_FNAME=Real
TUZVED18030007 LiveUpdate 2018-03-13 15:09:03 BILL_LNAME=Trade
TUZVED18030007 LiveUpdate 2018-03-13 15:09:03 BILL_EMAIL=molnar.istvan@web-pro.hu
TUZVED18030007 LiveUpdate 2018-03-13 15:09:03 BILL_PHONE=06701234567
TUZVED18030007 LiveUpdate 2018-03-13 15:09:03 BILL_ADDRESS=Nagytétényi krt. 1.
TUZVED18030007 LiveUpdate 2018-03-13 15:09:03 BILL_ZIPCODE=1106
TUZVED18030007 LiveUpdate 2018-03-13 15:09:03 BILL_CITY=Budapest
TUZVED18030007 LiveUpdate 2018-03-13 15:09:03 BILL_STATE=Budapest
TUZVED18030007 LiveUpdate 2018-03-13 15:09:03 BILL_COUNTRYCODE=HU
TUZVED18030007 LiveUpdate 2018-03-13 15:09:03 DELIVERY_FNAME=Real
TUZVED18030007 LiveUpdate 2018-03-13 15:09:03 DELIVERY_LNAME=Trade
TUZVED18030007 LiveUpdate 2018-03-13 15:09:03 DELIVERY_PHONE=06701234567
TUZVED18030007 LiveUpdate 2018-03-13 15:09:03 DELIVERY_ADDRESS=Nagytétényi krt. 1.
TUZVED18030007 LiveUpdate 2018-03-13 15:09:03 DELIVERY_ZIPCODE=1106
TUZVED18030007 LiveUpdate 2018-03-13 15:09:03 DELIVERY_CITY=Budapest
TUZVED18030007 LiveUpdate 2018-03-13 15:09:03 DELIVERY_STATE=Budapest
TUZVED18030007 LiveUpdate 2018-03-13 15:09:03 DELIVERY_COUNTRYCODE=HU
TUZVED18030007 LiveUpdate 2018-03-13 15:09:03 ORDER_HASH=745c3bccac88a7cfd69ac54085e0532c
TUZVED18030007 LiveUpdate 2018-03-13 15:10:00 MERCHANT=
TUZVED18030007 LiveUpdate 2018-03-13 15:10:00 ORDER_REF=TUZVED18030007
TUZVED18030007 LiveUpdate 2018-03-13 15:10:00 ORDER_DATE=2018-03-13 15:10:00
TUZVED18030007 LiveUpdate 2018-03-13 15:10:00 ORDER_PNAME=PZ1 - PZ2 x 50 mm PZ Pozidriv kétvégű bit
TUZVED18030007 LiveUpdate 2018-03-13 15:10:00 ORDER_PCODE=0001
TUZVED18030007 LiveUpdate 2018-03-13 15:10:00 ORDER_PINFO=Cikkszám: WP002-0001 Szín: Szürke 
TUZVED18030007 LiveUpdate 2018-03-13 15:10:00 ORDER_PRICE=5500
TUZVED18030007 LiveUpdate 2018-03-13 15:10:00 ORDER_QTY=10
TUZVED18030007 LiveUpdate 2018-03-13 15:10:00 ORDER_VAT=0
TUZVED18030007 LiveUpdate 2018-03-13 15:10:00 PRICES_CURRENCY=HUF
TUZVED18030007 LiveUpdate 2018-03-13 15:10:00 ORDER_SHIPPING=1290
TUZVED18030007 LiveUpdate 2018-03-13 15:10:00 DISCOUNT=11000
TUZVED18030007 LiveUpdate 2018-03-13 15:10:00 PAY_METHOD=CCVISAMC
TUZVED18030007 LiveUpdate 2018-03-13 15:10:00 LANGUAGE=HU
TUZVED18030007 LiveUpdate 2018-03-13 15:10:00 AUTOMODE=1
TUZVED18030007 LiveUpdate 2018-03-13 15:10:00 ORDER_TIMEOUT=300
TUZVED18030007 LiveUpdate 2018-03-13 15:10:00 TIMEOUT_URL=http://www.tuzvedelmicentrum.web-pro.hu/gateway/simple/timeout
TUZVED18030007 LiveUpdate 2018-03-13 15:10:00 BACK_REF=http://www.tuzvedelmicentrum.web-pro.hu/gateway/simple/backref
TUZVED18030007 LiveUpdate 2018-03-13 15:10:00 BILL_FNAME=Real
TUZVED18030007 LiveUpdate 2018-03-13 15:10:00 BILL_LNAME=Trade
TUZVED18030007 LiveUpdate 2018-03-13 15:10:00 BILL_EMAIL=molnar.istvan@web-pro.hu
TUZVED18030007 LiveUpdate 2018-03-13 15:10:00 BILL_PHONE=06701234567
TUZVED18030007 LiveUpdate 2018-03-13 15:10:00 BILL_ADDRESS=Nagytétényi krt. 1.
TUZVED18030007 LiveUpdate 2018-03-13 15:10:00 BILL_ZIPCODE=1106
TUZVED18030007 LiveUpdate 2018-03-13 15:10:00 BILL_CITY=Budapest
TUZVED18030007 LiveUpdate 2018-03-13 15:10:00 BILL_STATE=Budapest
TUZVED18030007 LiveUpdate 2018-03-13 15:10:00 BILL_COUNTRYCODE=HU
TUZVED18030007 LiveUpdate 2018-03-13 15:10:00 DELIVERY_FNAME=Real
TUZVED18030007 LiveUpdate 2018-03-13 15:10:00 DELIVERY_LNAME=Trade
TUZVED18030007 LiveUpdate 2018-03-13 15:10:00 DELIVERY_PHONE=06701234567
TUZVED18030007 LiveUpdate 2018-03-13 15:10:00 DELIVERY_ADDRESS=Nagytétényi krt. 1.
TUZVED18030007 LiveUpdate 2018-03-13 15:10:00 DELIVERY_ZIPCODE=1106
TUZVED18030007 LiveUpdate 2018-03-13 15:10:00 DELIVERY_CITY=Budapest
TUZVED18030007 LiveUpdate 2018-03-13 15:10:00 DELIVERY_STATE=Budapest
TUZVED18030007 LiveUpdate 2018-03-13 15:10:00 DELIVERY_COUNTRYCODE=HU
TUZVED18030007 LiveUpdate 2018-03-13 15:10:00 ORDER_HASH=584cf6dcdae08fb2100d65b934c9e532
TUZVED18030007 LiveUpdate 2018-03-13 15:16:34 MERCHANT=
TUZVED18030007 LiveUpdate 2018-03-13 15:16:34 ORDER_REF=TUZVED18030007
TUZVED18030007 LiveUpdate 2018-03-13 15:16:34 ORDER_DATE=2018-03-13 15:16:34
TUZVED18030007 LiveUpdate 2018-03-13 15:16:34 ORDER_PNAME=PZ1 - PZ2 x 50 mm PZ Pozidriv kétvégű bit
TUZVED18030007 LiveUpdate 2018-03-13 15:16:34 ORDER_PCODE=0001
TUZVED18030007 LiveUpdate 2018-03-13 15:16:34 ORDER_PINFO=Cikkszám: WP002-0001 Szín: Szürke 
TUZVED18030007 LiveUpdate 2018-03-13 15:16:34 ORDER_PRICE=5500
TUZVED18030007 LiveUpdate 2018-03-13 15:16:34 ORDER_QTY=10
TUZVED18030007 LiveUpdate 2018-03-13 15:16:34 ORDER_VAT=0
TUZVED18030007 LiveUpdate 2018-03-13 15:16:34 PRICES_CURRENCY=HUF
TUZVED18030007 LiveUpdate 2018-03-13 15:16:34 ORDER_SHIPPING=1290
TUZVED18030007 LiveUpdate 2018-03-13 15:16:34 DISCOUNT=11000
TUZVED18030007 LiveUpdate 2018-03-13 15:16:34 PAY_METHOD=CCVISAMC
TUZVED18030007 LiveUpdate 2018-03-13 15:16:34 LANGUAGE=HU
TUZVED18030007 LiveUpdate 2018-03-13 15:16:34 AUTOMODE=1
TUZVED18030007 LiveUpdate 2018-03-13 15:16:34 ORDER_TIMEOUT=300
TUZVED18030007 LiveUpdate 2018-03-13 15:16:34 TIMEOUT_URL=http://www.tuzvedelmicentrum.web-pro.hu/gateway/simple/timeout
TUZVED18030007 LiveUpdate 2018-03-13 15:16:34 BACK_REF=http://www.tuzvedelmicentrum.web-pro.hu/gateway/simple/backref
TUZVED18030007 LiveUpdate 2018-03-13 15:16:34 BILL_FNAME=Real
TUZVED18030007 LiveUpdate 2018-03-13 15:16:34 BILL_LNAME=Trade
TUZVED18030007 LiveUpdate 2018-03-13 15:16:34 BILL_EMAIL=molnar.istvan@web-pro.hu
TUZVED18030007 LiveUpdate 2018-03-13 15:16:34 BILL_PHONE=06701234567
TUZVED18030007 LiveUpdate 2018-03-13 15:16:34 BILL_ADDRESS=Nagytétényi krt. 1.
TUZVED18030007 LiveUpdate 2018-03-13 15:16:34 BILL_ZIPCODE=1106
TUZVED18030007 LiveUpdate 2018-03-13 15:16:34 BILL_CITY=Budapest
TUZVED18030007 LiveUpdate 2018-03-13 15:16:34 BILL_STATE=Budapest
TUZVED18030007 LiveUpdate 2018-03-13 15:16:34 BILL_COUNTRYCODE=HU
TUZVED18030007 LiveUpdate 2018-03-13 15:16:34 DELIVERY_FNAME=Real
TUZVED18030007 LiveUpdate 2018-03-13 15:16:34 DELIVERY_LNAME=Trade
TUZVED18030007 LiveUpdate 2018-03-13 15:16:34 DELIVERY_PHONE=06701234567
TUZVED18030007 LiveUpdate 2018-03-13 15:16:34 DELIVERY_ADDRESS=Nagytétényi krt. 1.
TUZVED18030007 LiveUpdate 2018-03-13 15:16:34 DELIVERY_ZIPCODE=1106
TUZVED18030007 LiveUpdate 2018-03-13 15:16:34 DELIVERY_CITY=Budapest
TUZVED18030007 LiveUpdate 2018-03-13 15:16:34 DELIVERY_STATE=Budapest
TUZVED18030007 LiveUpdate 2018-03-13 15:16:34 DELIVERY_COUNTRYCODE=HU
TUZVED18030007 LiveUpdate 2018-03-13 15:16:34 ORDER_HASH=251ba2597299c0fdf75668d84602a80e
