TUZVED18030 LiveUpdate 2018-03-12 13:40:26 MERCHANT=
TUZVED18030 LiveUpdate 2018-03-12 13:40:26 ORDER_REF=TUZVED18030
TUZVED18030 LiveUpdate 2018-03-12 13:40:26 ORDER_DATE=2018-03-12 13:40:26
TUZVED18030 LiveUpdate 2018-03-12 13:40:26 ORDER_PNAME=PZ1 - PZ2 x 50 mm PZ Pozidriv kétvégű bit
TUZVED18030 LiveUpdate 2018-03-12 13:40:26 ORDER_PNAME=Facsavar 2.5
TUZVED18030 LiveUpdate 2018-03-12 13:40:26 ORDER_PNAME=Facsavar 3.5 100 db
TUZVED18030 LiveUpdate 2018-03-12 13:40:26 ORDER_PCODE=0001
TUZVED18030 LiveUpdate 2018-03-12 13:40:26 ORDER_PCODE=0003
TUZVED18030 LiveUpdate 2018-03-12 13:40:26 ORDER_PCODE=0002CS100
TUZVED18030 LiveUpdate 2018-03-12 13:40:26 ORDER_PINFO=Cikkszám: WP002-0001 Szín: Szürke 
TUZVED18030 LiveUpdate 2018-03-12 13:40:26 ORDER_PINFO=Cikkszám: WP001-0003 Szín: 20mm 
TUZVED18030 LiveUpdate 2018-03-12 13:40:26 ORDER_PINFO=Cikkszám: WP001-0002CS100 Méret: 100 db/csomag Szín: 16mm 
TUZVED18030 LiveUpdate 2018-03-12 13:40:26 ORDER_PRICE=5500
TUZVED18030 LiveUpdate 2018-03-12 13:40:26 ORDER_PRICE=25
TUZVED18030 LiveUpdate 2018-03-12 13:40:26 ORDER_PRICE=2740
TUZVED18030 LiveUpdate 2018-03-12 13:40:26 ORDER_QTY=1
TUZVED18030 LiveUpdate 2018-03-12 13:40:26 ORDER_QTY=10
TUZVED18030 LiveUpdate 2018-03-12 13:40:26 ORDER_QTY=5
TUZVED18030 LiveUpdate 2018-03-12 13:40:26 ORDER_VAT=0
TUZVED18030 LiveUpdate 2018-03-12 13:40:26 ORDER_VAT=0
TUZVED18030 LiveUpdate 2018-03-12 13:40:26 ORDER_VAT=0
TUZVED18030 LiveUpdate 2018-03-12 13:40:26 PRICES_CURRENCY=HUF
TUZVED18030 LiveUpdate 2018-03-12 13:40:26 ORDER_SHIPPING=0
TUZVED18030 LiveUpdate 2018-03-12 13:40:26 DISCOUNT=0
TUZVED18030 LiveUpdate 2018-03-12 13:40:26 PAY_METHOD=CCVISAMC
TUZVED18030 LiveUpdate 2018-03-12 13:40:26 LANGUAGE=HU
TUZVED18030 LiveUpdate 2018-03-12 13:40:26 AUTOMODE=1
TUZVED18030 LiveUpdate 2018-03-12 13:40:26 ORDER_TIMEOUT=300
TUZVED18030 LiveUpdate 2018-03-12 13:40:26 TIMEOUT_URL=http://www.tuzvedelmicentrum.web-pro.hu/gateway/simple/timeout
TUZVED18030 LiveUpdate 2018-03-12 13:40:26 BACK_REF=http://www.tuzvedelmicentrum.web-pro.hu/gateway/simple/backref
TUZVED18030 LiveUpdate 2018-03-12 13:40:26 BILL_FNAME=Molnár
TUZVED18030 LiveUpdate 2018-03-12 13:40:26 BILL_LNAME=István
TUZVED18030 LiveUpdate 2018-03-12 13:40:26 BILL_EMAIL=pocokxtrame@gmail.com
TUZVED18030 LiveUpdate 2018-03-12 13:40:26 BILL_PHONE=06702361259
TUZVED18030 LiveUpdate 2018-03-12 13:40:26 BILL_ADDRESS=Patika u. 12.
TUZVED18030 LiveUpdate 2018-03-12 13:40:26 BILL_ZIPCODE=4287
TUZVED18030 LiveUpdate 2018-03-12 13:40:26 BILL_CITY=Vámospércs
TUZVED18030 LiveUpdate 2018-03-12 13:40:26 BILL_STATE=Hajdú-Bihar
TUZVED18030 LiveUpdate 2018-03-12 13:40:26 BILL_COUNTRYCODE=HU
TUZVED18030 LiveUpdate 2018-03-12 13:40:26 DELIVERY_FNAME=Molnár
TUZVED18030 LiveUpdate 2018-03-12 13:40:26 DELIVERY_LNAME=István
TUZVED18030 LiveUpdate 2018-03-12 13:40:26 DELIVERY_PHONE=06702361259
TUZVED18030 LiveUpdate 2018-03-12 13:40:26 DELIVERY_ADDRESS=Patika u. 12.
TUZVED18030 LiveUpdate 2018-03-12 13:40:26 DELIVERY_ZIPCODE=4287
TUZVED18030 LiveUpdate 2018-03-12 13:40:26 DELIVERY_CITY=Vámospércs
TUZVED18030 LiveUpdate 2018-03-12 13:40:26 DELIVERY_STATE=Hajdú-Bihar
TUZVED18030 LiveUpdate 2018-03-12 13:40:26 DELIVERY_COUNTRYCODE=HU
TUZVED18030 LiveUpdate 2018-03-12 13:40:26 ORDER_HASH=86d7c25b4b219a45f05414bd5333f8e4
TUZVED18030001 LiveUpdate 2018-03-12 14:00:31 MERCHANT=
TUZVED18030001 LiveUpdate 2018-03-12 14:00:31 ORDER_REF=TUZVED18030001
TUZVED18030001 LiveUpdate 2018-03-12 14:00:31 ORDER_DATE=2018-03-12 14:00:31
TUZVED18030001 LiveUpdate 2018-03-12 14:00:31 ORDER_PNAME=Facsavar 3.5 100 db
TUZVED18030001 LiveUpdate 2018-03-12 14:00:31 ORDER_PNAME=PZ1 - PZ2 x 50 mm PZ Pozidriv kétvégű bit
TUZVED18030001 LiveUpdate 2018-03-12 14:00:31 ORDER_PNAME=Facsavar 3.5
TUZVED18030001 LiveUpdate 2018-03-12 14:00:31 ORDER_PCODE=0002CS100
TUZVED18030001 LiveUpdate 2018-03-12 14:00:31 ORDER_PCODE=0001
TUZVED18030001 LiveUpdate 2018-03-12 14:00:31 ORDER_PCODE=0002
TUZVED18030001 LiveUpdate 2018-03-12 14:00:31 ORDER_PINFO=Cikkszám: WP001-0002CS100 Méret: 100 db/csomag Szín: 16mm 
TUZVED18030001 LiveUpdate 2018-03-12 14:00:31 ORDER_PINFO=Cikkszám: WP002-0001 Szín: Szürke 
TUZVED18030001 LiveUpdate 2018-03-12 14:00:31 ORDER_PINFO=Cikkszám: WP001-0002 Méret: 1 darab Szín: 16mm 
TUZVED18030001 LiveUpdate 2018-03-12 14:00:31 ORDER_PRICE=2740
TUZVED18030001 LiveUpdate 2018-03-12 14:00:31 ORDER_PRICE=5500
TUZVED18030001 LiveUpdate 2018-03-12 14:00:31 ORDER_PRICE=25
TUZVED18030001 LiveUpdate 2018-03-12 14:00:31 ORDER_QTY=5
TUZVED18030001 LiveUpdate 2018-03-12 14:00:31 ORDER_QTY=2
TUZVED18030001 LiveUpdate 2018-03-12 14:00:31 ORDER_QTY=50
TUZVED18030001 LiveUpdate 2018-03-12 14:00:31 ORDER_VAT=0
TUZVED18030001 LiveUpdate 2018-03-12 14:00:31 ORDER_VAT=0
TUZVED18030001 LiveUpdate 2018-03-12 14:00:31 ORDER_VAT=0
TUZVED18030001 LiveUpdate 2018-03-12 14:00:31 PRICES_CURRENCY=HUF
TUZVED18030001 LiveUpdate 2018-03-12 14:00:31 ORDER_SHIPPING=1290
TUZVED18030001 LiveUpdate 2018-03-12 14:00:31 DISCOUNT=0
TUZVED18030001 LiveUpdate 2018-03-12 14:00:31 PAY_METHOD=CCVISAMC
TUZVED18030001 LiveUpdate 2018-03-12 14:00:31 LANGUAGE=HU
TUZVED18030001 LiveUpdate 2018-03-12 14:00:31 AUTOMODE=1
TUZVED18030001 LiveUpdate 2018-03-12 14:00:31 ORDER_TIMEOUT=300
TUZVED18030001 LiveUpdate 2018-03-12 14:00:31 TIMEOUT_URL=http://www.tuzvedelmicentrum.web-pro.hu/gateway/simple/timeout
TUZVED18030001 LiveUpdate 2018-03-12 14:00:31 BACK_REF=http://www.tuzvedelmicentrum.web-pro.hu/gateway/simple/backref
TUZVED18030001 LiveUpdate 2018-03-12 14:00:31 BILL_FNAME=Molnár
TUZVED18030001 LiveUpdate 2018-03-12 14:00:31 BILL_LNAME=István
TUZVED18030001 LiveUpdate 2018-03-12 14:00:31 BILL_EMAIL=pocokxtrame@gmail.com
TUZVED18030001 LiveUpdate 2018-03-12 14:00:31 BILL_PHONE=06702361259
TUZVED18030001 LiveUpdate 2018-03-12 14:00:31 BILL_ADDRESS=Patika u. 12.
TUZVED18030001 LiveUpdate 2018-03-12 14:00:31 BILL_ZIPCODE=4287
TUZVED18030001 LiveUpdate 2018-03-12 14:00:31 BILL_CITY=Vámospércs
TUZVED18030001 LiveUpdate 2018-03-12 14:00:31 BILL_STATE=Hajdú-Bihar
TUZVED18030001 LiveUpdate 2018-03-12 14:00:31 BILL_COUNTRYCODE=HU
TUZVED18030001 LiveUpdate 2018-03-12 14:00:31 DELIVERY_FNAME=Molnár
TUZVED18030001 LiveUpdate 2018-03-12 14:00:31 DELIVERY_LNAME=István
TUZVED18030001 LiveUpdate 2018-03-12 14:00:31 DELIVERY_PHONE=06702361259
TUZVED18030001 LiveUpdate 2018-03-12 14:00:31 DELIVERY_ADDRESS=Patika u. 12.
TUZVED18030001 LiveUpdate 2018-03-12 14:00:31 DELIVERY_ZIPCODE=4287
TUZVED18030001 LiveUpdate 2018-03-12 14:00:31 DELIVERY_CITY=Vámospércs
TUZVED18030001 LiveUpdate 2018-03-12 14:00:31 DELIVERY_STATE=Hajdú-Bihar
TUZVED18030001 LiveUpdate 2018-03-12 14:00:31 DELIVERY_COUNTRYCODE=HU
TUZVED18030001 LiveUpdate 2018-03-12 14:00:31 ORDER_HASH=7dceff52512a7ca7e7838729c5bf59fc
TUZVED18030001 LiveUpdate 2018-03-12 14:00:34 MERCHANT=
TUZVED18030001 LiveUpdate 2018-03-12 14:00:34 ORDER_REF=TUZVED18030001
TUZVED18030001 LiveUpdate 2018-03-12 14:00:34 ORDER_DATE=2018-03-12 14:00:34
TUZVED18030001 LiveUpdate 2018-03-12 14:00:34 ORDER_PNAME=Facsavar 3.5 100 db
TUZVED18030001 LiveUpdate 2018-03-12 14:00:34 ORDER_PNAME=PZ1 - PZ2 x 50 mm PZ Pozidriv kétvégű bit
TUZVED18030001 LiveUpdate 2018-03-12 14:00:34 ORDER_PNAME=Facsavar 3.5
TUZVED18030001 LiveUpdate 2018-03-12 14:00:34 ORDER_PCODE=0002CS100
TUZVED18030001 LiveUpdate 2018-03-12 14:00:34 ORDER_PCODE=0001
TUZVED18030001 LiveUpdate 2018-03-12 14:00:34 ORDER_PCODE=0002
TUZVED18030001 LiveUpdate 2018-03-12 14:00:34 ORDER_PINFO=Cikkszám: WP001-0002CS100 Méret: 100 db/csomag Szín: 16mm 
TUZVED18030001 LiveUpdate 2018-03-12 14:00:34 ORDER_PINFO=Cikkszám: WP002-0001 Szín: Szürke 
TUZVED18030001 LiveUpdate 2018-03-12 14:00:34 ORDER_PINFO=Cikkszám: WP001-0002 Méret: 1 darab Szín: 16mm 
TUZVED18030001 LiveUpdate 2018-03-12 14:00:34 ORDER_PRICE=2740
TUZVED18030001 LiveUpdate 2018-03-12 14:00:34 ORDER_PRICE=5500
TUZVED18030001 LiveUpdate 2018-03-12 14:00:34 ORDER_PRICE=25
TUZVED18030001 LiveUpdate 2018-03-12 14:00:34 ORDER_QTY=5
TUZVED18030001 LiveUpdate 2018-03-12 14:00:34 ORDER_QTY=2
TUZVED18030001 LiveUpdate 2018-03-12 14:00:34 ORDER_QTY=50
TUZVED18030001 LiveUpdate 2018-03-12 14:00:34 ORDER_VAT=0
TUZVED18030001 LiveUpdate 2018-03-12 14:00:34 ORDER_VAT=0
TUZVED18030001 LiveUpdate 2018-03-12 14:00:34 ORDER_VAT=0
TUZVED18030001 LiveUpdate 2018-03-12 14:00:34 PRICES_CURRENCY=HUF
TUZVED18030001 LiveUpdate 2018-03-12 14:00:34 ORDER_SHIPPING=1290
TUZVED18030001 LiveUpdate 2018-03-12 14:00:34 DISCOUNT=0
TUZVED18030001 LiveUpdate 2018-03-12 14:00:34 PAY_METHOD=CCVISAMC
TUZVED18030001 LiveUpdate 2018-03-12 14:00:34 LANGUAGE=HU
TUZVED18030001 LiveUpdate 2018-03-12 14:00:34 AUTOMODE=1
TUZVED18030001 LiveUpdate 2018-03-12 14:00:34 ORDER_TIMEOUT=300
TUZVED18030001 LiveUpdate 2018-03-12 14:00:34 TIMEOUT_URL=http://www.tuzvedelmicentrum.web-pro.hu/gateway/simple/timeout
TUZVED18030001 LiveUpdate 2018-03-12 14:00:34 BACK_REF=http://www.tuzvedelmicentrum.web-pro.hu/gateway/simple/backref
TUZVED18030001 LiveUpdate 2018-03-12 14:00:34 BILL_FNAME=Molnár
TUZVED18030001 LiveUpdate 2018-03-12 14:00:34 BILL_LNAME=István
TUZVED18030001 LiveUpdate 2018-03-12 14:00:34 BILL_EMAIL=pocokxtrame@gmail.com
TUZVED18030001 LiveUpdate 2018-03-12 14:00:34 BILL_PHONE=06702361259
TUZVED18030001 LiveUpdate 2018-03-12 14:00:34 BILL_ADDRESS=Patika u. 12.
TUZVED18030001 LiveUpdate 2018-03-12 14:00:34 BILL_ZIPCODE=4287
TUZVED18030001 LiveUpdate 2018-03-12 14:00:34 BILL_CITY=Vámospércs
TUZVED18030001 LiveUpdate 2018-03-12 14:00:34 BILL_STATE=Hajdú-Bihar
TUZVED18030001 LiveUpdate 2018-03-12 14:00:34 BILL_COUNTRYCODE=HU
TUZVED18030001 LiveUpdate 2018-03-12 14:00:34 DELIVERY_FNAME=Molnár
TUZVED18030001 LiveUpdate 2018-03-12 14:00:34 DELIVERY_LNAME=István
TUZVED18030001 LiveUpdate 2018-03-12 14:00:34 DELIVERY_PHONE=06702361259
TUZVED18030001 LiveUpdate 2018-03-12 14:00:34 DELIVERY_ADDRESS=Patika u. 12.
TUZVED18030001 LiveUpdate 2018-03-12 14:00:34 DELIVERY_ZIPCODE=4287
TUZVED18030001 LiveUpdate 2018-03-12 14:00:34 DELIVERY_CITY=Vámospércs
TUZVED18030001 LiveUpdate 2018-03-12 14:00:34 DELIVERY_STATE=Hajdú-Bihar
TUZVED18030001 LiveUpdate 2018-03-12 14:00:34 DELIVERY_COUNTRYCODE=HU
TUZVED18030001 LiveUpdate 2018-03-12 14:00:34 ORDER_HASH=808a27446be576573f76f22309f2b6b3
TUZVED18030001 LiveUpdate 2018-03-12 14:01:28 MERCHANT=
TUZVED18030001 LiveUpdate 2018-03-12 14:01:28 ORDER_REF=TUZVED18030001
TUZVED18030001 LiveUpdate 2018-03-12 14:01:28 ORDER_DATE=2018-03-12 14:01:28
TUZVED18030001 LiveUpdate 2018-03-12 14:01:28 ORDER_PNAME=Facsavar 3.5 100 db
TUZVED18030001 LiveUpdate 2018-03-12 14:01:28 ORDER_PNAME=PZ1 - PZ2 x 50 mm PZ Pozidriv kétvégű bit
TUZVED18030001 LiveUpdate 2018-03-12 14:01:28 ORDER_PNAME=Facsavar 3.5
TUZVED18030001 LiveUpdate 2018-03-12 14:01:28 ORDER_PCODE=0002CS100
TUZVED18030001 LiveUpdate 2018-03-12 14:01:28 ORDER_PCODE=0001
TUZVED18030001 LiveUpdate 2018-03-12 14:01:28 ORDER_PCODE=0002
TUZVED18030001 LiveUpdate 2018-03-12 14:01:28 ORDER_PINFO=Cikkszám: WP001-0002CS100 Méret: 100 db/csomag Szín: 16mm 
TUZVED18030001 LiveUpdate 2018-03-12 14:01:28 ORDER_PINFO=Cikkszám: WP002-0001 Szín: Szürke 
TUZVED18030001 LiveUpdate 2018-03-12 14:01:28 ORDER_PINFO=Cikkszám: WP001-0002 Méret: 1 darab Szín: 16mm 
TUZVED18030001 LiveUpdate 2018-03-12 14:01:28 ORDER_PRICE=2740
TUZVED18030001 LiveUpdate 2018-03-12 14:01:28 ORDER_PRICE=5500
TUZVED18030001 LiveUpdate 2018-03-12 14:01:28 ORDER_PRICE=25
TUZVED18030001 LiveUpdate 2018-03-12 14:01:28 ORDER_QTY=5
TUZVED18030001 LiveUpdate 2018-03-12 14:01:28 ORDER_QTY=2
TUZVED18030001 LiveUpdate 2018-03-12 14:01:28 ORDER_QTY=50
TUZVED18030001 LiveUpdate 2018-03-12 14:01:28 ORDER_VAT=0
TUZVED18030001 LiveUpdate 2018-03-12 14:01:28 ORDER_VAT=0
TUZVED18030001 LiveUpdate 2018-03-12 14:01:28 ORDER_VAT=0
TUZVED18030001 LiveUpdate 2018-03-12 14:01:28 PRICES_CURRENCY=HUF
TUZVED18030001 LiveUpdate 2018-03-12 14:01:28 ORDER_SHIPPING=1290
TUZVED18030001 LiveUpdate 2018-03-12 14:01:28 DISCOUNT=0
TUZVED18030001 LiveUpdate 2018-03-12 14:01:28 PAY_METHOD=CCVISAMC
TUZVED18030001 LiveUpdate 2018-03-12 14:01:28 LANGUAGE=HU
TUZVED18030001 LiveUpdate 2018-03-12 14:01:28 AUTOMODE=1
TUZVED18030001 LiveUpdate 2018-03-12 14:01:28 ORDER_TIMEOUT=300
TUZVED18030001 LiveUpdate 2018-03-12 14:01:28 TIMEOUT_URL=http://www.tuzvedelmicentrum.web-pro.hu/gateway/simple/timeout
TUZVED18030001 LiveUpdate 2018-03-12 14:01:28 BACK_REF=http://www.tuzvedelmicentrum.web-pro.hu/gateway/simple/backref
TUZVED18030001 LiveUpdate 2018-03-12 14:01:28 BILL_FNAME=Molnár
TUZVED18030001 LiveUpdate 2018-03-12 14:01:28 BILL_LNAME=István
TUZVED18030001 LiveUpdate 2018-03-12 14:01:28 BILL_EMAIL=pocokxtrame@gmail.com
TUZVED18030001 LiveUpdate 2018-03-12 14:01:28 BILL_PHONE=06702361259
TUZVED18030001 LiveUpdate 2018-03-12 14:01:28 BILL_ADDRESS=Patika u. 12.
TUZVED18030001 LiveUpdate 2018-03-12 14:01:28 BILL_ZIPCODE=4287
TUZVED18030001 LiveUpdate 2018-03-12 14:01:28 BILL_CITY=Vámospércs
TUZVED18030001 LiveUpdate 2018-03-12 14:01:28 BILL_STATE=Hajdú-Bihar
TUZVED18030001 LiveUpdate 2018-03-12 14:01:28 BILL_COUNTRYCODE=HU
TUZVED18030001 LiveUpdate 2018-03-12 14:01:28 DELIVERY_FNAME=Molnár
TUZVED18030001 LiveUpdate 2018-03-12 14:01:28 DELIVERY_LNAME=István
TUZVED18030001 LiveUpdate 2018-03-12 14:01:28 DELIVERY_PHONE=06702361259
TUZVED18030001 LiveUpdate 2018-03-12 14:01:28 DELIVERY_ADDRESS=Patika u. 12.
TUZVED18030001 LiveUpdate 2018-03-12 14:01:28 DELIVERY_ZIPCODE=4287
TUZVED18030001 LiveUpdate 2018-03-12 14:01:28 DELIVERY_CITY=Vámospércs
TUZVED18030001 LiveUpdate 2018-03-12 14:01:28 DELIVERY_STATE=Hajdú-Bihar
TUZVED18030001 LiveUpdate 2018-03-12 14:01:28 DELIVERY_COUNTRYCODE=HU
TUZVED18030001 LiveUpdate 2018-03-12 14:01:28 ORDER_HASH=53e23b9489615aff20898b305352f5f0
TUZVED18030001 LiveUpdate 2018-03-12 14:10:04 MERCHANT=
TUZVED18030001 LiveUpdate 2018-03-12 14:10:04 ORDER_REF=TUZVED18030001
TUZVED18030001 LiveUpdate 2018-03-12 14:10:04 ORDER_DATE=2018-03-12 14:10:04
TUZVED18030001 LiveUpdate 2018-03-12 14:10:04 ORDER_PNAME=Facsavar 3.5 100 db
TUZVED18030001 LiveUpdate 2018-03-12 14:10:04 ORDER_PNAME=PZ1 - PZ2 x 50 mm PZ Pozidriv kétvégű bit
TUZVED18030001 LiveUpdate 2018-03-12 14:10:04 ORDER_PNAME=Facsavar 3.5
TUZVED18030001 LiveUpdate 2018-03-12 14:10:04 ORDER_PCODE=0002CS100
TUZVED18030001 LiveUpdate 2018-03-12 14:10:04 ORDER_PCODE=0001
TUZVED18030001 LiveUpdate 2018-03-12 14:10:04 ORDER_PCODE=0002
TUZVED18030001 LiveUpdate 2018-03-12 14:10:04 ORDER_PINFO=Cikkszám: WP001-0002CS100 Méret: 100 db/csomag Szín: 16mm 
TUZVED18030001 LiveUpdate 2018-03-12 14:10:04 ORDER_PINFO=Cikkszám: WP002-0001 Szín: Szürke 
TUZVED18030001 LiveUpdate 2018-03-12 14:10:04 ORDER_PINFO=Cikkszám: WP001-0002 Méret: 1 darab Szín: 16mm 
TUZVED18030001 LiveUpdate 2018-03-12 14:10:04 ORDER_PRICE=2740
TUZVED18030001 LiveUpdate 2018-03-12 14:10:04 ORDER_PRICE=5500
TUZVED18030001 LiveUpdate 2018-03-12 14:10:04 ORDER_PRICE=25
TUZVED18030001 LiveUpdate 2018-03-12 14:10:04 ORDER_QTY=5
TUZVED18030001 LiveUpdate 2018-03-12 14:10:04 ORDER_QTY=2
TUZVED18030001 LiveUpdate 2018-03-12 14:10:04 ORDER_QTY=50
TUZVED18030001 LiveUpdate 2018-03-12 14:10:04 ORDER_VAT=0
TUZVED18030001 LiveUpdate 2018-03-12 14:10:04 ORDER_VAT=0
TUZVED18030001 LiveUpdate 2018-03-12 14:10:04 ORDER_VAT=0
TUZVED18030001 LiveUpdate 2018-03-12 14:10:04 PRICES_CURRENCY=HUF
TUZVED18030001 LiveUpdate 2018-03-12 14:10:04 ORDER_SHIPPING=1290
TUZVED18030001 LiveUpdate 2018-03-12 14:10:04 DISCOUNT=0
TUZVED18030001 LiveUpdate 2018-03-12 14:10:04 PAY_METHOD=CCVISAMC
TUZVED18030001 LiveUpdate 2018-03-12 14:10:04 LANGUAGE=HU
TUZVED18030001 LiveUpdate 2018-03-12 14:10:04 AUTOMODE=1
TUZVED18030001 LiveUpdate 2018-03-12 14:10:04 ORDER_TIMEOUT=300
TUZVED18030001 LiveUpdate 2018-03-12 14:10:04 TIMEOUT_URL=http://www.tuzvedelmicentrum.web-pro.hu/gateway/simple/timeout
TUZVED18030001 LiveUpdate 2018-03-12 14:10:04 BACK_REF=http://www.tuzvedelmicentrum.web-pro.hu/gateway/simple/backref
TUZVED18030001 LiveUpdate 2018-03-12 14:10:04 BILL_FNAME=Molnár
TUZVED18030001 LiveUpdate 2018-03-12 14:10:04 BILL_LNAME=István
TUZVED18030001 LiveUpdate 2018-03-12 14:10:04 BILL_EMAIL=pocokxtrame@gmail.com
TUZVED18030001 LiveUpdate 2018-03-12 14:10:04 BILL_PHONE=06702361259
TUZVED18030001 LiveUpdate 2018-03-12 14:10:04 BILL_ADDRESS=Patika u. 12.
TUZVED18030001 LiveUpdate 2018-03-12 14:10:04 BILL_ZIPCODE=4287
TUZVED18030001 LiveUpdate 2018-03-12 14:10:04 BILL_CITY=Vámospércs
TUZVED18030001 LiveUpdate 2018-03-12 14:10:04 BILL_STATE=Hajdú-Bihar
TUZVED18030001 LiveUpdate 2018-03-12 14:10:04 BILL_COUNTRYCODE=HU
TUZVED18030001 LiveUpdate 2018-03-12 14:10:04 DELIVERY_FNAME=Molnár
TUZVED18030001 LiveUpdate 2018-03-12 14:10:04 DELIVERY_LNAME=István
TUZVED18030001 LiveUpdate 2018-03-12 14:10:04 DELIVERY_PHONE=06702361259
TUZVED18030001 LiveUpdate 2018-03-12 14:10:04 DELIVERY_ADDRESS=Patika u. 12.
TUZVED18030001 LiveUpdate 2018-03-12 14:10:04 DELIVERY_ZIPCODE=4287
TUZVED18030001 LiveUpdate 2018-03-12 14:10:04 DELIVERY_CITY=Vámospércs
TUZVED18030001 LiveUpdate 2018-03-12 14:10:04 DELIVERY_STATE=Hajdú-Bihar
TUZVED18030001 LiveUpdate 2018-03-12 14:10:04 DELIVERY_COUNTRYCODE=HU
TUZVED18030001 LiveUpdate 2018-03-12 14:10:04 ORDER_HASH=eb19b58c6a6dc795e9c3bf6c2607256d
TUZVED18030001 LiveUpdate 2018-03-12 14:10:47 MERCHANT=
TUZVED18030001 LiveUpdate 2018-03-12 14:10:47 ORDER_REF=TUZVED18030001
TUZVED18030001 LiveUpdate 2018-03-12 14:10:47 ORDER_DATE=2018-03-12 14:10:47
TUZVED18030001 LiveUpdate 2018-03-12 14:10:47 ORDER_PNAME=Facsavar 3.5 100 db
TUZVED18030001 LiveUpdate 2018-03-12 14:10:47 ORDER_PNAME=PZ1 - PZ2 x 50 mm PZ Pozidriv kétvégű bit
TUZVED18030001 LiveUpdate 2018-03-12 14:10:47 ORDER_PNAME=Facsavar 3.5
TUZVED18030001 LiveUpdate 2018-03-12 14:10:47 ORDER_PCODE=0002CS100
TUZVED18030001 LiveUpdate 2018-03-12 14:10:47 ORDER_PCODE=0001
TUZVED18030001 LiveUpdate 2018-03-12 14:10:47 ORDER_PCODE=0002
TUZVED18030001 LiveUpdate 2018-03-12 14:10:47 ORDER_PINFO=Cikkszám: WP001-0002CS100 Méret: 100 db/csomag Szín: 16mm 
TUZVED18030001 LiveUpdate 2018-03-12 14:10:47 ORDER_PINFO=Cikkszám: WP002-0001 Szín: Szürke 
TUZVED18030001 LiveUpdate 2018-03-12 14:10:47 ORDER_PINFO=Cikkszám: WP001-0002 Méret: 1 darab Szín: 16mm 
TUZVED18030001 LiveUpdate 2018-03-12 14:10:47 ORDER_PRICE=2740
TUZVED18030001 LiveUpdate 2018-03-12 14:10:47 ORDER_PRICE=5500
TUZVED18030001 LiveUpdate 2018-03-12 14:10:47 ORDER_PRICE=25
TUZVED18030001 LiveUpdate 2018-03-12 14:10:47 ORDER_QTY=5
TUZVED18030001 LiveUpdate 2018-03-12 14:10:47 ORDER_QTY=2
TUZVED18030001 LiveUpdate 2018-03-12 14:10:47 ORDER_QTY=50
TUZVED18030001 LiveUpdate 2018-03-12 14:10:47 ORDER_VAT=0
TUZVED18030001 LiveUpdate 2018-03-12 14:10:47 ORDER_VAT=0
TUZVED18030001 LiveUpdate 2018-03-12 14:10:47 ORDER_VAT=0
TUZVED18030001 LiveUpdate 2018-03-12 14:10:47 PRICES_CURRENCY=HUF
TUZVED18030001 LiveUpdate 2018-03-12 14:10:47 ORDER_SHIPPING=1290
TUZVED18030001 LiveUpdate 2018-03-12 14:10:47 DISCOUNT=0
TUZVED18030001 LiveUpdate 2018-03-12 14:10:47 PAY_METHOD=CCVISAMC
TUZVED18030001 LiveUpdate 2018-03-12 14:10:47 LANGUAGE=HU
TUZVED18030001 LiveUpdate 2018-03-12 14:10:47 AUTOMODE=1
TUZVED18030001 LiveUpdate 2018-03-12 14:10:47 ORDER_TIMEOUT=300
TUZVED18030001 LiveUpdate 2018-03-12 14:10:47 TIMEOUT_URL=http://www.tuzvedelmicentrum.web-pro.hu/gateway/simple/timeout
TUZVED18030001 LiveUpdate 2018-03-12 14:10:47 BACK_REF=http://www.tuzvedelmicentrum.web-pro.hu/gateway/simple/backref
TUZVED18030001 LiveUpdate 2018-03-12 14:10:47 BILL_FNAME=Molnár
TUZVED18030001 LiveUpdate 2018-03-12 14:10:47 BILL_LNAME=István
TUZVED18030001 LiveUpdate 2018-03-12 14:10:47 BILL_EMAIL=pocokxtrame@gmail.com
TUZVED18030001 LiveUpdate 2018-03-12 14:10:47 BILL_PHONE=06702361259
TUZVED18030001 LiveUpdate 2018-03-12 14:10:47 BILL_ADDRESS=Patika u. 12.
TUZVED18030001 LiveUpdate 2018-03-12 14:10:47 BILL_ZIPCODE=4287
TUZVED18030001 LiveUpdate 2018-03-12 14:10:47 BILL_CITY=Vámospércs
TUZVED18030001 LiveUpdate 2018-03-12 14:10:47 BILL_STATE=Hajdú-Bihar
TUZVED18030001 LiveUpdate 2018-03-12 14:10:47 BILL_COUNTRYCODE=HU
TUZVED18030001 LiveUpdate 2018-03-12 14:10:47 DELIVERY_FNAME=Molnár
TUZVED18030001 LiveUpdate 2018-03-12 14:10:47 DELIVERY_LNAME=István
TUZVED18030001 LiveUpdate 2018-03-12 14:10:47 DELIVERY_PHONE=06702361259
TUZVED18030001 LiveUpdate 2018-03-12 14:10:47 DELIVERY_ADDRESS=Patika u. 12.
TUZVED18030001 LiveUpdate 2018-03-12 14:10:47 DELIVERY_ZIPCODE=4287
TUZVED18030001 LiveUpdate 2018-03-12 14:10:47 DELIVERY_CITY=Vámospércs
TUZVED18030001 LiveUpdate 2018-03-12 14:10:47 DELIVERY_STATE=Hajdú-Bihar
TUZVED18030001 LiveUpdate 2018-03-12 14:10:47 DELIVERY_COUNTRYCODE=HU
TUZVED18030001 LiveUpdate 2018-03-12 14:10:47 ORDER_HASH=4962532f7a9740e1bfcacf61500d1e89
TUZVED18030001 LiveUpdate 2018-03-12 14:18:52 MERCHANT=
TUZVED18030001 LiveUpdate 2018-03-12 14:18:52 ORDER_REF=TUZVED18030001
TUZVED18030001 LiveUpdate 2018-03-12 14:18:52 ORDER_DATE=2018-03-12 14:18:52
TUZVED18030001 LiveUpdate 2018-03-12 14:18:52 ORDER_PNAME=Facsavar 3.5 100 db
TUZVED18030001 LiveUpdate 2018-03-12 14:18:52 ORDER_PNAME=PZ1 - PZ2 x 50 mm PZ Pozidriv kétvégű bit
TUZVED18030001 LiveUpdate 2018-03-12 14:18:52 ORDER_PNAME=Facsavar 3.5
TUZVED18030001 LiveUpdate 2018-03-12 14:18:52 ORDER_PCODE=0002CS100
TUZVED18030001 LiveUpdate 2018-03-12 14:18:52 ORDER_PCODE=0001
TUZVED18030001 LiveUpdate 2018-03-12 14:18:52 ORDER_PCODE=0002
TUZVED18030001 LiveUpdate 2018-03-12 14:18:52 ORDER_PINFO=Cikkszám: WP001-0002CS100 Méret: 100 db/csomag Szín: 16mm 
TUZVED18030001 LiveUpdate 2018-03-12 14:18:52 ORDER_PINFO=Cikkszám: WP002-0001 Szín: Szürke 
TUZVED18030001 LiveUpdate 2018-03-12 14:18:52 ORDER_PINFO=Cikkszám: WP001-0002 Méret: 1 darab Szín: 16mm 
TUZVED18030001 LiveUpdate 2018-03-12 14:18:52 ORDER_PRICE=2740
TUZVED18030001 LiveUpdate 2018-03-12 14:18:52 ORDER_PRICE=5500
TUZVED18030001 LiveUpdate 2018-03-12 14:18:52 ORDER_PRICE=25
TUZVED18030001 LiveUpdate 2018-03-12 14:18:52 ORDER_QTY=5
TUZVED18030001 LiveUpdate 2018-03-12 14:18:52 ORDER_QTY=2
TUZVED18030001 LiveUpdate 2018-03-12 14:18:52 ORDER_QTY=50
TUZVED18030001 LiveUpdate 2018-03-12 14:18:52 ORDER_VAT=0
TUZVED18030001 LiveUpdate 2018-03-12 14:18:52 ORDER_VAT=0
TUZVED18030001 LiveUpdate 2018-03-12 14:18:52 ORDER_VAT=0
TUZVED18030001 LiveUpdate 2018-03-12 14:18:52 PRICES_CURRENCY=HUF
TUZVED18030001 LiveUpdate 2018-03-12 14:18:52 ORDER_SHIPPING=1290
TUZVED18030001 LiveUpdate 2018-03-12 14:18:52 DISCOUNT=0
TUZVED18030001 LiveUpdate 2018-03-12 14:18:52 PAY_METHOD=CCVISAMC
TUZVED18030001 LiveUpdate 2018-03-12 14:18:52 LANGUAGE=HU
TUZVED18030001 LiveUpdate 2018-03-12 14:18:52 AUTOMODE=1
TUZVED18030001 LiveUpdate 2018-03-12 14:18:52 ORDER_TIMEOUT=300
TUZVED18030001 LiveUpdate 2018-03-12 14:18:52 TIMEOUT_URL=http://www.tuzvedelmicentrum.web-pro.hu/gateway/simple/timeout
TUZVED18030001 LiveUpdate 2018-03-12 14:18:52 BACK_REF=http://www.tuzvedelmicentrum.web-pro.hu/gateway/simple/backref
TUZVED18030001 LiveUpdate 2018-03-12 14:18:52 BILL_FNAME=Molnár
TUZVED18030001 LiveUpdate 2018-03-12 14:18:52 BILL_LNAME=István
TUZVED18030001 LiveUpdate 2018-03-12 14:18:52 BILL_EMAIL=pocokxtrame@gmail.com
TUZVED18030001 LiveUpdate 2018-03-12 14:18:52 BILL_PHONE=06702361259
TUZVED18030001 LiveUpdate 2018-03-12 14:18:52 BILL_ADDRESS=Patika u. 12.
TUZVED18030001 LiveUpdate 2018-03-12 14:18:52 BILL_ZIPCODE=4287
TUZVED18030001 LiveUpdate 2018-03-12 14:18:52 BILL_CITY=Vámospércs
TUZVED18030001 LiveUpdate 2018-03-12 14:18:52 BILL_STATE=Hajdú-Bihar
TUZVED18030001 LiveUpdate 2018-03-12 14:18:52 BILL_COUNTRYCODE=HU
TUZVED18030001 LiveUpdate 2018-03-12 14:18:52 DELIVERY_FNAME=Molnár
TUZVED18030001 LiveUpdate 2018-03-12 14:18:52 DELIVERY_LNAME=István
TUZVED18030001 LiveUpdate 2018-03-12 14:18:52 DELIVERY_PHONE=06702361259
TUZVED18030001 LiveUpdate 2018-03-12 14:18:52 DELIVERY_ADDRESS=Patika u. 12.
TUZVED18030001 LiveUpdate 2018-03-12 14:18:52 DELIVERY_ZIPCODE=4287
TUZVED18030001 LiveUpdate 2018-03-12 14:18:52 DELIVERY_CITY=Vámospércs
TUZVED18030001 LiveUpdate 2018-03-12 14:18:52 DELIVERY_STATE=Hajdú-Bihar
TUZVED18030001 LiveUpdate 2018-03-12 14:18:52 DELIVERY_COUNTRYCODE=HU
TUZVED18030001 LiveUpdate 2018-03-12 14:18:52 ORDER_HASH=281335758be1aecac59b7fbdca6a2684
TUZVED18030001 LiveUpdate 2018-03-12 14:19:05 MERCHANT=
TUZVED18030001 LiveUpdate 2018-03-12 14:19:05 ORDER_REF=TUZVED18030001
TUZVED18030001 LiveUpdate 2018-03-12 14:19:05 ORDER_DATE=2018-03-12 14:19:05
TUZVED18030001 LiveUpdate 2018-03-12 14:19:05 ORDER_PNAME=Facsavar 3.5 100 db
TUZVED18030001 LiveUpdate 2018-03-12 14:19:05 ORDER_PNAME=PZ1 - PZ2 x 50 mm PZ Pozidriv kétvégű bit
TUZVED18030001 LiveUpdate 2018-03-12 14:19:05 ORDER_PNAME=Facsavar 3.5
TUZVED18030001 LiveUpdate 2018-03-12 14:19:05 ORDER_PCODE=0002CS100
TUZVED18030001 LiveUpdate 2018-03-12 14:19:05 ORDER_PCODE=0001
TUZVED18030001 LiveUpdate 2018-03-12 14:19:05 ORDER_PCODE=0002
TUZVED18030001 LiveUpdate 2018-03-12 14:19:05 ORDER_PINFO=Cikkszám: WP001-0002CS100 Méret: 100 db/csomag Szín: 16mm 
TUZVED18030001 LiveUpdate 2018-03-12 14:19:05 ORDER_PINFO=Cikkszám: WP002-0001 Szín: Szürke 
TUZVED18030001 LiveUpdate 2018-03-12 14:19:05 ORDER_PINFO=Cikkszám: WP001-0002 Méret: 1 darab Szín: 16mm 
TUZVED18030001 LiveUpdate 2018-03-12 14:19:05 ORDER_PRICE=2740
TUZVED18030001 LiveUpdate 2018-03-12 14:19:05 ORDER_PRICE=5500
TUZVED18030001 LiveUpdate 2018-03-12 14:19:05 ORDER_PRICE=25
TUZVED18030001 LiveUpdate 2018-03-12 14:19:05 ORDER_QTY=5
TUZVED18030001 LiveUpdate 2018-03-12 14:19:05 ORDER_QTY=2
TUZVED18030001 LiveUpdate 2018-03-12 14:19:05 ORDER_QTY=50
TUZVED18030001 LiveUpdate 2018-03-12 14:19:05 ORDER_VAT=0
TUZVED18030001 LiveUpdate 2018-03-12 14:19:05 ORDER_VAT=0
TUZVED18030001 LiveUpdate 2018-03-12 14:19:05 ORDER_VAT=0
TUZVED18030001 LiveUpdate 2018-03-12 14:19:05 PRICES_CURRENCY=HUF
TUZVED18030001 LiveUpdate 2018-03-12 14:19:05 ORDER_SHIPPING=1290
TUZVED18030001 LiveUpdate 2018-03-12 14:19:05 DISCOUNT=0
TUZVED18030001 LiveUpdate 2018-03-12 14:19:05 PAY_METHOD=CCVISAMC
TUZVED18030001 LiveUpdate 2018-03-12 14:19:05 LANGUAGE=HU
TUZVED18030001 LiveUpdate 2018-03-12 14:19:05 AUTOMODE=1
TUZVED18030001 LiveUpdate 2018-03-12 14:19:05 ORDER_TIMEOUT=300
TUZVED18030001 LiveUpdate 2018-03-12 14:19:05 TIMEOUT_URL=http://www.tuzvedelmicentrum.web-pro.hu/gateway/simple/timeout
TUZVED18030001 LiveUpdate 2018-03-12 14:19:05 BACK_REF=http://www.tuzvedelmicentrum.web-pro.hu/gateway/simple/backref
TUZVED18030001 LiveUpdate 2018-03-12 14:19:05 BILL_FNAME=Molnár
TUZVED18030001 LiveUpdate 2018-03-12 14:19:05 BILL_LNAME=István
TUZVED18030001 LiveUpdate 2018-03-12 14:19:05 BILL_EMAIL=pocokxtrame@gmail.com
TUZVED18030001 LiveUpdate 2018-03-12 14:19:05 BILL_PHONE=06702361259
TUZVED18030001 LiveUpdate 2018-03-12 14:19:05 BILL_ADDRESS=Patika u. 12.
TUZVED18030001 LiveUpdate 2018-03-12 14:19:05 BILL_ZIPCODE=4287
TUZVED18030001 LiveUpdate 2018-03-12 14:19:05 BILL_CITY=Vámospércs
TUZVED18030001 LiveUpdate 2018-03-12 14:19:05 BILL_STATE=Hajdú-Bihar
TUZVED18030001 LiveUpdate 2018-03-12 14:19:05 BILL_COUNTRYCODE=HU
TUZVED18030001 LiveUpdate 2018-03-12 14:19:05 DELIVERY_FNAME=Molnár
TUZVED18030001 LiveUpdate 2018-03-12 14:19:05 DELIVERY_LNAME=István
TUZVED18030001 LiveUpdate 2018-03-12 14:19:05 DELIVERY_PHONE=06702361259
TUZVED18030001 LiveUpdate 2018-03-12 14:19:05 DELIVERY_ADDRESS=Patika u. 12.
TUZVED18030001 LiveUpdate 2018-03-12 14:19:05 DELIVERY_ZIPCODE=4287
TUZVED18030001 LiveUpdate 2018-03-12 14:19:05 DELIVERY_CITY=Vámospércs
TUZVED18030001 LiveUpdate 2018-03-12 14:19:05 DELIVERY_STATE=Hajdú-Bihar
TUZVED18030001 LiveUpdate 2018-03-12 14:19:05 DELIVERY_COUNTRYCODE=HU
TUZVED18030001 LiveUpdate 2018-03-12 14:19:05 ORDER_HASH=51291712d190f862a055c4f4a2c97135
TUZVED18030001 LiveUpdate 2018-03-12 14:19:39 MERCHANT=
TUZVED18030001 LiveUpdate 2018-03-12 14:19:39 ORDER_REF=TUZVED18030001
TUZVED18030001 LiveUpdate 2018-03-12 14:19:39 ORDER_DATE=2018-03-12 14:19:39
TUZVED18030001 LiveUpdate 2018-03-12 14:19:39 ORDER_PNAME=Facsavar 3.5 100 db
TUZVED18030001 LiveUpdate 2018-03-12 14:19:39 ORDER_PNAME=PZ1 - PZ2 x 50 mm PZ Pozidriv kétvégű bit
TUZVED18030001 LiveUpdate 2018-03-12 14:19:39 ORDER_PNAME=Facsavar 3.5
TUZVED18030001 LiveUpdate 2018-03-12 14:19:39 ORDER_PCODE=0002CS100
TUZVED18030001 LiveUpdate 2018-03-12 14:19:39 ORDER_PCODE=0001
TUZVED18030001 LiveUpdate 2018-03-12 14:19:39 ORDER_PCODE=0002
TUZVED18030001 LiveUpdate 2018-03-12 14:19:39 ORDER_PINFO=Cikkszám: WP001-0002CS100 Méret: 100 db/csomag Szín: 16mm 
TUZVED18030001 LiveUpdate 2018-03-12 14:19:39 ORDER_PINFO=Cikkszám: WP002-0001 Szín: Szürke 
TUZVED18030001 LiveUpdate 2018-03-12 14:19:39 ORDER_PINFO=Cikkszám: WP001-0002 Méret: 1 darab Szín: 16mm 
TUZVED18030001 LiveUpdate 2018-03-12 14:19:39 ORDER_PRICE=2740
TUZVED18030001 LiveUpdate 2018-03-12 14:19:39 ORDER_PRICE=5500
TUZVED18030001 LiveUpdate 2018-03-12 14:19:39 ORDER_PRICE=25
TUZVED18030001 LiveUpdate 2018-03-12 14:19:39 ORDER_QTY=5
TUZVED18030001 LiveUpdate 2018-03-12 14:19:39 ORDER_QTY=2
TUZVED18030001 LiveUpdate 2018-03-12 14:19:39 ORDER_QTY=50
TUZVED18030001 LiveUpdate 2018-03-12 14:19:39 ORDER_VAT=0
TUZVED18030001 LiveUpdate 2018-03-12 14:19:39 ORDER_VAT=0
TUZVED18030001 LiveUpdate 2018-03-12 14:19:39 ORDER_VAT=0
TUZVED18030001 LiveUpdate 2018-03-12 14:19:39 PRICES_CURRENCY=HUF
TUZVED18030001 LiveUpdate 2018-03-12 14:19:39 ORDER_SHIPPING=1290
TUZVED18030001 LiveUpdate 2018-03-12 14:19:39 DISCOUNT=0
TUZVED18030001 LiveUpdate 2018-03-12 14:19:39 PAY_METHOD=CCVISAMC
TUZVED18030001 LiveUpdate 2018-03-12 14:19:39 LANGUAGE=HU
TUZVED18030001 LiveUpdate 2018-03-12 14:19:39 AUTOMODE=1
TUZVED18030001 LiveUpdate 2018-03-12 14:19:39 ORDER_TIMEOUT=300
TUZVED18030001 LiveUpdate 2018-03-12 14:19:39 TIMEOUT_URL=http://www.tuzvedelmicentrum.web-pro.hu/gateway/simple/timeout
TUZVED18030001 LiveUpdate 2018-03-12 14:19:39 BACK_REF=http://www.tuzvedelmicentrum.web-pro.hu/gateway/simple/backref
TUZVED18030001 LiveUpdate 2018-03-12 14:19:39 BILL_FNAME=Molnár
TUZVED18030001 LiveUpdate 2018-03-12 14:19:39 BILL_LNAME=István
TUZVED18030001 LiveUpdate 2018-03-12 14:19:39 BILL_EMAIL=pocokxtrame@gmail.com
TUZVED18030001 LiveUpdate 2018-03-12 14:19:39 BILL_PHONE=06702361259
TUZVED18030001 LiveUpdate 2018-03-12 14:19:39 BILL_ADDRESS=Patika u. 12.
TUZVED18030001 LiveUpdate 2018-03-12 14:19:39 BILL_ZIPCODE=4287
TUZVED18030001 LiveUpdate 2018-03-12 14:19:39 BILL_CITY=Vámospércs
TUZVED18030001 LiveUpdate 2018-03-12 14:19:39 BILL_STATE=Hajdú-Bihar
TUZVED18030001 LiveUpdate 2018-03-12 14:19:39 BILL_COUNTRYCODE=HU
TUZVED18030001 LiveUpdate 2018-03-12 14:19:39 DELIVERY_FNAME=Molnár
TUZVED18030001 LiveUpdate 2018-03-12 14:19:39 DELIVERY_LNAME=István
TUZVED18030001 LiveUpdate 2018-03-12 14:19:39 DELIVERY_PHONE=06702361259
TUZVED18030001 LiveUpdate 2018-03-12 14:19:39 DELIVERY_ADDRESS=Patika u. 12.
TUZVED18030001 LiveUpdate 2018-03-12 14:19:39 DELIVERY_ZIPCODE=4287
TUZVED18030001 LiveUpdate 2018-03-12 14:19:39 DELIVERY_CITY=Vámospércs
TUZVED18030001 LiveUpdate 2018-03-12 14:19:39 DELIVERY_STATE=Hajdú-Bihar
TUZVED18030001 LiveUpdate 2018-03-12 14:19:39 DELIVERY_COUNTRYCODE=HU
TUZVED18030001 LiveUpdate 2018-03-12 14:19:39 ORDER_HASH=48596eb4b183f93e25fa72091ce7fee9
TUZVED18030001 LiveUpdate 2018-03-12 14:24:01 MERCHANT=
TUZVED18030001 LiveUpdate 2018-03-12 14:24:01 ORDER_REF=TUZVED18030001
TUZVED18030001 LiveUpdate 2018-03-12 14:24:01 ORDER_DATE=2018-03-12 14:24:01
TUZVED18030001 LiveUpdate 2018-03-12 14:24:01 ORDER_PNAME=Facsavar 3.5 100 db
TUZVED18030001 LiveUpdate 2018-03-12 14:24:01 ORDER_PNAME=PZ1 - PZ2 x 50 mm PZ Pozidriv kétvégű bit
TUZVED18030001 LiveUpdate 2018-03-12 14:24:01 ORDER_PNAME=Facsavar 3.5
TUZVED18030001 LiveUpdate 2018-03-12 14:24:01 ORDER_PCODE=0002CS100
TUZVED18030001 LiveUpdate 2018-03-12 14:24:01 ORDER_PCODE=0001
TUZVED18030001 LiveUpdate 2018-03-12 14:24:01 ORDER_PCODE=0002
TUZVED18030001 LiveUpdate 2018-03-12 14:24:01 ORDER_PINFO=Cikkszám: WP001-0002CS100 Méret: 100 db/csomag Szín: 16mm 
TUZVED18030001 LiveUpdate 2018-03-12 14:24:01 ORDER_PINFO=Cikkszám: WP002-0001 Szín: Szürke 
TUZVED18030001 LiveUpdate 2018-03-12 14:24:01 ORDER_PINFO=Cikkszám: WP001-0002 Méret: 1 darab Szín: 16mm 
TUZVED18030001 LiveUpdate 2018-03-12 14:24:01 ORDER_PRICE=2740
TUZVED18030001 LiveUpdate 2018-03-12 14:24:01 ORDER_PRICE=5500
TUZVED18030001 LiveUpdate 2018-03-12 14:24:01 ORDER_PRICE=25
TUZVED18030001 LiveUpdate 2018-03-12 14:24:01 ORDER_QTY=5
TUZVED18030001 LiveUpdate 2018-03-12 14:24:01 ORDER_QTY=2
TUZVED18030001 LiveUpdate 2018-03-12 14:24:01 ORDER_QTY=50
TUZVED18030001 LiveUpdate 2018-03-12 14:24:01 ORDER_VAT=0
TUZVED18030001 LiveUpdate 2018-03-12 14:24:01 ORDER_VAT=0
TUZVED18030001 LiveUpdate 2018-03-12 14:24:01 ORDER_VAT=0
TUZVED18030001 LiveUpdate 2018-03-12 14:24:01 PRICES_CURRENCY=HUF
TUZVED18030001 LiveUpdate 2018-03-12 14:24:01 ORDER_SHIPPING=1290
TUZVED18030001 LiveUpdate 2018-03-12 14:24:01 DISCOUNT=0
TUZVED18030001 LiveUpdate 2018-03-12 14:24:01 PAY_METHOD=CCVISAMC
TUZVED18030001 LiveUpdate 2018-03-12 14:24:01 LANGUAGE=HU
TUZVED18030001 LiveUpdate 2018-03-12 14:24:01 AUTOMODE=1
TUZVED18030001 LiveUpdate 2018-03-12 14:24:01 ORDER_TIMEOUT=300
TUZVED18030001 LiveUpdate 2018-03-12 14:24:01 TIMEOUT_URL=http://www.tuzvedelmicentrum.web-pro.hu/gateway/simple/timeout
TUZVED18030001 LiveUpdate 2018-03-12 14:24:01 BACK_REF=http://www.tuzvedelmicentrum.web-pro.hu/gateway/simple/backref
TUZVED18030001 LiveUpdate 2018-03-12 14:24:01 BILL_FNAME=Molnár
TUZVED18030001 LiveUpdate 2018-03-12 14:24:01 BILL_LNAME=István
TUZVED18030001 LiveUpdate 2018-03-12 14:24:01 BILL_EMAIL=pocokxtrame@gmail.com
TUZVED18030001 LiveUpdate 2018-03-12 14:24:01 BILL_PHONE=06702361259
TUZVED18030001 LiveUpdate 2018-03-12 14:24:01 BILL_ADDRESS=Patika u. 12.
TUZVED18030001 LiveUpdate 2018-03-12 14:24:01 BILL_ZIPCODE=4287
TUZVED18030001 LiveUpdate 2018-03-12 14:24:01 BILL_CITY=Vámospércs
TUZVED18030001 LiveUpdate 2018-03-12 14:24:01 BILL_STATE=Hajdú-Bihar
TUZVED18030001 LiveUpdate 2018-03-12 14:24:01 BILL_COUNTRYCODE=HU
TUZVED18030001 LiveUpdate 2018-03-12 14:24:01 DELIVERY_FNAME=Molnár
TUZVED18030001 LiveUpdate 2018-03-12 14:24:01 DELIVERY_LNAME=István
TUZVED18030001 LiveUpdate 2018-03-12 14:24:01 DELIVERY_PHONE=06702361259
TUZVED18030001 LiveUpdate 2018-03-12 14:24:01 DELIVERY_ADDRESS=Patika u. 12.
TUZVED18030001 LiveUpdate 2018-03-12 14:24:01 DELIVERY_ZIPCODE=4287
TUZVED18030001 LiveUpdate 2018-03-12 14:24:01 DELIVERY_CITY=Vámospércs
TUZVED18030001 LiveUpdate 2018-03-12 14:24:01 DELIVERY_STATE=Hajdú-Bihar
TUZVED18030001 LiveUpdate 2018-03-12 14:24:01 DELIVERY_COUNTRYCODE=HU
TUZVED18030001 LiveUpdate 2018-03-12 14:24:01 ORDER_HASH=bdc579341de97ff29f5e73c2d31c8443
TUZVED18030001 LiveUpdate 2018-03-12 17:13:50 MERCHANT=
TUZVED18030001 LiveUpdate 2018-03-12 17:13:50 ORDER_REF=TUZVED18030001
TUZVED18030001 LiveUpdate 2018-03-12 17:13:50 ORDER_DATE=2018-03-12 17:13:50
TUZVED18030001 LiveUpdate 2018-03-12 17:13:50 ORDER_PNAME=Facsavar 3.5 100 db
TUZVED18030001 LiveUpdate 2018-03-12 17:13:50 ORDER_PNAME=PZ1 - PZ2 x 50 mm PZ Pozidriv kétvégű bit
TUZVED18030001 LiveUpdate 2018-03-12 17:13:50 ORDER_PNAME=Facsavar 3.5
TUZVED18030001 LiveUpdate 2018-03-12 17:13:50 ORDER_PCODE=0002CS100
TUZVED18030001 LiveUpdate 2018-03-12 17:13:50 ORDER_PCODE=0001
TUZVED18030001 LiveUpdate 2018-03-12 17:13:50 ORDER_PCODE=0002
TUZVED18030001 LiveUpdate 2018-03-12 17:13:50 ORDER_PINFO=Cikkszám: WP001-0002CS100 Méret: 100 db/csomag Szín: 16mm 
TUZVED18030001 LiveUpdate 2018-03-12 17:13:50 ORDER_PINFO=Cikkszám: WP002-0001 Szín: Szürke 
TUZVED18030001 LiveUpdate 2018-03-12 17:13:50 ORDER_PINFO=Cikkszám: WP001-0002 Méret: 1 darab Szín: 16mm 
TUZVED18030001 LiveUpdate 2018-03-12 17:13:50 ORDER_PRICE=2740
TUZVED18030001 LiveUpdate 2018-03-12 17:13:50 ORDER_PRICE=5500
TUZVED18030001 LiveUpdate 2018-03-12 17:13:50 ORDER_PRICE=25
TUZVED18030001 LiveUpdate 2018-03-12 17:13:50 ORDER_QTY=5
TUZVED18030001 LiveUpdate 2018-03-12 17:13:50 ORDER_QTY=2
TUZVED18030001 LiveUpdate 2018-03-12 17:13:50 ORDER_QTY=50
TUZVED18030001 LiveUpdate 2018-03-12 17:13:50 ORDER_VAT=0
TUZVED18030001 LiveUpdate 2018-03-12 17:13:50 ORDER_VAT=0
TUZVED18030001 LiveUpdate 2018-03-12 17:13:50 ORDER_VAT=0
TUZVED18030001 LiveUpdate 2018-03-12 17:13:50 PRICES_CURRENCY=HUF
TUZVED18030001 LiveUpdate 2018-03-12 17:13:50 ORDER_SHIPPING=1290
TUZVED18030001 LiveUpdate 2018-03-12 17:13:50 DISCOUNT=500
TUZVED18030001 LiveUpdate 2018-03-12 17:13:50 PAY_METHOD=CCVISAMC
TUZVED18030001 LiveUpdate 2018-03-12 17:13:50 LANGUAGE=HU
TUZVED18030001 LiveUpdate 2018-03-12 17:13:50 AUTOMODE=1
TUZVED18030001 LiveUpdate 2018-03-12 17:13:50 ORDER_TIMEOUT=300
TUZVED18030001 LiveUpdate 2018-03-12 17:13:50 TIMEOUT_URL=http://www.tuzvedelmicentrum.web-pro.hu/gateway/simple/timeout
TUZVED18030001 LiveUpdate 2018-03-12 17:13:50 BACK_REF=http://www.tuzvedelmicentrum.web-pro.hu/gateway/simple/backref
TUZVED18030001 LiveUpdate 2018-03-12 17:13:50 BILL_FNAME=Molnár
TUZVED18030001 LiveUpdate 2018-03-12 17:13:50 BILL_LNAME=István
TUZVED18030001 LiveUpdate 2018-03-12 17:13:50 BILL_EMAIL=pocokxtrame@gmail.com
TUZVED18030001 LiveUpdate 2018-03-12 17:13:50 BILL_PHONE=06702361259
TUZVED18030001 LiveUpdate 2018-03-12 17:13:50 BILL_ADDRESS=Patika u. 12.
TUZVED18030001 LiveUpdate 2018-03-12 17:13:50 BILL_ZIPCODE=4287
TUZVED18030001 LiveUpdate 2018-03-12 17:13:50 BILL_CITY=Vámospércs
TUZVED18030001 LiveUpdate 2018-03-12 17:13:50 BILL_STATE=Hajdú-Bihar
TUZVED18030001 LiveUpdate 2018-03-12 17:13:50 BILL_COUNTRYCODE=HU
TUZVED18030001 LiveUpdate 2018-03-12 17:13:50 DELIVERY_FNAME=Molnár
TUZVED18030001 LiveUpdate 2018-03-12 17:13:50 DELIVERY_LNAME=István
TUZVED18030001 LiveUpdate 2018-03-12 17:13:50 DELIVERY_PHONE=06702361259
TUZVED18030001 LiveUpdate 2018-03-12 17:13:50 DELIVERY_ADDRESS=Patika u. 12.
TUZVED18030001 LiveUpdate 2018-03-12 17:13:50 DELIVERY_ZIPCODE=4287
TUZVED18030001 LiveUpdate 2018-03-12 17:13:50 DELIVERY_CITY=Vámospércs
TUZVED18030001 LiveUpdate 2018-03-12 17:13:50 DELIVERY_STATE=Hajdú-Bihar
TUZVED18030001 LiveUpdate 2018-03-12 17:13:50 DELIVERY_COUNTRYCODE=HU
TUZVED18030001 LiveUpdate 2018-03-12 17:13:50 ORDER_HASH=fcdde688afa97a0bea8e6e67dc0b65fd
TUZVED18030002 LiveUpdate 2018-03-12 19:34:24 MERCHANT=
TUZVED18030002 LiveUpdate 2018-03-12 19:34:24 ORDER_REF=TUZVED18030002
TUZVED18030002 LiveUpdate 2018-03-12 19:34:24 ORDER_DATE=2018-03-12 19:34:24
TUZVED18030002 LiveUpdate 2018-03-12 19:34:24 ORDER_PNAME=Facsavar 3.5 100 db
TUZVED18030002 LiveUpdate 2018-03-12 19:34:24 ORDER_PCODE=0002CS100
TUZVED18030002 LiveUpdate 2018-03-12 19:34:24 ORDER_PINFO=Cikkszám: WP001-0002CS100 Méret: 100 db/csomag Szín: 16mm 
TUZVED18030002 LiveUpdate 2018-03-12 19:34:24 ORDER_PRICE=2740
TUZVED18030002 LiveUpdate 2018-03-12 19:34:24 ORDER_QTY=5
TUZVED18030002 LiveUpdate 2018-03-12 19:34:24 ORDER_VAT=0
TUZVED18030002 LiveUpdate 2018-03-12 19:34:24 PRICES_CURRENCY=HUF
TUZVED18030002 LiveUpdate 2018-03-12 19:34:24 ORDER_SHIPPING=1290
TUZVED18030002 LiveUpdate 2018-03-12 19:34:24 DISCOUNT=0
TUZVED18030002 LiveUpdate 2018-03-12 19:34:24 PAY_METHOD=CCVISAMC
TUZVED18030002 LiveUpdate 2018-03-12 19:34:24 LANGUAGE=HU
TUZVED18030002 LiveUpdate 2018-03-12 19:34:24 AUTOMODE=1
TUZVED18030002 LiveUpdate 2018-03-12 19:34:24 ORDER_TIMEOUT=300
TUZVED18030002 LiveUpdate 2018-03-12 19:34:24 TIMEOUT_URL=http://www.tuzvedelmicentrum.web-pro.hu/gateway/simple/timeout
TUZVED18030002 LiveUpdate 2018-03-12 19:34:24 BACK_REF=http://www.tuzvedelmicentrum.web-pro.hu/gateway/simple/backref
TUZVED18030002 LiveUpdate 2018-03-12 19:34:24 BILL_FNAME=Real
TUZVED18030002 LiveUpdate 2018-03-12 19:34:24 BILL_LNAME=Trade
TUZVED18030002 LiveUpdate 2018-03-12 19:34:24 BILL_EMAIL=molnar.istvan@web-pro.hu
TUZVED18030002 LiveUpdate 2018-03-12 19:34:24 BILL_PHONE=06701234567
TUZVED18030002 LiveUpdate 2018-03-12 19:34:24 BILL_ADDRESS=Nagytétényi krt. 1.
TUZVED18030002 LiveUpdate 2018-03-12 19:34:24 BILL_ZIPCODE=1106
TUZVED18030002 LiveUpdate 2018-03-12 19:34:24 BILL_CITY=Budapest
TUZVED18030002 LiveUpdate 2018-03-12 19:34:24 BILL_STATE=Budapest
TUZVED18030002 LiveUpdate 2018-03-12 19:34:24 BILL_COUNTRYCODE=HU
TUZVED18030002 LiveUpdate 2018-03-12 19:34:24 DELIVERY_FNAME=Real
TUZVED18030002 LiveUpdate 2018-03-12 19:34:24 DELIVERY_LNAME=Trade
TUZVED18030002 LiveUpdate 2018-03-12 19:34:24 DELIVERY_PHONE=06701234567
TUZVED18030002 LiveUpdate 2018-03-12 19:34:24 DELIVERY_ADDRESS=Nagytétényi krt. 1.
TUZVED18030002 LiveUpdate 2018-03-12 19:34:24 DELIVERY_ZIPCODE=1106
TUZVED18030002 LiveUpdate 2018-03-12 19:34:24 DELIVERY_CITY=Budapest
TUZVED18030002 LiveUpdate 2018-03-12 19:34:24 DELIVERY_STATE=Budapest
TUZVED18030002 LiveUpdate 2018-03-12 19:34:24 DELIVERY_COUNTRYCODE=HU
TUZVED18030002 LiveUpdate 2018-03-12 19:34:24 ORDER_HASH=70499f569772e94f85d61375ba93a491
TUZVED18030002 LiveUpdate 2018-03-12 19:35:05 MERCHANT=
TUZVED18030002 LiveUpdate 2018-03-12 19:35:05 ORDER_REF=TUZVED18030002
TUZVED18030002 LiveUpdate 2018-03-12 19:35:05 ORDER_DATE=2018-03-12 19:35:05
TUZVED18030002 LiveUpdate 2018-03-12 19:35:05 ORDER_PNAME=Facsavar 3.5 100 db
TUZVED18030002 LiveUpdate 2018-03-12 19:35:05 ORDER_PCODE=0002CS100
TUZVED18030002 LiveUpdate 2018-03-12 19:35:05 ORDER_PINFO=Cikkszám: WP001-0002CS100 Méret: 100 db/csomag Szín: 16mm 
TUZVED18030002 LiveUpdate 2018-03-12 19:35:05 ORDER_PRICE=2740
TUZVED18030002 LiveUpdate 2018-03-12 19:35:05 ORDER_QTY=5
TUZVED18030002 LiveUpdate 2018-03-12 19:35:05 ORDER_VAT=0
TUZVED18030002 LiveUpdate 2018-03-12 19:35:05 PRICES_CURRENCY=HUF
TUZVED18030002 LiveUpdate 2018-03-12 19:35:05 ORDER_SHIPPING=1290
TUZVED18030002 LiveUpdate 2018-03-12 19:35:05 DISCOUNT=0
TUZVED18030002 LiveUpdate 2018-03-12 19:35:05 PAY_METHOD=CCVISAMC
TUZVED18030002 LiveUpdate 2018-03-12 19:35:05 LANGUAGE=HU
TUZVED18030002 LiveUpdate 2018-03-12 19:35:05 AUTOMODE=1
TUZVED18030002 LiveUpdate 2018-03-12 19:35:05 ORDER_TIMEOUT=300
TUZVED18030002 LiveUpdate 2018-03-12 19:35:05 TIMEOUT_URL=http://www.tuzvedelmicentrum.web-pro.hu/gateway/simple/timeout
TUZVED18030002 LiveUpdate 2018-03-12 19:35:05 BACK_REF=http://www.tuzvedelmicentrum.web-pro.hu/gateway/simple/backref
TUZVED18030002 LiveUpdate 2018-03-12 19:35:05 BILL_FNAME=Real
TUZVED18030002 LiveUpdate 2018-03-12 19:35:05 BILL_LNAME=Trade
TUZVED18030002 LiveUpdate 2018-03-12 19:35:05 BILL_EMAIL=molnar.istvan@web-pro.hu
TUZVED18030002 LiveUpdate 2018-03-12 19:35:05 BILL_PHONE=06701234567
TUZVED18030002 LiveUpdate 2018-03-12 19:35:05 BILL_ADDRESS=Nagytétényi krt. 1.
TUZVED18030002 LiveUpdate 2018-03-12 19:35:05 BILL_ZIPCODE=1106
TUZVED18030002 LiveUpdate 2018-03-12 19:35:05 BILL_CITY=Budapest
TUZVED18030002 LiveUpdate 2018-03-12 19:35:05 BILL_STATE=Budapest
TUZVED18030002 LiveUpdate 2018-03-12 19:35:05 BILL_COUNTRYCODE=HU
TUZVED18030002 LiveUpdate 2018-03-12 19:35:05 DELIVERY_FNAME=Real
TUZVED18030002 LiveUpdate 2018-03-12 19:35:05 DELIVERY_LNAME=Trade
TUZVED18030002 LiveUpdate 2018-03-12 19:35:05 DELIVERY_PHONE=06701234567
TUZVED18030002 LiveUpdate 2018-03-12 19:35:05 DELIVERY_ADDRESS=Nagytétényi krt. 1.
TUZVED18030002 LiveUpdate 2018-03-12 19:35:05 DELIVERY_ZIPCODE=1106
TUZVED18030002 LiveUpdate 2018-03-12 19:35:05 DELIVERY_CITY=Budapest
TUZVED18030002 LiveUpdate 2018-03-12 19:35:05 DELIVERY_STATE=Budapest
TUZVED18030002 LiveUpdate 2018-03-12 19:35:05 DELIVERY_COUNTRYCODE=HU
TUZVED18030002 LiveUpdate 2018-03-12 19:35:05 ORDER_HASH=4571cce5faa20fab418bdca154e5a98d
TUZVED18030002 LiveUpdate 2018-03-12 19:40:12 MERCHANT=
TUZVED18030002 LiveUpdate 2018-03-12 19:40:12 ORDER_REF=TUZVED18030002
TUZVED18030002 LiveUpdate 2018-03-12 19:40:12 ORDER_DATE=2018-03-12 19:40:12
TUZVED18030002 LiveUpdate 2018-03-12 19:40:12 ORDER_PNAME=Facsavar 3.5 100 db
TUZVED18030002 LiveUpdate 2018-03-12 19:40:12 ORDER_PCODE=0002CS100
TUZVED18030002 LiveUpdate 2018-03-12 19:40:12 ORDER_PINFO=Cikkszám: WP001-0002CS100 Méret: 100 db/csomag Szín: 16mm 
TUZVED18030002 LiveUpdate 2018-03-12 19:40:12 ORDER_PRICE=2740
TUZVED18030002 LiveUpdate 2018-03-12 19:40:12 ORDER_QTY=5
TUZVED18030002 LiveUpdate 2018-03-12 19:40:12 ORDER_VAT=0
TUZVED18030002 LiveUpdate 2018-03-12 19:40:12 PRICES_CURRENCY=HUF
TUZVED18030002 LiveUpdate 2018-03-12 19:40:12 ORDER_SHIPPING=1290
TUZVED18030002 LiveUpdate 2018-03-12 19:40:12 DISCOUNT=0
TUZVED18030002 LiveUpdate 2018-03-12 19:40:12 PAY_METHOD=CCVISAMC
TUZVED18030002 LiveUpdate 2018-03-12 19:40:12 LANGUAGE=HU
TUZVED18030002 LiveUpdate 2018-03-12 19:40:12 AUTOMODE=1
TUZVED18030002 LiveUpdate 2018-03-12 19:40:12 ORDER_TIMEOUT=300
TUZVED18030002 LiveUpdate 2018-03-12 19:40:12 TIMEOUT_URL=http://www.tuzvedelmicentrum.web-pro.hu/gateway/simple/timeout
TUZVED18030002 LiveUpdate 2018-03-12 19:40:12 BACK_REF=http://www.tuzvedelmicentrum.web-pro.hu/gateway/simple/backref
TUZVED18030002 LiveUpdate 2018-03-12 19:40:12 BILL_FNAME=Real
TUZVED18030002 LiveUpdate 2018-03-12 19:40:12 BILL_LNAME=Trade
TUZVED18030002 LiveUpdate 2018-03-12 19:40:12 BILL_EMAIL=molnar.istvan@web-pro.hu
TUZVED18030002 LiveUpdate 2018-03-12 19:40:12 BILL_PHONE=06701234567
TUZVED18030002 LiveUpdate 2018-03-12 19:40:12 BILL_ADDRESS=Nagytétényi krt. 1.
TUZVED18030002 LiveUpdate 2018-03-12 19:40:12 BILL_ZIPCODE=1106
TUZVED18030002 LiveUpdate 2018-03-12 19:40:12 BILL_CITY=Budapest
TUZVED18030002 LiveUpdate 2018-03-12 19:40:12 BILL_STATE=Budapest
TUZVED18030002 LiveUpdate 2018-03-12 19:40:12 BILL_COUNTRYCODE=HU
TUZVED18030002 LiveUpdate 2018-03-12 19:40:12 DELIVERY_FNAME=Real
TUZVED18030002 LiveUpdate 2018-03-12 19:40:12 DELIVERY_LNAME=Trade
TUZVED18030002 LiveUpdate 2018-03-12 19:40:12 DELIVERY_PHONE=06701234567
TUZVED18030002 LiveUpdate 2018-03-12 19:40:12 DELIVERY_ADDRESS=Nagytétényi krt. 1.
TUZVED18030002 LiveUpdate 2018-03-12 19:40:12 DELIVERY_ZIPCODE=1106
TUZVED18030002 LiveUpdate 2018-03-12 19:40:12 DELIVERY_CITY=Budapest
TUZVED18030002 LiveUpdate 2018-03-12 19:40:12 DELIVERY_STATE=Budapest
TUZVED18030002 LiveUpdate 2018-03-12 19:40:12 DELIVERY_COUNTRYCODE=HU
TUZVED18030002 LiveUpdate 2018-03-12 19:40:12 ORDER_HASH=2714b9113fd780e0163a1947d12e0630
TUZVED18030002 LiveUpdate 2018-03-12 19:40:50 MERCHANT=
TUZVED18030002 LiveUpdate 2018-03-12 19:40:50 ORDER_REF=TUZVED18030002
TUZVED18030002 LiveUpdate 2018-03-12 19:40:50 ORDER_DATE=2018-03-12 19:40:50
TUZVED18030002 LiveUpdate 2018-03-12 19:40:50 ORDER_PNAME=Facsavar 3.5 100 db
TUZVED18030002 LiveUpdate 2018-03-12 19:40:50 ORDER_PCODE=0002CS100
TUZVED18030002 LiveUpdate 2018-03-12 19:40:50 ORDER_PINFO=Cikkszám: WP001-0002CS100 Méret: 100 db/csomag Szín: 16mm 
TUZVED18030002 LiveUpdate 2018-03-12 19:40:50 ORDER_PRICE=2740
TUZVED18030002 LiveUpdate 2018-03-12 19:40:50 ORDER_QTY=5
TUZVED18030002 LiveUpdate 2018-03-12 19:40:50 ORDER_VAT=0
TUZVED18030002 LiveUpdate 2018-03-12 19:40:50 PRICES_CURRENCY=HUF
TUZVED18030002 LiveUpdate 2018-03-12 19:40:50 ORDER_SHIPPING=1290
TUZVED18030002 LiveUpdate 2018-03-12 19:40:50 DISCOUNT=0
TUZVED18030002 LiveUpdate 2018-03-12 19:40:50 PAY_METHOD=CCVISAMC
TUZVED18030002 LiveUpdate 2018-03-12 19:40:50 LANGUAGE=HU
TUZVED18030002 LiveUpdate 2018-03-12 19:40:50 AUTOMODE=1
TUZVED18030002 LiveUpdate 2018-03-12 19:40:50 ORDER_TIMEOUT=300
TUZVED18030002 LiveUpdate 2018-03-12 19:40:50 TIMEOUT_URL=http://www.tuzvedelmicentrum.web-pro.hu/gateway/simple/timeout
TUZVED18030002 LiveUpdate 2018-03-12 19:40:50 BACK_REF=http://www.tuzvedelmicentrum.web-pro.hu/gateway/simple/backref
TUZVED18030002 LiveUpdate 2018-03-12 19:40:50 BILL_FNAME=Real
TUZVED18030002 LiveUpdate 2018-03-12 19:40:50 BILL_LNAME=Trade
TUZVED18030002 LiveUpdate 2018-03-12 19:40:50 BILL_EMAIL=molnar.istvan@web-pro.hu
TUZVED18030002 LiveUpdate 2018-03-12 19:40:50 BILL_PHONE=06701234567
TUZVED18030002 LiveUpdate 2018-03-12 19:40:50 BILL_ADDRESS=Nagytétényi krt. 1.
TUZVED18030002 LiveUpdate 2018-03-12 19:40:50 BILL_ZIPCODE=1106
TUZVED18030002 LiveUpdate 2018-03-12 19:40:50 BILL_CITY=Budapest
TUZVED18030002 LiveUpdate 2018-03-12 19:40:50 BILL_STATE=Budapest
TUZVED18030002 LiveUpdate 2018-03-12 19:40:50 BILL_COUNTRYCODE=HU
TUZVED18030002 LiveUpdate 2018-03-12 19:40:50 DELIVERY_FNAME=Real
TUZVED18030002 LiveUpdate 2018-03-12 19:40:50 DELIVERY_LNAME=Trade
TUZVED18030002 LiveUpdate 2018-03-12 19:40:50 DELIVERY_PHONE=06701234567
TUZVED18030002 LiveUpdate 2018-03-12 19:40:50 DELIVERY_ADDRESS=Nagytétényi krt. 1.
TUZVED18030002 LiveUpdate 2018-03-12 19:40:50 DELIVERY_ZIPCODE=1106
TUZVED18030002 LiveUpdate 2018-03-12 19:40:50 DELIVERY_CITY=Budapest
TUZVED18030002 LiveUpdate 2018-03-12 19:40:50 DELIVERY_STATE=Budapest
TUZVED18030002 LiveUpdate 2018-03-12 19:40:50 DELIVERY_COUNTRYCODE=HU
TUZVED18030002 LiveUpdate 2018-03-12 19:40:50 ORDER_HASH=92338ddf63918b93b840f5056aeeb7ea
TUZVED18030002 LiveUpdate 2018-03-12 19:41:59 MERCHANT=
TUZVED18030002 LiveUpdate 2018-03-12 19:41:59 ORDER_REF=TUZVED18030002
TUZVED18030002 LiveUpdate 2018-03-12 19:41:59 ORDER_DATE=2018-03-12 19:41:59
TUZVED18030002 LiveUpdate 2018-03-12 19:41:59 ORDER_PNAME=Facsavar 3.5 100 db
TUZVED18030002 LiveUpdate 2018-03-12 19:41:59 ORDER_PCODE=0002CS100
TUZVED18030002 LiveUpdate 2018-03-12 19:41:59 ORDER_PINFO=Cikkszám: WP001-0002CS100 Méret: 100 db/csomag Szín: 16mm 
TUZVED18030002 LiveUpdate 2018-03-12 19:41:59 ORDER_PRICE=2740
TUZVED18030002 LiveUpdate 2018-03-12 19:41:59 ORDER_QTY=5
TUZVED18030002 LiveUpdate 2018-03-12 19:41:59 ORDER_VAT=0
TUZVED18030002 LiveUpdate 2018-03-12 19:41:59 PRICES_CURRENCY=HUF
TUZVED18030002 LiveUpdate 2018-03-12 19:41:59 ORDER_SHIPPING=1290
TUZVED18030002 LiveUpdate 2018-03-12 19:41:59 DISCOUNT=0
TUZVED18030002 LiveUpdate 2018-03-12 19:41:59 PAY_METHOD=CCVISAMC
TUZVED18030002 LiveUpdate 2018-03-12 19:41:59 LANGUAGE=HU
TUZVED18030002 LiveUpdate 2018-03-12 19:41:59 AUTOMODE=1
TUZVED18030002 LiveUpdate 2018-03-12 19:41:59 ORDER_TIMEOUT=300
TUZVED18030002 LiveUpdate 2018-03-12 19:41:59 TIMEOUT_URL=http://www.tuzvedelmicentrum.web-pro.hu/gateway/simple/timeout
TUZVED18030002 LiveUpdate 2018-03-12 19:41:59 BACK_REF=http://www.tuzvedelmicentrum.web-pro.hu/gateway/simple/backref
TUZVED18030002 LiveUpdate 2018-03-12 19:41:59 BILL_FNAME=Real
TUZVED18030002 LiveUpdate 2018-03-12 19:41:59 BILL_LNAME=Trade
TUZVED18030002 LiveUpdate 2018-03-12 19:41:59 BILL_EMAIL=molnar.istvan@web-pro.hu
TUZVED18030002 LiveUpdate 2018-03-12 19:41:59 BILL_PHONE=06701234567
TUZVED18030002 LiveUpdate 2018-03-12 19:41:59 BILL_ADDRESS=Nagytétényi krt. 1.
TUZVED18030002 LiveUpdate 2018-03-12 19:41:59 BILL_ZIPCODE=1106
TUZVED18030002 LiveUpdate 2018-03-12 19:41:59 BILL_CITY=Budapest
TUZVED18030002 LiveUpdate 2018-03-12 19:41:59 BILL_STATE=Budapest
TUZVED18030002 LiveUpdate 2018-03-12 19:41:59 BILL_COUNTRYCODE=HU
TUZVED18030002 LiveUpdate 2018-03-12 19:41:59 DELIVERY_FNAME=Real
TUZVED18030002 LiveUpdate 2018-03-12 19:41:59 DELIVERY_LNAME=Trade
TUZVED18030002 LiveUpdate 2018-03-12 19:41:59 DELIVERY_PHONE=06701234567
TUZVED18030002 LiveUpdate 2018-03-12 19:41:59 DELIVERY_ADDRESS=Nagytétényi krt. 1.
TUZVED18030002 LiveUpdate 2018-03-12 19:41:59 DELIVERY_ZIPCODE=1106
TUZVED18030002 LiveUpdate 2018-03-12 19:41:59 DELIVERY_CITY=Budapest
TUZVED18030002 LiveUpdate 2018-03-12 19:41:59 DELIVERY_STATE=Budapest
TUZVED18030002 LiveUpdate 2018-03-12 19:41:59 DELIVERY_COUNTRYCODE=HU
TUZVED18030002 LiveUpdate 2018-03-12 19:41:59 ORDER_HASH=a8c5bc62eb549fdae301d201fed35b26
TUZVED18030002 LiveUpdate 2018-03-12 19:44:18 MERCHANT=
TUZVED18030002 LiveUpdate 2018-03-12 19:44:18 ORDER_REF=TUZVED18030002
TUZVED18030002 LiveUpdate 2018-03-12 19:44:18 ORDER_DATE=2018-03-12 19:44:18
TUZVED18030002 LiveUpdate 2018-03-12 19:44:18 ORDER_PNAME=Facsavar 3.5 100 db
TUZVED18030002 LiveUpdate 2018-03-12 19:44:18 ORDER_PCODE=0002CS100
TUZVED18030002 LiveUpdate 2018-03-12 19:44:18 ORDER_PINFO=Cikkszám: WP001-0002CS100 Méret: 100 db/csomag Szín: 16mm 
TUZVED18030002 LiveUpdate 2018-03-12 19:44:18 ORDER_PRICE=2740
TUZVED18030002 LiveUpdate 2018-03-12 19:44:18 ORDER_QTY=5
TUZVED18030002 LiveUpdate 2018-03-12 19:44:18 ORDER_VAT=0
TUZVED18030002 LiveUpdate 2018-03-12 19:44:18 PRICES_CURRENCY=HUF
TUZVED18030002 LiveUpdate 2018-03-12 19:44:18 ORDER_SHIPPING=1290
TUZVED18030002 LiveUpdate 2018-03-12 19:44:18 DISCOUNT=0
TUZVED18030002 LiveUpdate 2018-03-12 19:44:18 PAY_METHOD=CCVISAMC
TUZVED18030002 LiveUpdate 2018-03-12 19:44:18 LANGUAGE=HU
TUZVED18030002 LiveUpdate 2018-03-12 19:44:18 AUTOMODE=1
TUZVED18030002 LiveUpdate 2018-03-12 19:44:18 ORDER_TIMEOUT=300
TUZVED18030002 LiveUpdate 2018-03-12 19:44:18 TIMEOUT_URL=http://www.tuzvedelmicentrum.web-pro.hu/gateway/simple/timeout
TUZVED18030002 LiveUpdate 2018-03-12 19:44:18 BACK_REF=http://www.tuzvedelmicentrum.web-pro.hu/gateway/simple/backref
TUZVED18030002 LiveUpdate 2018-03-12 19:44:18 BILL_FNAME=Real
TUZVED18030002 LiveUpdate 2018-03-12 19:44:18 BILL_LNAME=Trade
TUZVED18030002 LiveUpdate 2018-03-12 19:44:18 BILL_EMAIL=molnar.istvan@web-pro.hu
TUZVED18030002 LiveUpdate 2018-03-12 19:44:18 BILL_PHONE=06701234567
TUZVED18030002 LiveUpdate 2018-03-12 19:44:18 BILL_ADDRESS=Nagytétényi krt. 1.
TUZVED18030002 LiveUpdate 2018-03-12 19:44:18 BILL_ZIPCODE=1106
TUZVED18030002 LiveUpdate 2018-03-12 19:44:18 BILL_CITY=Budapest
TUZVED18030002 LiveUpdate 2018-03-12 19:44:18 BILL_STATE=Budapest
TUZVED18030002 LiveUpdate 2018-03-12 19:44:18 BILL_COUNTRYCODE=HU
TUZVED18030002 LiveUpdate 2018-03-12 19:44:18 DELIVERY_FNAME=Real
TUZVED18030002 LiveUpdate 2018-03-12 19:44:18 DELIVERY_LNAME=Trade
TUZVED18030002 LiveUpdate 2018-03-12 19:44:18 DELIVERY_PHONE=06701234567
TUZVED18030002 LiveUpdate 2018-03-12 19:44:18 DELIVERY_ADDRESS=Nagytétényi krt. 1.
TUZVED18030002 LiveUpdate 2018-03-12 19:44:18 DELIVERY_ZIPCODE=1106
TUZVED18030002 LiveUpdate 2018-03-12 19:44:18 DELIVERY_CITY=Budapest
TUZVED18030002 LiveUpdate 2018-03-12 19:44:18 DELIVERY_STATE=Budapest
TUZVED18030002 LiveUpdate 2018-03-12 19:44:18 DELIVERY_COUNTRYCODE=HU
TUZVED18030002 LiveUpdate 2018-03-12 19:44:18 ORDER_HASH=54c6b414351f20127006e953b2ea1759
TUZVED18030002 LiveUpdate 2018-03-12 19:44:28 MERCHANT=
TUZVED18030002 LiveUpdate 2018-03-12 19:44:28 ORDER_REF=TUZVED18030002
TUZVED18030002 LiveUpdate 2018-03-12 19:44:28 ORDER_DATE=2018-03-12 19:44:28
TUZVED18030002 LiveUpdate 2018-03-12 19:44:28 ORDER_PNAME=Facsavar 3.5 100 db
TUZVED18030002 LiveUpdate 2018-03-12 19:44:28 ORDER_PCODE=0002CS100
TUZVED18030002 LiveUpdate 2018-03-12 19:44:28 ORDER_PINFO=Cikkszám: WP001-0002CS100 Méret: 100 db/csomag Szín: 16mm 
TUZVED18030002 LiveUpdate 2018-03-12 19:44:28 ORDER_PRICE=2740
TUZVED18030002 LiveUpdate 2018-03-12 19:44:28 ORDER_QTY=5
TUZVED18030002 LiveUpdate 2018-03-12 19:44:28 ORDER_VAT=0
TUZVED18030002 LiveUpdate 2018-03-12 19:44:28 PRICES_CURRENCY=HUF
TUZVED18030002 LiveUpdate 2018-03-12 19:44:28 ORDER_SHIPPING=1290
TUZVED18030002 LiveUpdate 2018-03-12 19:44:28 DISCOUNT=0
TUZVED18030002 LiveUpdate 2018-03-12 19:44:28 PAY_METHOD=CCVISAMC
TUZVED18030002 LiveUpdate 2018-03-12 19:44:28 LANGUAGE=HU
TUZVED18030002 LiveUpdate 2018-03-12 19:44:28 AUTOMODE=1
TUZVED18030002 LiveUpdate 2018-03-12 19:44:28 ORDER_TIMEOUT=300
TUZVED18030002 LiveUpdate 2018-03-12 19:44:28 TIMEOUT_URL=http://www.tuzvedelmicentrum.web-pro.hu/gateway/simple/timeout
TUZVED18030002 LiveUpdate 2018-03-12 19:44:28 BACK_REF=http://www.tuzvedelmicentrum.web-pro.hu/gateway/simple/backref
TUZVED18030002 LiveUpdate 2018-03-12 19:44:28 BILL_FNAME=Real
TUZVED18030002 LiveUpdate 2018-03-12 19:44:28 BILL_LNAME=Trade
TUZVED18030002 LiveUpdate 2018-03-12 19:44:28 BILL_EMAIL=molnar.istvan@web-pro.hu
TUZVED18030002 LiveUpdate 2018-03-12 19:44:28 BILL_PHONE=06701234567
TUZVED18030002 LiveUpdate 2018-03-12 19:44:28 BILL_ADDRESS=Nagytétényi krt. 1.
TUZVED18030002 LiveUpdate 2018-03-12 19:44:28 BILL_ZIPCODE=1106
TUZVED18030002 LiveUpdate 2018-03-12 19:44:28 BILL_CITY=Budapest
TUZVED18030002 LiveUpdate 2018-03-12 19:44:28 BILL_STATE=Budapest
TUZVED18030002 LiveUpdate 2018-03-12 19:44:28 BILL_COUNTRYCODE=HU
TUZVED18030002 LiveUpdate 2018-03-12 19:44:28 DELIVERY_FNAME=Real
TUZVED18030002 LiveUpdate 2018-03-12 19:44:28 DELIVERY_LNAME=Trade
TUZVED18030002 LiveUpdate 2018-03-12 19:44:28 DELIVERY_PHONE=06701234567
TUZVED18030002 LiveUpdate 2018-03-12 19:44:28 DELIVERY_ADDRESS=Nagytétényi krt. 1.
TUZVED18030002 LiveUpdate 2018-03-12 19:44:28 DELIVERY_ZIPCODE=1106
TUZVED18030002 LiveUpdate 2018-03-12 19:44:28 DELIVERY_CITY=Budapest
TUZVED18030002 LiveUpdate 2018-03-12 19:44:28 DELIVERY_STATE=Budapest
TUZVED18030002 LiveUpdate 2018-03-12 19:44:28 DELIVERY_COUNTRYCODE=HU
TUZVED18030002 LiveUpdate 2018-03-12 19:44:28 ORDER_HASH=7bbcfcfe323089fce8286c12f4a4f689
