WEBPROWSDE17110 LiveUpdate 2018-02-08 15:06:56 MERCHANT=
WEBPROWSDE17110 LiveUpdate 2018-02-08 15:06:56 ORDER_REF=WEBPROWSDE17110
WEBPROWSDE17110 LiveUpdate 2018-02-08 15:06:56 ORDER_DATE=2018-02-08 15:06:56
WEBPROWSDE17110 LiveUpdate 2018-02-08 15:06:56 ORDER_PNAME=PZ1 - PZ2 x 60 mm PZ Pozidriv kétvégű bit
WEBPROWSDE17110 LiveUpdate 2018-02-08 15:06:56 ORDER_PNAME=Facsavar 2.5
WEBPROWSDE17110 LiveUpdate 2018-02-08 15:06:56 ORDER_PCODE=0001
WEBPROWSDE17110 LiveUpdate 2018-02-08 15:06:56 ORDER_PCODE=0003
WEBPROWSDE17110 LiveUpdate 2018-02-08 15:06:56 ORDER_PINFO=Cikkszám: WP002-0001 Szín: Szürke 
WEBPROWSDE17110 LiveUpdate 2018-02-08 15:06:56 ORDER_PINFO=Cikkszám: WP001-0003 Szín: 20mm 
WEBPROWSDE17110 LiveUpdate 2018-02-08 15:06:56 ORDER_PRICE=250
WEBPROWSDE17110 LiveUpdate 2018-02-08 15:06:56 ORDER_PRICE=100
WEBPROWSDE17110 LiveUpdate 2018-02-08 15:06:56 ORDER_QTY=1
WEBPROWSDE17110 LiveUpdate 2018-02-08 15:06:56 ORDER_QTY=10
WEBPROWSDE17110 LiveUpdate 2018-02-08 15:06:56 ORDER_VAT=0
WEBPROWSDE17110 LiveUpdate 2018-02-08 15:06:56 ORDER_VAT=0
WEBPROWSDE17110 LiveUpdate 2018-02-08 15:06:56 PRICES_CURRENCY=HUF
WEBPROWSDE17110 LiveUpdate 2018-02-08 15:06:56 ORDER_SHIPPING=0
WEBPROWSDE17110 LiveUpdate 2018-02-08 15:06:56 DISCOUNT=0
WEBPROWSDE17110 LiveUpdate 2018-02-08 15:06:56 PAY_METHOD=CCVISAMC
WEBPROWSDE17110 LiveUpdate 2018-02-08 15:06:56 LANGUAGE=HU
WEBPROWSDE17110 LiveUpdate 2018-02-08 15:06:56 AUTOMODE=1
WEBPROWSDE17110 LiveUpdate 2018-02-08 15:06:56 ORDER_TIMEOUT=300
WEBPROWSDE17110 LiveUpdate 2018-02-08 15:06:56 TIMEOUT_URL=http://www.tuzvedelmicentrum.web-pro.hu/gateway/simple/timeout
WEBPROWSDE17110 LiveUpdate 2018-02-08 15:06:56 BACK_REF=http://www.tuzvedelmicentrum.web-pro.hu/gateway/simple/backref
WEBPROWSDE17110 LiveUpdate 2018-02-08 15:06:56 BILL_FNAME=Molnar
WEBPROWSDE17110 LiveUpdate 2018-02-08 15:06:56 BILL_LNAME=Istvan
WEBPROWSDE17110 LiveUpdate 2018-02-08 15:06:56 BILL_EMAIL=molnar.istvan@web-pro.hu
WEBPROWSDE17110 LiveUpdate 2018-02-08 15:06:56 BILL_PHONE=06701234567
WEBPROWSDE17110 LiveUpdate 2018-02-08 15:06:56 BILL_ADDRESS=Patika u. 12.
WEBPROWSDE17110 LiveUpdate 2018-02-08 15:06:56 BILL_ZIPCODE=4287
WEBPROWSDE17110 LiveUpdate 2018-02-08 15:06:56 BILL_CITY=Vámospércs
WEBPROWSDE17110 LiveUpdate 2018-02-08 15:06:56 BILL_STATE=Hajdú-Bihar
WEBPROWSDE17110 LiveUpdate 2018-02-08 15:06:56 BILL_COUNTRYCODE=HU
WEBPROWSDE17110 LiveUpdate 2018-02-08 15:06:56 DELIVERY_FNAME=Molnar
WEBPROWSDE17110 LiveUpdate 2018-02-08 15:06:56 DELIVERY_LNAME=Istvan
WEBPROWSDE17110 LiveUpdate 2018-02-08 15:06:56 DELIVERY_PHONE=06701234567
WEBPROWSDE17110 LiveUpdate 2018-02-08 15:06:56 DELIVERY_ADDRESS=Patika u. 12.
WEBPROWSDE17110 LiveUpdate 2018-02-08 15:06:56 DELIVERY_ZIPCODE=4287
WEBPROWSDE17110 LiveUpdate 2018-02-08 15:06:56 DELIVERY_CITY=Vámospércs
WEBPROWSDE17110 LiveUpdate 2018-02-08 15:06:56 DELIVERY_STATE=Hajdú-Bihar
WEBPROWSDE17110 LiveUpdate 2018-02-08 15:06:56 DELIVERY_COUNTRYCODE=HU
WEBPROWSDE17110 LiveUpdate 2018-02-08 15:06:56 ORDER_HASH=4801f72d8c42d8ac6acaa7f644c831b2
