SLR19060001 LiveUpdate 2019-06-03 08:21:49 MERCHANT=
SLR19060001 LiveUpdate 2019-06-03 08:21:49 ORDER_REF=SLR19060001
SLR19060001 LiveUpdate 2019-06-03 08:21:49 ORDER_DATE=2019-06-03 08:21:49
SLR19060001 LiveUpdate 2019-06-03 08:21:49 PRICES_CURRENCY=HUF
SLR19060001 LiveUpdate 2019-06-03 08:21:49 ORDER_SHIPPING=2000
SLR19060001 LiveUpdate 2019-06-03 08:21:49 DISCOUNT=0
SLR19060001 LiveUpdate 2019-06-03 08:21:49 PAY_METHOD=CCVISAMC
SLR19060001 LiveUpdate 2019-06-03 08:21:49 LANGUAGE=HU
SLR19060001 LiveUpdate 2019-06-03 08:21:49 AUTOMODE=1
SLR19060001 LiveUpdate 2019-06-03 08:21:49 ORDER_TIMEOUT=300
SLR19060001 LiveUpdate 2019-06-03 08:21:49 TIMEOUT_URL=http://www.seal-ring.web-pro.hu/gateway/simple/timeout
SLR19060001 LiveUpdate 2019-06-03 08:21:49 BACK_REF=http://www.seal-ring.web-pro.hu/gateway/simple/backref
SLR19060001 LiveUpdate 2019-06-03 08:21:49 BILL_FNAME=Seal
SLR19060001 LiveUpdate 2019-06-03 08:21:49 BILL_LNAME=Ring
SLR19060001 LiveUpdate 2019-06-03 08:21:49 BILL_EMAIL=office@sealring.hu
SLR19060001 LiveUpdate 2019-06-03 08:21:49 BILL_PHONE=+3672210776
SLR19060001 LiveUpdate 2019-06-03 08:21:49 BILL_ADDRESS=
SLR19060001 LiveUpdate 2019-06-03 08:21:49 BILL_ZIPCODE=7632
SLR19060001 LiveUpdate 2019-06-03 08:21:49 BILL_CITY=Pécs
SLR19060001 LiveUpdate 2019-06-03 08:21:49 BILL_STATE=
SLR19060001 LiveUpdate 2019-06-03 08:21:49 BILL_COUNTRYCODE=HU
SLR19060001 LiveUpdate 2019-06-03 08:21:49 DELIVERY_FNAME=Seal
SLR19060001 LiveUpdate 2019-06-03 08:21:49 DELIVERY_LNAME=Ring
SLR19060001 LiveUpdate 2019-06-03 08:21:49 DELIVERY_PHONE=+3672210776
SLR19060001 LiveUpdate 2019-06-03 08:21:49 DELIVERY_ADDRESS=
SLR19060001 LiveUpdate 2019-06-03 08:21:49 DELIVERY_ZIPCODE=7632
SLR19060001 LiveUpdate 2019-06-03 08:21:49 DELIVERY_CITY=Pécs
SLR19060001 LiveUpdate 2019-06-03 08:21:49 DELIVERY_STATE=
SLR19060001 LiveUpdate 2019-06-03 08:21:49 DELIVERY_COUNTRYCODE=HU
SLR19060001 LiveUpdate 2019-06-03 08:21:49 ORDER_HASH=fd9541b50b0b377286db17da451b8f3b
SLR19060002 LiveUpdate 2019-06-03 10:11:11 MERCHANT=
SLR19060002 LiveUpdate 2019-06-03 10:11:11 ORDER_REF=SLR19060002
SLR19060002 LiveUpdate 2019-06-03 10:11:11 ORDER_DATE=2019-06-03 10:11:11
SLR19060002 LiveUpdate 2019-06-03 10:11:11 PRICES_CURRENCY=HUF
SLR19060002 LiveUpdate 2019-06-03 10:11:11 ORDER_SHIPPING=2000
SLR19060002 LiveUpdate 2019-06-03 10:11:11 DISCOUNT=0
SLR19060002 LiveUpdate 2019-06-03 10:11:11 PAY_METHOD=CCVISAMC
SLR19060002 LiveUpdate 2019-06-03 10:11:11 LANGUAGE=HU
SLR19060002 LiveUpdate 2019-06-03 10:11:11 AUTOMODE=1
SLR19060002 LiveUpdate 2019-06-03 10:11:11 ORDER_TIMEOUT=300
SLR19060002 LiveUpdate 2019-06-03 10:11:11 TIMEOUT_URL=http://www.seal-ring.web-pro.hu/gateway/simple/timeout
SLR19060002 LiveUpdate 2019-06-03 10:11:11 BACK_REF=http://www.seal-ring.web-pro.hu/gateway/simple/backref
SLR19060002 LiveUpdate 2019-06-03 10:11:11 BILL_FNAME=Seal
SLR19060002 LiveUpdate 2019-06-03 10:11:11 BILL_LNAME=Ring
SLR19060002 LiveUpdate 2019-06-03 10:11:11 BILL_EMAIL=office@sealring.hu
SLR19060002 LiveUpdate 2019-06-03 10:11:11 BILL_PHONE=+3672210776
SLR19060002 LiveUpdate 2019-06-03 10:11:11 BILL_ADDRESS=
SLR19060002 LiveUpdate 2019-06-03 10:11:11 BILL_ZIPCODE=7632
SLR19060002 LiveUpdate 2019-06-03 10:11:11 BILL_CITY=Pécs
SLR19060002 LiveUpdate 2019-06-03 10:11:11 BILL_STATE=
SLR19060002 LiveUpdate 2019-06-03 10:11:11 BILL_COUNTRYCODE=HU
SLR19060002 LiveUpdate 2019-06-03 10:11:11 DELIVERY_FNAME=Seal
SLR19060002 LiveUpdate 2019-06-03 10:11:11 DELIVERY_LNAME=Ring
SLR19060002 LiveUpdate 2019-06-03 10:11:11 DELIVERY_PHONE=+3672210776
SLR19060002 LiveUpdate 2019-06-03 10:11:11 DELIVERY_ADDRESS=
SLR19060002 LiveUpdate 2019-06-03 10:11:11 DELIVERY_ZIPCODE=7632
SLR19060002 LiveUpdate 2019-06-03 10:11:11 DELIVERY_CITY=Pécs
SLR19060002 LiveUpdate 2019-06-03 10:11:11 DELIVERY_STATE=
SLR19060002 LiveUpdate 2019-06-03 10:11:11 DELIVERY_COUNTRYCODE=HU
SLR19060002 LiveUpdate 2019-06-03 10:11:11 ORDER_HASH=803cde1ee3b79adee3757edc643e25d0
SLR19060003 LiveUpdate 2019-06-03 14:14:21 MERCHANT=
SLR19060003 LiveUpdate 2019-06-03 14:14:21 ORDER_REF=SLR19060003
SLR19060003 LiveUpdate 2019-06-03 14:14:21 ORDER_DATE=2019-06-03 14:14:21
SLR19060003 LiveUpdate 2019-06-03 14:14:21 PRICES_CURRENCY=HUF
SLR19060003 LiveUpdate 2019-06-03 14:14:21 ORDER_SHIPPING=2000
SLR19060003 LiveUpdate 2019-06-03 14:14:21 DISCOUNT=0
SLR19060003 LiveUpdate 2019-06-03 14:14:21 PAY_METHOD=CCVISAMC
SLR19060003 LiveUpdate 2019-06-03 14:14:21 LANGUAGE=HU
SLR19060003 LiveUpdate 2019-06-03 14:14:21 AUTOMODE=1
SLR19060003 LiveUpdate 2019-06-03 14:14:21 ORDER_TIMEOUT=300
SLR19060003 LiveUpdate 2019-06-03 14:14:21 TIMEOUT_URL=http://www.seal-ring.web-pro.hu/gateway/simple/timeout
SLR19060003 LiveUpdate 2019-06-03 14:14:21 BACK_REF=http://www.seal-ring.web-pro.hu/gateway/simple/backref
SLR19060003 LiveUpdate 2019-06-03 14:14:21 BILL_FNAME=Seal
SLR19060003 LiveUpdate 2019-06-03 14:14:21 BILL_LNAME=Ring
SLR19060003 LiveUpdate 2019-06-03 14:14:21 BILL_EMAIL=office@sealring.hu
SLR19060003 LiveUpdate 2019-06-03 14:14:21 BILL_PHONE=+3672210776
SLR19060003 LiveUpdate 2019-06-03 14:14:21 BILL_ADDRESS=
SLR19060003 LiveUpdate 2019-06-03 14:14:21 BILL_ZIPCODE=7632
SLR19060003 LiveUpdate 2019-06-03 14:14:21 BILL_CITY=Pécs
SLR19060003 LiveUpdate 2019-06-03 14:14:21 BILL_STATE=
SLR19060003 LiveUpdate 2019-06-03 14:14:21 BILL_COUNTRYCODE=HU
SLR19060003 LiveUpdate 2019-06-03 14:14:21 DELIVERY_FNAME=Seal
SLR19060003 LiveUpdate 2019-06-03 14:14:21 DELIVERY_LNAME=Ring
SLR19060003 LiveUpdate 2019-06-03 14:14:21 DELIVERY_PHONE=+3672210776
SLR19060003 LiveUpdate 2019-06-03 14:14:21 DELIVERY_ADDRESS=
SLR19060003 LiveUpdate 2019-06-03 14:14:21 DELIVERY_ZIPCODE=7632
SLR19060003 LiveUpdate 2019-06-03 14:14:21 DELIVERY_CITY=Pécs
SLR19060003 LiveUpdate 2019-06-03 14:14:21 DELIVERY_STATE=
SLR19060003 LiveUpdate 2019-06-03 14:14:21 DELIVERY_COUNTRYCODE=HU
SLR19060003 LiveUpdate 2019-06-03 14:14:21 ORDER_HASH=d6f4cffffdeb9d410b4fd38bf0074714
SLR19060004 LiveUpdate 2019-06-03 15:37:04 MERCHANT=
SLR19060004 LiveUpdate 2019-06-03 15:37:04 ORDER_REF=SLR19060004
SLR19060004 LiveUpdate 2019-06-03 15:37:04 ORDER_DATE=2019-06-03 15:37:04
SLR19060004 LiveUpdate 2019-06-03 15:37:04 PRICES_CURRENCY=HUF
SLR19060004 LiveUpdate 2019-06-03 15:37:04 ORDER_SHIPPING=2000
SLR19060004 LiveUpdate 2019-06-03 15:37:04 DISCOUNT=0
SLR19060004 LiveUpdate 2019-06-03 15:37:04 PAY_METHOD=CCVISAMC
SLR19060004 LiveUpdate 2019-06-03 15:37:04 LANGUAGE=HU
SLR19060004 LiveUpdate 2019-06-03 15:37:04 AUTOMODE=1
SLR19060004 LiveUpdate 2019-06-03 15:37:04 ORDER_TIMEOUT=300
SLR19060004 LiveUpdate 2019-06-03 15:37:04 TIMEOUT_URL=http://www.seal-ring.web-pro.hu/gateway/simple/timeout
SLR19060004 LiveUpdate 2019-06-03 15:37:04 BACK_REF=http://www.seal-ring.web-pro.hu/gateway/simple/backref
SLR19060004 LiveUpdate 2019-06-03 15:37:04 BILL_FNAME=Seal
SLR19060004 LiveUpdate 2019-06-03 15:37:04 BILL_LNAME=Ring
SLR19060004 LiveUpdate 2019-06-03 15:37:04 BILL_EMAIL=office@sealring.hu
SLR19060004 LiveUpdate 2019-06-03 15:37:04 BILL_PHONE=+3672210776
SLR19060004 LiveUpdate 2019-06-03 15:37:04 BILL_ADDRESS=
SLR19060004 LiveUpdate 2019-06-03 15:37:04 BILL_ZIPCODE=7632
SLR19060004 LiveUpdate 2019-06-03 15:37:04 BILL_CITY=Pécs
SLR19060004 LiveUpdate 2019-06-03 15:37:04 BILL_STATE=
SLR19060004 LiveUpdate 2019-06-03 15:37:04 BILL_COUNTRYCODE=HU
SLR19060004 LiveUpdate 2019-06-03 15:37:04 DELIVERY_FNAME=Seal
SLR19060004 LiveUpdate 2019-06-03 15:37:04 DELIVERY_LNAME=Ring
SLR19060004 LiveUpdate 2019-06-03 15:37:04 DELIVERY_PHONE=+3672210776
SLR19060004 LiveUpdate 2019-06-03 15:37:04 DELIVERY_ADDRESS=
SLR19060004 LiveUpdate 2019-06-03 15:37:04 DELIVERY_ZIPCODE=7632
SLR19060004 LiveUpdate 2019-06-03 15:37:04 DELIVERY_CITY=Pécs
SLR19060004 LiveUpdate 2019-06-03 15:37:04 DELIVERY_STATE=
SLR19060004 LiveUpdate 2019-06-03 15:37:04 DELIVERY_COUNTRYCODE=HU
SLR19060004 LiveUpdate 2019-06-03 15:37:04 ORDER_HASH=5ca42585058f5c3b92ad6dbe4a722ea6
