SLR19030001 LiveUpdate 2019-03-22 17:31:53 MERCHANT=
SLR19030001 LiveUpdate 2019-03-22 17:31:53 ORDER_REF=SLR19030001
SLR19030001 LiveUpdate 2019-03-22 17:31:53 ORDER_DATE=2019-03-22 17:31:53
SLR19030001 LiveUpdate 2019-03-22 17:31:53 PRICES_CURRENCY=HUF
SLR19030001 LiveUpdate 2019-03-22 17:31:53 ORDER_SHIPPING=1290
SLR19030001 LiveUpdate 2019-03-22 17:31:53 DISCOUNT=0
SLR19030001 LiveUpdate 2019-03-22 17:31:53 PAY_METHOD=CCVISAMC
SLR19030001 LiveUpdate 2019-03-22 17:31:53 LANGUAGE=HU
SLR19030001 LiveUpdate 2019-03-22 17:31:53 AUTOMODE=1
SLR19030001 LiveUpdate 2019-03-22 17:31:53 ORDER_TIMEOUT=300
SLR19030001 LiveUpdate 2019-03-22 17:31:53 TIMEOUT_URL=http://www.seal-ring.web-pro.hu/gateway/simple/timeout
SLR19030001 LiveUpdate 2019-03-22 17:31:53 BACK_REF=http://www.seal-ring.web-pro.hu/gateway/simple/backref
SLR19030001 LiveUpdate 2019-03-22 17:31:53 BILL_FNAME=Molnár
SLR19030001 LiveUpdate 2019-03-22 17:31:53 BILL_LNAME=István
SLR19030001 LiveUpdate 2019-03-22 17:31:53 BILL_EMAIL=pocokxtrame@gmail.com
SLR19030001 LiveUpdate 2019-03-22 17:31:53 BILL_PHONE=06701234567
SLR19030001 LiveUpdate 2019-03-22 17:31:53 BILL_ADDRESS=
SLR19030001 LiveUpdate 2019-03-22 17:31:53 BILL_ZIPCODE=4287
SLR19030001 LiveUpdate 2019-03-22 17:31:53 BILL_CITY=Vámospércs
SLR19030001 LiveUpdate 2019-03-22 17:31:53 BILL_STATE=
SLR19030001 LiveUpdate 2019-03-22 17:31:53 BILL_COUNTRYCODE=HU
SLR19030001 LiveUpdate 2019-03-22 17:31:53 DELIVERY_FNAME=Molnár
SLR19030001 LiveUpdate 2019-03-22 17:31:53 DELIVERY_LNAME=István
SLR19030001 LiveUpdate 2019-03-22 17:31:53 DELIVERY_PHONE=06701234567
SLR19030001 LiveUpdate 2019-03-22 17:31:53 DELIVERY_ADDRESS=
SLR19030001 LiveUpdate 2019-03-22 17:31:53 DELIVERY_ZIPCODE=4287
SLR19030001 LiveUpdate 2019-03-22 17:31:53 DELIVERY_CITY=Vámospércs
SLR19030001 LiveUpdate 2019-03-22 17:31:53 DELIVERY_STATE=
SLR19030001 LiveUpdate 2019-03-22 17:31:53 DELIVERY_COUNTRYCODE=HU
SLR19030001 LiveUpdate 2019-03-22 17:31:53 ORDER_HASH=d8cb15ca1f0db875ff99f310db00159f
SLR19030002 LiveUpdate 2019-03-22 17:46:43 MERCHANT=
SLR19030002 LiveUpdate 2019-03-22 17:46:43 ORDER_REF=SLR19030002
SLR19030002 LiveUpdate 2019-03-22 17:46:43 ORDER_DATE=2019-03-22 17:46:43
SLR19030002 LiveUpdate 2019-03-22 17:46:43 PRICES_CURRENCY=HUF
SLR19030002 LiveUpdate 2019-03-22 17:46:43 ORDER_SHIPPING=1290
SLR19030002 LiveUpdate 2019-03-22 17:46:43 DISCOUNT=0
SLR19030002 LiveUpdate 2019-03-22 17:46:43 PAY_METHOD=CCVISAMC
SLR19030002 LiveUpdate 2019-03-22 17:46:43 LANGUAGE=HU
SLR19030002 LiveUpdate 2019-03-22 17:46:43 AUTOMODE=1
SLR19030002 LiveUpdate 2019-03-22 17:46:43 ORDER_TIMEOUT=300
SLR19030002 LiveUpdate 2019-03-22 17:46:43 TIMEOUT_URL=http://www.seal-ring.web-pro.hu/gateway/simple/timeout
SLR19030002 LiveUpdate 2019-03-22 17:46:43 BACK_REF=http://www.seal-ring.web-pro.hu/gateway/simple/backref
SLR19030002 LiveUpdate 2019-03-22 17:46:43 BILL_FNAME=Molnár
SLR19030002 LiveUpdate 2019-03-22 17:46:43 BILL_LNAME=István
SLR19030002 LiveUpdate 2019-03-22 17:46:43 BILL_EMAIL=pocokxtrame@gmail.com
SLR19030002 LiveUpdate 2019-03-22 17:46:43 BILL_PHONE=06702361259
SLR19030002 LiveUpdate 2019-03-22 17:46:43 BILL_ADDRESS=
SLR19030002 LiveUpdate 2019-03-22 17:46:43 BILL_ZIPCODE=4000
SLR19030002 LiveUpdate 2019-03-22 17:46:43 BILL_CITY=Debrecen
SLR19030002 LiveUpdate 2019-03-22 17:46:43 BILL_STATE=
SLR19030002 LiveUpdate 2019-03-22 17:46:43 BILL_COUNTRYCODE=HU
SLR19030002 LiveUpdate 2019-03-22 17:46:43 DELIVERY_FNAME=Molnár
SLR19030002 LiveUpdate 2019-03-22 17:46:43 DELIVERY_LNAME=István
SLR19030002 LiveUpdate 2019-03-22 17:46:43 DELIVERY_PHONE=06702361259
SLR19030002 LiveUpdate 2019-03-22 17:46:43 DELIVERY_ADDRESS=
SLR19030002 LiveUpdate 2019-03-22 17:46:43 DELIVERY_ZIPCODE=4000
SLR19030002 LiveUpdate 2019-03-22 17:46:43 DELIVERY_CITY=Debrecen
SLR19030002 LiveUpdate 2019-03-22 17:46:43 DELIVERY_STATE=
SLR19030002 LiveUpdate 2019-03-22 17:46:43 DELIVERY_COUNTRYCODE=HU
SLR19030002 LiveUpdate 2019-03-22 17:46:43 ORDER_HASH=5a4b585badfa70c1ce243b0d7fcafa60
