SLR19050014 LiveUpdate 2019-05-29 09:32:48 MERCHANT=
SLR19050014 LiveUpdate 2019-05-29 09:32:48 ORDER_REF=SLR19050014
SLR19050014 LiveUpdate 2019-05-29 09:32:48 ORDER_DATE=2019-05-29 09:32:48
SLR19050014 LiveUpdate 2019-05-29 09:32:48 PRICES_CURRENCY=HUF
SLR19050014 LiveUpdate 2019-05-29 09:32:48 ORDER_SHIPPING=1290
SLR19050014 LiveUpdate 2019-05-29 09:32:48 DISCOUNT=0
SLR19050014 LiveUpdate 2019-05-29 09:32:48 PAY_METHOD=CCVISAMC
SLR19050014 LiveUpdate 2019-05-29 09:32:48 LANGUAGE=HU
SLR19050014 LiveUpdate 2019-05-29 09:32:48 AUTOMODE=1
SLR19050014 LiveUpdate 2019-05-29 09:32:48 ORDER_TIMEOUT=300
SLR19050014 LiveUpdate 2019-05-29 09:32:48 TIMEOUT_URL=http://www.seal-ring.web-pro.hu/gateway/simple/timeout
SLR19050014 LiveUpdate 2019-05-29 09:32:48 BACK_REF=http://www.seal-ring.web-pro.hu/gateway/simple/backref
SLR19050014 LiveUpdate 2019-05-29 09:32:48 BILL_FNAME=Szelecz
SLR19050014 LiveUpdate 2019-05-29 09:32:48 BILL_LNAME=Péter
SLR19050014 LiveUpdate 2019-05-29 09:32:48 BILL_EMAIL=peter.szelecz@sealring.hu
SLR19050014 LiveUpdate 2019-05-29 09:32:48 BILL_PHONE=0612974345
SLR19050014 LiveUpdate 2019-05-29 09:32:48 BILL_ADDRESS=
SLR19050014 LiveUpdate 2019-05-29 09:32:48 BILL_ZIPCODE=1165
SLR19050014 LiveUpdate 2019-05-29 09:32:48 BILL_CITY=Budapest
SLR19050014 LiveUpdate 2019-05-29 09:32:48 BILL_STATE=
SLR19050014 LiveUpdate 2019-05-29 09:32:48 BILL_COUNTRYCODE=HU
SLR19050014 LiveUpdate 2019-05-29 09:32:48 DELIVERY_FNAME=Szelecz
SLR19050014 LiveUpdate 2019-05-29 09:32:48 DELIVERY_LNAME=Péter
SLR19050014 LiveUpdate 2019-05-29 09:32:48 DELIVERY_PHONE=0612974345
SLR19050014 LiveUpdate 2019-05-29 09:32:48 DELIVERY_ADDRESS=
SLR19050014 LiveUpdate 2019-05-29 09:32:48 DELIVERY_ZIPCODE=1165
SLR19050014 LiveUpdate 2019-05-29 09:32:48 DELIVERY_CITY=Budapest
SLR19050014 LiveUpdate 2019-05-29 09:32:48 DELIVERY_STATE=
SLR19050014 LiveUpdate 2019-05-29 09:32:48 DELIVERY_COUNTRYCODE=HU
SLR19050014 LiveUpdate 2019-05-29 09:32:48 ORDER_HASH=5f7a4a445d18f732e0b4606300720a24
SLR19050014 LiveUpdate 2019-05-29 09:32:52 MERCHANT=
SLR19050014 LiveUpdate 2019-05-29 09:32:52 ORDER_REF=SLR19050014
SLR19050014 LiveUpdate 2019-05-29 09:32:52 ORDER_DATE=2019-05-29 09:32:52
SLR19050014 LiveUpdate 2019-05-29 09:32:52 PRICES_CURRENCY=HUF
SLR19050014 LiveUpdate 2019-05-29 09:32:52 ORDER_SHIPPING=1290
SLR19050014 LiveUpdate 2019-05-29 09:32:52 DISCOUNT=0
SLR19050014 LiveUpdate 2019-05-29 09:32:52 PAY_METHOD=CCVISAMC
SLR19050014 LiveUpdate 2019-05-29 09:32:52 LANGUAGE=HU
SLR19050014 LiveUpdate 2019-05-29 09:32:52 AUTOMODE=1
SLR19050014 LiveUpdate 2019-05-29 09:32:52 ORDER_TIMEOUT=300
SLR19050014 LiveUpdate 2019-05-29 09:32:52 TIMEOUT_URL=http://www.seal-ring.web-pro.hu/gateway/simple/timeout
SLR19050014 LiveUpdate 2019-05-29 09:32:52 BACK_REF=http://www.seal-ring.web-pro.hu/gateway/simple/backref
SLR19050014 LiveUpdate 2019-05-29 09:32:52 BILL_FNAME=Szelecz
SLR19050014 LiveUpdate 2019-05-29 09:32:52 BILL_LNAME=Péter
SLR19050014 LiveUpdate 2019-05-29 09:32:52 BILL_EMAIL=peter.szelecz@sealring.hu
SLR19050014 LiveUpdate 2019-05-29 09:32:52 BILL_PHONE=0612974345
SLR19050014 LiveUpdate 2019-05-29 09:32:52 BILL_ADDRESS=
SLR19050014 LiveUpdate 2019-05-29 09:32:52 BILL_ZIPCODE=1165
SLR19050014 LiveUpdate 2019-05-29 09:32:52 BILL_CITY=Budapest
SLR19050014 LiveUpdate 2019-05-29 09:32:52 BILL_STATE=
SLR19050014 LiveUpdate 2019-05-29 09:32:52 BILL_COUNTRYCODE=HU
SLR19050014 LiveUpdate 2019-05-29 09:32:52 DELIVERY_FNAME=Szelecz
SLR19050014 LiveUpdate 2019-05-29 09:32:52 DELIVERY_LNAME=Péter
SLR19050014 LiveUpdate 2019-05-29 09:32:52 DELIVERY_PHONE=0612974345
SLR19050014 LiveUpdate 2019-05-29 09:32:52 DELIVERY_ADDRESS=
SLR19050014 LiveUpdate 2019-05-29 09:32:52 DELIVERY_ZIPCODE=1165
SLR19050014 LiveUpdate 2019-05-29 09:32:52 DELIVERY_CITY=Budapest
SLR19050014 LiveUpdate 2019-05-29 09:32:52 DELIVERY_STATE=
SLR19050014 LiveUpdate 2019-05-29 09:32:52 DELIVERY_COUNTRYCODE=HU
SLR19050014 LiveUpdate 2019-05-29 09:32:52 ORDER_HASH=1ad89949c769095cd347cd501467cfa1
