SLR19040004 LiveUpdate 2019-04-26 08:57:28 MERCHANT=
SLR19040004 LiveUpdate 2019-04-26 08:57:28 ORDER_REF=SLR19040004
SLR19040004 LiveUpdate 2019-04-26 08:57:28 ORDER_DATE=2019-04-26 08:57:28
SLR19040004 LiveUpdate 2019-04-26 08:57:28 PRICES_CURRENCY=HUF
SLR19040004 LiveUpdate 2019-04-26 08:57:28 ORDER_SHIPPING=0
SLR19040004 LiveUpdate 2019-04-26 08:57:28 DISCOUNT=0
SLR19040004 LiveUpdate 2019-04-26 08:57:28 PAY_METHOD=CCVISAMC
SLR19040004 LiveUpdate 2019-04-26 08:57:28 LANGUAGE=HU
SLR19040004 LiveUpdate 2019-04-26 08:57:28 AUTOMODE=1
SLR19040004 LiveUpdate 2019-04-26 08:57:28 ORDER_TIMEOUT=300
SLR19040004 LiveUpdate 2019-04-26 08:57:28 TIMEOUT_URL=http://www.seal-ring.web-pro.hu/gateway/simple/timeout
SLR19040004 LiveUpdate 2019-04-26 08:57:28 BACK_REF=http://www.seal-ring.web-pro.hu/gateway/simple/backref
SLR19040004 LiveUpdate 2019-04-26 08:57:28 BILL_FNAME=Proba
SLR19040004 LiveUpdate 2019-04-26 08:57:28 BILL_LNAME=Cég
SLR19040004 LiveUpdate 2019-04-26 08:57:28 BILL_EMAIL=proba@gmail.com
SLR19040004 LiveUpdate 2019-04-26 08:57:28 BILL_PHONE=2974345
SLR19040004 LiveUpdate 2019-04-26 08:57:28 BILL_ADDRESS=
SLR19040004 LiveUpdate 2019-04-26 08:57:28 BILL_ZIPCODE=1165
SLR19040004 LiveUpdate 2019-04-26 08:57:28 BILL_CITY=Budapest
SLR19040004 LiveUpdate 2019-04-26 08:57:28 BILL_STATE=
SLR19040004 LiveUpdate 2019-04-26 08:57:28 BILL_COUNTRYCODE=HU
SLR19040004 LiveUpdate 2019-04-26 08:57:28 DELIVERY_FNAME=Proba
SLR19040004 LiveUpdate 2019-04-26 08:57:28 DELIVERY_LNAME=Cég
SLR19040004 LiveUpdate 2019-04-26 08:57:28 DELIVERY_PHONE=2974345
SLR19040004 LiveUpdate 2019-04-26 08:57:28 DELIVERY_ADDRESS=
SLR19040004 LiveUpdate 2019-04-26 08:57:28 DELIVERY_ZIPCODE=1165
SLR19040004 LiveUpdate 2019-04-26 08:57:28 DELIVERY_CITY=Budapest
SLR19040004 LiveUpdate 2019-04-26 08:57:28 DELIVERY_STATE=
SLR19040004 LiveUpdate 2019-04-26 08:57:28 DELIVERY_COUNTRYCODE=HU
SLR19040004 LiveUpdate 2019-04-26 08:57:28 ORDER_HASH=5a9404fcd15afef398e091c41a503b50
SLR19040004 LiveUpdate 2019-04-26 08:57:31 MERCHANT=
SLR19040004 LiveUpdate 2019-04-26 08:57:31 ORDER_REF=SLR19040004
SLR19040004 LiveUpdate 2019-04-26 08:57:31 ORDER_DATE=2019-04-26 08:57:31
SLR19040004 LiveUpdate 2019-04-26 08:57:31 PRICES_CURRENCY=HUF
SLR19040004 LiveUpdate 2019-04-26 08:57:31 ORDER_SHIPPING=0
SLR19040004 LiveUpdate 2019-04-26 08:57:31 DISCOUNT=0
SLR19040004 LiveUpdate 2019-04-26 08:57:31 PAY_METHOD=CCVISAMC
SLR19040004 LiveUpdate 2019-04-26 08:57:31 LANGUAGE=HU
SLR19040004 LiveUpdate 2019-04-26 08:57:31 AUTOMODE=1
SLR19040004 LiveUpdate 2019-04-26 08:57:31 ORDER_TIMEOUT=300
SLR19040004 LiveUpdate 2019-04-26 08:57:31 TIMEOUT_URL=http://www.seal-ring.web-pro.hu/gateway/simple/timeout
SLR19040004 LiveUpdate 2019-04-26 08:57:31 BACK_REF=http://www.seal-ring.web-pro.hu/gateway/simple/backref
SLR19040004 LiveUpdate 2019-04-26 08:57:31 BILL_FNAME=Proba
SLR19040004 LiveUpdate 2019-04-26 08:57:31 BILL_LNAME=Cég
SLR19040004 LiveUpdate 2019-04-26 08:57:31 BILL_EMAIL=proba@gmail.com
SLR19040004 LiveUpdate 2019-04-26 08:57:31 BILL_PHONE=2974345
SLR19040004 LiveUpdate 2019-04-26 08:57:31 BILL_ADDRESS=
SLR19040004 LiveUpdate 2019-04-26 08:57:31 BILL_ZIPCODE=1165
SLR19040004 LiveUpdate 2019-04-26 08:57:31 BILL_CITY=Budapest
SLR19040004 LiveUpdate 2019-04-26 08:57:31 BILL_STATE=
SLR19040004 LiveUpdate 2019-04-26 08:57:31 BILL_COUNTRYCODE=HU
SLR19040004 LiveUpdate 2019-04-26 08:57:31 DELIVERY_FNAME=Proba
SLR19040004 LiveUpdate 2019-04-26 08:57:31 DELIVERY_LNAME=Cég
SLR19040004 LiveUpdate 2019-04-26 08:57:31 DELIVERY_PHONE=2974345
SLR19040004 LiveUpdate 2019-04-26 08:57:31 DELIVERY_ADDRESS=
SLR19040004 LiveUpdate 2019-04-26 08:57:31 DELIVERY_ZIPCODE=1165
SLR19040004 LiveUpdate 2019-04-26 08:57:31 DELIVERY_CITY=Budapest
SLR19040004 LiveUpdate 2019-04-26 08:57:31 DELIVERY_STATE=
SLR19040004 LiveUpdate 2019-04-26 08:57:31 DELIVERY_COUNTRYCODE=HU
SLR19040004 LiveUpdate 2019-04-26 08:57:31 ORDER_HASH=2744575b3f113655d5a1d5c74b68f410
