SLR19050001 LiveUpdate 2019-05-14 12:48:09 MERCHANT=
SLR19050001 LiveUpdate 2019-05-14 12:48:09 ORDER_REF=SLR19050001
SLR19050001 LiveUpdate 2019-05-14 12:48:09 ORDER_DATE=2019-05-14 12:48:09
SLR19050001 LiveUpdate 2019-05-14 12:48:09 PRICES_CURRENCY=HUF
SLR19050001 LiveUpdate 2019-05-14 12:48:09 ORDER_SHIPPING=0
SLR19050001 LiveUpdate 2019-05-14 12:48:09 DISCOUNT=0
SLR19050001 LiveUpdate 2019-05-14 12:48:09 PAY_METHOD=CCVISAMC
SLR19050001 LiveUpdate 2019-05-14 12:48:09 LANGUAGE=HU
SLR19050001 LiveUpdate 2019-05-14 12:48:09 AUTOMODE=1
SLR19050001 LiveUpdate 2019-05-14 12:48:09 ORDER_TIMEOUT=300
SLR19050001 LiveUpdate 2019-05-14 12:48:09 TIMEOUT_URL=http://www.seal-ring.web-pro.hu/gateway/simple/timeout
SLR19050001 LiveUpdate 2019-05-14 12:48:09 BACK_REF=http://www.seal-ring.web-pro.hu/gateway/simple/backref
SLR19050001 LiveUpdate 2019-05-14 12:48:09 BILL_FNAME=Seal
SLR19050001 LiveUpdate 2019-05-14 12:48:09 BILL_LNAME=Ring
SLR19050001 LiveUpdate 2019-05-14 12:48:09 BILL_EMAIL=office@sealring.hu
SLR19050001 LiveUpdate 2019-05-14 12:48:09 BILL_PHONE=+3672210776
SLR19050001 LiveUpdate 2019-05-14 12:48:09 BILL_ADDRESS=
SLR19050001 LiveUpdate 2019-05-14 12:48:09 BILL_ZIPCODE=7632
SLR19050001 LiveUpdate 2019-05-14 12:48:09 BILL_CITY=Pécs
SLR19050001 LiveUpdate 2019-05-14 12:48:09 BILL_STATE=
SLR19050001 LiveUpdate 2019-05-14 12:48:09 BILL_COUNTRYCODE=HU
SLR19050001 LiveUpdate 2019-05-14 12:48:09 DELIVERY_FNAME=Seal
SLR19050001 LiveUpdate 2019-05-14 12:48:09 DELIVERY_LNAME=Ring
SLR19050001 LiveUpdate 2019-05-14 12:48:09 DELIVERY_PHONE=+3672210776
SLR19050001 LiveUpdate 2019-05-14 12:48:09 DELIVERY_ADDRESS=
SLR19050001 LiveUpdate 2019-05-14 12:48:09 DELIVERY_ZIPCODE=7632
SLR19050001 LiveUpdate 2019-05-14 12:48:09 DELIVERY_CITY=Pécs
SLR19050001 LiveUpdate 2019-05-14 12:48:09 DELIVERY_STATE=
SLR19050001 LiveUpdate 2019-05-14 12:48:09 DELIVERY_COUNTRYCODE=HU
SLR19050001 LiveUpdate 2019-05-14 12:48:09 ORDER_HASH=33afd54550ddaa5d1e3950b06ae20da4
SLR19050005 LiveUpdate 2019-05-14 12:57:54 MERCHANT=
SLR19050005 LiveUpdate 2019-05-14 12:57:54 ORDER_REF=SLR19050005
SLR19050005 LiveUpdate 2019-05-14 12:57:54 ORDER_DATE=2019-05-14 12:57:54
SLR19050005 LiveUpdate 2019-05-14 12:57:54 PRICES_CURRENCY=HUF
SLR19050005 LiveUpdate 2019-05-14 12:57:54 ORDER_SHIPPING=1290
SLR19050005 LiveUpdate 2019-05-14 12:57:54 DISCOUNT=0
SLR19050005 LiveUpdate 2019-05-14 12:57:54 PAY_METHOD=CCVISAMC
SLR19050005 LiveUpdate 2019-05-14 12:57:54 LANGUAGE=HU
SLR19050005 LiveUpdate 2019-05-14 12:57:54 AUTOMODE=1
SLR19050005 LiveUpdate 2019-05-14 12:57:54 ORDER_TIMEOUT=300
SLR19050005 LiveUpdate 2019-05-14 12:57:54 TIMEOUT_URL=http://www.seal-ring.web-pro.hu/gateway/simple/timeout
SLR19050005 LiveUpdate 2019-05-14 12:57:54 BACK_REF=http://www.seal-ring.web-pro.hu/gateway/simple/backref
SLR19050005 LiveUpdate 2019-05-14 12:57:54 BILL_FNAME=Seal
SLR19050005 LiveUpdate 2019-05-14 12:57:54 BILL_LNAME=Ring
SLR19050005 LiveUpdate 2019-05-14 12:57:54 BILL_EMAIL=office@sealring.hu
SLR19050005 LiveUpdate 2019-05-14 12:57:54 BILL_PHONE=+3672210776
SLR19050005 LiveUpdate 2019-05-14 12:57:54 BILL_ADDRESS=
SLR19050005 LiveUpdate 2019-05-14 12:57:54 BILL_ZIPCODE=7632
SLR19050005 LiveUpdate 2019-05-14 12:57:54 BILL_CITY=Pécs
SLR19050005 LiveUpdate 2019-05-14 12:57:54 BILL_STATE=
SLR19050005 LiveUpdate 2019-05-14 12:57:54 BILL_COUNTRYCODE=HU
SLR19050005 LiveUpdate 2019-05-14 12:57:54 DELIVERY_FNAME=Seal
SLR19050005 LiveUpdate 2019-05-14 12:57:54 DELIVERY_LNAME=Ring
SLR19050005 LiveUpdate 2019-05-14 12:57:54 DELIVERY_PHONE=+3672210776
SLR19050005 LiveUpdate 2019-05-14 12:57:54 DELIVERY_ADDRESS=
SLR19050005 LiveUpdate 2019-05-14 12:57:54 DELIVERY_ZIPCODE=7632
SLR19050005 LiveUpdate 2019-05-14 12:57:54 DELIVERY_CITY=Pécs
SLR19050005 LiveUpdate 2019-05-14 12:57:54 DELIVERY_STATE=
SLR19050005 LiveUpdate 2019-05-14 12:57:54 DELIVERY_COUNTRYCODE=HU
SLR19050005 LiveUpdate 2019-05-14 12:57:54 ORDER_HASH=c49cfe299871cabf43cf65532ed3210e
SLR19050005 LiveUpdate 2019-05-14 12:57:57 MERCHANT=
SLR19050005 LiveUpdate 2019-05-14 12:57:57 ORDER_REF=SLR19050005
SLR19050005 LiveUpdate 2019-05-14 12:57:57 ORDER_DATE=2019-05-14 12:57:57
SLR19050005 LiveUpdate 2019-05-14 12:57:57 PRICES_CURRENCY=HUF
SLR19050005 LiveUpdate 2019-05-14 12:57:57 ORDER_SHIPPING=1290
SLR19050005 LiveUpdate 2019-05-14 12:57:57 DISCOUNT=0
SLR19050005 LiveUpdate 2019-05-14 12:57:57 PAY_METHOD=CCVISAMC
SLR19050005 LiveUpdate 2019-05-14 12:57:57 LANGUAGE=HU
SLR19050005 LiveUpdate 2019-05-14 12:57:57 AUTOMODE=1
SLR19050005 LiveUpdate 2019-05-14 12:57:57 ORDER_TIMEOUT=300
SLR19050005 LiveUpdate 2019-05-14 12:57:57 TIMEOUT_URL=http://www.seal-ring.web-pro.hu/gateway/simple/timeout
SLR19050005 LiveUpdate 2019-05-14 12:57:57 BACK_REF=http://www.seal-ring.web-pro.hu/gateway/simple/backref
SLR19050005 LiveUpdate 2019-05-14 12:57:57 BILL_FNAME=Seal
SLR19050005 LiveUpdate 2019-05-14 12:57:57 BILL_LNAME=Ring
SLR19050005 LiveUpdate 2019-05-14 12:57:57 BILL_EMAIL=office@sealring.hu
SLR19050005 LiveUpdate 2019-05-14 12:57:57 BILL_PHONE=+3672210776
SLR19050005 LiveUpdate 2019-05-14 12:57:57 BILL_ADDRESS=
SLR19050005 LiveUpdate 2019-05-14 12:57:57 BILL_ZIPCODE=7632
SLR19050005 LiveUpdate 2019-05-14 12:57:57 BILL_CITY=Pécs
SLR19050005 LiveUpdate 2019-05-14 12:57:57 BILL_STATE=
SLR19050005 LiveUpdate 2019-05-14 12:57:57 BILL_COUNTRYCODE=HU
SLR19050005 LiveUpdate 2019-05-14 12:57:57 DELIVERY_FNAME=Seal
SLR19050005 LiveUpdate 2019-05-14 12:57:57 DELIVERY_LNAME=Ring
SLR19050005 LiveUpdate 2019-05-14 12:57:57 DELIVERY_PHONE=+3672210776
SLR19050005 LiveUpdate 2019-05-14 12:57:57 DELIVERY_ADDRESS=
SLR19050005 LiveUpdate 2019-05-14 12:57:57 DELIVERY_ZIPCODE=7632
SLR19050005 LiveUpdate 2019-05-14 12:57:57 DELIVERY_CITY=Pécs
SLR19050005 LiveUpdate 2019-05-14 12:57:57 DELIVERY_STATE=
SLR19050005 LiveUpdate 2019-05-14 12:57:57 DELIVERY_COUNTRYCODE=HU
SLR19050005 LiveUpdate 2019-05-14 12:57:57 ORDER_HASH=c3368a621c08262d5b2080026a5cef64
SLR19050006 LiveUpdate 2019-05-14 14:27:13 MERCHANT=
SLR19050006 LiveUpdate 2019-05-14 14:27:13 ORDER_REF=SLR19050006
SLR19050006 LiveUpdate 2019-05-14 14:27:13 ORDER_DATE=2019-05-14 14:27:13
SLR19050006 LiveUpdate 2019-05-14 14:27:13 PRICES_CURRENCY=HUF
SLR19050006 LiveUpdate 2019-05-14 14:27:13 ORDER_SHIPPING=1290
SLR19050006 LiveUpdate 2019-05-14 14:27:13 DISCOUNT=0
SLR19050006 LiveUpdate 2019-05-14 14:27:13 PAY_METHOD=CCVISAMC
SLR19050006 LiveUpdate 2019-05-14 14:27:13 LANGUAGE=HU
SLR19050006 LiveUpdate 2019-05-14 14:27:13 AUTOMODE=1
SLR19050006 LiveUpdate 2019-05-14 14:27:13 ORDER_TIMEOUT=300
SLR19050006 LiveUpdate 2019-05-14 14:27:13 TIMEOUT_URL=http://www.seal-ring.web-pro.hu/gateway/simple/timeout
SLR19050006 LiveUpdate 2019-05-14 14:27:13 BACK_REF=http://www.seal-ring.web-pro.hu/gateway/simple/backref
SLR19050006 LiveUpdate 2019-05-14 14:27:13 BILL_FNAME=Seal
SLR19050006 LiveUpdate 2019-05-14 14:27:13 BILL_LNAME=Ring
SLR19050006 LiveUpdate 2019-05-14 14:27:13 BILL_EMAIL=office@sealring.hu
SLR19050006 LiveUpdate 2019-05-14 14:27:13 BILL_PHONE=+3672210776
SLR19050006 LiveUpdate 2019-05-14 14:27:13 BILL_ADDRESS=
SLR19050006 LiveUpdate 2019-05-14 14:27:13 BILL_ZIPCODE=7632
SLR19050006 LiveUpdate 2019-05-14 14:27:13 BILL_CITY=Pécs
SLR19050006 LiveUpdate 2019-05-14 14:27:13 BILL_STATE=
SLR19050006 LiveUpdate 2019-05-14 14:27:13 BILL_COUNTRYCODE=HU
SLR19050006 LiveUpdate 2019-05-14 14:27:13 DELIVERY_FNAME=Seal
SLR19050006 LiveUpdate 2019-05-14 14:27:13 DELIVERY_LNAME=Ring
SLR19050006 LiveUpdate 2019-05-14 14:27:13 DELIVERY_PHONE=+3672210776
SLR19050006 LiveUpdate 2019-05-14 14:27:13 DELIVERY_ADDRESS=
SLR19050006 LiveUpdate 2019-05-14 14:27:13 DELIVERY_ZIPCODE=7632
SLR19050006 LiveUpdate 2019-05-14 14:27:13 DELIVERY_CITY=Pécs
SLR19050006 LiveUpdate 2019-05-14 14:27:13 DELIVERY_STATE=
SLR19050006 LiveUpdate 2019-05-14 14:27:13 DELIVERY_COUNTRYCODE=HU
SLR19050006 LiveUpdate 2019-05-14 14:27:13 ORDER_HASH=b1df97fa55a9ccb1029bfdb04269b201
SLR19050006 LiveUpdate 2019-05-14 14:27:15 MERCHANT=
SLR19050006 LiveUpdate 2019-05-14 14:27:15 ORDER_REF=SLR19050006
SLR19050006 LiveUpdate 2019-05-14 14:27:15 ORDER_DATE=2019-05-14 14:27:15
SLR19050006 LiveUpdate 2019-05-14 14:27:15 PRICES_CURRENCY=HUF
SLR19050006 LiveUpdate 2019-05-14 14:27:15 ORDER_SHIPPING=1290
SLR19050006 LiveUpdate 2019-05-14 14:27:15 DISCOUNT=0
SLR19050006 LiveUpdate 2019-05-14 14:27:15 PAY_METHOD=CCVISAMC
SLR19050006 LiveUpdate 2019-05-14 14:27:15 LANGUAGE=HU
SLR19050006 LiveUpdate 2019-05-14 14:27:15 AUTOMODE=1
SLR19050006 LiveUpdate 2019-05-14 14:27:15 ORDER_TIMEOUT=300
SLR19050006 LiveUpdate 2019-05-14 14:27:15 TIMEOUT_URL=http://www.seal-ring.web-pro.hu/gateway/simple/timeout
SLR19050006 LiveUpdate 2019-05-14 14:27:15 BACK_REF=http://www.seal-ring.web-pro.hu/gateway/simple/backref
SLR19050006 LiveUpdate 2019-05-14 14:27:15 BILL_FNAME=Seal
SLR19050006 LiveUpdate 2019-05-14 14:27:15 BILL_LNAME=Ring
SLR19050006 LiveUpdate 2019-05-14 14:27:15 BILL_EMAIL=office@sealring.hu
SLR19050006 LiveUpdate 2019-05-14 14:27:15 BILL_PHONE=+3672210776
SLR19050006 LiveUpdate 2019-05-14 14:27:15 BILL_ADDRESS=
SLR19050006 LiveUpdate 2019-05-14 14:27:15 BILL_ZIPCODE=7632
SLR19050006 LiveUpdate 2019-05-14 14:27:15 BILL_CITY=Pécs
SLR19050006 LiveUpdate 2019-05-14 14:27:15 BILL_STATE=
SLR19050006 LiveUpdate 2019-05-14 14:27:15 BILL_COUNTRYCODE=HU
SLR19050006 LiveUpdate 2019-05-14 14:27:15 DELIVERY_FNAME=Seal
SLR19050006 LiveUpdate 2019-05-14 14:27:15 DELIVERY_LNAME=Ring
SLR19050006 LiveUpdate 2019-05-14 14:27:15 DELIVERY_PHONE=+3672210776
SLR19050006 LiveUpdate 2019-05-14 14:27:15 DELIVERY_ADDRESS=
SLR19050006 LiveUpdate 2019-05-14 14:27:15 DELIVERY_ZIPCODE=7632
SLR19050006 LiveUpdate 2019-05-14 14:27:15 DELIVERY_CITY=Pécs
SLR19050006 LiveUpdate 2019-05-14 14:27:15 DELIVERY_STATE=
SLR19050006 LiveUpdate 2019-05-14 14:27:15 DELIVERY_COUNTRYCODE=HU
SLR19050006 LiveUpdate 2019-05-14 14:27:15 ORDER_HASH=79ce45b709cd7d35bc8648afc4e2d74f
