SLR19040001 LiveUpdate 2019-04-24 12:15:24 MERCHANT=
SLR19040001 LiveUpdate 2019-04-24 12:15:24 ORDER_REF=SLR19040001
SLR19040001 LiveUpdate 2019-04-24 12:15:24 ORDER_DATE=2019-04-24 12:15:24
SLR19040001 LiveUpdate 2019-04-24 12:15:24 PRICES_CURRENCY=HUF
SLR19040001 LiveUpdate 2019-04-24 12:15:24 ORDER_SHIPPING=0
SLR19040001 LiveUpdate 2019-04-24 12:15:24 DISCOUNT=0
SLR19040001 LiveUpdate 2019-04-24 12:15:24 PAY_METHOD=CCVISAMC
SLR19040001 LiveUpdate 2019-04-24 12:15:24 LANGUAGE=HU
SLR19040001 LiveUpdate 2019-04-24 12:15:24 AUTOMODE=1
SLR19040001 LiveUpdate 2019-04-24 12:15:24 ORDER_TIMEOUT=300
SLR19040001 LiveUpdate 2019-04-24 12:15:24 TIMEOUT_URL=http://www.seal-ring.web-pro.hu/gateway/simple/timeout
SLR19040001 LiveUpdate 2019-04-24 12:15:24 BACK_REF=http://www.seal-ring.web-pro.hu/gateway/simple/backref
SLR19040001 LiveUpdate 2019-04-24 12:15:24 BILL_FNAME=Szelecz
SLR19040001 LiveUpdate 2019-04-24 12:15:24 BILL_LNAME=Péter
SLR19040001 LiveUpdate 2019-04-24 12:15:24 BILL_EMAIL=peter.szelecz@sealring.hu
SLR19040001 LiveUpdate 2019-04-24 12:15:24 BILL_PHONE=0612974345
SLR19040001 LiveUpdate 2019-04-24 12:15:24 BILL_ADDRESS=
SLR19040001 LiveUpdate 2019-04-24 12:15:24 BILL_ZIPCODE=1165
SLR19040001 LiveUpdate 2019-04-24 12:15:24 BILL_CITY=Budapest
SLR19040001 LiveUpdate 2019-04-24 12:15:24 BILL_STATE=
SLR19040001 LiveUpdate 2019-04-24 12:15:24 BILL_COUNTRYCODE=HU
SLR19040001 LiveUpdate 2019-04-24 12:15:24 DELIVERY_FNAME=Szelecz
SLR19040001 LiveUpdate 2019-04-24 12:15:24 DELIVERY_LNAME=Péter
SLR19040001 LiveUpdate 2019-04-24 12:15:24 DELIVERY_PHONE=0612974345
SLR19040001 LiveUpdate 2019-04-24 12:15:24 DELIVERY_ADDRESS=
SLR19040001 LiveUpdate 2019-04-24 12:15:24 DELIVERY_ZIPCODE=1165
SLR19040001 LiveUpdate 2019-04-24 12:15:24 DELIVERY_CITY=Budapest
SLR19040001 LiveUpdate 2019-04-24 12:15:24 DELIVERY_STATE=
SLR19040001 LiveUpdate 2019-04-24 12:15:24 DELIVERY_COUNTRYCODE=HU
SLR19040001 LiveUpdate 2019-04-24 12:15:24 ORDER_HASH=7639320205daaa44869633da618f2285
SLR19040001 LiveUpdate 2019-04-24 12:15:34 MERCHANT=
SLR19040001 LiveUpdate 2019-04-24 12:15:34 ORDER_REF=SLR19040001
SLR19040001 LiveUpdate 2019-04-24 12:15:34 ORDER_DATE=2019-04-24 12:15:34
SLR19040001 LiveUpdate 2019-04-24 12:15:34 PRICES_CURRENCY=HUF
SLR19040001 LiveUpdate 2019-04-24 12:15:34 ORDER_SHIPPING=0
SLR19040001 LiveUpdate 2019-04-24 12:15:34 DISCOUNT=0
SLR19040001 LiveUpdate 2019-04-24 12:15:34 PAY_METHOD=CCVISAMC
SLR19040001 LiveUpdate 2019-04-24 12:15:34 LANGUAGE=HU
SLR19040001 LiveUpdate 2019-04-24 12:15:34 AUTOMODE=1
SLR19040001 LiveUpdate 2019-04-24 12:15:34 ORDER_TIMEOUT=300
SLR19040001 LiveUpdate 2019-04-24 12:15:34 TIMEOUT_URL=http://www.seal-ring.web-pro.hu/gateway/simple/timeout
SLR19040001 LiveUpdate 2019-04-24 12:15:34 BACK_REF=http://www.seal-ring.web-pro.hu/gateway/simple/backref
SLR19040001 LiveUpdate 2019-04-24 12:15:34 BILL_FNAME=Szelecz
SLR19040001 LiveUpdate 2019-04-24 12:15:34 BILL_LNAME=Péter
SLR19040001 LiveUpdate 2019-04-24 12:15:34 BILL_EMAIL=peter.szelecz@sealring.hu
SLR19040001 LiveUpdate 2019-04-24 12:15:34 BILL_PHONE=0612974345
SLR19040001 LiveUpdate 2019-04-24 12:15:34 BILL_ADDRESS=
SLR19040001 LiveUpdate 2019-04-24 12:15:34 BILL_ZIPCODE=1165
SLR19040001 LiveUpdate 2019-04-24 12:15:34 BILL_CITY=Budapest
SLR19040001 LiveUpdate 2019-04-24 12:15:34 BILL_STATE=
SLR19040001 LiveUpdate 2019-04-24 12:15:34 BILL_COUNTRYCODE=HU
SLR19040001 LiveUpdate 2019-04-24 12:15:34 DELIVERY_FNAME=Szelecz
SLR19040001 LiveUpdate 2019-04-24 12:15:34 DELIVERY_LNAME=Péter
SLR19040001 LiveUpdate 2019-04-24 12:15:34 DELIVERY_PHONE=0612974345
SLR19040001 LiveUpdate 2019-04-24 12:15:34 DELIVERY_ADDRESS=
SLR19040001 LiveUpdate 2019-04-24 12:15:34 DELIVERY_ZIPCODE=1165
SLR19040001 LiveUpdate 2019-04-24 12:15:34 DELIVERY_CITY=Budapest
SLR19040001 LiveUpdate 2019-04-24 12:15:34 DELIVERY_STATE=
SLR19040001 LiveUpdate 2019-04-24 12:15:34 DELIVERY_COUNTRYCODE=HU
SLR19040001 LiveUpdate 2019-04-24 12:15:34 ORDER_HASH=d7bd1a93590e14eb106a7af852948b24
