SLR19050013 LiveUpdate 2019-05-28 16:50:48 MERCHANT=
SLR19050013 LiveUpdate 2019-05-28 16:50:48 ORDER_REF=SLR19050013
SLR19050013 LiveUpdate 2019-05-28 16:50:48 ORDER_DATE=2019-05-28 16:50:48
SLR19050013 LiveUpdate 2019-05-28 16:50:48 PRICES_CURRENCY=HUF
SLR19050013 LiveUpdate 2019-05-28 16:50:48 ORDER_SHIPPING=0
SLR19050013 LiveUpdate 2019-05-28 16:50:48 DISCOUNT=0
SLR19050013 LiveUpdate 2019-05-28 16:50:48 PAY_METHOD=CCVISAMC
SLR19050013 LiveUpdate 2019-05-28 16:50:48 LANGUAGE=HU
SLR19050013 LiveUpdate 2019-05-28 16:50:48 AUTOMODE=1
SLR19050013 LiveUpdate 2019-05-28 16:50:48 ORDER_TIMEOUT=300
SLR19050013 LiveUpdate 2019-05-28 16:50:48 TIMEOUT_URL=http://www.seal-ring.web-pro.hu/gateway/simple/timeout
SLR19050013 LiveUpdate 2019-05-28 16:50:48 BACK_REF=http://www.seal-ring.web-pro.hu/gateway/simple/backref
SLR19050013 LiveUpdate 2019-05-28 16:50:48 BILL_FNAME=Molnár
SLR19050013 LiveUpdate 2019-05-28 16:50:48 BILL_LNAME=István
SLR19050013 LiveUpdate 2019-05-28 16:50:48 BILL_EMAIL=mistvan2014@gmail.com
SLR19050013 LiveUpdate 2019-05-28 16:50:48 BILL_PHONE=06702361259
SLR19050013 LiveUpdate 2019-05-28 16:50:48 BILL_ADDRESS=
SLR19050013 LiveUpdate 2019-05-28 16:50:48 BILL_ZIPCODE=4287
SLR19050013 LiveUpdate 2019-05-28 16:50:48 BILL_CITY=Vámospércs
SLR19050013 LiveUpdate 2019-05-28 16:50:48 BILL_STATE=
SLR19050013 LiveUpdate 2019-05-28 16:50:48 BILL_COUNTRYCODE=HU
SLR19050013 LiveUpdate 2019-05-28 16:50:48 DELIVERY_FNAME=Molnár
SLR19050013 LiveUpdate 2019-05-28 16:50:48 DELIVERY_LNAME=István
SLR19050013 LiveUpdate 2019-05-28 16:50:48 DELIVERY_PHONE=06702361259
SLR19050013 LiveUpdate 2019-05-28 16:50:48 DELIVERY_ADDRESS=
SLR19050013 LiveUpdate 2019-05-28 16:50:48 DELIVERY_ZIPCODE=4287
SLR19050013 LiveUpdate 2019-05-28 16:50:48 DELIVERY_CITY=Vámospércs
SLR19050013 LiveUpdate 2019-05-28 16:50:48 DELIVERY_STATE=
SLR19050013 LiveUpdate 2019-05-28 16:50:48 DELIVERY_COUNTRYCODE=HU
SLR19050013 LiveUpdate 2019-05-28 16:50:48 ORDER_HASH=c1396002e64cb3ca28de2101a021f41b
