SLR19060005 LiveUpdate 2019-06-05 07:47:22 MERCHANT=
SLR19060005 LiveUpdate 2019-06-05 07:47:22 ORDER_REF=SLR19060005
SLR19060005 LiveUpdate 2019-06-05 07:47:22 ORDER_DATE=2019-06-05 07:47:21
SLR19060005 LiveUpdate 2019-06-05 07:47:22 PRICES_CURRENCY=HUF
SLR19060005 LiveUpdate 2019-06-05 07:47:22 ORDER_SHIPPING=0
SLR19060005 LiveUpdate 2019-06-05 07:47:22 DISCOUNT=0
SLR19060005 LiveUpdate 2019-06-05 07:47:22 PAY_METHOD=CCVISAMC
SLR19060005 LiveUpdate 2019-06-05 07:47:22 LANGUAGE=HU
SLR19060005 LiveUpdate 2019-06-05 07:47:22 AUTOMODE=1
SLR19060005 LiveUpdate 2019-06-05 07:47:22 ORDER_TIMEOUT=300
SLR19060005 LiveUpdate 2019-06-05 07:47:22 TIMEOUT_URL=http://www.seal-ring.web-pro.hu/gateway/simple/timeout
SLR19060005 LiveUpdate 2019-06-05 07:47:22 BACK_REF=http://www.seal-ring.web-pro.hu/gateway/simple/backref
SLR19060005 LiveUpdate 2019-06-05 07:47:22 BILL_FNAME=Seal
SLR19060005 LiveUpdate 2019-06-05 07:47:22 BILL_LNAME=Ring
SLR19060005 LiveUpdate 2019-06-05 07:47:22 BILL_EMAIL=office@sealring.hu
SLR19060005 LiveUpdate 2019-06-05 07:47:22 BILL_PHONE=+3672210776
SLR19060005 LiveUpdate 2019-06-05 07:47:22 BILL_ADDRESS=
SLR19060005 LiveUpdate 2019-06-05 07:47:22 BILL_ZIPCODE=7632
SLR19060005 LiveUpdate 2019-06-05 07:47:22 BILL_CITY=Pécs
SLR19060005 LiveUpdate 2019-06-05 07:47:22 BILL_STATE=
SLR19060005 LiveUpdate 2019-06-05 07:47:22 BILL_COUNTRYCODE=HU
SLR19060005 LiveUpdate 2019-06-05 07:47:22 DELIVERY_FNAME=Seal
SLR19060005 LiveUpdate 2019-06-05 07:47:22 DELIVERY_LNAME=Ring
SLR19060005 LiveUpdate 2019-06-05 07:47:22 DELIVERY_PHONE=+3672210776
SLR19060005 LiveUpdate 2019-06-05 07:47:22 DELIVERY_ADDRESS=
SLR19060005 LiveUpdate 2019-06-05 07:47:22 DELIVERY_ZIPCODE=7632
SLR19060005 LiveUpdate 2019-06-05 07:47:22 DELIVERY_CITY=Pécs
SLR19060005 LiveUpdate 2019-06-05 07:47:22 DELIVERY_STATE=
SLR19060005 LiveUpdate 2019-06-05 07:47:22 DELIVERY_COUNTRYCODE=HU
SLR19060005 LiveUpdate 2019-06-05 07:47:22 ORDER_HASH=1f4d4c6cb0eb5526ebb3ed284f720bb5
SLR19060006 LiveUpdate 2019-06-05 07:58:22 MERCHANT=
SLR19060006 LiveUpdate 2019-06-05 07:58:22 ORDER_REF=SLR19060006
SLR19060006 LiveUpdate 2019-06-05 07:58:22 ORDER_DATE=2019-06-05 07:58:22
SLR19060006 LiveUpdate 2019-06-05 07:58:22 PRICES_CURRENCY=HUF
SLR19060006 LiveUpdate 2019-06-05 07:58:22 ORDER_SHIPPING=0
SLR19060006 LiveUpdate 2019-06-05 07:58:22 DISCOUNT=0
SLR19060006 LiveUpdate 2019-06-05 07:58:22 PAY_METHOD=CCVISAMC
SLR19060006 LiveUpdate 2019-06-05 07:58:22 LANGUAGE=HU
SLR19060006 LiveUpdate 2019-06-05 07:58:22 AUTOMODE=1
SLR19060006 LiveUpdate 2019-06-05 07:58:22 ORDER_TIMEOUT=300
SLR19060006 LiveUpdate 2019-06-05 07:58:22 TIMEOUT_URL=http://www.seal-ring.web-pro.hu/gateway/simple/timeout
SLR19060006 LiveUpdate 2019-06-05 07:58:22 BACK_REF=http://www.seal-ring.web-pro.hu/gateway/simple/backref
SLR19060006 LiveUpdate 2019-06-05 07:58:22 BILL_FNAME=Seal
SLR19060006 LiveUpdate 2019-06-05 07:58:22 BILL_LNAME=Ring
SLR19060006 LiveUpdate 2019-06-05 07:58:22 BILL_EMAIL=office@sealring.hu
SLR19060006 LiveUpdate 2019-06-05 07:58:22 BILL_PHONE=+3672210776
SLR19060006 LiveUpdate 2019-06-05 07:58:22 BILL_ADDRESS=
SLR19060006 LiveUpdate 2019-06-05 07:58:22 BILL_ZIPCODE=7632
SLR19060006 LiveUpdate 2019-06-05 07:58:22 BILL_CITY=Pécs
SLR19060006 LiveUpdate 2019-06-05 07:58:22 BILL_STATE=
SLR19060006 LiveUpdate 2019-06-05 07:58:22 BILL_COUNTRYCODE=HU
SLR19060006 LiveUpdate 2019-06-05 07:58:22 DELIVERY_FNAME=Seal
SLR19060006 LiveUpdate 2019-06-05 07:58:22 DELIVERY_LNAME=Ring
SLR19060006 LiveUpdate 2019-06-05 07:58:22 DELIVERY_PHONE=+3672210776
SLR19060006 LiveUpdate 2019-06-05 07:58:22 DELIVERY_ADDRESS=
SLR19060006 LiveUpdate 2019-06-05 07:58:22 DELIVERY_ZIPCODE=7632
SLR19060006 LiveUpdate 2019-06-05 07:58:22 DELIVERY_CITY=Pécs
SLR19060006 LiveUpdate 2019-06-05 07:58:22 DELIVERY_STATE=
SLR19060006 LiveUpdate 2019-06-05 07:58:22 DELIVERY_COUNTRYCODE=HU
SLR19060006 LiveUpdate 2019-06-05 07:58:22 ORDER_HASH=a2ba946fafc0618430eb23355bd24ca9
SLR19060007 LiveUpdate 2019-06-05 12:49:21 MERCHANT=
SLR19060007 LiveUpdate 2019-06-05 12:49:21 ORDER_REF=SLR19060007
SLR19060007 LiveUpdate 2019-06-05 12:49:21 ORDER_DATE=2019-06-05 12:49:21
SLR19060007 LiveUpdate 2019-06-05 12:49:21 PRICES_CURRENCY=HUF
SLR19060007 LiveUpdate 2019-06-05 12:49:21 ORDER_SHIPPING=0
SLR19060007 LiveUpdate 2019-06-05 12:49:21 DISCOUNT=0
SLR19060007 LiveUpdate 2019-06-05 12:49:21 PAY_METHOD=CCVISAMC
SLR19060007 LiveUpdate 2019-06-05 12:49:21 LANGUAGE=HU
SLR19060007 LiveUpdate 2019-06-05 12:49:21 AUTOMODE=1
SLR19060007 LiveUpdate 2019-06-05 12:49:21 ORDER_TIMEOUT=300
SLR19060007 LiveUpdate 2019-06-05 12:49:21 TIMEOUT_URL=http://www.seal-ring.web-pro.hu/gateway/simple/timeout
SLR19060007 LiveUpdate 2019-06-05 12:49:21 BACK_REF=http://www.seal-ring.web-pro.hu/gateway/simple/backref
SLR19060007 LiveUpdate 2019-06-05 12:49:21 BILL_FNAME=Seal
SLR19060007 LiveUpdate 2019-06-05 12:49:21 BILL_LNAME=Ring
SLR19060007 LiveUpdate 2019-06-05 12:49:21 BILL_EMAIL=office@sealring.hu
SLR19060007 LiveUpdate 2019-06-05 12:49:21 BILL_PHONE=+3672210776
SLR19060007 LiveUpdate 2019-06-05 12:49:21 BILL_ADDRESS=
SLR19060007 LiveUpdate 2019-06-05 12:49:21 BILL_ZIPCODE=7632
SLR19060007 LiveUpdate 2019-06-05 12:49:21 BILL_CITY=Pécs
SLR19060007 LiveUpdate 2019-06-05 12:49:21 BILL_STATE=
SLR19060007 LiveUpdate 2019-06-05 12:49:21 BILL_COUNTRYCODE=HU
SLR19060007 LiveUpdate 2019-06-05 12:49:21 DELIVERY_FNAME=Seal
SLR19060007 LiveUpdate 2019-06-05 12:49:21 DELIVERY_LNAME=Ring
SLR19060007 LiveUpdate 2019-06-05 12:49:21 DELIVERY_PHONE=+3672210776
SLR19060007 LiveUpdate 2019-06-05 12:49:21 DELIVERY_ADDRESS=
SLR19060007 LiveUpdate 2019-06-05 12:49:21 DELIVERY_ZIPCODE=7632
SLR19060007 LiveUpdate 2019-06-05 12:49:21 DELIVERY_CITY=Pécs
SLR19060007 LiveUpdate 2019-06-05 12:49:21 DELIVERY_STATE=
SLR19060007 LiveUpdate 2019-06-05 12:49:21 DELIVERY_COUNTRYCODE=HU
SLR19060007 LiveUpdate 2019-06-05 12:49:21 ORDER_HASH=b41d0aa6af41ee95acc104e5686ffdd6
SLR19060008 LiveUpdate 2019-06-05 13:18:40 MERCHANT=
SLR19060008 LiveUpdate 2019-06-05 13:18:40 ORDER_REF=SLR19060008
SLR19060008 LiveUpdate 2019-06-05 13:18:40 ORDER_DATE=2019-06-05 13:18:40
SLR19060008 LiveUpdate 2019-06-05 13:18:40 PRICES_CURRENCY=HUF
SLR19060008 LiveUpdate 2019-06-05 13:18:40 ORDER_SHIPPING=0
SLR19060008 LiveUpdate 2019-06-05 13:18:40 DISCOUNT=0
SLR19060008 LiveUpdate 2019-06-05 13:18:40 PAY_METHOD=CCVISAMC
SLR19060008 LiveUpdate 2019-06-05 13:18:40 LANGUAGE=HU
SLR19060008 LiveUpdate 2019-06-05 13:18:40 AUTOMODE=1
SLR19060008 LiveUpdate 2019-06-05 13:18:40 ORDER_TIMEOUT=300
SLR19060008 LiveUpdate 2019-06-05 13:18:40 TIMEOUT_URL=http://www.seal-ring.web-pro.hu/gateway/simple/timeout
SLR19060008 LiveUpdate 2019-06-05 13:18:40 BACK_REF=http://www.seal-ring.web-pro.hu/gateway/simple/backref
SLR19060008 LiveUpdate 2019-06-05 13:18:40 BILL_FNAME=Szelecz
SLR19060008 LiveUpdate 2019-06-05 13:18:40 BILL_LNAME=Péter
SLR19060008 LiveUpdate 2019-06-05 13:18:40 BILL_EMAIL=peter.szelecz@sealring.hu
SLR19060008 LiveUpdate 2019-06-05 13:18:40 BILL_PHONE=0612974345
SLR19060008 LiveUpdate 2019-06-05 13:18:40 BILL_ADDRESS=
SLR19060008 LiveUpdate 2019-06-05 13:18:40 BILL_ZIPCODE=1165
SLR19060008 LiveUpdate 2019-06-05 13:18:40 BILL_CITY=Budapest
SLR19060008 LiveUpdate 2019-06-05 13:18:40 BILL_STATE=
SLR19060008 LiveUpdate 2019-06-05 13:18:40 BILL_COUNTRYCODE=HU
SLR19060008 LiveUpdate 2019-06-05 13:18:40 DELIVERY_FNAME=Szelecz
SLR19060008 LiveUpdate 2019-06-05 13:18:40 DELIVERY_LNAME=Péter
SLR19060008 LiveUpdate 2019-06-05 13:18:40 DELIVERY_PHONE=0612974345
SLR19060008 LiveUpdate 2019-06-05 13:18:40 DELIVERY_ADDRESS=
SLR19060008 LiveUpdate 2019-06-05 13:18:40 DELIVERY_ZIPCODE=1165
SLR19060008 LiveUpdate 2019-06-05 13:18:40 DELIVERY_CITY=Budapest
SLR19060008 LiveUpdate 2019-06-05 13:18:40 DELIVERY_STATE=
SLR19060008 LiveUpdate 2019-06-05 13:18:40 DELIVERY_COUNTRYCODE=HU
SLR19060008 LiveUpdate 2019-06-05 13:18:40 ORDER_HASH=40eac649426084b82f23a542e079b25c
SLR19060008 LiveUpdate 2019-06-05 13:20:01 MERCHANT=
SLR19060008 LiveUpdate 2019-06-05 13:20:01 ORDER_REF=SLR19060008
SLR19060008 LiveUpdate 2019-06-05 13:20:01 ORDER_DATE=2019-06-05 13:20:01
SLR19060008 LiveUpdate 2019-06-05 13:20:01 PRICES_CURRENCY=HUF
SLR19060008 LiveUpdate 2019-06-05 13:20:01 ORDER_SHIPPING=0
SLR19060008 LiveUpdate 2019-06-05 13:20:01 DISCOUNT=0
SLR19060008 LiveUpdate 2019-06-05 13:20:01 PAY_METHOD=CCVISAMC
SLR19060008 LiveUpdate 2019-06-05 13:20:01 LANGUAGE=HU
SLR19060008 LiveUpdate 2019-06-05 13:20:01 AUTOMODE=1
SLR19060008 LiveUpdate 2019-06-05 13:20:01 ORDER_TIMEOUT=300
SLR19060008 LiveUpdate 2019-06-05 13:20:01 TIMEOUT_URL=http://www.seal-ring.web-pro.hu/gateway/simple/timeout
SLR19060008 LiveUpdate 2019-06-05 13:20:01 BACK_REF=http://www.seal-ring.web-pro.hu/gateway/simple/backref
SLR19060008 LiveUpdate 2019-06-05 13:20:01 BILL_FNAME=Szelecz
SLR19060008 LiveUpdate 2019-06-05 13:20:01 BILL_LNAME=Péter
SLR19060008 LiveUpdate 2019-06-05 13:20:01 BILL_EMAIL=peter.szelecz@sealring.hu
SLR19060008 LiveUpdate 2019-06-05 13:20:01 BILL_PHONE=0612974345
SLR19060008 LiveUpdate 2019-06-05 13:20:01 BILL_ADDRESS=
SLR19060008 LiveUpdate 2019-06-05 13:20:01 BILL_ZIPCODE=1165
SLR19060008 LiveUpdate 2019-06-05 13:20:01 BILL_CITY=Budapest
SLR19060008 LiveUpdate 2019-06-05 13:20:01 BILL_STATE=
SLR19060008 LiveUpdate 2019-06-05 13:20:01 BILL_COUNTRYCODE=HU
SLR19060008 LiveUpdate 2019-06-05 13:20:01 DELIVERY_FNAME=Szelecz
SLR19060008 LiveUpdate 2019-06-05 13:20:01 DELIVERY_LNAME=Péter
SLR19060008 LiveUpdate 2019-06-05 13:20:01 DELIVERY_PHONE=0612974345
SLR19060008 LiveUpdate 2019-06-05 13:20:01 DELIVERY_ADDRESS=
SLR19060008 LiveUpdate 2019-06-05 13:20:01 DELIVERY_ZIPCODE=1165
SLR19060008 LiveUpdate 2019-06-05 13:20:01 DELIVERY_CITY=Budapest
SLR19060008 LiveUpdate 2019-06-05 13:20:01 DELIVERY_STATE=
SLR19060008 LiveUpdate 2019-06-05 13:20:01 DELIVERY_COUNTRYCODE=HU
SLR19060008 LiveUpdate 2019-06-05 13:20:01 ORDER_HASH=80bb7b856e8505fa64d7c3e27b2c92cd
SLR19060009 LiveUpdate 2019-06-05 13:44:00 MERCHANT=
SLR19060009 LiveUpdate 2019-06-05 13:44:00 ORDER_REF=SLR19060009
SLR19060009 LiveUpdate 2019-06-05 13:44:00 ORDER_DATE=2019-06-05 13:44:00
SLR19060009 LiveUpdate 2019-06-05 13:44:00 PRICES_CURRENCY=HUF
SLR19060009 LiveUpdate 2019-06-05 13:44:00 ORDER_SHIPPING=0
SLR19060009 LiveUpdate 2019-06-05 13:44:00 DISCOUNT=0
SLR19060009 LiveUpdate 2019-06-05 13:44:00 PAY_METHOD=CCVISAMC
SLR19060009 LiveUpdate 2019-06-05 13:44:00 LANGUAGE=HU
SLR19060009 LiveUpdate 2019-06-05 13:44:00 AUTOMODE=1
SLR19060009 LiveUpdate 2019-06-05 13:44:00 ORDER_TIMEOUT=300
SLR19060009 LiveUpdate 2019-06-05 13:44:00 TIMEOUT_URL=http://www.seal-ring.web-pro.hu/gateway/simple/timeout
SLR19060009 LiveUpdate 2019-06-05 13:44:00 BACK_REF=http://www.seal-ring.web-pro.hu/gateway/simple/backref
SLR19060009 LiveUpdate 2019-06-05 13:44:00 BILL_FNAME=Szelecz
SLR19060009 LiveUpdate 2019-06-05 13:44:00 BILL_LNAME=Péter
SLR19060009 LiveUpdate 2019-06-05 13:44:00 BILL_EMAIL=peter.szelecz@sealring.hu
SLR19060009 LiveUpdate 2019-06-05 13:44:00 BILL_PHONE=0612974345
SLR19060009 LiveUpdate 2019-06-05 13:44:00 BILL_ADDRESS=
SLR19060009 LiveUpdate 2019-06-05 13:44:00 BILL_ZIPCODE=1165
SLR19060009 LiveUpdate 2019-06-05 13:44:00 BILL_CITY=Budapest
SLR19060009 LiveUpdate 2019-06-05 13:44:00 BILL_STATE=
SLR19060009 LiveUpdate 2019-06-05 13:44:00 BILL_COUNTRYCODE=HU
SLR19060009 LiveUpdate 2019-06-05 13:44:00 DELIVERY_FNAME=Szelecz
SLR19060009 LiveUpdate 2019-06-05 13:44:00 DELIVERY_LNAME=Péter
SLR19060009 LiveUpdate 2019-06-05 13:44:00 DELIVERY_PHONE=0612974345
SLR19060009 LiveUpdate 2019-06-05 13:44:00 DELIVERY_ADDRESS=
SLR19060009 LiveUpdate 2019-06-05 13:44:00 DELIVERY_ZIPCODE=1165
SLR19060009 LiveUpdate 2019-06-05 13:44:00 DELIVERY_CITY=Budapest
SLR19060009 LiveUpdate 2019-06-05 13:44:00 DELIVERY_STATE=
SLR19060009 LiveUpdate 2019-06-05 13:44:00 DELIVERY_COUNTRYCODE=HU
SLR19060009 LiveUpdate 2019-06-05 13:44:00 ORDER_HASH=e933290f3650ba69fcd8fd472c6e87ff
SLR19060009 LiveUpdate 2019-06-05 13:44:03 MERCHANT=
SLR19060009 LiveUpdate 2019-06-05 13:44:03 ORDER_REF=SLR19060009
SLR19060009 LiveUpdate 2019-06-05 13:44:03 ORDER_DATE=2019-06-05 13:44:03
SLR19060009 LiveUpdate 2019-06-05 13:44:03 PRICES_CURRENCY=HUF
SLR19060009 LiveUpdate 2019-06-05 13:44:03 ORDER_SHIPPING=0
SLR19060009 LiveUpdate 2019-06-05 13:44:03 DISCOUNT=0
SLR19060009 LiveUpdate 2019-06-05 13:44:03 PAY_METHOD=CCVISAMC
SLR19060009 LiveUpdate 2019-06-05 13:44:03 LANGUAGE=HU
SLR19060009 LiveUpdate 2019-06-05 13:44:03 AUTOMODE=1
SLR19060009 LiveUpdate 2019-06-05 13:44:03 ORDER_TIMEOUT=300
SLR19060009 LiveUpdate 2019-06-05 13:44:03 TIMEOUT_URL=http://www.seal-ring.web-pro.hu/gateway/simple/timeout
SLR19060009 LiveUpdate 2019-06-05 13:44:03 BACK_REF=http://www.seal-ring.web-pro.hu/gateway/simple/backref
SLR19060009 LiveUpdate 2019-06-05 13:44:03 BILL_FNAME=Szelecz
SLR19060009 LiveUpdate 2019-06-05 13:44:03 BILL_LNAME=Péter
SLR19060009 LiveUpdate 2019-06-05 13:44:03 BILL_EMAIL=peter.szelecz@sealring.hu
SLR19060009 LiveUpdate 2019-06-05 13:44:03 BILL_PHONE=0612974345
SLR19060009 LiveUpdate 2019-06-05 13:44:03 BILL_ADDRESS=
SLR19060009 LiveUpdate 2019-06-05 13:44:03 BILL_ZIPCODE=1165
SLR19060009 LiveUpdate 2019-06-05 13:44:03 BILL_CITY=Budapest
SLR19060009 LiveUpdate 2019-06-05 13:44:03 BILL_STATE=
SLR19060009 LiveUpdate 2019-06-05 13:44:03 BILL_COUNTRYCODE=HU
SLR19060009 LiveUpdate 2019-06-05 13:44:03 DELIVERY_FNAME=Szelecz
SLR19060009 LiveUpdate 2019-06-05 13:44:03 DELIVERY_LNAME=Péter
SLR19060009 LiveUpdate 2019-06-05 13:44:03 DELIVERY_PHONE=0612974345
SLR19060009 LiveUpdate 2019-06-05 13:44:03 DELIVERY_ADDRESS=
SLR19060009 LiveUpdate 2019-06-05 13:44:03 DELIVERY_ZIPCODE=1165
SLR19060009 LiveUpdate 2019-06-05 13:44:03 DELIVERY_CITY=Budapest
SLR19060009 LiveUpdate 2019-06-05 13:44:03 DELIVERY_STATE=
SLR19060009 LiveUpdate 2019-06-05 13:44:03 DELIVERY_COUNTRYCODE=HU
SLR19060009 LiveUpdate 2019-06-05 13:44:03 ORDER_HASH=891dbb6d1e13d4e01d2ce72ed6742254
