SLR19080001 LiveUpdate 2019-08-01 17:30:55 MERCHANT=
SLR19080001 LiveUpdate 2019-08-01 17:30:55 ORDER_REF=SLR19080001
SLR19080001 LiveUpdate 2019-08-01 17:30:55 ORDER_DATE=2019-08-01 17:30:55
SLR19080001 LiveUpdate 2019-08-01 17:30:55 PRICES_CURRENCY=HUF
SLR19080001 LiveUpdate 2019-08-01 17:30:55 ORDER_SHIPPING=0
SLR19080001 LiveUpdate 2019-08-01 17:30:55 DISCOUNT=0
SLR19080001 LiveUpdate 2019-08-01 17:30:55 PAY_METHOD=CCVISAMC
SLR19080001 LiveUpdate 2019-08-01 17:30:55 LANGUAGE=HU
SLR19080001 LiveUpdate 2019-08-01 17:30:55 AUTOMODE=1
SLR19080001 LiveUpdate 2019-08-01 17:30:55 ORDER_TIMEOUT=300
SLR19080001 LiveUpdate 2019-08-01 17:30:55 TIMEOUT_URL=http://www.seal-ring.web-pro.hu/gateway/simple/timeout
SLR19080001 LiveUpdate 2019-08-01 17:30:55 BACK_REF=http://www.seal-ring.web-pro.hu/gateway/simple/backref
SLR19080001 LiveUpdate 2019-08-01 17:30:55 BILL_FNAME=Molnár
SLR19080001 LiveUpdate 2019-08-01 17:30:55 BILL_LNAME=István
SLR19080001 LiveUpdate 2019-08-01 17:30:55 BILL_EMAIL=mistvan2014@gmail.com
SLR19080001 LiveUpdate 2019-08-01 17:30:55 BILL_PHONE=06702361259
SLR19080001 LiveUpdate 2019-08-01 17:30:55 BILL_ADDRESS=
SLR19080001 LiveUpdate 2019-08-01 17:30:55 BILL_ZIPCODE=4287
SLR19080001 LiveUpdate 2019-08-01 17:30:55 BILL_CITY=Vámospércs
SLR19080001 LiveUpdate 2019-08-01 17:30:55 BILL_STATE=
SLR19080001 LiveUpdate 2019-08-01 17:30:55 BILL_COUNTRYCODE=HU
SLR19080001 LiveUpdate 2019-08-01 17:30:55 DELIVERY_FNAME=Molnár
SLR19080001 LiveUpdate 2019-08-01 17:30:55 DELIVERY_LNAME=István
SLR19080001 LiveUpdate 2019-08-01 17:30:55 DELIVERY_PHONE=06702361259
SLR19080001 LiveUpdate 2019-08-01 17:30:55 DELIVERY_ADDRESS=
SLR19080001 LiveUpdate 2019-08-01 17:30:55 DELIVERY_ZIPCODE=4287
SLR19080001 LiveUpdate 2019-08-01 17:30:55 DELIVERY_CITY=Vámospércs
SLR19080001 LiveUpdate 2019-08-01 17:30:55 DELIVERY_STATE=
SLR19080001 LiveUpdate 2019-08-01 17:30:55 DELIVERY_COUNTRYCODE=HU
SLR19080001 LiveUpdate 2019-08-01 17:30:55 ORDER_HASH=de1f3847f76ce0bb92821c441f9e162c
SLR19080001 LiveUpdate 2019-08-01 17:33:32 MERCHANT=
SLR19080001 LiveUpdate 2019-08-01 17:33:32 ORDER_REF=SLR19080001
SLR19080001 LiveUpdate 2019-08-01 17:33:32 ORDER_DATE=2019-08-01 17:33:32
SLR19080001 LiveUpdate 2019-08-01 17:33:32 PRICES_CURRENCY=HUF
SLR19080001 LiveUpdate 2019-08-01 17:33:32 ORDER_SHIPPING=0
SLR19080001 LiveUpdate 2019-08-01 17:33:32 DISCOUNT=0
SLR19080001 LiveUpdate 2019-08-01 17:33:32 PAY_METHOD=CCVISAMC
SLR19080001 LiveUpdate 2019-08-01 17:33:32 LANGUAGE=HU
SLR19080001 LiveUpdate 2019-08-01 17:33:32 AUTOMODE=1
SLR19080001 LiveUpdate 2019-08-01 17:33:32 ORDER_TIMEOUT=300
SLR19080001 LiveUpdate 2019-08-01 17:33:32 TIMEOUT_URL=http://www.seal-ring.web-pro.hu/gateway/simple/timeout
SLR19080001 LiveUpdate 2019-08-01 17:33:32 BACK_REF=http://www.seal-ring.web-pro.hu/gateway/simple/backref
SLR19080001 LiveUpdate 2019-08-01 17:33:32 BILL_FNAME=Molnár
SLR19080001 LiveUpdate 2019-08-01 17:33:32 BILL_LNAME=István
SLR19080001 LiveUpdate 2019-08-01 17:33:32 BILL_EMAIL=mistvan2014@gmail.com
SLR19080001 LiveUpdate 2019-08-01 17:33:32 BILL_PHONE=06702361259
SLR19080001 LiveUpdate 2019-08-01 17:33:32 BILL_ADDRESS=
SLR19080001 LiveUpdate 2019-08-01 17:33:32 BILL_ZIPCODE=4287
SLR19080001 LiveUpdate 2019-08-01 17:33:32 BILL_CITY=Vámospércs
SLR19080001 LiveUpdate 2019-08-01 17:33:32 BILL_STATE=
SLR19080001 LiveUpdate 2019-08-01 17:33:32 BILL_COUNTRYCODE=HU
SLR19080001 LiveUpdate 2019-08-01 17:33:32 DELIVERY_FNAME=Molnár
SLR19080001 LiveUpdate 2019-08-01 17:33:32 DELIVERY_LNAME=István
SLR19080001 LiveUpdate 2019-08-01 17:33:32 DELIVERY_PHONE=06702361259
SLR19080001 LiveUpdate 2019-08-01 17:33:32 DELIVERY_ADDRESS=
SLR19080001 LiveUpdate 2019-08-01 17:33:32 DELIVERY_ZIPCODE=4287
SLR19080001 LiveUpdate 2019-08-01 17:33:32 DELIVERY_CITY=Vámospércs
SLR19080001 LiveUpdate 2019-08-01 17:33:32 DELIVERY_STATE=
SLR19080001 LiveUpdate 2019-08-01 17:33:32 DELIVERY_COUNTRYCODE=HU
SLR19080001 LiveUpdate 2019-08-01 17:33:32 ORDER_HASH=cd410c381d142af4ca4e9d912ce8ef0a
SLR19080001 LiveUpdate 2019-08-01 17:34:07 MERCHANT=
SLR19080001 LiveUpdate 2019-08-01 17:34:07 ORDER_REF=SLR19080001
SLR19080001 LiveUpdate 2019-08-01 17:34:07 ORDER_DATE=2019-08-01 17:34:07
SLR19080001 LiveUpdate 2019-08-01 17:34:07 PRICES_CURRENCY=HUF
SLR19080001 LiveUpdate 2019-08-01 17:34:07 ORDER_SHIPPING=0
SLR19080001 LiveUpdate 2019-08-01 17:34:07 DISCOUNT=0
SLR19080001 LiveUpdate 2019-08-01 17:34:07 PAY_METHOD=CCVISAMC
SLR19080001 LiveUpdate 2019-08-01 17:34:07 LANGUAGE=HU
SLR19080001 LiveUpdate 2019-08-01 17:34:07 AUTOMODE=1
SLR19080001 LiveUpdate 2019-08-01 17:34:07 ORDER_TIMEOUT=300
SLR19080001 LiveUpdate 2019-08-01 17:34:07 TIMEOUT_URL=http://www.seal-ring.web-pro.hu/gateway/simple/timeout
SLR19080001 LiveUpdate 2019-08-01 17:34:07 BACK_REF=http://www.seal-ring.web-pro.hu/gateway/simple/backref
SLR19080001 LiveUpdate 2019-08-01 17:34:07 BILL_FNAME=Molnár
SLR19080001 LiveUpdate 2019-08-01 17:34:07 BILL_LNAME=István
SLR19080001 LiveUpdate 2019-08-01 17:34:07 BILL_EMAIL=mistvan2014@gmail.com
SLR19080001 LiveUpdate 2019-08-01 17:34:07 BILL_PHONE=06702361259
SLR19080001 LiveUpdate 2019-08-01 17:34:07 BILL_ADDRESS=
SLR19080001 LiveUpdate 2019-08-01 17:34:07 BILL_ZIPCODE=4287
SLR19080001 LiveUpdate 2019-08-01 17:34:07 BILL_CITY=Vámospércs
SLR19080001 LiveUpdate 2019-08-01 17:34:07 BILL_STATE=
SLR19080001 LiveUpdate 2019-08-01 17:34:07 BILL_COUNTRYCODE=HU
SLR19080001 LiveUpdate 2019-08-01 17:34:07 DELIVERY_FNAME=Molnár
SLR19080001 LiveUpdate 2019-08-01 17:34:07 DELIVERY_LNAME=István
SLR19080001 LiveUpdate 2019-08-01 17:34:07 DELIVERY_PHONE=06702361259
SLR19080001 LiveUpdate 2019-08-01 17:34:07 DELIVERY_ADDRESS=
SLR19080001 LiveUpdate 2019-08-01 17:34:07 DELIVERY_ZIPCODE=4287
SLR19080001 LiveUpdate 2019-08-01 17:34:07 DELIVERY_CITY=Vámospércs
SLR19080001 LiveUpdate 2019-08-01 17:34:07 DELIVERY_STATE=
SLR19080001 LiveUpdate 2019-08-01 17:34:07 DELIVERY_COUNTRYCODE=HU
SLR19080001 LiveUpdate 2019-08-01 17:34:07 ORDER_HASH=67e220566f344bf1328781863ee99f46
SLR19080001 LiveUpdate 2019-08-01 17:37:26 MERCHANT=
SLR19080001 LiveUpdate 2019-08-01 17:37:26 ORDER_REF=SLR19080001
SLR19080001 LiveUpdate 2019-08-01 17:37:26 ORDER_DATE=2019-08-01 17:37:26
SLR19080001 LiveUpdate 2019-08-01 17:37:26 PRICES_CURRENCY=HUF
SLR19080001 LiveUpdate 2019-08-01 17:37:26 ORDER_SHIPPING=0
SLR19080001 LiveUpdate 2019-08-01 17:37:26 DISCOUNT=0
SLR19080001 LiveUpdate 2019-08-01 17:37:26 PAY_METHOD=CCVISAMC
SLR19080001 LiveUpdate 2019-08-01 17:37:26 LANGUAGE=HU
SLR19080001 LiveUpdate 2019-08-01 17:37:26 AUTOMODE=1
SLR19080001 LiveUpdate 2019-08-01 17:37:26 ORDER_TIMEOUT=300
SLR19080001 LiveUpdate 2019-08-01 17:37:26 TIMEOUT_URL=http://www.seal-ring.web-pro.hu/gateway/simple/timeout
SLR19080001 LiveUpdate 2019-08-01 17:37:26 BACK_REF=http://www.seal-ring.web-pro.hu/gateway/simple/backref
SLR19080001 LiveUpdate 2019-08-01 17:37:26 BILL_FNAME=Molnár
SLR19080001 LiveUpdate 2019-08-01 17:37:26 BILL_LNAME=István
SLR19080001 LiveUpdate 2019-08-01 17:37:26 BILL_EMAIL=mistvan2014@gmail.com
SLR19080001 LiveUpdate 2019-08-01 17:37:26 BILL_PHONE=06702361259
SLR19080001 LiveUpdate 2019-08-01 17:37:26 BILL_ADDRESS=
SLR19080001 LiveUpdate 2019-08-01 17:37:26 BILL_ZIPCODE=4287
SLR19080001 LiveUpdate 2019-08-01 17:37:26 BILL_CITY=Vámospércs
SLR19080001 LiveUpdate 2019-08-01 17:37:26 BILL_STATE=
SLR19080001 LiveUpdate 2019-08-01 17:37:26 BILL_COUNTRYCODE=HU
SLR19080001 LiveUpdate 2019-08-01 17:37:26 DELIVERY_FNAME=Molnár
SLR19080001 LiveUpdate 2019-08-01 17:37:26 DELIVERY_LNAME=István
SLR19080001 LiveUpdate 2019-08-01 17:37:26 DELIVERY_PHONE=06702361259
SLR19080001 LiveUpdate 2019-08-01 17:37:26 DELIVERY_ADDRESS=
SLR19080001 LiveUpdate 2019-08-01 17:37:26 DELIVERY_ZIPCODE=4287
SLR19080001 LiveUpdate 2019-08-01 17:37:26 DELIVERY_CITY=Vámospércs
SLR19080001 LiveUpdate 2019-08-01 17:37:26 DELIVERY_STATE=
SLR19080001 LiveUpdate 2019-08-01 17:37:26 DELIVERY_COUNTRYCODE=HU
SLR19080001 LiveUpdate 2019-08-01 17:37:26 ORDER_HASH=18cbab8cadab67b72dc17d4eda6153f8
SLR19080001 LiveUpdate 2019-08-01 17:37:48 MERCHANT=
SLR19080001 LiveUpdate 2019-08-01 17:37:48 ORDER_REF=SLR19080001
SLR19080001 LiveUpdate 2019-08-01 17:37:48 ORDER_DATE=2019-08-01 17:37:48
SLR19080001 LiveUpdate 2019-08-01 17:37:48 PRICES_CURRENCY=HUF
SLR19080001 LiveUpdate 2019-08-01 17:37:48 ORDER_SHIPPING=0
SLR19080001 LiveUpdate 2019-08-01 17:37:48 DISCOUNT=0
SLR19080001 LiveUpdate 2019-08-01 17:37:48 PAY_METHOD=CCVISAMC
SLR19080001 LiveUpdate 2019-08-01 17:37:48 LANGUAGE=HU
SLR19080001 LiveUpdate 2019-08-01 17:37:48 AUTOMODE=1
SLR19080001 LiveUpdate 2019-08-01 17:37:48 ORDER_TIMEOUT=300
SLR19080001 LiveUpdate 2019-08-01 17:37:48 TIMEOUT_URL=http://www.seal-ring.web-pro.hu/gateway/simple/timeout
SLR19080001 LiveUpdate 2019-08-01 17:37:48 BACK_REF=http://www.seal-ring.web-pro.hu/gateway/simple/backref
SLR19080001 LiveUpdate 2019-08-01 17:37:48 BILL_FNAME=Molnár
SLR19080001 LiveUpdate 2019-08-01 17:37:48 BILL_LNAME=István
SLR19080001 LiveUpdate 2019-08-01 17:37:48 BILL_EMAIL=mistvan2014@gmail.com
SLR19080001 LiveUpdate 2019-08-01 17:37:48 BILL_PHONE=06702361259
SLR19080001 LiveUpdate 2019-08-01 17:37:48 BILL_ADDRESS=
SLR19080001 LiveUpdate 2019-08-01 17:37:48 BILL_ZIPCODE=4287
SLR19080001 LiveUpdate 2019-08-01 17:37:48 BILL_CITY=Vámospércs
SLR19080001 LiveUpdate 2019-08-01 17:37:48 BILL_STATE=
SLR19080001 LiveUpdate 2019-08-01 17:37:48 BILL_COUNTRYCODE=HU
SLR19080001 LiveUpdate 2019-08-01 17:37:48 DELIVERY_FNAME=Molnár
SLR19080001 LiveUpdate 2019-08-01 17:37:48 DELIVERY_LNAME=István
SLR19080001 LiveUpdate 2019-08-01 17:37:48 DELIVERY_PHONE=06702361259
SLR19080001 LiveUpdate 2019-08-01 17:37:48 DELIVERY_ADDRESS=
SLR19080001 LiveUpdate 2019-08-01 17:37:48 DELIVERY_ZIPCODE=4287
SLR19080001 LiveUpdate 2019-08-01 17:37:48 DELIVERY_CITY=Vámospércs
SLR19080001 LiveUpdate 2019-08-01 17:37:48 DELIVERY_STATE=
SLR19080001 LiveUpdate 2019-08-01 17:37:48 DELIVERY_COUNTRYCODE=HU
SLR19080001 LiveUpdate 2019-08-01 17:37:48 ORDER_HASH=469be66911962c92c305d319b5c1a534
SLR19080001 LiveUpdate 2019-08-01 17:38:35 MERCHANT=
SLR19080001 LiveUpdate 2019-08-01 17:38:35 ORDER_REF=SLR19080001
SLR19080001 LiveUpdate 2019-08-01 17:38:35 ORDER_DATE=2019-08-01 17:38:35
SLR19080001 LiveUpdate 2019-08-01 17:38:35 PRICES_CURRENCY=HUF
SLR19080001 LiveUpdate 2019-08-01 17:38:35 ORDER_SHIPPING=0
SLR19080001 LiveUpdate 2019-08-01 17:38:35 DISCOUNT=0
SLR19080001 LiveUpdate 2019-08-01 17:38:35 PAY_METHOD=CCVISAMC
SLR19080001 LiveUpdate 2019-08-01 17:38:35 LANGUAGE=HU
SLR19080001 LiveUpdate 2019-08-01 17:38:35 AUTOMODE=1
SLR19080001 LiveUpdate 2019-08-01 17:38:35 ORDER_TIMEOUT=300
SLR19080001 LiveUpdate 2019-08-01 17:38:35 TIMEOUT_URL=http://www.seal-ring.web-pro.hu/gateway/simple/timeout
SLR19080001 LiveUpdate 2019-08-01 17:38:35 BACK_REF=http://www.seal-ring.web-pro.hu/gateway/simple/backref
SLR19080001 LiveUpdate 2019-08-01 17:38:35 BILL_FNAME=Molnár
SLR19080001 LiveUpdate 2019-08-01 17:38:35 BILL_LNAME=István
SLR19080001 LiveUpdate 2019-08-01 17:38:35 BILL_EMAIL=mistvan2014@gmail.com
SLR19080001 LiveUpdate 2019-08-01 17:38:35 BILL_PHONE=06702361259
SLR19080001 LiveUpdate 2019-08-01 17:38:35 BILL_ADDRESS=
SLR19080001 LiveUpdate 2019-08-01 17:38:35 BILL_ZIPCODE=4287
SLR19080001 LiveUpdate 2019-08-01 17:38:35 BILL_CITY=Vámospércs
SLR19080001 LiveUpdate 2019-08-01 17:38:35 BILL_STATE=
SLR19080001 LiveUpdate 2019-08-01 17:38:35 BILL_COUNTRYCODE=HU
SLR19080001 LiveUpdate 2019-08-01 17:38:35 DELIVERY_FNAME=Molnár
SLR19080001 LiveUpdate 2019-08-01 17:38:35 DELIVERY_LNAME=István
SLR19080001 LiveUpdate 2019-08-01 17:38:35 DELIVERY_PHONE=06702361259
SLR19080001 LiveUpdate 2019-08-01 17:38:35 DELIVERY_ADDRESS=
SLR19080001 LiveUpdate 2019-08-01 17:38:35 DELIVERY_ZIPCODE=4287
SLR19080001 LiveUpdate 2019-08-01 17:38:35 DELIVERY_CITY=Vámospércs
SLR19080001 LiveUpdate 2019-08-01 17:38:35 DELIVERY_STATE=
SLR19080001 LiveUpdate 2019-08-01 17:38:35 DELIVERY_COUNTRYCODE=HU
SLR19080001 LiveUpdate 2019-08-01 17:38:35 ORDER_HASH=5bab1568c04a27576a1e7e7e6afb4521
SLR19080001 LiveUpdate 2019-08-01 17:38:53 MERCHANT=
SLR19080001 LiveUpdate 2019-08-01 17:38:53 ORDER_REF=SLR19080001
SLR19080001 LiveUpdate 2019-08-01 17:38:53 ORDER_DATE=2019-08-01 17:38:53
SLR19080001 LiveUpdate 2019-08-01 17:38:53 PRICES_CURRENCY=HUF
SLR19080001 LiveUpdate 2019-08-01 17:38:53 ORDER_SHIPPING=0
SLR19080001 LiveUpdate 2019-08-01 17:38:53 DISCOUNT=0
SLR19080001 LiveUpdate 2019-08-01 17:38:53 PAY_METHOD=CCVISAMC
SLR19080001 LiveUpdate 2019-08-01 17:38:53 LANGUAGE=HU
SLR19080001 LiveUpdate 2019-08-01 17:38:53 AUTOMODE=1
SLR19080001 LiveUpdate 2019-08-01 17:38:53 ORDER_TIMEOUT=300
SLR19080001 LiveUpdate 2019-08-01 17:38:53 TIMEOUT_URL=http://www.seal-ring.web-pro.hu/gateway/simple/timeout
SLR19080001 LiveUpdate 2019-08-01 17:38:53 BACK_REF=http://www.seal-ring.web-pro.hu/gateway/simple/backref
SLR19080001 LiveUpdate 2019-08-01 17:38:53 BILL_FNAME=Molnár
SLR19080001 LiveUpdate 2019-08-01 17:38:53 BILL_LNAME=István
SLR19080001 LiveUpdate 2019-08-01 17:38:53 BILL_EMAIL=mistvan2014@gmail.com
SLR19080001 LiveUpdate 2019-08-01 17:38:53 BILL_PHONE=06702361259
SLR19080001 LiveUpdate 2019-08-01 17:38:53 BILL_ADDRESS=
SLR19080001 LiveUpdate 2019-08-01 17:38:53 BILL_ZIPCODE=4287
SLR19080001 LiveUpdate 2019-08-01 17:38:53 BILL_CITY=Vámospércs
SLR19080001 LiveUpdate 2019-08-01 17:38:53 BILL_STATE=
SLR19080001 LiveUpdate 2019-08-01 17:38:53 BILL_COUNTRYCODE=HU
SLR19080001 LiveUpdate 2019-08-01 17:38:53 DELIVERY_FNAME=Molnár
SLR19080001 LiveUpdate 2019-08-01 17:38:53 DELIVERY_LNAME=István
SLR19080001 LiveUpdate 2019-08-01 17:38:53 DELIVERY_PHONE=06702361259
SLR19080001 LiveUpdate 2019-08-01 17:38:53 DELIVERY_ADDRESS=
SLR19080001 LiveUpdate 2019-08-01 17:38:53 DELIVERY_ZIPCODE=4287
SLR19080001 LiveUpdate 2019-08-01 17:38:53 DELIVERY_CITY=Vámospércs
SLR19080001 LiveUpdate 2019-08-01 17:38:53 DELIVERY_STATE=
SLR19080001 LiveUpdate 2019-08-01 17:38:53 DELIVERY_COUNTRYCODE=HU
SLR19080001 LiveUpdate 2019-08-01 17:38:53 ORDER_HASH=2a6ba406c7bc361cbef6347b52709718
SLR19080001 LiveUpdate 2019-08-01 17:39:37 MERCHANT=
SLR19080001 LiveUpdate 2019-08-01 17:39:37 ORDER_REF=SLR19080001
SLR19080001 LiveUpdate 2019-08-01 17:39:37 ORDER_DATE=2019-08-01 17:39:37
SLR19080001 LiveUpdate 2019-08-01 17:39:37 PRICES_CURRENCY=HUF
SLR19080001 LiveUpdate 2019-08-01 17:39:37 ORDER_SHIPPING=0
SLR19080001 LiveUpdate 2019-08-01 17:39:37 DISCOUNT=0
SLR19080001 LiveUpdate 2019-08-01 17:39:37 PAY_METHOD=CCVISAMC
SLR19080001 LiveUpdate 2019-08-01 17:39:37 LANGUAGE=HU
SLR19080001 LiveUpdate 2019-08-01 17:39:37 AUTOMODE=1
SLR19080001 LiveUpdate 2019-08-01 17:39:37 ORDER_TIMEOUT=300
SLR19080001 LiveUpdate 2019-08-01 17:39:37 TIMEOUT_URL=http://www.seal-ring.web-pro.hu/gateway/simple/timeout
SLR19080001 LiveUpdate 2019-08-01 17:39:37 BACK_REF=http://www.seal-ring.web-pro.hu/gateway/simple/backref
SLR19080001 LiveUpdate 2019-08-01 17:39:37 BILL_FNAME=Molnár
SLR19080001 LiveUpdate 2019-08-01 17:39:37 BILL_LNAME=István
SLR19080001 LiveUpdate 2019-08-01 17:39:37 BILL_EMAIL=mistvan2014@gmail.com
SLR19080001 LiveUpdate 2019-08-01 17:39:37 BILL_PHONE=06702361259
SLR19080001 LiveUpdate 2019-08-01 17:39:37 BILL_ADDRESS=
SLR19080001 LiveUpdate 2019-08-01 17:39:37 BILL_ZIPCODE=4287
SLR19080001 LiveUpdate 2019-08-01 17:39:37 BILL_CITY=Vámospércs
SLR19080001 LiveUpdate 2019-08-01 17:39:37 BILL_STATE=
SLR19080001 LiveUpdate 2019-08-01 17:39:37 BILL_COUNTRYCODE=HU
SLR19080001 LiveUpdate 2019-08-01 17:39:37 DELIVERY_FNAME=Molnár
SLR19080001 LiveUpdate 2019-08-01 17:39:37 DELIVERY_LNAME=István
SLR19080001 LiveUpdate 2019-08-01 17:39:37 DELIVERY_PHONE=06702361259
SLR19080001 LiveUpdate 2019-08-01 17:39:37 DELIVERY_ADDRESS=
SLR19080001 LiveUpdate 2019-08-01 17:39:37 DELIVERY_ZIPCODE=4287
SLR19080001 LiveUpdate 2019-08-01 17:39:37 DELIVERY_CITY=Vámospércs
SLR19080001 LiveUpdate 2019-08-01 17:39:37 DELIVERY_STATE=
SLR19080001 LiveUpdate 2019-08-01 17:39:37 DELIVERY_COUNTRYCODE=HU
SLR19080001 LiveUpdate 2019-08-01 17:39:37 ORDER_HASH=c0bfd0eda5e0acefb0a45846002969fd
SLR19080001 LiveUpdate 2019-08-01 17:40:09 MERCHANT=
SLR19080001 LiveUpdate 2019-08-01 17:40:09 ORDER_REF=SLR19080001
SLR19080001 LiveUpdate 2019-08-01 17:40:09 ORDER_DATE=2019-08-01 17:40:09
SLR19080001 LiveUpdate 2019-08-01 17:40:09 PRICES_CURRENCY=HUF
SLR19080001 LiveUpdate 2019-08-01 17:40:09 ORDER_SHIPPING=0
SLR19080001 LiveUpdate 2019-08-01 17:40:09 DISCOUNT=0
SLR19080001 LiveUpdate 2019-08-01 17:40:09 PAY_METHOD=CCVISAMC
SLR19080001 LiveUpdate 2019-08-01 17:40:09 LANGUAGE=HU
SLR19080001 LiveUpdate 2019-08-01 17:40:09 AUTOMODE=1
SLR19080001 LiveUpdate 2019-08-01 17:40:09 ORDER_TIMEOUT=300
SLR19080001 LiveUpdate 2019-08-01 17:40:09 TIMEOUT_URL=http://www.seal-ring.web-pro.hu/gateway/simple/timeout
SLR19080001 LiveUpdate 2019-08-01 17:40:09 BACK_REF=http://www.seal-ring.web-pro.hu/gateway/simple/backref
SLR19080001 LiveUpdate 2019-08-01 17:40:09 BILL_FNAME=Molnár
SLR19080001 LiveUpdate 2019-08-01 17:40:09 BILL_LNAME=István
SLR19080001 LiveUpdate 2019-08-01 17:40:09 BILL_EMAIL=mistvan2014@gmail.com
SLR19080001 LiveUpdate 2019-08-01 17:40:09 BILL_PHONE=06702361259
SLR19080001 LiveUpdate 2019-08-01 17:40:09 BILL_ADDRESS=
SLR19080001 LiveUpdate 2019-08-01 17:40:09 BILL_ZIPCODE=4287
SLR19080001 LiveUpdate 2019-08-01 17:40:09 BILL_CITY=Vámospércs
SLR19080001 LiveUpdate 2019-08-01 17:40:09 BILL_STATE=
SLR19080001 LiveUpdate 2019-08-01 17:40:09 BILL_COUNTRYCODE=HU
SLR19080001 LiveUpdate 2019-08-01 17:40:09 DELIVERY_FNAME=Molnár
SLR19080001 LiveUpdate 2019-08-01 17:40:09 DELIVERY_LNAME=István
SLR19080001 LiveUpdate 2019-08-01 17:40:09 DELIVERY_PHONE=06702361259
SLR19080001 LiveUpdate 2019-08-01 17:40:09 DELIVERY_ADDRESS=
SLR19080001 LiveUpdate 2019-08-01 17:40:09 DELIVERY_ZIPCODE=4287
SLR19080001 LiveUpdate 2019-08-01 17:40:09 DELIVERY_CITY=Vámospércs
SLR19080001 LiveUpdate 2019-08-01 17:40:09 DELIVERY_STATE=
SLR19080001 LiveUpdate 2019-08-01 17:40:09 DELIVERY_COUNTRYCODE=HU
SLR19080001 LiveUpdate 2019-08-01 17:40:09 ORDER_HASH=d3bb57b1b30bf6b59de209b1889db11c
SLR19080001 LiveUpdate 2019-08-01 17:40:20 MERCHANT=
SLR19080001 LiveUpdate 2019-08-01 17:40:20 ORDER_REF=SLR19080001
SLR19080001 LiveUpdate 2019-08-01 17:40:20 ORDER_DATE=2019-08-01 17:40:20
SLR19080001 LiveUpdate 2019-08-01 17:40:20 PRICES_CURRENCY=HUF
SLR19080001 LiveUpdate 2019-08-01 17:40:20 ORDER_SHIPPING=0
SLR19080001 LiveUpdate 2019-08-01 17:40:20 DISCOUNT=0
SLR19080001 LiveUpdate 2019-08-01 17:40:20 PAY_METHOD=CCVISAMC
SLR19080001 LiveUpdate 2019-08-01 17:40:20 LANGUAGE=HU
SLR19080001 LiveUpdate 2019-08-01 17:40:20 AUTOMODE=1
SLR19080001 LiveUpdate 2019-08-01 17:40:20 ORDER_TIMEOUT=300
SLR19080001 LiveUpdate 2019-08-01 17:40:20 TIMEOUT_URL=http://www.seal-ring.web-pro.hu/gateway/simple/timeout
SLR19080001 LiveUpdate 2019-08-01 17:40:20 BACK_REF=http://www.seal-ring.web-pro.hu/gateway/simple/backref
SLR19080001 LiveUpdate 2019-08-01 17:40:20 BILL_FNAME=Molnár
SLR19080001 LiveUpdate 2019-08-01 17:40:20 BILL_LNAME=István
SLR19080001 LiveUpdate 2019-08-01 17:40:20 BILL_EMAIL=mistvan2014@gmail.com
SLR19080001 LiveUpdate 2019-08-01 17:40:20 BILL_PHONE=06702361259
SLR19080001 LiveUpdate 2019-08-01 17:40:20 BILL_ADDRESS=
SLR19080001 LiveUpdate 2019-08-01 17:40:20 BILL_ZIPCODE=4287
SLR19080001 LiveUpdate 2019-08-01 17:40:20 BILL_CITY=Vámospércs
SLR19080001 LiveUpdate 2019-08-01 17:40:20 BILL_STATE=
SLR19080001 LiveUpdate 2019-08-01 17:40:20 BILL_COUNTRYCODE=HU
SLR19080001 LiveUpdate 2019-08-01 17:40:20 DELIVERY_FNAME=Molnár
SLR19080001 LiveUpdate 2019-08-01 17:40:20 DELIVERY_LNAME=István
SLR19080001 LiveUpdate 2019-08-01 17:40:20 DELIVERY_PHONE=06702361259
SLR19080001 LiveUpdate 2019-08-01 17:40:20 DELIVERY_ADDRESS=
SLR19080001 LiveUpdate 2019-08-01 17:40:20 DELIVERY_ZIPCODE=4287
SLR19080001 LiveUpdate 2019-08-01 17:40:20 DELIVERY_CITY=Vámospércs
SLR19080001 LiveUpdate 2019-08-01 17:40:20 DELIVERY_STATE=
SLR19080001 LiveUpdate 2019-08-01 17:40:20 DELIVERY_COUNTRYCODE=HU
SLR19080001 LiveUpdate 2019-08-01 17:40:20 ORDER_HASH=de1978b36cad09fe5f162855cb5b7390
SLR19080001 LiveUpdate 2019-08-01 17:40:27 MERCHANT=
SLR19080001 LiveUpdate 2019-08-01 17:40:27 ORDER_REF=SLR19080001
SLR19080001 LiveUpdate 2019-08-01 17:40:27 ORDER_DATE=2019-08-01 17:40:27
SLR19080001 LiveUpdate 2019-08-01 17:40:27 PRICES_CURRENCY=HUF
SLR19080001 LiveUpdate 2019-08-01 17:40:27 ORDER_SHIPPING=0
SLR19080001 LiveUpdate 2019-08-01 17:40:27 DISCOUNT=0
SLR19080001 LiveUpdate 2019-08-01 17:40:27 PAY_METHOD=CCVISAMC
SLR19080001 LiveUpdate 2019-08-01 17:40:27 LANGUAGE=HU
SLR19080001 LiveUpdate 2019-08-01 17:40:27 AUTOMODE=1
SLR19080001 LiveUpdate 2019-08-01 17:40:27 ORDER_TIMEOUT=300
SLR19080001 LiveUpdate 2019-08-01 17:40:27 TIMEOUT_URL=http://www.seal-ring.web-pro.hu/gateway/simple/timeout
SLR19080001 LiveUpdate 2019-08-01 17:40:27 BACK_REF=http://www.seal-ring.web-pro.hu/gateway/simple/backref
SLR19080001 LiveUpdate 2019-08-01 17:40:27 BILL_FNAME=Molnár
SLR19080001 LiveUpdate 2019-08-01 17:40:27 BILL_LNAME=István
SLR19080001 LiveUpdate 2019-08-01 17:40:27 BILL_EMAIL=mistvan2014@gmail.com
SLR19080001 LiveUpdate 2019-08-01 17:40:27 BILL_PHONE=06702361259
SLR19080001 LiveUpdate 2019-08-01 17:40:27 BILL_ADDRESS=
SLR19080001 LiveUpdate 2019-08-01 17:40:27 BILL_ZIPCODE=4287
SLR19080001 LiveUpdate 2019-08-01 17:40:27 BILL_CITY=Vámospércs
SLR19080001 LiveUpdate 2019-08-01 17:40:27 BILL_STATE=
SLR19080001 LiveUpdate 2019-08-01 17:40:27 BILL_COUNTRYCODE=HU
SLR19080001 LiveUpdate 2019-08-01 17:40:27 DELIVERY_FNAME=Molnár
SLR19080001 LiveUpdate 2019-08-01 17:40:27 DELIVERY_LNAME=István
SLR19080001 LiveUpdate 2019-08-01 17:40:27 DELIVERY_PHONE=06702361259
SLR19080001 LiveUpdate 2019-08-01 17:40:27 DELIVERY_ADDRESS=
SLR19080001 LiveUpdate 2019-08-01 17:40:27 DELIVERY_ZIPCODE=4287
SLR19080001 LiveUpdate 2019-08-01 17:40:27 DELIVERY_CITY=Vámospércs
SLR19080001 LiveUpdate 2019-08-01 17:40:27 DELIVERY_STATE=
SLR19080001 LiveUpdate 2019-08-01 17:40:27 DELIVERY_COUNTRYCODE=HU
SLR19080001 LiveUpdate 2019-08-01 17:40:27 ORDER_HASH=dce3243758c03bac1a96d086642ed831
SLR19080001 LiveUpdate 2019-08-01 17:41:35 MERCHANT=
SLR19080001 LiveUpdate 2019-08-01 17:41:35 ORDER_REF=SLR19080001
SLR19080001 LiveUpdate 2019-08-01 17:41:35 ORDER_DATE=2019-08-01 17:41:35
SLR19080001 LiveUpdate 2019-08-01 17:41:35 PRICES_CURRENCY=HUF
SLR19080001 LiveUpdate 2019-08-01 17:41:35 ORDER_SHIPPING=0
SLR19080001 LiveUpdate 2019-08-01 17:41:35 DISCOUNT=0
SLR19080001 LiveUpdate 2019-08-01 17:41:35 PAY_METHOD=CCVISAMC
SLR19080001 LiveUpdate 2019-08-01 17:41:35 LANGUAGE=HU
SLR19080001 LiveUpdate 2019-08-01 17:41:35 AUTOMODE=1
SLR19080001 LiveUpdate 2019-08-01 17:41:35 ORDER_TIMEOUT=300
SLR19080001 LiveUpdate 2019-08-01 17:41:35 TIMEOUT_URL=http://www.seal-ring.web-pro.hu/gateway/simple/timeout
SLR19080001 LiveUpdate 2019-08-01 17:41:35 BACK_REF=http://www.seal-ring.web-pro.hu/gateway/simple/backref
SLR19080001 LiveUpdate 2019-08-01 17:41:35 BILL_FNAME=Molnár
SLR19080001 LiveUpdate 2019-08-01 17:41:35 BILL_LNAME=István
SLR19080001 LiveUpdate 2019-08-01 17:41:35 BILL_EMAIL=mistvan2014@gmail.com
SLR19080001 LiveUpdate 2019-08-01 17:41:35 BILL_PHONE=06702361259
SLR19080001 LiveUpdate 2019-08-01 17:41:35 BILL_ADDRESS=
SLR19080001 LiveUpdate 2019-08-01 17:41:35 BILL_ZIPCODE=4287
SLR19080001 LiveUpdate 2019-08-01 17:41:35 BILL_CITY=Vámospércs
SLR19080001 LiveUpdate 2019-08-01 17:41:35 BILL_STATE=
SLR19080001 LiveUpdate 2019-08-01 17:41:35 BILL_COUNTRYCODE=HU
SLR19080001 LiveUpdate 2019-08-01 17:41:35 DELIVERY_FNAME=Molnár
SLR19080001 LiveUpdate 2019-08-01 17:41:35 DELIVERY_LNAME=István
SLR19080001 LiveUpdate 2019-08-01 17:41:35 DELIVERY_PHONE=06702361259
SLR19080001 LiveUpdate 2019-08-01 17:41:35 DELIVERY_ADDRESS=
SLR19080001 LiveUpdate 2019-08-01 17:41:35 DELIVERY_ZIPCODE=4287
SLR19080001 LiveUpdate 2019-08-01 17:41:35 DELIVERY_CITY=Vámospércs
SLR19080001 LiveUpdate 2019-08-01 17:41:35 DELIVERY_STATE=
SLR19080001 LiveUpdate 2019-08-01 17:41:35 DELIVERY_COUNTRYCODE=HU
SLR19080001 LiveUpdate 2019-08-01 17:41:35 ORDER_HASH=956ecf98dfb6a944e877dcf1b2af4c76
SLR19080001 LiveUpdate 2019-08-01 17:41:57 MERCHANT=
SLR19080001 LiveUpdate 2019-08-01 17:41:57 ORDER_REF=SLR19080001
SLR19080001 LiveUpdate 2019-08-01 17:41:57 ORDER_DATE=2019-08-01 17:41:57
SLR19080001 LiveUpdate 2019-08-01 17:41:57 PRICES_CURRENCY=HUF
SLR19080001 LiveUpdate 2019-08-01 17:41:57 ORDER_SHIPPING=0
SLR19080001 LiveUpdate 2019-08-01 17:41:57 DISCOUNT=0
SLR19080001 LiveUpdate 2019-08-01 17:41:57 PAY_METHOD=CCVISAMC
SLR19080001 LiveUpdate 2019-08-01 17:41:57 LANGUAGE=HU
SLR19080001 LiveUpdate 2019-08-01 17:41:57 AUTOMODE=1
SLR19080001 LiveUpdate 2019-08-01 17:41:57 ORDER_TIMEOUT=300
SLR19080001 LiveUpdate 2019-08-01 17:41:57 TIMEOUT_URL=http://www.seal-ring.web-pro.hu/gateway/simple/timeout
SLR19080001 LiveUpdate 2019-08-01 17:41:57 BACK_REF=http://www.seal-ring.web-pro.hu/gateway/simple/backref
SLR19080001 LiveUpdate 2019-08-01 17:41:57 BILL_FNAME=Molnár
SLR19080001 LiveUpdate 2019-08-01 17:41:57 BILL_LNAME=István
SLR19080001 LiveUpdate 2019-08-01 17:41:57 BILL_EMAIL=mistvan2014@gmail.com
SLR19080001 LiveUpdate 2019-08-01 17:41:57 BILL_PHONE=06702361259
SLR19080001 LiveUpdate 2019-08-01 17:41:57 BILL_ADDRESS=
SLR19080001 LiveUpdate 2019-08-01 17:41:57 BILL_ZIPCODE=4287
SLR19080001 LiveUpdate 2019-08-01 17:41:57 BILL_CITY=Vámospércs
SLR19080001 LiveUpdate 2019-08-01 17:41:57 BILL_STATE=
SLR19080001 LiveUpdate 2019-08-01 17:41:57 BILL_COUNTRYCODE=HU
SLR19080001 LiveUpdate 2019-08-01 17:41:57 DELIVERY_FNAME=Molnár
SLR19080001 LiveUpdate 2019-08-01 17:41:57 DELIVERY_LNAME=István
SLR19080001 LiveUpdate 2019-08-01 17:41:57 DELIVERY_PHONE=06702361259
SLR19080001 LiveUpdate 2019-08-01 17:41:57 DELIVERY_ADDRESS=
SLR19080001 LiveUpdate 2019-08-01 17:41:57 DELIVERY_ZIPCODE=4287
SLR19080001 LiveUpdate 2019-08-01 17:41:57 DELIVERY_CITY=Vámospércs
SLR19080001 LiveUpdate 2019-08-01 17:41:57 DELIVERY_STATE=
SLR19080001 LiveUpdate 2019-08-01 17:41:57 DELIVERY_COUNTRYCODE=HU
SLR19080001 LiveUpdate 2019-08-01 17:41:57 ORDER_HASH=76d101102a54971788fa4a9ace04f8a5
SLR19080001 LiveUpdate 2019-08-01 17:42:41 MERCHANT=
SLR19080001 LiveUpdate 2019-08-01 17:42:41 ORDER_REF=SLR19080001
SLR19080001 LiveUpdate 2019-08-01 17:42:41 ORDER_DATE=2019-08-01 17:42:41
SLR19080001 LiveUpdate 2019-08-01 17:42:41 PRICES_CURRENCY=HUF
SLR19080001 LiveUpdate 2019-08-01 17:42:41 ORDER_SHIPPING=0
SLR19080001 LiveUpdate 2019-08-01 17:42:41 DISCOUNT=0
SLR19080001 LiveUpdate 2019-08-01 17:42:41 PAY_METHOD=CCVISAMC
SLR19080001 LiveUpdate 2019-08-01 17:42:41 LANGUAGE=HU
SLR19080001 LiveUpdate 2019-08-01 17:42:41 AUTOMODE=1
SLR19080001 LiveUpdate 2019-08-01 17:42:41 ORDER_TIMEOUT=300
SLR19080001 LiveUpdate 2019-08-01 17:42:41 TIMEOUT_URL=http://www.seal-ring.web-pro.hu/gateway/simple/timeout
SLR19080001 LiveUpdate 2019-08-01 17:42:41 BACK_REF=http://www.seal-ring.web-pro.hu/gateway/simple/backref
SLR19080001 LiveUpdate 2019-08-01 17:42:41 BILL_FNAME=Molnár
SLR19080001 LiveUpdate 2019-08-01 17:42:41 BILL_LNAME=István
SLR19080001 LiveUpdate 2019-08-01 17:42:41 BILL_EMAIL=mistvan2014@gmail.com
SLR19080001 LiveUpdate 2019-08-01 17:42:41 BILL_PHONE=06702361259
SLR19080001 LiveUpdate 2019-08-01 17:42:41 BILL_ADDRESS=
SLR19080001 LiveUpdate 2019-08-01 17:42:41 BILL_ZIPCODE=4287
SLR19080001 LiveUpdate 2019-08-01 17:42:41 BILL_CITY=Vámospércs
SLR19080001 LiveUpdate 2019-08-01 17:42:41 BILL_STATE=
SLR19080001 LiveUpdate 2019-08-01 17:42:41 BILL_COUNTRYCODE=HU
SLR19080001 LiveUpdate 2019-08-01 17:42:41 DELIVERY_FNAME=Molnár
SLR19080001 LiveUpdate 2019-08-01 17:42:41 DELIVERY_LNAME=István
SLR19080001 LiveUpdate 2019-08-01 17:42:41 DELIVERY_PHONE=06702361259
SLR19080001 LiveUpdate 2019-08-01 17:42:41 DELIVERY_ADDRESS=
SLR19080001 LiveUpdate 2019-08-01 17:42:41 DELIVERY_ZIPCODE=4287
SLR19080001 LiveUpdate 2019-08-01 17:42:41 DELIVERY_CITY=Vámospércs
SLR19080001 LiveUpdate 2019-08-01 17:42:41 DELIVERY_STATE=
SLR19080001 LiveUpdate 2019-08-01 17:42:41 DELIVERY_COUNTRYCODE=HU
SLR19080001 LiveUpdate 2019-08-01 17:42:41 ORDER_HASH=d090a35538a388ce8452fc6409a5e608
SLR19080001 LiveUpdate 2019-08-01 17:42:58 MERCHANT=
SLR19080001 LiveUpdate 2019-08-01 17:42:58 ORDER_REF=SLR19080001
SLR19080001 LiveUpdate 2019-08-01 17:42:58 ORDER_DATE=2019-08-01 17:42:58
SLR19080001 LiveUpdate 2019-08-01 17:42:58 PRICES_CURRENCY=HUF
SLR19080001 LiveUpdate 2019-08-01 17:42:58 ORDER_SHIPPING=0
SLR19080001 LiveUpdate 2019-08-01 17:42:58 DISCOUNT=0
SLR19080001 LiveUpdate 2019-08-01 17:42:58 PAY_METHOD=CCVISAMC
SLR19080001 LiveUpdate 2019-08-01 17:42:58 LANGUAGE=HU
SLR19080001 LiveUpdate 2019-08-01 17:42:58 AUTOMODE=1
SLR19080001 LiveUpdate 2019-08-01 17:42:58 ORDER_TIMEOUT=300
SLR19080001 LiveUpdate 2019-08-01 17:42:58 TIMEOUT_URL=http://www.seal-ring.web-pro.hu/gateway/simple/timeout
SLR19080001 LiveUpdate 2019-08-01 17:42:58 BACK_REF=http://www.seal-ring.web-pro.hu/gateway/simple/backref
SLR19080001 LiveUpdate 2019-08-01 17:42:58 BILL_FNAME=Molnár
SLR19080001 LiveUpdate 2019-08-01 17:42:58 BILL_LNAME=István
SLR19080001 LiveUpdate 2019-08-01 17:42:58 BILL_EMAIL=mistvan2014@gmail.com
SLR19080001 LiveUpdate 2019-08-01 17:42:58 BILL_PHONE=06702361259
SLR19080001 LiveUpdate 2019-08-01 17:42:58 BILL_ADDRESS=
SLR19080001 LiveUpdate 2019-08-01 17:42:58 BILL_ZIPCODE=4287
SLR19080001 LiveUpdate 2019-08-01 17:42:58 BILL_CITY=Vámospércs
SLR19080001 LiveUpdate 2019-08-01 17:42:58 BILL_STATE=
SLR19080001 LiveUpdate 2019-08-01 17:42:58 BILL_COUNTRYCODE=HU
SLR19080001 LiveUpdate 2019-08-01 17:42:58 DELIVERY_FNAME=Molnár
SLR19080001 LiveUpdate 2019-08-01 17:42:58 DELIVERY_LNAME=István
SLR19080001 LiveUpdate 2019-08-01 17:42:58 DELIVERY_PHONE=06702361259
SLR19080001 LiveUpdate 2019-08-01 17:42:58 DELIVERY_ADDRESS=
SLR19080001 LiveUpdate 2019-08-01 17:42:58 DELIVERY_ZIPCODE=4287
SLR19080001 LiveUpdate 2019-08-01 17:42:58 DELIVERY_CITY=Vámospércs
SLR19080001 LiveUpdate 2019-08-01 17:42:58 DELIVERY_STATE=
SLR19080001 LiveUpdate 2019-08-01 17:42:58 DELIVERY_COUNTRYCODE=HU
SLR19080001 LiveUpdate 2019-08-01 17:42:58 ORDER_HASH=d0b01a5eb833371a2a44dc84aa59b9e6
