SLR19050012 LiveUpdate 2019-05-21 11:49:24 MERCHANT=
SLR19050012 LiveUpdate 2019-05-21 11:49:24 ORDER_REF=SLR19050012
SLR19050012 LiveUpdate 2019-05-21 11:49:24 ORDER_DATE=2019-05-21 11:49:24
SLR19050012 LiveUpdate 2019-05-21 11:49:24 PRICES_CURRENCY=HUF
SLR19050012 LiveUpdate 2019-05-21 11:49:24 ORDER_SHIPPING=0
SLR19050012 LiveUpdate 2019-05-21 11:49:24 DISCOUNT=0
SLR19050012 LiveUpdate 2019-05-21 11:49:24 PAY_METHOD=CCVISAMC
SLR19050012 LiveUpdate 2019-05-21 11:49:24 LANGUAGE=HU
SLR19050012 LiveUpdate 2019-05-21 11:49:24 AUTOMODE=1
SLR19050012 LiveUpdate 2019-05-21 11:49:24 ORDER_TIMEOUT=300
SLR19050012 LiveUpdate 2019-05-21 11:49:24 TIMEOUT_URL=http://www.seal-ring.web-pro.hu/gateway/simple/timeout
SLR19050012 LiveUpdate 2019-05-21 11:49:24 BACK_REF=http://www.seal-ring.web-pro.hu/gateway/simple/backref
SLR19050012 LiveUpdate 2019-05-21 11:49:24 BILL_FNAME=Seal
SLR19050012 LiveUpdate 2019-05-21 11:49:24 BILL_LNAME=Ring
SLR19050012 LiveUpdate 2019-05-21 11:49:24 BILL_EMAIL=office@sealring.hu
SLR19050012 LiveUpdate 2019-05-21 11:49:24 BILL_PHONE=+3672210776
SLR19050012 LiveUpdate 2019-05-21 11:49:24 BILL_ADDRESS=
SLR19050012 LiveUpdate 2019-05-21 11:49:24 BILL_ZIPCODE=7632
SLR19050012 LiveUpdate 2019-05-21 11:49:24 BILL_CITY=Pécs
SLR19050012 LiveUpdate 2019-05-21 11:49:24 BILL_STATE=
SLR19050012 LiveUpdate 2019-05-21 11:49:24 BILL_COUNTRYCODE=HU
SLR19050012 LiveUpdate 2019-05-21 11:49:24 DELIVERY_FNAME=Seal
SLR19050012 LiveUpdate 2019-05-21 11:49:24 DELIVERY_LNAME=Ring
SLR19050012 LiveUpdate 2019-05-21 11:49:24 DELIVERY_PHONE=+3672210776
SLR19050012 LiveUpdate 2019-05-21 11:49:24 DELIVERY_ADDRESS=
SLR19050012 LiveUpdate 2019-05-21 11:49:24 DELIVERY_ZIPCODE=7632
SLR19050012 LiveUpdate 2019-05-21 11:49:24 DELIVERY_CITY=Pécs
SLR19050012 LiveUpdate 2019-05-21 11:49:24 DELIVERY_STATE=
SLR19050012 LiveUpdate 2019-05-21 11:49:24 DELIVERY_COUNTRYCODE=HU
SLR19050012 LiveUpdate 2019-05-21 11:49:24 ORDER_HASH=43d14dd54102036d53f3262ef90ddc2a
SLR19050012 LiveUpdate 2019-05-21 12:06:18 MERCHANT=
SLR19050012 LiveUpdate 2019-05-21 12:06:18 ORDER_REF=SLR19050012
SLR19050012 LiveUpdate 2019-05-21 12:06:18 ORDER_DATE=2019-05-21 12:06:18
SLR19050012 LiveUpdate 2019-05-21 12:06:18 PRICES_CURRENCY=HUF
SLR19050012 LiveUpdate 2019-05-21 12:06:18 ORDER_SHIPPING=0
SLR19050012 LiveUpdate 2019-05-21 12:06:18 DISCOUNT=0
SLR19050012 LiveUpdate 2019-05-21 12:06:18 PAY_METHOD=CCVISAMC
SLR19050012 LiveUpdate 2019-05-21 12:06:18 LANGUAGE=HU
SLR19050012 LiveUpdate 2019-05-21 12:06:18 AUTOMODE=1
SLR19050012 LiveUpdate 2019-05-21 12:06:18 ORDER_TIMEOUT=300
SLR19050012 LiveUpdate 2019-05-21 12:06:18 TIMEOUT_URL=http://www.seal-ring.web-pro.hu/gateway/simple/timeout
SLR19050012 LiveUpdate 2019-05-21 12:06:18 BACK_REF=http://www.seal-ring.web-pro.hu/gateway/simple/backref
SLR19050012 LiveUpdate 2019-05-21 12:06:18 BILL_FNAME=Seal
SLR19050012 LiveUpdate 2019-05-21 12:06:18 BILL_LNAME=Ring
SLR19050012 LiveUpdate 2019-05-21 12:06:18 BILL_EMAIL=office@sealring.hu
SLR19050012 LiveUpdate 2019-05-21 12:06:18 BILL_PHONE=+3672210776
SLR19050012 LiveUpdate 2019-05-21 12:06:18 BILL_ADDRESS=
SLR19050012 LiveUpdate 2019-05-21 12:06:18 BILL_ZIPCODE=7632
SLR19050012 LiveUpdate 2019-05-21 12:06:18 BILL_CITY=Pécs
SLR19050012 LiveUpdate 2019-05-21 12:06:18 BILL_STATE=
SLR19050012 LiveUpdate 2019-05-21 12:06:18 BILL_COUNTRYCODE=HU
SLR19050012 LiveUpdate 2019-05-21 12:06:18 DELIVERY_FNAME=Seal
SLR19050012 LiveUpdate 2019-05-21 12:06:18 DELIVERY_LNAME=Ring
SLR19050012 LiveUpdate 2019-05-21 12:06:18 DELIVERY_PHONE=+3672210776
SLR19050012 LiveUpdate 2019-05-21 12:06:18 DELIVERY_ADDRESS=
SLR19050012 LiveUpdate 2019-05-21 12:06:18 DELIVERY_ZIPCODE=7632
SLR19050012 LiveUpdate 2019-05-21 12:06:18 DELIVERY_CITY=Pécs
SLR19050012 LiveUpdate 2019-05-21 12:06:18 DELIVERY_STATE=
SLR19050012 LiveUpdate 2019-05-21 12:06:18 DELIVERY_COUNTRYCODE=HU
SLR19050012 LiveUpdate 2019-05-21 12:06:18 ORDER_HASH=c9d1a6a848fb9ea99d213175aba9f146
