SLR19050010 LiveUpdate 2019-05-16 15:20:30 MERCHANT=
SLR19050010 LiveUpdate 2019-05-16 15:20:30 ORDER_REF=SLR19050010
SLR19050010 LiveUpdate 2019-05-16 15:20:30 ORDER_DATE=2019-05-16 15:20:30
SLR19050010 LiveUpdate 2019-05-16 15:20:30 PRICES_CURRENCY=HUF
SLR19050010 LiveUpdate 2019-05-16 15:20:30 ORDER_SHIPPING=1290
SLR19050010 LiveUpdate 2019-05-16 15:20:30 DISCOUNT=0
SLR19050010 LiveUpdate 2019-05-16 15:20:30 PAY_METHOD=CCVISAMC
SLR19050010 LiveUpdate 2019-05-16 15:20:30 LANGUAGE=HU
SLR19050010 LiveUpdate 2019-05-16 15:20:30 AUTOMODE=1
SLR19050010 LiveUpdate 2019-05-16 15:20:30 ORDER_TIMEOUT=300
SLR19050010 LiveUpdate 2019-05-16 15:20:30 TIMEOUT_URL=http://www.seal-ring.web-pro.hu/gateway/simple/timeout
SLR19050010 LiveUpdate 2019-05-16 15:20:30 BACK_REF=http://www.seal-ring.web-pro.hu/gateway/simple/backref
SLR19050010 LiveUpdate 2019-05-16 15:20:30 BILL_FNAME=Seal
SLR19050010 LiveUpdate 2019-05-16 15:20:30 BILL_LNAME=Ring
SLR19050010 LiveUpdate 2019-05-16 15:20:30 BILL_EMAIL=office@sealring.hu
SLR19050010 LiveUpdate 2019-05-16 15:20:30 BILL_PHONE=+3672210776
SLR19050010 LiveUpdate 2019-05-16 15:20:30 BILL_ADDRESS=
SLR19050010 LiveUpdate 2019-05-16 15:20:30 BILL_ZIPCODE=7632
SLR19050010 LiveUpdate 2019-05-16 15:20:30 BILL_CITY=Pécs
SLR19050010 LiveUpdate 2019-05-16 15:20:30 BILL_STATE=
SLR19050010 LiveUpdate 2019-05-16 15:20:30 BILL_COUNTRYCODE=HU
SLR19050010 LiveUpdate 2019-05-16 15:20:30 DELIVERY_FNAME=Seal
SLR19050010 LiveUpdate 2019-05-16 15:20:30 DELIVERY_LNAME=Ring
SLR19050010 LiveUpdate 2019-05-16 15:20:30 DELIVERY_PHONE=+3672210776
SLR19050010 LiveUpdate 2019-05-16 15:20:30 DELIVERY_ADDRESS=
SLR19050010 LiveUpdate 2019-05-16 15:20:30 DELIVERY_ZIPCODE=7632
SLR19050010 LiveUpdate 2019-05-16 15:20:30 DELIVERY_CITY=Pécs
SLR19050010 LiveUpdate 2019-05-16 15:20:30 DELIVERY_STATE=
SLR19050010 LiveUpdate 2019-05-16 15:20:30 DELIVERY_COUNTRYCODE=HU
SLR19050010 LiveUpdate 2019-05-16 15:20:30 ORDER_HASH=d4d76da5e66ebb79eda571f9818498b0
SLR19050010 LiveUpdate 2019-05-16 15:20:32 MERCHANT=
SLR19050010 LiveUpdate 2019-05-16 15:20:32 ORDER_REF=SLR19050010
SLR19050010 LiveUpdate 2019-05-16 15:20:32 ORDER_DATE=2019-05-16 15:20:32
SLR19050010 LiveUpdate 2019-05-16 15:20:32 PRICES_CURRENCY=HUF
SLR19050010 LiveUpdate 2019-05-16 15:20:32 ORDER_SHIPPING=1290
SLR19050010 LiveUpdate 2019-05-16 15:20:32 DISCOUNT=0
SLR19050010 LiveUpdate 2019-05-16 15:20:32 PAY_METHOD=CCVISAMC
SLR19050010 LiveUpdate 2019-05-16 15:20:32 LANGUAGE=HU
SLR19050010 LiveUpdate 2019-05-16 15:20:32 AUTOMODE=1
SLR19050010 LiveUpdate 2019-05-16 15:20:32 ORDER_TIMEOUT=300
SLR19050010 LiveUpdate 2019-05-16 15:20:32 TIMEOUT_URL=http://www.seal-ring.web-pro.hu/gateway/simple/timeout
SLR19050010 LiveUpdate 2019-05-16 15:20:32 BACK_REF=http://www.seal-ring.web-pro.hu/gateway/simple/backref
SLR19050010 LiveUpdate 2019-05-16 15:20:32 BILL_FNAME=Seal
SLR19050010 LiveUpdate 2019-05-16 15:20:32 BILL_LNAME=Ring
SLR19050010 LiveUpdate 2019-05-16 15:20:32 BILL_EMAIL=office@sealring.hu
SLR19050010 LiveUpdate 2019-05-16 15:20:32 BILL_PHONE=+3672210776
SLR19050010 LiveUpdate 2019-05-16 15:20:32 BILL_ADDRESS=
SLR19050010 LiveUpdate 2019-05-16 15:20:32 BILL_ZIPCODE=7632
SLR19050010 LiveUpdate 2019-05-16 15:20:32 BILL_CITY=Pécs
SLR19050010 LiveUpdate 2019-05-16 15:20:32 BILL_STATE=
SLR19050010 LiveUpdate 2019-05-16 15:20:32 BILL_COUNTRYCODE=HU
SLR19050010 LiveUpdate 2019-05-16 15:20:32 DELIVERY_FNAME=Seal
SLR19050010 LiveUpdate 2019-05-16 15:20:32 DELIVERY_LNAME=Ring
SLR19050010 LiveUpdate 2019-05-16 15:20:32 DELIVERY_PHONE=+3672210776
SLR19050010 LiveUpdate 2019-05-16 15:20:32 DELIVERY_ADDRESS=
SLR19050010 LiveUpdate 2019-05-16 15:20:32 DELIVERY_ZIPCODE=7632
SLR19050010 LiveUpdate 2019-05-16 15:20:32 DELIVERY_CITY=Pécs
SLR19050010 LiveUpdate 2019-05-16 15:20:32 DELIVERY_STATE=
SLR19050010 LiveUpdate 2019-05-16 15:20:32 DELIVERY_COUNTRYCODE=HU
SLR19050010 LiveUpdate 2019-05-16 15:20:32 ORDER_HASH=aad7b3bd5370a3e6bb6af03ca9268543
SLR19050011 LiveUpdate 2019-05-16 16:01:28 MERCHANT=
SLR19050011 LiveUpdate 2019-05-16 16:01:28 ORDER_REF=SLR19050011
SLR19050011 LiveUpdate 2019-05-16 16:01:28 ORDER_DATE=2019-05-16 16:01:28
SLR19050011 LiveUpdate 2019-05-16 16:01:28 PRICES_CURRENCY=HUF
SLR19050011 LiveUpdate 2019-05-16 16:01:28 ORDER_SHIPPING=1290
SLR19050011 LiveUpdate 2019-05-16 16:01:28 DISCOUNT=0
SLR19050011 LiveUpdate 2019-05-16 16:01:28 PAY_METHOD=CCVISAMC
SLR19050011 LiveUpdate 2019-05-16 16:01:28 LANGUAGE=HU
SLR19050011 LiveUpdate 2019-05-16 16:01:28 AUTOMODE=1
SLR19050011 LiveUpdate 2019-05-16 16:01:28 ORDER_TIMEOUT=300
SLR19050011 LiveUpdate 2019-05-16 16:01:28 TIMEOUT_URL=http://www.seal-ring.web-pro.hu/gateway/simple/timeout
SLR19050011 LiveUpdate 2019-05-16 16:01:28 BACK_REF=http://www.seal-ring.web-pro.hu/gateway/simple/backref
SLR19050011 LiveUpdate 2019-05-16 16:01:28 BILL_FNAME=Seal
SLR19050011 LiveUpdate 2019-05-16 16:01:28 BILL_LNAME=Ring
SLR19050011 LiveUpdate 2019-05-16 16:01:28 BILL_EMAIL=office@sealring.hu
SLR19050011 LiveUpdate 2019-05-16 16:01:28 BILL_PHONE=+3672210776
SLR19050011 LiveUpdate 2019-05-16 16:01:28 BILL_ADDRESS=
SLR19050011 LiveUpdate 2019-05-16 16:01:28 BILL_ZIPCODE=7632
SLR19050011 LiveUpdate 2019-05-16 16:01:28 BILL_CITY=Pécs
SLR19050011 LiveUpdate 2019-05-16 16:01:28 BILL_STATE=
SLR19050011 LiveUpdate 2019-05-16 16:01:28 BILL_COUNTRYCODE=HU
SLR19050011 LiveUpdate 2019-05-16 16:01:28 DELIVERY_FNAME=Seal
SLR19050011 LiveUpdate 2019-05-16 16:01:28 DELIVERY_LNAME=Ring
SLR19050011 LiveUpdate 2019-05-16 16:01:28 DELIVERY_PHONE=+3672210776
SLR19050011 LiveUpdate 2019-05-16 16:01:28 DELIVERY_ADDRESS=
SLR19050011 LiveUpdate 2019-05-16 16:01:28 DELIVERY_ZIPCODE=7632
SLR19050011 LiveUpdate 2019-05-16 16:01:28 DELIVERY_CITY=Pécs
SLR19050011 LiveUpdate 2019-05-16 16:01:28 DELIVERY_STATE=
SLR19050011 LiveUpdate 2019-05-16 16:01:28 DELIVERY_COUNTRYCODE=HU
SLR19050011 LiveUpdate 2019-05-16 16:01:28 ORDER_HASH=2af3d111f318bdaab0c3cddb6c5a3894
