SLR19050015 LiveUpdate 2019-05-31 08:26:02 MERCHANT=
SLR19050015 LiveUpdate 2019-05-31 08:26:02 ORDER_REF=SLR19050015
SLR19050015 LiveUpdate 2019-05-31 08:26:02 ORDER_DATE=2019-05-31 08:26:02
SLR19050015 LiveUpdate 2019-05-31 08:26:02 PRICES_CURRENCY=HUF
SLR19050015 LiveUpdate 2019-05-31 08:26:02 ORDER_SHIPPING=2000
SLR19050015 LiveUpdate 2019-05-31 08:26:02 DISCOUNT=0
SLR19050015 LiveUpdate 2019-05-31 08:26:02 PAY_METHOD=CCVISAMC
SLR19050015 LiveUpdate 2019-05-31 08:26:02 LANGUAGE=HU
SLR19050015 LiveUpdate 2019-05-31 08:26:02 AUTOMODE=1
SLR19050015 LiveUpdate 2019-05-31 08:26:02 ORDER_TIMEOUT=300
SLR19050015 LiveUpdate 2019-05-31 08:26:02 TIMEOUT_URL=http://www.seal-ring.web-pro.hu/gateway/simple/timeout
SLR19050015 LiveUpdate 2019-05-31 08:26:02 BACK_REF=http://www.seal-ring.web-pro.hu/gateway/simple/backref
SLR19050015 LiveUpdate 2019-05-31 08:26:02 BILL_FNAME=Seal
SLR19050015 LiveUpdate 2019-05-31 08:26:02 BILL_LNAME=Ring
SLR19050015 LiveUpdate 2019-05-31 08:26:02 BILL_EMAIL=office@sealring.hu
SLR19050015 LiveUpdate 2019-05-31 08:26:02 BILL_PHONE=+3672210776
SLR19050015 LiveUpdate 2019-05-31 08:26:02 BILL_ADDRESS=
SLR19050015 LiveUpdate 2019-05-31 08:26:02 BILL_ZIPCODE=7632
SLR19050015 LiveUpdate 2019-05-31 08:26:02 BILL_CITY=Pécs
SLR19050015 LiveUpdate 2019-05-31 08:26:02 BILL_STATE=
SLR19050015 LiveUpdate 2019-05-31 08:26:02 BILL_COUNTRYCODE=HU
SLR19050015 LiveUpdate 2019-05-31 08:26:02 DELIVERY_FNAME=Seal
SLR19050015 LiveUpdate 2019-05-31 08:26:02 DELIVERY_LNAME=Ring
SLR19050015 LiveUpdate 2019-05-31 08:26:02 DELIVERY_PHONE=+3672210776
SLR19050015 LiveUpdate 2019-05-31 08:26:02 DELIVERY_ADDRESS=
SLR19050015 LiveUpdate 2019-05-31 08:26:02 DELIVERY_ZIPCODE=7632
SLR19050015 LiveUpdate 2019-05-31 08:26:02 DELIVERY_CITY=Pécs
SLR19050015 LiveUpdate 2019-05-31 08:26:02 DELIVERY_STATE=
SLR19050015 LiveUpdate 2019-05-31 08:26:02 DELIVERY_COUNTRYCODE=HU
SLR19050015 LiveUpdate 2019-05-31 08:26:02 ORDER_HASH=a44fe5aa2c561c7757b4b8ef9a627520
SLR19050016 LiveUpdate 2019-05-31 09:06:49 MERCHANT=
SLR19050016 LiveUpdate 2019-05-31 09:06:49 ORDER_REF=SLR19050016
SLR19050016 LiveUpdate 2019-05-31 09:06:49 ORDER_DATE=2019-05-31 09:06:49
SLR19050016 LiveUpdate 2019-05-31 09:06:49 PRICES_CURRENCY=HUF
SLR19050016 LiveUpdate 2019-05-31 09:06:49 ORDER_SHIPPING=2000
SLR19050016 LiveUpdate 2019-05-31 09:06:49 DISCOUNT=0
SLR19050016 LiveUpdate 2019-05-31 09:06:49 PAY_METHOD=CCVISAMC
SLR19050016 LiveUpdate 2019-05-31 09:06:49 LANGUAGE=HU
SLR19050016 LiveUpdate 2019-05-31 09:06:49 AUTOMODE=1
SLR19050016 LiveUpdate 2019-05-31 09:06:49 ORDER_TIMEOUT=300
SLR19050016 LiveUpdate 2019-05-31 09:06:49 TIMEOUT_URL=http://www.seal-ring.web-pro.hu/gateway/simple/timeout
SLR19050016 LiveUpdate 2019-05-31 09:06:49 BACK_REF=http://www.seal-ring.web-pro.hu/gateway/simple/backref
SLR19050016 LiveUpdate 2019-05-31 09:06:49 BILL_FNAME=Szelecz
SLR19050016 LiveUpdate 2019-05-31 09:06:49 BILL_LNAME=Péter
SLR19050016 LiveUpdate 2019-05-31 09:06:49 BILL_EMAIL=peter.szelecz@sealring.hu
SLR19050016 LiveUpdate 2019-05-31 09:06:49 BILL_PHONE=0612974345
SLR19050016 LiveUpdate 2019-05-31 09:06:49 BILL_ADDRESS=
SLR19050016 LiveUpdate 2019-05-31 09:06:49 BILL_ZIPCODE=1165
SLR19050016 LiveUpdate 2019-05-31 09:06:49 BILL_CITY=Budapest
SLR19050016 LiveUpdate 2019-05-31 09:06:49 BILL_STATE=
SLR19050016 LiveUpdate 2019-05-31 09:06:49 BILL_COUNTRYCODE=HU
SLR19050016 LiveUpdate 2019-05-31 09:06:49 DELIVERY_FNAME=Szelecz
SLR19050016 LiveUpdate 2019-05-31 09:06:49 DELIVERY_LNAME=Péter
SLR19050016 LiveUpdate 2019-05-31 09:06:49 DELIVERY_PHONE=0612974345
SLR19050016 LiveUpdate 2019-05-31 09:06:49 DELIVERY_ADDRESS=
SLR19050016 LiveUpdate 2019-05-31 09:06:49 DELIVERY_ZIPCODE=1165
SLR19050016 LiveUpdate 2019-05-31 09:06:49 DELIVERY_CITY=Budapest
SLR19050016 LiveUpdate 2019-05-31 09:06:49 DELIVERY_STATE=
SLR19050016 LiveUpdate 2019-05-31 09:06:49 DELIVERY_COUNTRYCODE=HU
SLR19050016 LiveUpdate 2019-05-31 09:06:49 ORDER_HASH=cae5e083f4957b76dd92993d01611199
SLR19050016 LiveUpdate 2019-05-31 09:06:52 MERCHANT=
SLR19050016 LiveUpdate 2019-05-31 09:06:52 ORDER_REF=SLR19050016
SLR19050016 LiveUpdate 2019-05-31 09:06:52 ORDER_DATE=2019-05-31 09:06:52
SLR19050016 LiveUpdate 2019-05-31 09:06:52 PRICES_CURRENCY=HUF
SLR19050016 LiveUpdate 2019-05-31 09:06:52 ORDER_SHIPPING=2000
SLR19050016 LiveUpdate 2019-05-31 09:06:52 DISCOUNT=0
SLR19050016 LiveUpdate 2019-05-31 09:06:52 PAY_METHOD=CCVISAMC
SLR19050016 LiveUpdate 2019-05-31 09:06:52 LANGUAGE=HU
SLR19050016 LiveUpdate 2019-05-31 09:06:52 AUTOMODE=1
SLR19050016 LiveUpdate 2019-05-31 09:06:52 ORDER_TIMEOUT=300
SLR19050016 LiveUpdate 2019-05-31 09:06:52 TIMEOUT_URL=http://www.seal-ring.web-pro.hu/gateway/simple/timeout
SLR19050016 LiveUpdate 2019-05-31 09:06:52 BACK_REF=http://www.seal-ring.web-pro.hu/gateway/simple/backref
SLR19050016 LiveUpdate 2019-05-31 09:06:52 BILL_FNAME=Szelecz
SLR19050016 LiveUpdate 2019-05-31 09:06:52 BILL_LNAME=Péter
SLR19050016 LiveUpdate 2019-05-31 09:06:52 BILL_EMAIL=peter.szelecz@sealring.hu
SLR19050016 LiveUpdate 2019-05-31 09:06:52 BILL_PHONE=0612974345
SLR19050016 LiveUpdate 2019-05-31 09:06:52 BILL_ADDRESS=
SLR19050016 LiveUpdate 2019-05-31 09:06:52 BILL_ZIPCODE=1165
SLR19050016 LiveUpdate 2019-05-31 09:06:52 BILL_CITY=Budapest
SLR19050016 LiveUpdate 2019-05-31 09:06:52 BILL_STATE=
SLR19050016 LiveUpdate 2019-05-31 09:06:52 BILL_COUNTRYCODE=HU
SLR19050016 LiveUpdate 2019-05-31 09:06:52 DELIVERY_FNAME=Szelecz
SLR19050016 LiveUpdate 2019-05-31 09:06:52 DELIVERY_LNAME=Péter
SLR19050016 LiveUpdate 2019-05-31 09:06:52 DELIVERY_PHONE=0612974345
SLR19050016 LiveUpdate 2019-05-31 09:06:52 DELIVERY_ADDRESS=
SLR19050016 LiveUpdate 2019-05-31 09:06:52 DELIVERY_ZIPCODE=1165
SLR19050016 LiveUpdate 2019-05-31 09:06:52 DELIVERY_CITY=Budapest
SLR19050016 LiveUpdate 2019-05-31 09:06:52 DELIVERY_STATE=
SLR19050016 LiveUpdate 2019-05-31 09:06:52 DELIVERY_COUNTRYCODE=HU
SLR19050016 LiveUpdate 2019-05-31 09:06:52 ORDER_HASH=894cf8cb7d49482f4fdf451313ff9818
SLR19050017 LiveUpdate 2019-05-31 09:13:36 MERCHANT=
SLR19050017 LiveUpdate 2019-05-31 09:13:36 ORDER_REF=SLR19050017
SLR19050017 LiveUpdate 2019-05-31 09:13:36 ORDER_DATE=2019-05-31 09:13:36
SLR19050017 LiveUpdate 2019-05-31 09:13:36 PRICES_CURRENCY=HUF
SLR19050017 LiveUpdate 2019-05-31 09:13:36 ORDER_SHIPPING=2000
SLR19050017 LiveUpdate 2019-05-31 09:13:36 DISCOUNT=0
SLR19050017 LiveUpdate 2019-05-31 09:13:36 PAY_METHOD=CCVISAMC
SLR19050017 LiveUpdate 2019-05-31 09:13:36 LANGUAGE=HU
SLR19050017 LiveUpdate 2019-05-31 09:13:36 AUTOMODE=1
SLR19050017 LiveUpdate 2019-05-31 09:13:36 ORDER_TIMEOUT=300
SLR19050017 LiveUpdate 2019-05-31 09:13:36 TIMEOUT_URL=http://www.seal-ring.web-pro.hu/gateway/simple/timeout
SLR19050017 LiveUpdate 2019-05-31 09:13:36 BACK_REF=http://www.seal-ring.web-pro.hu/gateway/simple/backref
SLR19050017 LiveUpdate 2019-05-31 09:13:36 BILL_FNAME=Szelecz
SLR19050017 LiveUpdate 2019-05-31 09:13:36 BILL_LNAME=Péter
SLR19050017 LiveUpdate 2019-05-31 09:13:36 BILL_EMAIL=peter.szelecz@sealring.hu
SLR19050017 LiveUpdate 2019-05-31 09:13:36 BILL_PHONE=0612974345
SLR19050017 LiveUpdate 2019-05-31 09:13:36 BILL_ADDRESS=
SLR19050017 LiveUpdate 2019-05-31 09:13:36 BILL_ZIPCODE=1165
SLR19050017 LiveUpdate 2019-05-31 09:13:36 BILL_CITY=Budapest
SLR19050017 LiveUpdate 2019-05-31 09:13:36 BILL_STATE=
SLR19050017 LiveUpdate 2019-05-31 09:13:36 BILL_COUNTRYCODE=HU
SLR19050017 LiveUpdate 2019-05-31 09:13:36 DELIVERY_FNAME=Szelecz
SLR19050017 LiveUpdate 2019-05-31 09:13:36 DELIVERY_LNAME=Péter
SLR19050017 LiveUpdate 2019-05-31 09:13:36 DELIVERY_PHONE=0612974345
SLR19050017 LiveUpdate 2019-05-31 09:13:36 DELIVERY_ADDRESS=
SLR19050017 LiveUpdate 2019-05-31 09:13:36 DELIVERY_ZIPCODE=1165
SLR19050017 LiveUpdate 2019-05-31 09:13:36 DELIVERY_CITY=Budapest
SLR19050017 LiveUpdate 2019-05-31 09:13:36 DELIVERY_STATE=
SLR19050017 LiveUpdate 2019-05-31 09:13:36 DELIVERY_COUNTRYCODE=HU
SLR19050017 LiveUpdate 2019-05-31 09:13:36 ORDER_HASH=a7c6d8733713f05073cbf1922c4d5b9b
SLR19050017 LiveUpdate 2019-05-31 09:13:39 MERCHANT=
SLR19050017 LiveUpdate 2019-05-31 09:13:39 ORDER_REF=SLR19050017
SLR19050017 LiveUpdate 2019-05-31 09:13:39 ORDER_DATE=2019-05-31 09:13:39
SLR19050017 LiveUpdate 2019-05-31 09:13:39 PRICES_CURRENCY=HUF
SLR19050017 LiveUpdate 2019-05-31 09:13:39 ORDER_SHIPPING=2000
SLR19050017 LiveUpdate 2019-05-31 09:13:39 DISCOUNT=0
SLR19050017 LiveUpdate 2019-05-31 09:13:39 PAY_METHOD=CCVISAMC
SLR19050017 LiveUpdate 2019-05-31 09:13:39 LANGUAGE=HU
SLR19050017 LiveUpdate 2019-05-31 09:13:39 AUTOMODE=1
SLR19050017 LiveUpdate 2019-05-31 09:13:39 ORDER_TIMEOUT=300
SLR19050017 LiveUpdate 2019-05-31 09:13:39 TIMEOUT_URL=http://www.seal-ring.web-pro.hu/gateway/simple/timeout
SLR19050017 LiveUpdate 2019-05-31 09:13:39 BACK_REF=http://www.seal-ring.web-pro.hu/gateway/simple/backref
SLR19050017 LiveUpdate 2019-05-31 09:13:39 BILL_FNAME=Szelecz
SLR19050017 LiveUpdate 2019-05-31 09:13:39 BILL_LNAME=Péter
SLR19050017 LiveUpdate 2019-05-31 09:13:39 BILL_EMAIL=peter.szelecz@sealring.hu
SLR19050017 LiveUpdate 2019-05-31 09:13:39 BILL_PHONE=0612974345
SLR19050017 LiveUpdate 2019-05-31 09:13:39 BILL_ADDRESS=
SLR19050017 LiveUpdate 2019-05-31 09:13:39 BILL_ZIPCODE=1165
SLR19050017 LiveUpdate 2019-05-31 09:13:39 BILL_CITY=Budapest
SLR19050017 LiveUpdate 2019-05-31 09:13:39 BILL_STATE=
SLR19050017 LiveUpdate 2019-05-31 09:13:39 BILL_COUNTRYCODE=HU
SLR19050017 LiveUpdate 2019-05-31 09:13:39 DELIVERY_FNAME=Szelecz
SLR19050017 LiveUpdate 2019-05-31 09:13:39 DELIVERY_LNAME=Péter
SLR19050017 LiveUpdate 2019-05-31 09:13:39 DELIVERY_PHONE=0612974345
SLR19050017 LiveUpdate 2019-05-31 09:13:39 DELIVERY_ADDRESS=
SLR19050017 LiveUpdate 2019-05-31 09:13:39 DELIVERY_ZIPCODE=1165
SLR19050017 LiveUpdate 2019-05-31 09:13:39 DELIVERY_CITY=Budapest
SLR19050017 LiveUpdate 2019-05-31 09:13:39 DELIVERY_STATE=
SLR19050017 LiveUpdate 2019-05-31 09:13:39 DELIVERY_COUNTRYCODE=HU
SLR19050017 LiveUpdate 2019-05-31 09:13:39 ORDER_HASH=1eca09f1e4f40b062e104ff15a850bbc
SLR19050018 LiveUpdate 2019-05-31 11:06:46 MERCHANT=
SLR19050018 LiveUpdate 2019-05-31 11:06:46 ORDER_REF=SLR19050018
SLR19050018 LiveUpdate 2019-05-31 11:06:46 ORDER_DATE=2019-05-31 11:06:46
SLR19050018 LiveUpdate 2019-05-31 11:06:46 PRICES_CURRENCY=HUF
SLR19050018 LiveUpdate 2019-05-31 11:06:46 ORDER_SHIPPING=2000
SLR19050018 LiveUpdate 2019-05-31 11:06:46 DISCOUNT=0
SLR19050018 LiveUpdate 2019-05-31 11:06:46 PAY_METHOD=CCVISAMC
SLR19050018 LiveUpdate 2019-05-31 11:06:46 LANGUAGE=HU
SLR19050018 LiveUpdate 2019-05-31 11:06:46 AUTOMODE=1
SLR19050018 LiveUpdate 2019-05-31 11:06:46 ORDER_TIMEOUT=300
SLR19050018 LiveUpdate 2019-05-31 11:06:46 TIMEOUT_URL=http://www.seal-ring.web-pro.hu/gateway/simple/timeout
SLR19050018 LiveUpdate 2019-05-31 11:06:46 BACK_REF=http://www.seal-ring.web-pro.hu/gateway/simple/backref
SLR19050018 LiveUpdate 2019-05-31 11:06:46 BILL_FNAME=Seal
SLR19050018 LiveUpdate 2019-05-31 11:06:46 BILL_LNAME=Ring
SLR19050018 LiveUpdate 2019-05-31 11:06:46 BILL_EMAIL=office@sealring.hu
SLR19050018 LiveUpdate 2019-05-31 11:06:46 BILL_PHONE=+3672210776
SLR19050018 LiveUpdate 2019-05-31 11:06:46 BILL_ADDRESS=
SLR19050018 LiveUpdate 2019-05-31 11:06:46 BILL_ZIPCODE=7632
SLR19050018 LiveUpdate 2019-05-31 11:06:46 BILL_CITY=Pécs
SLR19050018 LiveUpdate 2019-05-31 11:06:46 BILL_STATE=
SLR19050018 LiveUpdate 2019-05-31 11:06:46 BILL_COUNTRYCODE=HU
SLR19050018 LiveUpdate 2019-05-31 11:06:46 DELIVERY_FNAME=Seal
SLR19050018 LiveUpdate 2019-05-31 11:06:46 DELIVERY_LNAME=Ring
SLR19050018 LiveUpdate 2019-05-31 11:06:46 DELIVERY_PHONE=+3672210776
SLR19050018 LiveUpdate 2019-05-31 11:06:46 DELIVERY_ADDRESS=
SLR19050018 LiveUpdate 2019-05-31 11:06:46 DELIVERY_ZIPCODE=7632
SLR19050018 LiveUpdate 2019-05-31 11:06:46 DELIVERY_CITY=Pécs
SLR19050018 LiveUpdate 2019-05-31 11:06:46 DELIVERY_STATE=
SLR19050018 LiveUpdate 2019-05-31 11:06:46 DELIVERY_COUNTRYCODE=HU
SLR19050018 LiveUpdate 2019-05-31 11:06:46 ORDER_HASH=5308a0290ff5c9c7ddecc761a9a54cd0
SLR19050019 LiveUpdate 2019-05-31 14:47:34 MERCHANT=
SLR19050019 LiveUpdate 2019-05-31 14:47:34 ORDER_REF=SLR19050019
SLR19050019 LiveUpdate 2019-05-31 14:47:34 ORDER_DATE=2019-05-31 14:47:34
SLR19050019 LiveUpdate 2019-05-31 14:47:34 PRICES_CURRENCY=HUF
SLR19050019 LiveUpdate 2019-05-31 14:47:34 ORDER_SHIPPING=2000
SLR19050019 LiveUpdate 2019-05-31 14:47:34 DISCOUNT=0
SLR19050019 LiveUpdate 2019-05-31 14:47:34 PAY_METHOD=CCVISAMC
SLR19050019 LiveUpdate 2019-05-31 14:47:34 LANGUAGE=HU
SLR19050019 LiveUpdate 2019-05-31 14:47:34 AUTOMODE=1
SLR19050019 LiveUpdate 2019-05-31 14:47:34 ORDER_TIMEOUT=300
SLR19050019 LiveUpdate 2019-05-31 14:47:34 TIMEOUT_URL=http://www.seal-ring.web-pro.hu/gateway/simple/timeout
SLR19050019 LiveUpdate 2019-05-31 14:47:34 BACK_REF=http://www.seal-ring.web-pro.hu/gateway/simple/backref
SLR19050019 LiveUpdate 2019-05-31 14:47:34 BILL_FNAME=Seal
SLR19050019 LiveUpdate 2019-05-31 14:47:34 BILL_LNAME=Ring
SLR19050019 LiveUpdate 2019-05-31 14:47:34 BILL_EMAIL=office@sealring.hu
SLR19050019 LiveUpdate 2019-05-31 14:47:34 BILL_PHONE=+3672210776
SLR19050019 LiveUpdate 2019-05-31 14:47:34 BILL_ADDRESS=
SLR19050019 LiveUpdate 2019-05-31 14:47:34 BILL_ZIPCODE=7632
SLR19050019 LiveUpdate 2019-05-31 14:47:34 BILL_CITY=Pécs
SLR19050019 LiveUpdate 2019-05-31 14:47:34 BILL_STATE=
SLR19050019 LiveUpdate 2019-05-31 14:47:34 BILL_COUNTRYCODE=HU
SLR19050019 LiveUpdate 2019-05-31 14:47:34 DELIVERY_FNAME=Seal
SLR19050019 LiveUpdate 2019-05-31 14:47:34 DELIVERY_LNAME=Ring
SLR19050019 LiveUpdate 2019-05-31 14:47:34 DELIVERY_PHONE=+3672210776
SLR19050019 LiveUpdate 2019-05-31 14:47:34 DELIVERY_ADDRESS=
SLR19050019 LiveUpdate 2019-05-31 14:47:34 DELIVERY_ZIPCODE=7632
SLR19050019 LiveUpdate 2019-05-31 14:47:34 DELIVERY_CITY=Pécs
SLR19050019 LiveUpdate 2019-05-31 14:47:34 DELIVERY_STATE=
SLR19050019 LiveUpdate 2019-05-31 14:47:34 DELIVERY_COUNTRYCODE=HU
SLR19050019 LiveUpdate 2019-05-31 14:47:34 ORDER_HASH=0465323ace862a078156cdfbb706b7e5
SLR19050019 LiveUpdate 2019-05-31 14:47:36 MERCHANT=
SLR19050019 LiveUpdate 2019-05-31 14:47:36 ORDER_REF=SLR19050019
SLR19050019 LiveUpdate 2019-05-31 14:47:36 ORDER_DATE=2019-05-31 14:47:36
SLR19050019 LiveUpdate 2019-05-31 14:47:36 PRICES_CURRENCY=HUF
SLR19050019 LiveUpdate 2019-05-31 14:47:36 ORDER_SHIPPING=2000
SLR19050019 LiveUpdate 2019-05-31 14:47:36 DISCOUNT=0
SLR19050019 LiveUpdate 2019-05-31 14:47:36 PAY_METHOD=CCVISAMC
SLR19050019 LiveUpdate 2019-05-31 14:47:36 LANGUAGE=HU
SLR19050019 LiveUpdate 2019-05-31 14:47:36 AUTOMODE=1
SLR19050019 LiveUpdate 2019-05-31 14:47:36 ORDER_TIMEOUT=300
SLR19050019 LiveUpdate 2019-05-31 14:47:36 TIMEOUT_URL=http://www.seal-ring.web-pro.hu/gateway/simple/timeout
SLR19050019 LiveUpdate 2019-05-31 14:47:36 BACK_REF=http://www.seal-ring.web-pro.hu/gateway/simple/backref
SLR19050019 LiveUpdate 2019-05-31 14:47:36 BILL_FNAME=Seal
SLR19050019 LiveUpdate 2019-05-31 14:47:36 BILL_LNAME=Ring
SLR19050019 LiveUpdate 2019-05-31 14:47:36 BILL_EMAIL=office@sealring.hu
SLR19050019 LiveUpdate 2019-05-31 14:47:36 BILL_PHONE=+3672210776
SLR19050019 LiveUpdate 2019-05-31 14:47:36 BILL_ADDRESS=
SLR19050019 LiveUpdate 2019-05-31 14:47:36 BILL_ZIPCODE=7632
SLR19050019 LiveUpdate 2019-05-31 14:47:36 BILL_CITY=Pécs
SLR19050019 LiveUpdate 2019-05-31 14:47:36 BILL_STATE=
SLR19050019 LiveUpdate 2019-05-31 14:47:36 BILL_COUNTRYCODE=HU
SLR19050019 LiveUpdate 2019-05-31 14:47:36 DELIVERY_FNAME=Seal
SLR19050019 LiveUpdate 2019-05-31 14:47:36 DELIVERY_LNAME=Ring
SLR19050019 LiveUpdate 2019-05-31 14:47:36 DELIVERY_PHONE=+3672210776
SLR19050019 LiveUpdate 2019-05-31 14:47:36 DELIVERY_ADDRESS=
SLR19050019 LiveUpdate 2019-05-31 14:47:36 DELIVERY_ZIPCODE=7632
SLR19050019 LiveUpdate 2019-05-31 14:47:36 DELIVERY_CITY=Pécs
SLR19050019 LiveUpdate 2019-05-31 14:47:36 DELIVERY_STATE=
SLR19050019 LiveUpdate 2019-05-31 14:47:36 DELIVERY_COUNTRYCODE=HU
SLR19050019 LiveUpdate 2019-05-31 14:47:36 ORDER_HASH=1a12fd578d81ba5259c4a9669064e94f
