SLR19030003 LiveUpdate 2019-03-26 11:58:47 MERCHANT=
SLR19030003 LiveUpdate 2019-03-26 11:58:47 ORDER_REF=SLR19030003
SLR19030003 LiveUpdate 2019-03-26 11:58:47 ORDER_DATE=2019-03-26 11:58:47
SLR19030003 LiveUpdate 2019-03-26 11:58:47 PRICES_CURRENCY=HUF
SLR19030003 LiveUpdate 2019-03-26 11:58:47 ORDER_SHIPPING=1290
SLR19030003 LiveUpdate 2019-03-26 11:58:47 DISCOUNT=0
SLR19030003 LiveUpdate 2019-03-26 11:58:47 PAY_METHOD=CCVISAMC
SLR19030003 LiveUpdate 2019-03-26 11:58:47 LANGUAGE=HU
SLR19030003 LiveUpdate 2019-03-26 11:58:47 AUTOMODE=1
SLR19030003 LiveUpdate 2019-03-26 11:58:47 ORDER_TIMEOUT=300
SLR19030003 LiveUpdate 2019-03-26 11:58:47 TIMEOUT_URL=http://www.seal-ring.web-pro.hu/gateway/simple/timeout
SLR19030003 LiveUpdate 2019-03-26 11:58:47 BACK_REF=http://www.seal-ring.web-pro.hu/gateway/simple/backref
SLR19030003 LiveUpdate 2019-03-26 11:58:47 BILL_FNAME=Molnár
SLR19030003 LiveUpdate 2019-03-26 11:58:47 BILL_LNAME=István
SLR19030003 LiveUpdate 2019-03-26 11:58:47 BILL_EMAIL=mistvan2014@gmail.com
SLR19030003 LiveUpdate 2019-03-26 11:58:47 BILL_PHONE=06702361259
SLR19030003 LiveUpdate 2019-03-26 11:58:47 BILL_ADDRESS=
SLR19030003 LiveUpdate 2019-03-26 11:58:47 BILL_ZIPCODE=4287
SLR19030003 LiveUpdate 2019-03-26 11:58:47 BILL_CITY=Vámospércs
SLR19030003 LiveUpdate 2019-03-26 11:58:47 BILL_STATE=
SLR19030003 LiveUpdate 2019-03-26 11:58:47 BILL_COUNTRYCODE=HU
SLR19030003 LiveUpdate 2019-03-26 11:58:47 DELIVERY_FNAME=Molnár
SLR19030003 LiveUpdate 2019-03-26 11:58:47 DELIVERY_LNAME=István
SLR19030003 LiveUpdate 2019-03-26 11:58:47 DELIVERY_PHONE=06702361259
SLR19030003 LiveUpdate 2019-03-26 11:58:47 DELIVERY_ADDRESS=
SLR19030003 LiveUpdate 2019-03-26 11:58:47 DELIVERY_ZIPCODE=4287
SLR19030003 LiveUpdate 2019-03-26 11:58:47 DELIVERY_CITY=Vámospércs
SLR19030003 LiveUpdate 2019-03-26 11:58:47 DELIVERY_STATE=
SLR19030003 LiveUpdate 2019-03-26 11:58:47 DELIVERY_COUNTRYCODE=HU
SLR19030003 LiveUpdate 2019-03-26 11:58:47 ORDER_HASH=fa7674a4772c3964f59cc5151a96d7e5
SLR19030003 LiveUpdate 2019-03-26 11:58:49 MERCHANT=
SLR19030003 LiveUpdate 2019-03-26 11:58:49 ORDER_REF=SLR19030003
SLR19030003 LiveUpdate 2019-03-26 11:58:49 ORDER_DATE=2019-03-26 11:58:49
SLR19030003 LiveUpdate 2019-03-26 11:58:49 PRICES_CURRENCY=HUF
SLR19030003 LiveUpdate 2019-03-26 11:58:49 ORDER_SHIPPING=1290
SLR19030003 LiveUpdate 2019-03-26 11:58:49 DISCOUNT=0
SLR19030003 LiveUpdate 2019-03-26 11:58:49 PAY_METHOD=CCVISAMC
SLR19030003 LiveUpdate 2019-03-26 11:58:49 LANGUAGE=HU
SLR19030003 LiveUpdate 2019-03-26 11:58:49 AUTOMODE=1
SLR19030003 LiveUpdate 2019-03-26 11:58:49 ORDER_TIMEOUT=300
SLR19030003 LiveUpdate 2019-03-26 11:58:49 TIMEOUT_URL=http://www.seal-ring.web-pro.hu/gateway/simple/timeout
SLR19030003 LiveUpdate 2019-03-26 11:58:49 BACK_REF=http://www.seal-ring.web-pro.hu/gateway/simple/backref
SLR19030003 LiveUpdate 2019-03-26 11:58:49 BILL_FNAME=Molnár
SLR19030003 LiveUpdate 2019-03-26 11:58:49 BILL_LNAME=István
SLR19030003 LiveUpdate 2019-03-26 11:58:49 BILL_EMAIL=mistvan2014@gmail.com
SLR19030003 LiveUpdate 2019-03-26 11:58:49 BILL_PHONE=06702361259
SLR19030003 LiveUpdate 2019-03-26 11:58:49 BILL_ADDRESS=
SLR19030003 LiveUpdate 2019-03-26 11:58:49 BILL_ZIPCODE=4287
SLR19030003 LiveUpdate 2019-03-26 11:58:49 BILL_CITY=Vámospércs
SLR19030003 LiveUpdate 2019-03-26 11:58:49 BILL_STATE=
SLR19030003 LiveUpdate 2019-03-26 11:58:49 BILL_COUNTRYCODE=HU
SLR19030003 LiveUpdate 2019-03-26 11:58:49 DELIVERY_FNAME=Molnár
SLR19030003 LiveUpdate 2019-03-26 11:58:49 DELIVERY_LNAME=István
SLR19030003 LiveUpdate 2019-03-26 11:58:49 DELIVERY_PHONE=06702361259
SLR19030003 LiveUpdate 2019-03-26 11:58:49 DELIVERY_ADDRESS=
SLR19030003 LiveUpdate 2019-03-26 11:58:49 DELIVERY_ZIPCODE=4287
SLR19030003 LiveUpdate 2019-03-26 11:58:49 DELIVERY_CITY=Vámospércs
SLR19030003 LiveUpdate 2019-03-26 11:58:49 DELIVERY_STATE=
SLR19030003 LiveUpdate 2019-03-26 11:58:49 DELIVERY_COUNTRYCODE=HU
SLR19030003 LiveUpdate 2019-03-26 11:58:49 ORDER_HASH=8158d19833196717db86d05006a88e1b
SLR19030003 LiveUpdate 2019-03-26 11:59:35 MERCHANT=
SLR19030003 LiveUpdate 2019-03-26 11:59:35 ORDER_REF=SLR19030003
SLR19030003 LiveUpdate 2019-03-26 11:59:35 ORDER_DATE=2019-03-26 11:59:35
SLR19030003 LiveUpdate 2019-03-26 11:59:35 PRICES_CURRENCY=HUF
SLR19030003 LiveUpdate 2019-03-26 11:59:35 ORDER_SHIPPING=1290
SLR19030003 LiveUpdate 2019-03-26 11:59:35 DISCOUNT=0
SLR19030003 LiveUpdate 2019-03-26 11:59:35 PAY_METHOD=CCVISAMC
SLR19030003 LiveUpdate 2019-03-26 11:59:35 LANGUAGE=HU
SLR19030003 LiveUpdate 2019-03-26 11:59:35 AUTOMODE=1
SLR19030003 LiveUpdate 2019-03-26 11:59:35 ORDER_TIMEOUT=300
SLR19030003 LiveUpdate 2019-03-26 11:59:35 TIMEOUT_URL=http://www.seal-ring.web-pro.hu/gateway/simple/timeout
SLR19030003 LiveUpdate 2019-03-26 11:59:35 BACK_REF=http://www.seal-ring.web-pro.hu/gateway/simple/backref
SLR19030003 LiveUpdate 2019-03-26 11:59:35 BILL_FNAME=Molnár
SLR19030003 LiveUpdate 2019-03-26 11:59:35 BILL_LNAME=István
SLR19030003 LiveUpdate 2019-03-26 11:59:35 BILL_EMAIL=mistvan2014@gmail.com
SLR19030003 LiveUpdate 2019-03-26 11:59:35 BILL_PHONE=06702361259
SLR19030003 LiveUpdate 2019-03-26 11:59:35 BILL_ADDRESS=
SLR19030003 LiveUpdate 2019-03-26 11:59:35 BILL_ZIPCODE=4287
SLR19030003 LiveUpdate 2019-03-26 11:59:35 BILL_CITY=Vámospércs
SLR19030003 LiveUpdate 2019-03-26 11:59:35 BILL_STATE=
SLR19030003 LiveUpdate 2019-03-26 11:59:35 BILL_COUNTRYCODE=HU
SLR19030003 LiveUpdate 2019-03-26 11:59:35 DELIVERY_FNAME=Molnár
SLR19030003 LiveUpdate 2019-03-26 11:59:35 DELIVERY_LNAME=István
SLR19030003 LiveUpdate 2019-03-26 11:59:35 DELIVERY_PHONE=06702361259
SLR19030003 LiveUpdate 2019-03-26 11:59:35 DELIVERY_ADDRESS=
SLR19030003 LiveUpdate 2019-03-26 11:59:35 DELIVERY_ZIPCODE=4287
SLR19030003 LiveUpdate 2019-03-26 11:59:35 DELIVERY_CITY=Vámospércs
SLR19030003 LiveUpdate 2019-03-26 11:59:35 DELIVERY_STATE=
SLR19030003 LiveUpdate 2019-03-26 11:59:35 DELIVERY_COUNTRYCODE=HU
SLR19030003 LiveUpdate 2019-03-26 11:59:35 ORDER_HASH=a83eacaedab03aebd0664da56fac22f5
SLR19030003 LiveUpdate 2019-03-26 11:59:41 MERCHANT=
SLR19030003 LiveUpdate 2019-03-26 11:59:41 ORDER_REF=SLR19030003
SLR19030003 LiveUpdate 2019-03-26 11:59:41 ORDER_DATE=2019-03-26 11:59:41
SLR19030003 LiveUpdate 2019-03-26 11:59:41 PRICES_CURRENCY=HUF
SLR19030003 LiveUpdate 2019-03-26 11:59:41 ORDER_SHIPPING=1290
SLR19030003 LiveUpdate 2019-03-26 11:59:41 DISCOUNT=0
SLR19030003 LiveUpdate 2019-03-26 11:59:41 PAY_METHOD=CCVISAMC
SLR19030003 LiveUpdate 2019-03-26 11:59:41 LANGUAGE=HU
SLR19030003 LiveUpdate 2019-03-26 11:59:41 AUTOMODE=1
SLR19030003 LiveUpdate 2019-03-26 11:59:41 ORDER_TIMEOUT=300
SLR19030003 LiveUpdate 2019-03-26 11:59:41 TIMEOUT_URL=http://www.seal-ring.web-pro.hu/gateway/simple/timeout
SLR19030003 LiveUpdate 2019-03-26 11:59:41 BACK_REF=http://www.seal-ring.web-pro.hu/gateway/simple/backref
SLR19030003 LiveUpdate 2019-03-26 11:59:41 BILL_FNAME=Molnár
SLR19030003 LiveUpdate 2019-03-26 11:59:41 BILL_LNAME=István
SLR19030003 LiveUpdate 2019-03-26 11:59:41 BILL_EMAIL=mistvan2014@gmail.com
SLR19030003 LiveUpdate 2019-03-26 11:59:41 BILL_PHONE=06702361259
SLR19030003 LiveUpdate 2019-03-26 11:59:41 BILL_ADDRESS=
SLR19030003 LiveUpdate 2019-03-26 11:59:41 BILL_ZIPCODE=4287
SLR19030003 LiveUpdate 2019-03-26 11:59:41 BILL_CITY=Vámospércs
SLR19030003 LiveUpdate 2019-03-26 11:59:41 BILL_STATE=
SLR19030003 LiveUpdate 2019-03-26 11:59:41 BILL_COUNTRYCODE=HU
SLR19030003 LiveUpdate 2019-03-26 11:59:41 DELIVERY_FNAME=Molnár
SLR19030003 LiveUpdate 2019-03-26 11:59:41 DELIVERY_LNAME=István
SLR19030003 LiveUpdate 2019-03-26 11:59:41 DELIVERY_PHONE=06702361259
SLR19030003 LiveUpdate 2019-03-26 11:59:41 DELIVERY_ADDRESS=
SLR19030003 LiveUpdate 2019-03-26 11:59:41 DELIVERY_ZIPCODE=4287
SLR19030003 LiveUpdate 2019-03-26 11:59:41 DELIVERY_CITY=Vámospércs
SLR19030003 LiveUpdate 2019-03-26 11:59:41 DELIVERY_STATE=
SLR19030003 LiveUpdate 2019-03-26 11:59:41 DELIVERY_COUNTRYCODE=HU
SLR19030003 LiveUpdate 2019-03-26 11:59:41 ORDER_HASH=d4e62e7570f2748a563828d6875372e5
SLR19030003 LiveUpdate 2019-03-26 12:00:21 MERCHANT=
SLR19030003 LiveUpdate 2019-03-26 12:00:21 ORDER_REF=SLR19030003
SLR19030003 LiveUpdate 2019-03-26 12:00:21 ORDER_DATE=2019-03-26 12:00:21
SLR19030003 LiveUpdate 2019-03-26 12:00:21 PRICES_CURRENCY=HUF
SLR19030003 LiveUpdate 2019-03-26 12:00:21 ORDER_SHIPPING=1290
SLR19030003 LiveUpdate 2019-03-26 12:00:21 DISCOUNT=0
SLR19030003 LiveUpdate 2019-03-26 12:00:21 PAY_METHOD=CCVISAMC
SLR19030003 LiveUpdate 2019-03-26 12:00:21 LANGUAGE=HU
SLR19030003 LiveUpdate 2019-03-26 12:00:21 AUTOMODE=1
SLR19030003 LiveUpdate 2019-03-26 12:00:21 ORDER_TIMEOUT=300
SLR19030003 LiveUpdate 2019-03-26 12:00:21 TIMEOUT_URL=http://www.seal-ring.web-pro.hu/gateway/simple/timeout
SLR19030003 LiveUpdate 2019-03-26 12:00:21 BACK_REF=http://www.seal-ring.web-pro.hu/gateway/simple/backref
SLR19030003 LiveUpdate 2019-03-26 12:00:21 BILL_FNAME=Molnár
SLR19030003 LiveUpdate 2019-03-26 12:00:21 BILL_LNAME=István
SLR19030003 LiveUpdate 2019-03-26 12:00:21 BILL_EMAIL=mistvan2014@gmail.com
SLR19030003 LiveUpdate 2019-03-26 12:00:21 BILL_PHONE=06702361259
SLR19030003 LiveUpdate 2019-03-26 12:00:21 BILL_ADDRESS=
SLR19030003 LiveUpdate 2019-03-26 12:00:21 BILL_ZIPCODE=4287
SLR19030003 LiveUpdate 2019-03-26 12:00:21 BILL_CITY=Vámospércs
SLR19030003 LiveUpdate 2019-03-26 12:00:21 BILL_STATE=
SLR19030003 LiveUpdate 2019-03-26 12:00:21 BILL_COUNTRYCODE=HU
SLR19030003 LiveUpdate 2019-03-26 12:00:21 DELIVERY_FNAME=Molnár
SLR19030003 LiveUpdate 2019-03-26 12:00:21 DELIVERY_LNAME=István
SLR19030003 LiveUpdate 2019-03-26 12:00:21 DELIVERY_PHONE=06702361259
SLR19030003 LiveUpdate 2019-03-26 12:00:21 DELIVERY_ADDRESS=
SLR19030003 LiveUpdate 2019-03-26 12:00:21 DELIVERY_ZIPCODE=4287
SLR19030003 LiveUpdate 2019-03-26 12:00:21 DELIVERY_CITY=Vámospércs
SLR19030003 LiveUpdate 2019-03-26 12:00:21 DELIVERY_STATE=
SLR19030003 LiveUpdate 2019-03-26 12:00:21 DELIVERY_COUNTRYCODE=HU
SLR19030003 LiveUpdate 2019-03-26 12:00:21 ORDER_HASH=229ae22e95a62da46bb615c41fc69c81
SLR19030003 LiveUpdate 2019-03-26 12:00:24 MERCHANT=
SLR19030003 LiveUpdate 2019-03-26 12:00:24 ORDER_REF=SLR19030003
SLR19030003 LiveUpdate 2019-03-26 12:00:24 ORDER_DATE=2019-03-26 12:00:24
SLR19030003 LiveUpdate 2019-03-26 12:00:24 PRICES_CURRENCY=HUF
SLR19030003 LiveUpdate 2019-03-26 12:00:24 ORDER_SHIPPING=1290
SLR19030003 LiveUpdate 2019-03-26 12:00:24 DISCOUNT=0
SLR19030003 LiveUpdate 2019-03-26 12:00:24 PAY_METHOD=CCVISAMC
SLR19030003 LiveUpdate 2019-03-26 12:00:24 LANGUAGE=HU
SLR19030003 LiveUpdate 2019-03-26 12:00:24 AUTOMODE=1
SLR19030003 LiveUpdate 2019-03-26 12:00:24 ORDER_TIMEOUT=300
SLR19030003 LiveUpdate 2019-03-26 12:00:24 TIMEOUT_URL=http://www.seal-ring.web-pro.hu/gateway/simple/timeout
SLR19030003 LiveUpdate 2019-03-26 12:00:24 BACK_REF=http://www.seal-ring.web-pro.hu/gateway/simple/backref
SLR19030003 LiveUpdate 2019-03-26 12:00:24 BILL_FNAME=Molnár
SLR19030003 LiveUpdate 2019-03-26 12:00:24 BILL_LNAME=István
SLR19030003 LiveUpdate 2019-03-26 12:00:24 BILL_EMAIL=mistvan2014@gmail.com
SLR19030003 LiveUpdate 2019-03-26 12:00:24 BILL_PHONE=06702361259
SLR19030003 LiveUpdate 2019-03-26 12:00:24 BILL_ADDRESS=
SLR19030003 LiveUpdate 2019-03-26 12:00:24 BILL_ZIPCODE=4287
SLR19030003 LiveUpdate 2019-03-26 12:00:24 BILL_CITY=Vámospércs
SLR19030003 LiveUpdate 2019-03-26 12:00:24 BILL_STATE=
SLR19030003 LiveUpdate 2019-03-26 12:00:24 BILL_COUNTRYCODE=HU
SLR19030003 LiveUpdate 2019-03-26 12:00:24 DELIVERY_FNAME=Molnár
SLR19030003 LiveUpdate 2019-03-26 12:00:24 DELIVERY_LNAME=István
SLR19030003 LiveUpdate 2019-03-26 12:00:24 DELIVERY_PHONE=06702361259
SLR19030003 LiveUpdate 2019-03-26 12:00:24 DELIVERY_ADDRESS=
SLR19030003 LiveUpdate 2019-03-26 12:00:24 DELIVERY_ZIPCODE=4287
SLR19030003 LiveUpdate 2019-03-26 12:00:24 DELIVERY_CITY=Vámospércs
SLR19030003 LiveUpdate 2019-03-26 12:00:24 DELIVERY_STATE=
SLR19030003 LiveUpdate 2019-03-26 12:00:24 DELIVERY_COUNTRYCODE=HU
SLR19030003 LiveUpdate 2019-03-26 12:00:24 ORDER_HASH=c618ced3a04ca2ed1196e8a00e465ba4
SLR19030003 LiveUpdate 2019-03-26 12:00:29 MERCHANT=
SLR19030003 LiveUpdate 2019-03-26 12:00:29 ORDER_REF=SLR19030003
SLR19030003 LiveUpdate 2019-03-26 12:00:29 ORDER_DATE=2019-03-26 12:00:29
SLR19030003 LiveUpdate 2019-03-26 12:00:29 PRICES_CURRENCY=HUF
SLR19030003 LiveUpdate 2019-03-26 12:00:29 ORDER_SHIPPING=1290
SLR19030003 LiveUpdate 2019-03-26 12:00:29 DISCOUNT=0
SLR19030003 LiveUpdate 2019-03-26 12:00:29 PAY_METHOD=CCVISAMC
SLR19030003 LiveUpdate 2019-03-26 12:00:29 LANGUAGE=HU
SLR19030003 LiveUpdate 2019-03-26 12:00:29 AUTOMODE=1
SLR19030003 LiveUpdate 2019-03-26 12:00:29 ORDER_TIMEOUT=300
SLR19030003 LiveUpdate 2019-03-26 12:00:29 TIMEOUT_URL=http://www.seal-ring.web-pro.hu/gateway/simple/timeout
SLR19030003 LiveUpdate 2019-03-26 12:00:29 BACK_REF=http://www.seal-ring.web-pro.hu/gateway/simple/backref
SLR19030003 LiveUpdate 2019-03-26 12:00:29 BILL_FNAME=Molnár
SLR19030003 LiveUpdate 2019-03-26 12:00:29 BILL_LNAME=István
SLR19030003 LiveUpdate 2019-03-26 12:00:29 BILL_EMAIL=mistvan2014@gmail.com
SLR19030003 LiveUpdate 2019-03-26 12:00:29 BILL_PHONE=06702361259
SLR19030003 LiveUpdate 2019-03-26 12:00:29 BILL_ADDRESS=
SLR19030003 LiveUpdate 2019-03-26 12:00:29 BILL_ZIPCODE=4287
SLR19030003 LiveUpdate 2019-03-26 12:00:29 BILL_CITY=Vámospércs
SLR19030003 LiveUpdate 2019-03-26 12:00:29 BILL_STATE=
SLR19030003 LiveUpdate 2019-03-26 12:00:29 BILL_COUNTRYCODE=HU
SLR19030003 LiveUpdate 2019-03-26 12:00:29 DELIVERY_FNAME=Molnár
SLR19030003 LiveUpdate 2019-03-26 12:00:29 DELIVERY_LNAME=István
SLR19030003 LiveUpdate 2019-03-26 12:00:29 DELIVERY_PHONE=06702361259
SLR19030003 LiveUpdate 2019-03-26 12:00:29 DELIVERY_ADDRESS=
SLR19030003 LiveUpdate 2019-03-26 12:00:29 DELIVERY_ZIPCODE=4287
SLR19030003 LiveUpdate 2019-03-26 12:00:29 DELIVERY_CITY=Vámospércs
SLR19030003 LiveUpdate 2019-03-26 12:00:29 DELIVERY_STATE=
SLR19030003 LiveUpdate 2019-03-26 12:00:29 DELIVERY_COUNTRYCODE=HU
SLR19030003 LiveUpdate 2019-03-26 12:00:29 ORDER_HASH=554442780be951f1b70d3e0df51f8403
SLR19030003 LiveUpdate 2019-03-26 12:00:46 MERCHANT=
SLR19030003 LiveUpdate 2019-03-26 12:00:46 ORDER_REF=SLR19030003
SLR19030003 LiveUpdate 2019-03-26 12:00:46 ORDER_DATE=2019-03-26 12:00:46
SLR19030003 LiveUpdate 2019-03-26 12:00:46 PRICES_CURRENCY=HUF
SLR19030003 LiveUpdate 2019-03-26 12:00:46 ORDER_SHIPPING=1290
SLR19030003 LiveUpdate 2019-03-26 12:00:46 DISCOUNT=0
SLR19030003 LiveUpdate 2019-03-26 12:00:46 PAY_METHOD=CCVISAMC
SLR19030003 LiveUpdate 2019-03-26 12:00:46 LANGUAGE=HU
SLR19030003 LiveUpdate 2019-03-26 12:00:46 AUTOMODE=1
SLR19030003 LiveUpdate 2019-03-26 12:00:46 ORDER_TIMEOUT=300
SLR19030003 LiveUpdate 2019-03-26 12:00:46 TIMEOUT_URL=http://www.seal-ring.web-pro.hu/gateway/simple/timeout
SLR19030003 LiveUpdate 2019-03-26 12:00:46 BACK_REF=http://www.seal-ring.web-pro.hu/gateway/simple/backref
SLR19030003 LiveUpdate 2019-03-26 12:00:46 BILL_FNAME=Molnár
SLR19030003 LiveUpdate 2019-03-26 12:00:46 BILL_LNAME=István
SLR19030003 LiveUpdate 2019-03-26 12:00:46 BILL_EMAIL=mistvan2014@gmail.com
SLR19030003 LiveUpdate 2019-03-26 12:00:46 BILL_PHONE=06702361259
SLR19030003 LiveUpdate 2019-03-26 12:00:46 BILL_ADDRESS=
SLR19030003 LiveUpdate 2019-03-26 12:00:46 BILL_ZIPCODE=4287
SLR19030003 LiveUpdate 2019-03-26 12:00:46 BILL_CITY=Vámospércs
SLR19030003 LiveUpdate 2019-03-26 12:00:46 BILL_STATE=
SLR19030003 LiveUpdate 2019-03-26 12:00:46 BILL_COUNTRYCODE=HU
SLR19030003 LiveUpdate 2019-03-26 12:00:46 DELIVERY_FNAME=Molnár
SLR19030003 LiveUpdate 2019-03-26 12:00:46 DELIVERY_LNAME=István
SLR19030003 LiveUpdate 2019-03-26 12:00:46 DELIVERY_PHONE=06702361259
SLR19030003 LiveUpdate 2019-03-26 12:00:46 DELIVERY_ADDRESS=
SLR19030003 LiveUpdate 2019-03-26 12:00:46 DELIVERY_ZIPCODE=4287
SLR19030003 LiveUpdate 2019-03-26 12:00:46 DELIVERY_CITY=Vámospércs
SLR19030003 LiveUpdate 2019-03-26 12:00:46 DELIVERY_STATE=
SLR19030003 LiveUpdate 2019-03-26 12:00:46 DELIVERY_COUNTRYCODE=HU
SLR19030003 LiveUpdate 2019-03-26 12:00:46 ORDER_HASH=c309f944c25e9b47acb190e9f97cebd6
SLR19030003 LiveUpdate 2019-03-26 12:00:54 MERCHANT=
SLR19030003 LiveUpdate 2019-03-26 12:00:54 ORDER_REF=SLR19030003
SLR19030003 LiveUpdate 2019-03-26 12:00:54 ORDER_DATE=2019-03-26 12:00:54
SLR19030003 LiveUpdate 2019-03-26 12:00:54 PRICES_CURRENCY=HUF
SLR19030003 LiveUpdate 2019-03-26 12:00:54 ORDER_SHIPPING=1290
SLR19030003 LiveUpdate 2019-03-26 12:00:54 DISCOUNT=0
SLR19030003 LiveUpdate 2019-03-26 12:00:54 PAY_METHOD=CCVISAMC
SLR19030003 LiveUpdate 2019-03-26 12:00:54 LANGUAGE=HU
SLR19030003 LiveUpdate 2019-03-26 12:00:54 AUTOMODE=1
SLR19030003 LiveUpdate 2019-03-26 12:00:54 ORDER_TIMEOUT=300
SLR19030003 LiveUpdate 2019-03-26 12:00:54 TIMEOUT_URL=http://www.seal-ring.web-pro.hu/gateway/simple/timeout
SLR19030003 LiveUpdate 2019-03-26 12:00:54 BACK_REF=http://www.seal-ring.web-pro.hu/gateway/simple/backref
SLR19030003 LiveUpdate 2019-03-26 12:00:54 BILL_FNAME=Molnár
SLR19030003 LiveUpdate 2019-03-26 12:00:54 BILL_LNAME=István
SLR19030003 LiveUpdate 2019-03-26 12:00:54 BILL_EMAIL=mistvan2014@gmail.com
SLR19030003 LiveUpdate 2019-03-26 12:00:54 BILL_PHONE=06702361259
SLR19030003 LiveUpdate 2019-03-26 12:00:54 BILL_ADDRESS=
SLR19030003 LiveUpdate 2019-03-26 12:00:54 BILL_ZIPCODE=4287
SLR19030003 LiveUpdate 2019-03-26 12:00:54 BILL_CITY=Vámospércs
SLR19030003 LiveUpdate 2019-03-26 12:00:54 BILL_STATE=
SLR19030003 LiveUpdate 2019-03-26 12:00:54 BILL_COUNTRYCODE=HU
SLR19030003 LiveUpdate 2019-03-26 12:00:54 DELIVERY_FNAME=Molnár
SLR19030003 LiveUpdate 2019-03-26 12:00:54 DELIVERY_LNAME=István
SLR19030003 LiveUpdate 2019-03-26 12:00:54 DELIVERY_PHONE=06702361259
SLR19030003 LiveUpdate 2019-03-26 12:00:54 DELIVERY_ADDRESS=
SLR19030003 LiveUpdate 2019-03-26 12:00:54 DELIVERY_ZIPCODE=4287
SLR19030003 LiveUpdate 2019-03-26 12:00:54 DELIVERY_CITY=Vámospércs
SLR19030003 LiveUpdate 2019-03-26 12:00:54 DELIVERY_STATE=
SLR19030003 LiveUpdate 2019-03-26 12:00:54 DELIVERY_COUNTRYCODE=HU
SLR19030003 LiveUpdate 2019-03-26 12:00:54 ORDER_HASH=fa0fab67a7786ba9f06457d7ad071fb7
SLR19030003 LiveUpdate 2019-03-26 12:02:43 MERCHANT=
SLR19030003 LiveUpdate 2019-03-26 12:02:43 ORDER_REF=SLR19030003
SLR19030003 LiveUpdate 2019-03-26 12:02:43 ORDER_DATE=2019-03-26 12:02:43
SLR19030003 LiveUpdate 2019-03-26 12:02:43 PRICES_CURRENCY=HUF
SLR19030003 LiveUpdate 2019-03-26 12:02:43 ORDER_SHIPPING=1290
SLR19030003 LiveUpdate 2019-03-26 12:02:43 DISCOUNT=0
SLR19030003 LiveUpdate 2019-03-26 12:02:43 PAY_METHOD=CCVISAMC
SLR19030003 LiveUpdate 2019-03-26 12:02:43 LANGUAGE=HU
SLR19030003 LiveUpdate 2019-03-26 12:02:43 AUTOMODE=1
SLR19030003 LiveUpdate 2019-03-26 12:02:43 ORDER_TIMEOUT=300
SLR19030003 LiveUpdate 2019-03-26 12:02:43 TIMEOUT_URL=http://www.seal-ring.web-pro.hu/gateway/simple/timeout
SLR19030003 LiveUpdate 2019-03-26 12:02:43 BACK_REF=http://www.seal-ring.web-pro.hu/gateway/simple/backref
SLR19030003 LiveUpdate 2019-03-26 12:02:43 BILL_FNAME=Molnár
SLR19030003 LiveUpdate 2019-03-26 12:02:43 BILL_LNAME=István
SLR19030003 LiveUpdate 2019-03-26 12:02:43 BILL_EMAIL=mistvan2014@gmail.com
SLR19030003 LiveUpdate 2019-03-26 12:02:43 BILL_PHONE=06702361259
SLR19030003 LiveUpdate 2019-03-26 12:02:43 BILL_ADDRESS=
SLR19030003 LiveUpdate 2019-03-26 12:02:43 BILL_ZIPCODE=4287
SLR19030003 LiveUpdate 2019-03-26 12:02:43 BILL_CITY=Vámospércs
SLR19030003 LiveUpdate 2019-03-26 12:02:43 BILL_STATE=
SLR19030003 LiveUpdate 2019-03-26 12:02:43 BILL_COUNTRYCODE=HU
SLR19030003 LiveUpdate 2019-03-26 12:02:43 DELIVERY_FNAME=Molnár
SLR19030003 LiveUpdate 2019-03-26 12:02:43 DELIVERY_LNAME=István
SLR19030003 LiveUpdate 2019-03-26 12:02:43 DELIVERY_PHONE=06702361259
SLR19030003 LiveUpdate 2019-03-26 12:02:43 DELIVERY_ADDRESS=
SLR19030003 LiveUpdate 2019-03-26 12:02:43 DELIVERY_ZIPCODE=4287
SLR19030003 LiveUpdate 2019-03-26 12:02:43 DELIVERY_CITY=Vámospércs
SLR19030003 LiveUpdate 2019-03-26 12:02:43 DELIVERY_STATE=
SLR19030003 LiveUpdate 2019-03-26 12:02:43 DELIVERY_COUNTRYCODE=HU
SLR19030003 LiveUpdate 2019-03-26 12:02:43 ORDER_HASH=d184f65da03b0e250b8dc18b6f97ac68
SLR19030003 LiveUpdate 2019-03-26 12:02:48 MERCHANT=
SLR19030003 LiveUpdate 2019-03-26 12:02:48 ORDER_REF=SLR19030003
SLR19030003 LiveUpdate 2019-03-26 12:02:48 ORDER_DATE=2019-03-26 12:02:48
SLR19030003 LiveUpdate 2019-03-26 12:02:48 PRICES_CURRENCY=HUF
SLR19030003 LiveUpdate 2019-03-26 12:02:48 ORDER_SHIPPING=1290
SLR19030003 LiveUpdate 2019-03-26 12:02:48 DISCOUNT=0
SLR19030003 LiveUpdate 2019-03-26 12:02:48 PAY_METHOD=CCVISAMC
SLR19030003 LiveUpdate 2019-03-26 12:02:48 LANGUAGE=HU
SLR19030003 LiveUpdate 2019-03-26 12:02:48 AUTOMODE=1
SLR19030003 LiveUpdate 2019-03-26 12:02:48 ORDER_TIMEOUT=300
SLR19030003 LiveUpdate 2019-03-26 12:02:48 TIMEOUT_URL=http://www.seal-ring.web-pro.hu/gateway/simple/timeout
SLR19030003 LiveUpdate 2019-03-26 12:02:48 BACK_REF=http://www.seal-ring.web-pro.hu/gateway/simple/backref
SLR19030003 LiveUpdate 2019-03-26 12:02:48 BILL_FNAME=Molnár
SLR19030003 LiveUpdate 2019-03-26 12:02:48 BILL_LNAME=István
SLR19030003 LiveUpdate 2019-03-26 12:02:48 BILL_EMAIL=mistvan2014@gmail.com
SLR19030003 LiveUpdate 2019-03-26 12:02:48 BILL_PHONE=06702361259
SLR19030003 LiveUpdate 2019-03-26 12:02:48 BILL_ADDRESS=
SLR19030003 LiveUpdate 2019-03-26 12:02:48 BILL_ZIPCODE=4287
SLR19030003 LiveUpdate 2019-03-26 12:02:48 BILL_CITY=Vámospércs
SLR19030003 LiveUpdate 2019-03-26 12:02:48 BILL_STATE=
SLR19030003 LiveUpdate 2019-03-26 12:02:48 BILL_COUNTRYCODE=HU
SLR19030003 LiveUpdate 2019-03-26 12:02:48 DELIVERY_FNAME=Molnár
SLR19030003 LiveUpdate 2019-03-26 12:02:48 DELIVERY_LNAME=István
SLR19030003 LiveUpdate 2019-03-26 12:02:48 DELIVERY_PHONE=06702361259
SLR19030003 LiveUpdate 2019-03-26 12:02:48 DELIVERY_ADDRESS=
SLR19030003 LiveUpdate 2019-03-26 12:02:48 DELIVERY_ZIPCODE=4287
SLR19030003 LiveUpdate 2019-03-26 12:02:48 DELIVERY_CITY=Vámospércs
SLR19030003 LiveUpdate 2019-03-26 12:02:48 DELIVERY_STATE=
SLR19030003 LiveUpdate 2019-03-26 12:02:48 DELIVERY_COUNTRYCODE=HU
SLR19030003 LiveUpdate 2019-03-26 12:02:48 ORDER_HASH=f2ebbfcb0e57079bdfb6b72304d380f3
SLR19030003 LiveUpdate 2019-03-26 12:03:54 MERCHANT=
SLR19030003 LiveUpdate 2019-03-26 12:03:54 ORDER_REF=SLR19030003
SLR19030003 LiveUpdate 2019-03-26 12:03:54 ORDER_DATE=2019-03-26 12:03:54
SLR19030003 LiveUpdate 2019-03-26 12:03:54 PRICES_CURRENCY=HUF
SLR19030003 LiveUpdate 2019-03-26 12:03:54 ORDER_SHIPPING=1290
SLR19030003 LiveUpdate 2019-03-26 12:03:54 DISCOUNT=0
SLR19030003 LiveUpdate 2019-03-26 12:03:54 PAY_METHOD=CCVISAMC
SLR19030003 LiveUpdate 2019-03-26 12:03:54 LANGUAGE=HU
SLR19030003 LiveUpdate 2019-03-26 12:03:54 AUTOMODE=1
SLR19030003 LiveUpdate 2019-03-26 12:03:54 ORDER_TIMEOUT=300
SLR19030003 LiveUpdate 2019-03-26 12:03:54 TIMEOUT_URL=http://www.seal-ring.web-pro.hu/gateway/simple/timeout
SLR19030003 LiveUpdate 2019-03-26 12:03:54 BACK_REF=http://www.seal-ring.web-pro.hu/gateway/simple/backref
SLR19030003 LiveUpdate 2019-03-26 12:03:54 BILL_FNAME=Molnár
SLR19030003 LiveUpdate 2019-03-26 12:03:54 BILL_LNAME=István
SLR19030003 LiveUpdate 2019-03-26 12:03:54 BILL_EMAIL=mistvan2014@gmail.com
SLR19030003 LiveUpdate 2019-03-26 12:03:54 BILL_PHONE=06702361259
SLR19030003 LiveUpdate 2019-03-26 12:03:54 BILL_ADDRESS=
SLR19030003 LiveUpdate 2019-03-26 12:03:54 BILL_ZIPCODE=4287
SLR19030003 LiveUpdate 2019-03-26 12:03:54 BILL_CITY=Vámospércs
SLR19030003 LiveUpdate 2019-03-26 12:03:54 BILL_STATE=
SLR19030003 LiveUpdate 2019-03-26 12:03:54 BILL_COUNTRYCODE=HU
SLR19030003 LiveUpdate 2019-03-26 12:03:54 DELIVERY_FNAME=Molnár
SLR19030003 LiveUpdate 2019-03-26 12:03:54 DELIVERY_LNAME=István
SLR19030003 LiveUpdate 2019-03-26 12:03:54 DELIVERY_PHONE=06702361259
SLR19030003 LiveUpdate 2019-03-26 12:03:54 DELIVERY_ADDRESS=
SLR19030003 LiveUpdate 2019-03-26 12:03:54 DELIVERY_ZIPCODE=4287
SLR19030003 LiveUpdate 2019-03-26 12:03:54 DELIVERY_CITY=Vámospércs
SLR19030003 LiveUpdate 2019-03-26 12:03:54 DELIVERY_STATE=
SLR19030003 LiveUpdate 2019-03-26 12:03:54 DELIVERY_COUNTRYCODE=HU
SLR19030003 LiveUpdate 2019-03-26 12:03:54 ORDER_HASH=c21eb1cd182146c063c0d1f096183dce
SLR19030003 LiveUpdate 2019-03-26 12:04:05 MERCHANT=
SLR19030003 LiveUpdate 2019-03-26 12:04:05 ORDER_REF=SLR19030003
SLR19030003 LiveUpdate 2019-03-26 12:04:05 ORDER_DATE=2019-03-26 12:04:05
SLR19030003 LiveUpdate 2019-03-26 12:04:05 PRICES_CURRENCY=HUF
SLR19030003 LiveUpdate 2019-03-26 12:04:05 ORDER_SHIPPING=1290
SLR19030003 LiveUpdate 2019-03-26 12:04:05 DISCOUNT=0
SLR19030003 LiveUpdate 2019-03-26 12:04:05 PAY_METHOD=CCVISAMC
SLR19030003 LiveUpdate 2019-03-26 12:04:05 LANGUAGE=HU
SLR19030003 LiveUpdate 2019-03-26 12:04:05 AUTOMODE=1
SLR19030003 LiveUpdate 2019-03-26 12:04:05 ORDER_TIMEOUT=300
SLR19030003 LiveUpdate 2019-03-26 12:04:05 TIMEOUT_URL=http://www.seal-ring.web-pro.hu/gateway/simple/timeout
SLR19030003 LiveUpdate 2019-03-26 12:04:05 BACK_REF=http://www.seal-ring.web-pro.hu/gateway/simple/backref
SLR19030003 LiveUpdate 2019-03-26 12:04:05 BILL_FNAME=Molnár
SLR19030003 LiveUpdate 2019-03-26 12:04:05 BILL_LNAME=István
SLR19030003 LiveUpdate 2019-03-26 12:04:05 BILL_EMAIL=mistvan2014@gmail.com
SLR19030003 LiveUpdate 2019-03-26 12:04:05 BILL_PHONE=06702361259
SLR19030003 LiveUpdate 2019-03-26 12:04:05 BILL_ADDRESS=
SLR19030003 LiveUpdate 2019-03-26 12:04:05 BILL_ZIPCODE=4287
SLR19030003 LiveUpdate 2019-03-26 12:04:05 BILL_CITY=Vámospércs
SLR19030003 LiveUpdate 2019-03-26 12:04:05 BILL_STATE=
SLR19030003 LiveUpdate 2019-03-26 12:04:05 BILL_COUNTRYCODE=HU
SLR19030003 LiveUpdate 2019-03-26 12:04:05 DELIVERY_FNAME=Molnár
SLR19030003 LiveUpdate 2019-03-26 12:04:05 DELIVERY_LNAME=István
SLR19030003 LiveUpdate 2019-03-26 12:04:05 DELIVERY_PHONE=06702361259
SLR19030003 LiveUpdate 2019-03-26 12:04:05 DELIVERY_ADDRESS=
SLR19030003 LiveUpdate 2019-03-26 12:04:05 DELIVERY_ZIPCODE=4287
SLR19030003 LiveUpdate 2019-03-26 12:04:05 DELIVERY_CITY=Vámospércs
SLR19030003 LiveUpdate 2019-03-26 12:04:05 DELIVERY_STATE=
SLR19030003 LiveUpdate 2019-03-26 12:04:05 DELIVERY_COUNTRYCODE=HU
SLR19030003 LiveUpdate 2019-03-26 12:04:05 ORDER_HASH=0a4bbd3632cb236bcf6333874e2c2453
SLR19030003 LiveUpdate 2019-03-26 12:04:10 MERCHANT=
SLR19030003 LiveUpdate 2019-03-26 12:04:10 ORDER_REF=SLR19030003
SLR19030003 LiveUpdate 2019-03-26 12:04:10 ORDER_DATE=2019-03-26 12:04:10
SLR19030003 LiveUpdate 2019-03-26 12:04:10 PRICES_CURRENCY=HUF
SLR19030003 LiveUpdate 2019-03-26 12:04:10 ORDER_SHIPPING=1290
SLR19030003 LiveUpdate 2019-03-26 12:04:10 DISCOUNT=0
SLR19030003 LiveUpdate 2019-03-26 12:04:10 PAY_METHOD=CCVISAMC
SLR19030003 LiveUpdate 2019-03-26 12:04:10 LANGUAGE=HU
SLR19030003 LiveUpdate 2019-03-26 12:04:10 AUTOMODE=1
SLR19030003 LiveUpdate 2019-03-26 12:04:10 ORDER_TIMEOUT=300
SLR19030003 LiveUpdate 2019-03-26 12:04:10 TIMEOUT_URL=http://www.seal-ring.web-pro.hu/gateway/simple/timeout
SLR19030003 LiveUpdate 2019-03-26 12:04:10 BACK_REF=http://www.seal-ring.web-pro.hu/gateway/simple/backref
SLR19030003 LiveUpdate 2019-03-26 12:04:10 BILL_FNAME=Molnár
SLR19030003 LiveUpdate 2019-03-26 12:04:10 BILL_LNAME=István
SLR19030003 LiveUpdate 2019-03-26 12:04:10 BILL_EMAIL=mistvan2014@gmail.com
SLR19030003 LiveUpdate 2019-03-26 12:04:10 BILL_PHONE=06702361259
SLR19030003 LiveUpdate 2019-03-26 12:04:10 BILL_ADDRESS=
SLR19030003 LiveUpdate 2019-03-26 12:04:10 BILL_ZIPCODE=4287
SLR19030003 LiveUpdate 2019-03-26 12:04:10 BILL_CITY=Vámospércs
SLR19030003 LiveUpdate 2019-03-26 12:04:10 BILL_STATE=
SLR19030003 LiveUpdate 2019-03-26 12:04:10 BILL_COUNTRYCODE=HU
SLR19030003 LiveUpdate 2019-03-26 12:04:10 DELIVERY_FNAME=Molnár
SLR19030003 LiveUpdate 2019-03-26 12:04:10 DELIVERY_LNAME=István
SLR19030003 LiveUpdate 2019-03-26 12:04:10 DELIVERY_PHONE=06702361259
SLR19030003 LiveUpdate 2019-03-26 12:04:10 DELIVERY_ADDRESS=
SLR19030003 LiveUpdate 2019-03-26 12:04:10 DELIVERY_ZIPCODE=4287
SLR19030003 LiveUpdate 2019-03-26 12:04:10 DELIVERY_CITY=Vámospércs
SLR19030003 LiveUpdate 2019-03-26 12:04:10 DELIVERY_STATE=
SLR19030003 LiveUpdate 2019-03-26 12:04:10 DELIVERY_COUNTRYCODE=HU
SLR19030003 LiveUpdate 2019-03-26 12:04:10 ORDER_HASH=2fdb2d444e367ee588cfdd0b67dbb1d2
SLR19030003 LiveUpdate 2019-03-26 12:05:08 MERCHANT=
SLR19030003 LiveUpdate 2019-03-26 12:05:08 ORDER_REF=SLR19030003
SLR19030003 LiveUpdate 2019-03-26 12:05:08 ORDER_DATE=2019-03-26 12:05:08
SLR19030003 LiveUpdate 2019-03-26 12:05:08 PRICES_CURRENCY=HUF
SLR19030003 LiveUpdate 2019-03-26 12:05:08 ORDER_SHIPPING=1290
SLR19030003 LiveUpdate 2019-03-26 12:05:08 DISCOUNT=0
SLR19030003 LiveUpdate 2019-03-26 12:05:08 PAY_METHOD=CCVISAMC
SLR19030003 LiveUpdate 2019-03-26 12:05:08 LANGUAGE=HU
SLR19030003 LiveUpdate 2019-03-26 12:05:08 AUTOMODE=1
SLR19030003 LiveUpdate 2019-03-26 12:05:08 ORDER_TIMEOUT=300
SLR19030003 LiveUpdate 2019-03-26 12:05:08 TIMEOUT_URL=http://www.seal-ring.web-pro.hu/gateway/simple/timeout
SLR19030003 LiveUpdate 2019-03-26 12:05:08 BACK_REF=http://www.seal-ring.web-pro.hu/gateway/simple/backref
SLR19030003 LiveUpdate 2019-03-26 12:05:08 BILL_FNAME=Molnár
SLR19030003 LiveUpdate 2019-03-26 12:05:08 BILL_LNAME=István
SLR19030003 LiveUpdate 2019-03-26 12:05:08 BILL_EMAIL=mistvan2014@gmail.com
SLR19030003 LiveUpdate 2019-03-26 12:05:08 BILL_PHONE=06702361259
SLR19030003 LiveUpdate 2019-03-26 12:05:08 BILL_ADDRESS=
SLR19030003 LiveUpdate 2019-03-26 12:05:08 BILL_ZIPCODE=4287
SLR19030003 LiveUpdate 2019-03-26 12:05:08 BILL_CITY=Vámospércs
SLR19030003 LiveUpdate 2019-03-26 12:05:08 BILL_STATE=
SLR19030003 LiveUpdate 2019-03-26 12:05:08 BILL_COUNTRYCODE=HU
SLR19030003 LiveUpdate 2019-03-26 12:05:08 DELIVERY_FNAME=Molnár
SLR19030003 LiveUpdate 2019-03-26 12:05:08 DELIVERY_LNAME=István
SLR19030003 LiveUpdate 2019-03-26 12:05:08 DELIVERY_PHONE=06702361259
SLR19030003 LiveUpdate 2019-03-26 12:05:08 DELIVERY_ADDRESS=
SLR19030003 LiveUpdate 2019-03-26 12:05:08 DELIVERY_ZIPCODE=4287
SLR19030003 LiveUpdate 2019-03-26 12:05:08 DELIVERY_CITY=Vámospércs
SLR19030003 LiveUpdate 2019-03-26 12:05:08 DELIVERY_STATE=
SLR19030003 LiveUpdate 2019-03-26 12:05:08 DELIVERY_COUNTRYCODE=HU
SLR19030003 LiveUpdate 2019-03-26 12:05:08 ORDER_HASH=17af4e2ef25288ae0ceb277485128235
SLR19030003 LiveUpdate 2019-03-26 12:09:54 MERCHANT=
SLR19030003 LiveUpdate 2019-03-26 12:09:54 ORDER_REF=SLR19030003
SLR19030003 LiveUpdate 2019-03-26 12:09:54 ORDER_DATE=2019-03-26 12:09:54
SLR19030003 LiveUpdate 2019-03-26 12:09:54 PRICES_CURRENCY=HUF
SLR19030003 LiveUpdate 2019-03-26 12:09:54 ORDER_SHIPPING=1290
SLR19030003 LiveUpdate 2019-03-26 12:09:54 DISCOUNT=0
SLR19030003 LiveUpdate 2019-03-26 12:09:54 PAY_METHOD=CCVISAMC
SLR19030003 LiveUpdate 2019-03-26 12:09:54 LANGUAGE=HU
SLR19030003 LiveUpdate 2019-03-26 12:09:54 AUTOMODE=1
SLR19030003 LiveUpdate 2019-03-26 12:09:54 ORDER_TIMEOUT=300
SLR19030003 LiveUpdate 2019-03-26 12:09:54 TIMEOUT_URL=http://www.seal-ring.web-pro.hu/gateway/simple/timeout
SLR19030003 LiveUpdate 2019-03-26 12:09:54 BACK_REF=http://www.seal-ring.web-pro.hu/gateway/simple/backref
SLR19030003 LiveUpdate 2019-03-26 12:09:54 BILL_FNAME=Molnár
SLR19030003 LiveUpdate 2019-03-26 12:09:54 BILL_LNAME=István
SLR19030003 LiveUpdate 2019-03-26 12:09:54 BILL_EMAIL=mistvan2014@gmail.com
SLR19030003 LiveUpdate 2019-03-26 12:09:54 BILL_PHONE=06702361259
SLR19030003 LiveUpdate 2019-03-26 12:09:54 BILL_ADDRESS=
SLR19030003 LiveUpdate 2019-03-26 12:09:54 BILL_ZIPCODE=4287
SLR19030003 LiveUpdate 2019-03-26 12:09:54 BILL_CITY=Vámospércs
SLR19030003 LiveUpdate 2019-03-26 12:09:54 BILL_STATE=
SLR19030003 LiveUpdate 2019-03-26 12:09:54 BILL_COUNTRYCODE=HU
SLR19030003 LiveUpdate 2019-03-26 12:09:54 DELIVERY_FNAME=Molnár
SLR19030003 LiveUpdate 2019-03-26 12:09:54 DELIVERY_LNAME=István
SLR19030003 LiveUpdate 2019-03-26 12:09:54 DELIVERY_PHONE=06702361259
SLR19030003 LiveUpdate 2019-03-26 12:09:54 DELIVERY_ADDRESS=
SLR19030003 LiveUpdate 2019-03-26 12:09:54 DELIVERY_ZIPCODE=4287
SLR19030003 LiveUpdate 2019-03-26 12:09:54 DELIVERY_CITY=Vámospércs
SLR19030003 LiveUpdate 2019-03-26 12:09:54 DELIVERY_STATE=
SLR19030003 LiveUpdate 2019-03-26 12:09:54 DELIVERY_COUNTRYCODE=HU
SLR19030003 LiveUpdate 2019-03-26 12:09:54 ORDER_HASH=348c52ae989b91587f57461cd9081bc3
SLR19030003 LiveUpdate 2019-03-26 12:11:00 MERCHANT=
SLR19030003 LiveUpdate 2019-03-26 12:11:00 ORDER_REF=SLR19030003
SLR19030003 LiveUpdate 2019-03-26 12:11:00 ORDER_DATE=2019-03-26 12:11:00
SLR19030003 LiveUpdate 2019-03-26 12:11:00 PRICES_CURRENCY=HUF
SLR19030003 LiveUpdate 2019-03-26 12:11:00 ORDER_SHIPPING=1290
SLR19030003 LiveUpdate 2019-03-26 12:11:00 DISCOUNT=0
SLR19030003 LiveUpdate 2019-03-26 12:11:00 PAY_METHOD=CCVISAMC
SLR19030003 LiveUpdate 2019-03-26 12:11:00 LANGUAGE=HU
SLR19030003 LiveUpdate 2019-03-26 12:11:00 AUTOMODE=1
SLR19030003 LiveUpdate 2019-03-26 12:11:00 ORDER_TIMEOUT=300
SLR19030003 LiveUpdate 2019-03-26 12:11:00 TIMEOUT_URL=http://www.seal-ring.web-pro.hu/gateway/simple/timeout
SLR19030003 LiveUpdate 2019-03-26 12:11:00 BACK_REF=http://www.seal-ring.web-pro.hu/gateway/simple/backref
SLR19030003 LiveUpdate 2019-03-26 12:11:00 BILL_FNAME=Molnár
SLR19030003 LiveUpdate 2019-03-26 12:11:00 BILL_LNAME=István
SLR19030003 LiveUpdate 2019-03-26 12:11:00 BILL_EMAIL=mistvan2014@gmail.com
SLR19030003 LiveUpdate 2019-03-26 12:11:00 BILL_PHONE=06702361259
SLR19030003 LiveUpdate 2019-03-26 12:11:00 BILL_ADDRESS=
SLR19030003 LiveUpdate 2019-03-26 12:11:00 BILL_ZIPCODE=4287
SLR19030003 LiveUpdate 2019-03-26 12:11:00 BILL_CITY=Vámospércs
SLR19030003 LiveUpdate 2019-03-26 12:11:00 BILL_STATE=
SLR19030003 LiveUpdate 2019-03-26 12:11:00 BILL_COUNTRYCODE=HU
SLR19030003 LiveUpdate 2019-03-26 12:11:00 DELIVERY_FNAME=Molnár
SLR19030003 LiveUpdate 2019-03-26 12:11:00 DELIVERY_LNAME=István
SLR19030003 LiveUpdate 2019-03-26 12:11:00 DELIVERY_PHONE=06702361259
SLR19030003 LiveUpdate 2019-03-26 12:11:00 DELIVERY_ADDRESS=
SLR19030003 LiveUpdate 2019-03-26 12:11:00 DELIVERY_ZIPCODE=4287
SLR19030003 LiveUpdate 2019-03-26 12:11:00 DELIVERY_CITY=Vámospércs
SLR19030003 LiveUpdate 2019-03-26 12:11:00 DELIVERY_STATE=
SLR19030003 LiveUpdate 2019-03-26 12:11:00 DELIVERY_COUNTRYCODE=HU
SLR19030003 LiveUpdate 2019-03-26 12:11:00 ORDER_HASH=d99db9cef30aa0b2a3e2f6e948bd94c3
SLR19030003 LiveUpdate 2019-03-26 12:11:12 MERCHANT=
SLR19030003 LiveUpdate 2019-03-26 12:11:12 ORDER_REF=SLR19030003
SLR19030003 LiveUpdate 2019-03-26 12:11:12 ORDER_DATE=2019-03-26 12:11:12
SLR19030003 LiveUpdate 2019-03-26 12:11:12 PRICES_CURRENCY=HUF
SLR19030003 LiveUpdate 2019-03-26 12:11:12 ORDER_SHIPPING=1290
SLR19030003 LiveUpdate 2019-03-26 12:11:12 DISCOUNT=0
SLR19030003 LiveUpdate 2019-03-26 12:11:12 PAY_METHOD=CCVISAMC
SLR19030003 LiveUpdate 2019-03-26 12:11:12 LANGUAGE=HU
SLR19030003 LiveUpdate 2019-03-26 12:11:12 AUTOMODE=1
SLR19030003 LiveUpdate 2019-03-26 12:11:12 ORDER_TIMEOUT=300
SLR19030003 LiveUpdate 2019-03-26 12:11:12 TIMEOUT_URL=http://www.seal-ring.web-pro.hu/gateway/simple/timeout
SLR19030003 LiveUpdate 2019-03-26 12:11:12 BACK_REF=http://www.seal-ring.web-pro.hu/gateway/simple/backref
SLR19030003 LiveUpdate 2019-03-26 12:11:12 BILL_FNAME=Molnár
SLR19030003 LiveUpdate 2019-03-26 12:11:12 BILL_LNAME=István
SLR19030003 LiveUpdate 2019-03-26 12:11:12 BILL_EMAIL=mistvan2014@gmail.com
SLR19030003 LiveUpdate 2019-03-26 12:11:12 BILL_PHONE=06702361259
SLR19030003 LiveUpdate 2019-03-26 12:11:12 BILL_ADDRESS=
SLR19030003 LiveUpdate 2019-03-26 12:11:12 BILL_ZIPCODE=4287
SLR19030003 LiveUpdate 2019-03-26 12:11:12 BILL_CITY=Vámospércs
SLR19030003 LiveUpdate 2019-03-26 12:11:12 BILL_STATE=
SLR19030003 LiveUpdate 2019-03-26 12:11:12 BILL_COUNTRYCODE=HU
SLR19030003 LiveUpdate 2019-03-26 12:11:12 DELIVERY_FNAME=Molnár
SLR19030003 LiveUpdate 2019-03-26 12:11:12 DELIVERY_LNAME=István
SLR19030003 LiveUpdate 2019-03-26 12:11:12 DELIVERY_PHONE=06702361259
SLR19030003 LiveUpdate 2019-03-26 12:11:12 DELIVERY_ADDRESS=
SLR19030003 LiveUpdate 2019-03-26 12:11:12 DELIVERY_ZIPCODE=4287
SLR19030003 LiveUpdate 2019-03-26 12:11:12 DELIVERY_CITY=Vámospércs
SLR19030003 LiveUpdate 2019-03-26 12:11:12 DELIVERY_STATE=
SLR19030003 LiveUpdate 2019-03-26 12:11:12 DELIVERY_COUNTRYCODE=HU
SLR19030003 LiveUpdate 2019-03-26 12:11:12 ORDER_HASH=7d5755bc063a5b6f495f947e514dbb36
SLR19030003 LiveUpdate 2019-03-26 12:21:14 MERCHANT=
SLR19030003 LiveUpdate 2019-03-26 12:21:14 ORDER_REF=SLR19030003
SLR19030003 LiveUpdate 2019-03-26 12:21:14 ORDER_DATE=2019-03-26 12:21:14
SLR19030003 LiveUpdate 2019-03-26 12:21:14 PRICES_CURRENCY=HUF
SLR19030003 LiveUpdate 2019-03-26 12:21:14 ORDER_SHIPPING=1290
SLR19030003 LiveUpdate 2019-03-26 12:21:14 DISCOUNT=0
SLR19030003 LiveUpdate 2019-03-26 12:21:14 PAY_METHOD=CCVISAMC
SLR19030003 LiveUpdate 2019-03-26 12:21:14 LANGUAGE=HU
SLR19030003 LiveUpdate 2019-03-26 12:21:14 AUTOMODE=1
SLR19030003 LiveUpdate 2019-03-26 12:21:14 ORDER_TIMEOUT=300
SLR19030003 LiveUpdate 2019-03-26 12:21:14 TIMEOUT_URL=http://www.seal-ring.web-pro.hu/gateway/simple/timeout
SLR19030003 LiveUpdate 2019-03-26 12:21:14 BACK_REF=http://www.seal-ring.web-pro.hu/gateway/simple/backref
SLR19030003 LiveUpdate 2019-03-26 12:21:14 BILL_FNAME=Molnár
SLR19030003 LiveUpdate 2019-03-26 12:21:14 BILL_LNAME=István
SLR19030003 LiveUpdate 2019-03-26 12:21:14 BILL_EMAIL=mistvan2014@gmail.com
SLR19030003 LiveUpdate 2019-03-26 12:21:14 BILL_PHONE=06702361259
SLR19030003 LiveUpdate 2019-03-26 12:21:14 BILL_ADDRESS=
SLR19030003 LiveUpdate 2019-03-26 12:21:14 BILL_ZIPCODE=4287
SLR19030003 LiveUpdate 2019-03-26 12:21:14 BILL_CITY=Vámospércs
SLR19030003 LiveUpdate 2019-03-26 12:21:14 BILL_STATE=
SLR19030003 LiveUpdate 2019-03-26 12:21:14 BILL_COUNTRYCODE=HU
SLR19030003 LiveUpdate 2019-03-26 12:21:14 DELIVERY_FNAME=Molnár
SLR19030003 LiveUpdate 2019-03-26 12:21:14 DELIVERY_LNAME=István
SLR19030003 LiveUpdate 2019-03-26 12:21:14 DELIVERY_PHONE=06702361259
SLR19030003 LiveUpdate 2019-03-26 12:21:14 DELIVERY_ADDRESS=
SLR19030003 LiveUpdate 2019-03-26 12:21:14 DELIVERY_ZIPCODE=4287
SLR19030003 LiveUpdate 2019-03-26 12:21:14 DELIVERY_CITY=Vámospércs
SLR19030003 LiveUpdate 2019-03-26 12:21:14 DELIVERY_STATE=
SLR19030003 LiveUpdate 2019-03-26 12:21:14 DELIVERY_COUNTRYCODE=HU
SLR19030003 LiveUpdate 2019-03-26 12:21:14 ORDER_HASH=8725d2516c856a719c5467d39612e582
