SLR19060010 LiveUpdate 2019-06-07 08:40:28 MERCHANT=
SLR19060010 LiveUpdate 2019-06-07 08:40:28 ORDER_REF=SLR19060010
SLR19060010 LiveUpdate 2019-06-07 08:40:28 ORDER_DATE=2019-06-07 08:40:28
SLR19060010 LiveUpdate 2019-06-07 08:40:28 PRICES_CURRENCY=HUF
SLR19060010 LiveUpdate 2019-06-07 08:40:28 ORDER_SHIPPING=2000
SLR19060010 LiveUpdate 2019-06-07 08:40:28 DISCOUNT=0
SLR19060010 LiveUpdate 2019-06-07 08:40:28 PAY_METHOD=CCVISAMC
SLR19060010 LiveUpdate 2019-06-07 08:40:28 LANGUAGE=HU
SLR19060010 LiveUpdate 2019-06-07 08:40:28 AUTOMODE=1
SLR19060010 LiveUpdate 2019-06-07 08:40:28 ORDER_TIMEOUT=300
SLR19060010 LiveUpdate 2019-06-07 08:40:28 TIMEOUT_URL=http://www.seal-ring.web-pro.hu/gateway/simple/timeout
SLR19060010 LiveUpdate 2019-06-07 08:40:28 BACK_REF=http://www.seal-ring.web-pro.hu/gateway/simple/backref
SLR19060010 LiveUpdate 2019-06-07 08:40:28 BILL_FNAME=Seal
SLR19060010 LiveUpdate 2019-06-07 08:40:28 BILL_LNAME=Ring
SLR19060010 LiveUpdate 2019-06-07 08:40:28 BILL_EMAIL=office@sealring.hu
SLR19060010 LiveUpdate 2019-06-07 08:40:28 BILL_PHONE=+3672210776
SLR19060010 LiveUpdate 2019-06-07 08:40:28 BILL_ADDRESS=
SLR19060010 LiveUpdate 2019-06-07 08:40:28 BILL_ZIPCODE=7632
SLR19060010 LiveUpdate 2019-06-07 08:40:28 BILL_CITY=Pécs
SLR19060010 LiveUpdate 2019-06-07 08:40:28 BILL_STATE=
SLR19060010 LiveUpdate 2019-06-07 08:40:28 BILL_COUNTRYCODE=HU
SLR19060010 LiveUpdate 2019-06-07 08:40:28 DELIVERY_FNAME=Seal
SLR19060010 LiveUpdate 2019-06-07 08:40:28 DELIVERY_LNAME=Ring
SLR19060010 LiveUpdate 2019-06-07 08:40:28 DELIVERY_PHONE=+3672210776
SLR19060010 LiveUpdate 2019-06-07 08:40:28 DELIVERY_ADDRESS=
SLR19060010 LiveUpdate 2019-06-07 08:40:28 DELIVERY_ZIPCODE=7632
SLR19060010 LiveUpdate 2019-06-07 08:40:28 DELIVERY_CITY=Pécs
SLR19060010 LiveUpdate 2019-06-07 08:40:28 DELIVERY_STATE=
SLR19060010 LiveUpdate 2019-06-07 08:40:28 DELIVERY_COUNTRYCODE=HU
SLR19060010 LiveUpdate 2019-06-07 08:40:28 ORDER_HASH=4990517b16c35ae539ec24e8a217a1e4
SLR19060010 LiveUpdate 2019-06-07 08:40:30 MERCHANT=
SLR19060010 LiveUpdate 2019-06-07 08:40:30 ORDER_REF=SLR19060010
SLR19060010 LiveUpdate 2019-06-07 08:40:30 ORDER_DATE=2019-06-07 08:40:30
SLR19060010 LiveUpdate 2019-06-07 08:40:30 PRICES_CURRENCY=HUF
SLR19060010 LiveUpdate 2019-06-07 08:40:30 ORDER_SHIPPING=2000
SLR19060010 LiveUpdate 2019-06-07 08:40:30 DISCOUNT=0
SLR19060010 LiveUpdate 2019-06-07 08:40:30 PAY_METHOD=CCVISAMC
SLR19060010 LiveUpdate 2019-06-07 08:40:30 LANGUAGE=HU
SLR19060010 LiveUpdate 2019-06-07 08:40:30 AUTOMODE=1
SLR19060010 LiveUpdate 2019-06-07 08:40:30 ORDER_TIMEOUT=300
SLR19060010 LiveUpdate 2019-06-07 08:40:30 TIMEOUT_URL=http://www.seal-ring.web-pro.hu/gateway/simple/timeout
SLR19060010 LiveUpdate 2019-06-07 08:40:30 BACK_REF=http://www.seal-ring.web-pro.hu/gateway/simple/backref
SLR19060010 LiveUpdate 2019-06-07 08:40:30 BILL_FNAME=Seal
SLR19060010 LiveUpdate 2019-06-07 08:40:30 BILL_LNAME=Ring
SLR19060010 LiveUpdate 2019-06-07 08:40:30 BILL_EMAIL=office@sealring.hu
SLR19060010 LiveUpdate 2019-06-07 08:40:30 BILL_PHONE=+3672210776
SLR19060010 LiveUpdate 2019-06-07 08:40:30 BILL_ADDRESS=
SLR19060010 LiveUpdate 2019-06-07 08:40:30 BILL_ZIPCODE=7632
SLR19060010 LiveUpdate 2019-06-07 08:40:30 BILL_CITY=Pécs
SLR19060010 LiveUpdate 2019-06-07 08:40:30 BILL_STATE=
SLR19060010 LiveUpdate 2019-06-07 08:40:30 BILL_COUNTRYCODE=HU
SLR19060010 LiveUpdate 2019-06-07 08:40:30 DELIVERY_FNAME=Seal
SLR19060010 LiveUpdate 2019-06-07 08:40:30 DELIVERY_LNAME=Ring
SLR19060010 LiveUpdate 2019-06-07 08:40:30 DELIVERY_PHONE=+3672210776
SLR19060010 LiveUpdate 2019-06-07 08:40:30 DELIVERY_ADDRESS=
SLR19060010 LiveUpdate 2019-06-07 08:40:30 DELIVERY_ZIPCODE=7632
SLR19060010 LiveUpdate 2019-06-07 08:40:30 DELIVERY_CITY=Pécs
SLR19060010 LiveUpdate 2019-06-07 08:40:30 DELIVERY_STATE=
SLR19060010 LiveUpdate 2019-06-07 08:40:30 DELIVERY_COUNTRYCODE=HU
SLR19060010 LiveUpdate 2019-06-07 08:40:30 ORDER_HASH=6339a3dae897ecf24865d5b7b11d5414
SLR19060011 LiveUpdate 2019-06-07 11:07:38 MERCHANT=
SLR19060011 LiveUpdate 2019-06-07 11:07:38 ORDER_REF=SLR19060011
SLR19060011 LiveUpdate 2019-06-07 11:07:38 ORDER_DATE=2019-06-07 11:07:38
SLR19060011 LiveUpdate 2019-06-07 11:07:38 PRICES_CURRENCY=HUF
SLR19060011 LiveUpdate 2019-06-07 11:07:38 ORDER_SHIPPING=2000
SLR19060011 LiveUpdate 2019-06-07 11:07:38 DISCOUNT=0
SLR19060011 LiveUpdate 2019-06-07 11:07:38 PAY_METHOD=CCVISAMC
SLR19060011 LiveUpdate 2019-06-07 11:07:38 LANGUAGE=HU
SLR19060011 LiveUpdate 2019-06-07 11:07:38 AUTOMODE=1
SLR19060011 LiveUpdate 2019-06-07 11:07:38 ORDER_TIMEOUT=300
SLR19060011 LiveUpdate 2019-06-07 11:07:38 TIMEOUT_URL=http://www.seal-ring.web-pro.hu/gateway/simple/timeout
SLR19060011 LiveUpdate 2019-06-07 11:07:38 BACK_REF=http://www.seal-ring.web-pro.hu/gateway/simple/backref
SLR19060011 LiveUpdate 2019-06-07 11:07:38 BILL_FNAME=Seal
SLR19060011 LiveUpdate 2019-06-07 11:07:38 BILL_LNAME=Ring
SLR19060011 LiveUpdate 2019-06-07 11:07:38 BILL_EMAIL=office@sealring.hu
SLR19060011 LiveUpdate 2019-06-07 11:07:38 BILL_PHONE=+3672210776
SLR19060011 LiveUpdate 2019-06-07 11:07:38 BILL_ADDRESS=
SLR19060011 LiveUpdate 2019-06-07 11:07:38 BILL_ZIPCODE=7632
SLR19060011 LiveUpdate 2019-06-07 11:07:38 BILL_CITY=Pécs
SLR19060011 LiveUpdate 2019-06-07 11:07:38 BILL_STATE=
SLR19060011 LiveUpdate 2019-06-07 11:07:38 BILL_COUNTRYCODE=HU
SLR19060011 LiveUpdate 2019-06-07 11:07:38 DELIVERY_FNAME=Seal
SLR19060011 LiveUpdate 2019-06-07 11:07:38 DELIVERY_LNAME=Ring
SLR19060011 LiveUpdate 2019-06-07 11:07:38 DELIVERY_PHONE=+3672210776
SLR19060011 LiveUpdate 2019-06-07 11:07:38 DELIVERY_ADDRESS=
SLR19060011 LiveUpdate 2019-06-07 11:07:38 DELIVERY_ZIPCODE=7632
SLR19060011 LiveUpdate 2019-06-07 11:07:38 DELIVERY_CITY=Pécs
SLR19060011 LiveUpdate 2019-06-07 11:07:38 DELIVERY_STATE=
SLR19060011 LiveUpdate 2019-06-07 11:07:38 DELIVERY_COUNTRYCODE=HU
SLR19060011 LiveUpdate 2019-06-07 11:07:38 ORDER_HASH=cab362420eaaf77cdc25579739be6d9c
