SLR19030003 LiveUpdate 2019-04-02 10:11:22 MERCHANT=
SLR19030003 LiveUpdate 2019-04-02 10:11:22 ORDER_REF=SLR19030003
SLR19030003 LiveUpdate 2019-04-02 10:11:22 ORDER_DATE=2019-04-02 10:11:22
SLR19030003 LiveUpdate 2019-04-02 10:11:22 PRICES_CURRENCY=HUF
SLR19030003 LiveUpdate 2019-04-02 10:11:22 ORDER_SHIPPING=1290
SLR19030003 LiveUpdate 2019-04-02 10:11:22 DISCOUNT=0
SLR19030003 LiveUpdate 2019-04-02 10:11:22 PAY_METHOD=CCVISAMC
SLR19030003 LiveUpdate 2019-04-02 10:11:22 LANGUAGE=HU
SLR19030003 LiveUpdate 2019-04-02 10:11:22 AUTOMODE=1
SLR19030003 LiveUpdate 2019-04-02 10:11:22 ORDER_TIMEOUT=300
SLR19030003 LiveUpdate 2019-04-02 10:11:22 TIMEOUT_URL=http://www.seal-ring.web-pro.hu/gateway/simple/timeout
SLR19030003 LiveUpdate 2019-04-02 10:11:22 BACK_REF=http://www.seal-ring.web-pro.hu/gateway/simple/backref
SLR19030003 LiveUpdate 2019-04-02 10:11:22 BILL_FNAME=Molnár
SLR19030003 LiveUpdate 2019-04-02 10:11:22 BILL_LNAME=István
SLR19030003 LiveUpdate 2019-04-02 10:11:22 BILL_EMAIL=mistvan2014@gmail.com
SLR19030003 LiveUpdate 2019-04-02 10:11:22 BILL_PHONE=06702361259
SLR19030003 LiveUpdate 2019-04-02 10:11:22 BILL_ADDRESS=
SLR19030003 LiveUpdate 2019-04-02 10:11:22 BILL_ZIPCODE=4287
SLR19030003 LiveUpdate 2019-04-02 10:11:22 BILL_CITY=Vámospércs
SLR19030003 LiveUpdate 2019-04-02 10:11:22 BILL_STATE=
SLR19030003 LiveUpdate 2019-04-02 10:11:22 BILL_COUNTRYCODE=HU
SLR19030003 LiveUpdate 2019-04-02 10:11:22 DELIVERY_FNAME=Molnár
SLR19030003 LiveUpdate 2019-04-02 10:11:22 DELIVERY_LNAME=István
SLR19030003 LiveUpdate 2019-04-02 10:11:22 DELIVERY_PHONE=06702361259
SLR19030003 LiveUpdate 2019-04-02 10:11:22 DELIVERY_ADDRESS=
SLR19030003 LiveUpdate 2019-04-02 10:11:22 DELIVERY_ZIPCODE=4287
SLR19030003 LiveUpdate 2019-04-02 10:11:22 DELIVERY_CITY=Vámospércs
SLR19030003 LiveUpdate 2019-04-02 10:11:22 DELIVERY_STATE=
SLR19030003 LiveUpdate 2019-04-02 10:11:22 DELIVERY_COUNTRYCODE=HU
SLR19030003 LiveUpdate 2019-04-02 10:11:22 ORDER_HASH=13cc55796f90540e0d563b946c090909
SLR19030003 LiveUpdate 2019-04-02 10:11:41 MERCHANT=
SLR19030003 LiveUpdate 2019-04-02 10:11:41 ORDER_REF=SLR19030003
SLR19030003 LiveUpdate 2019-04-02 10:11:41 ORDER_DATE=2019-04-02 10:11:41
SLR19030003 LiveUpdate 2019-04-02 10:11:41 PRICES_CURRENCY=HUF
SLR19030003 LiveUpdate 2019-04-02 10:11:41 ORDER_SHIPPING=1290
SLR19030003 LiveUpdate 2019-04-02 10:11:41 DISCOUNT=0
SLR19030003 LiveUpdate 2019-04-02 10:11:41 PAY_METHOD=CCVISAMC
SLR19030003 LiveUpdate 2019-04-02 10:11:41 LANGUAGE=HU
SLR19030003 LiveUpdate 2019-04-02 10:11:41 AUTOMODE=1
SLR19030003 LiveUpdate 2019-04-02 10:11:41 ORDER_TIMEOUT=300
SLR19030003 LiveUpdate 2019-04-02 10:11:41 TIMEOUT_URL=http://www.seal-ring.web-pro.hu/gateway/simple/timeout
SLR19030003 LiveUpdate 2019-04-02 10:11:41 BACK_REF=http://www.seal-ring.web-pro.hu/gateway/simple/backref
SLR19030003 LiveUpdate 2019-04-02 10:11:41 BILL_FNAME=Molnár
SLR19030003 LiveUpdate 2019-04-02 10:11:41 BILL_LNAME=István
SLR19030003 LiveUpdate 2019-04-02 10:11:41 BILL_EMAIL=mistvan2014@gmail.com
SLR19030003 LiveUpdate 2019-04-02 10:11:41 BILL_PHONE=06702361259
SLR19030003 LiveUpdate 2019-04-02 10:11:41 BILL_ADDRESS=
SLR19030003 LiveUpdate 2019-04-02 10:11:41 BILL_ZIPCODE=4287
SLR19030003 LiveUpdate 2019-04-02 10:11:41 BILL_CITY=Vámospércs
SLR19030003 LiveUpdate 2019-04-02 10:11:41 BILL_STATE=
SLR19030003 LiveUpdate 2019-04-02 10:11:41 BILL_COUNTRYCODE=HU
SLR19030003 LiveUpdate 2019-04-02 10:11:41 DELIVERY_FNAME=Molnár
SLR19030003 LiveUpdate 2019-04-02 10:11:41 DELIVERY_LNAME=István
SLR19030003 LiveUpdate 2019-04-02 10:11:41 DELIVERY_PHONE=06702361259
SLR19030003 LiveUpdate 2019-04-02 10:11:41 DELIVERY_ADDRESS=
SLR19030003 LiveUpdate 2019-04-02 10:11:41 DELIVERY_ZIPCODE=4287
SLR19030003 LiveUpdate 2019-04-02 10:11:41 DELIVERY_CITY=Vámospércs
SLR19030003 LiveUpdate 2019-04-02 10:11:41 DELIVERY_STATE=
SLR19030003 LiveUpdate 2019-04-02 10:11:41 DELIVERY_COUNTRYCODE=HU
SLR19030003 LiveUpdate 2019-04-02 10:11:41 ORDER_HASH=1e0b7c495b2260e95f8e5e8ea447de19
SLR19030003 LiveUpdate 2019-04-02 10:45:16 MERCHANT=
SLR19030003 LiveUpdate 2019-04-02 10:45:16 ORDER_REF=SLR19030003
SLR19030003 LiveUpdate 2019-04-02 10:45:16 ORDER_DATE=2019-04-02 10:45:16
SLR19030003 LiveUpdate 2019-04-02 10:45:16 PRICES_CURRENCY=HUF
SLR19030003 LiveUpdate 2019-04-02 10:45:16 ORDER_SHIPPING=1290
SLR19030003 LiveUpdate 2019-04-02 10:45:16 DISCOUNT=0
SLR19030003 LiveUpdate 2019-04-02 10:45:16 PAY_METHOD=CCVISAMC
SLR19030003 LiveUpdate 2019-04-02 10:45:16 LANGUAGE=HU
SLR19030003 LiveUpdate 2019-04-02 10:45:16 AUTOMODE=1
SLR19030003 LiveUpdate 2019-04-02 10:45:16 ORDER_TIMEOUT=300
SLR19030003 LiveUpdate 2019-04-02 10:45:16 TIMEOUT_URL=http://www.seal-ring.web-pro.hu/gateway/simple/timeout
SLR19030003 LiveUpdate 2019-04-02 10:45:16 BACK_REF=http://www.seal-ring.web-pro.hu/gateway/simple/backref
SLR19030003 LiveUpdate 2019-04-02 10:45:16 BILL_FNAME=Molnár
SLR19030003 LiveUpdate 2019-04-02 10:45:16 BILL_LNAME=István
SLR19030003 LiveUpdate 2019-04-02 10:45:16 BILL_EMAIL=mistvan2014@gmail.com
SLR19030003 LiveUpdate 2019-04-02 10:45:16 BILL_PHONE=06702361259
SLR19030003 LiveUpdate 2019-04-02 10:45:16 BILL_ADDRESS=
SLR19030003 LiveUpdate 2019-04-02 10:45:16 BILL_ZIPCODE=4287
SLR19030003 LiveUpdate 2019-04-02 10:45:16 BILL_CITY=Vámospércs
SLR19030003 LiveUpdate 2019-04-02 10:45:16 BILL_STATE=
SLR19030003 LiveUpdate 2019-04-02 10:45:16 BILL_COUNTRYCODE=HU
SLR19030003 LiveUpdate 2019-04-02 10:45:16 DELIVERY_FNAME=Molnár
SLR19030003 LiveUpdate 2019-04-02 10:45:16 DELIVERY_LNAME=István
SLR19030003 LiveUpdate 2019-04-02 10:45:16 DELIVERY_PHONE=06702361259
SLR19030003 LiveUpdate 2019-04-02 10:45:16 DELIVERY_ADDRESS=
SLR19030003 LiveUpdate 2019-04-02 10:45:16 DELIVERY_ZIPCODE=4287
SLR19030003 LiveUpdate 2019-04-02 10:45:16 DELIVERY_CITY=Vámospércs
SLR19030003 LiveUpdate 2019-04-02 10:45:16 DELIVERY_STATE=
SLR19030003 LiveUpdate 2019-04-02 10:45:16 DELIVERY_COUNTRYCODE=HU
SLR19030003 LiveUpdate 2019-04-02 10:45:16 ORDER_HASH=38ef5988dd7fe169357433e214de1366
SLR19030003 LiveUpdate 2019-04-02 11:21:39 MERCHANT=
SLR19030003 LiveUpdate 2019-04-02 11:21:39 ORDER_REF=SLR19030003
SLR19030003 LiveUpdate 2019-04-02 11:21:39 ORDER_DATE=2019-04-02 11:21:39
SLR19030003 LiveUpdate 2019-04-02 11:21:39 PRICES_CURRENCY=HUF
SLR19030003 LiveUpdate 2019-04-02 11:21:39 ORDER_SHIPPING=1290
SLR19030003 LiveUpdate 2019-04-02 11:21:39 DISCOUNT=0
SLR19030003 LiveUpdate 2019-04-02 11:21:39 PAY_METHOD=CCVISAMC
SLR19030003 LiveUpdate 2019-04-02 11:21:39 LANGUAGE=HU
SLR19030003 LiveUpdate 2019-04-02 11:21:39 AUTOMODE=1
SLR19030003 LiveUpdate 2019-04-02 11:21:39 ORDER_TIMEOUT=300
SLR19030003 LiveUpdate 2019-04-02 11:21:39 TIMEOUT_URL=http://www.seal-ring.web-pro.hu/gateway/simple/timeout
SLR19030003 LiveUpdate 2019-04-02 11:21:39 BACK_REF=http://www.seal-ring.web-pro.hu/gateway/simple/backref
SLR19030003 LiveUpdate 2019-04-02 11:21:39 BILL_FNAME=Molnár
SLR19030003 LiveUpdate 2019-04-02 11:21:39 BILL_LNAME=István
SLR19030003 LiveUpdate 2019-04-02 11:21:39 BILL_EMAIL=mistvan2014@gmail.com
SLR19030003 LiveUpdate 2019-04-02 11:21:39 BILL_PHONE=06702361259
SLR19030003 LiveUpdate 2019-04-02 11:21:39 BILL_ADDRESS=
SLR19030003 LiveUpdate 2019-04-02 11:21:39 BILL_ZIPCODE=4287
SLR19030003 LiveUpdate 2019-04-02 11:21:39 BILL_CITY=Vámospércs
SLR19030003 LiveUpdate 2019-04-02 11:21:39 BILL_STATE=
SLR19030003 LiveUpdate 2019-04-02 11:21:39 BILL_COUNTRYCODE=HU
SLR19030003 LiveUpdate 2019-04-02 11:21:39 DELIVERY_FNAME=Molnár
SLR19030003 LiveUpdate 2019-04-02 11:21:39 DELIVERY_LNAME=István
SLR19030003 LiveUpdate 2019-04-02 11:21:39 DELIVERY_PHONE=06702361259
SLR19030003 LiveUpdate 2019-04-02 11:21:39 DELIVERY_ADDRESS=
SLR19030003 LiveUpdate 2019-04-02 11:21:39 DELIVERY_ZIPCODE=4287
SLR19030003 LiveUpdate 2019-04-02 11:21:39 DELIVERY_CITY=Vámospércs
SLR19030003 LiveUpdate 2019-04-02 11:21:39 DELIVERY_STATE=
SLR19030003 LiveUpdate 2019-04-02 11:21:39 DELIVERY_COUNTRYCODE=HU
SLR19030003 LiveUpdate 2019-04-02 11:21:39 ORDER_HASH=553be0fc7464abfb6cd1d4f466dc9e8e
