SLR19050001 LiveUpdate 2019-05-13 11:01:29 MERCHANT=
SLR19050001 LiveUpdate 2019-05-13 11:01:29 ORDER_REF=SLR19050001
SLR19050001 LiveUpdate 2019-05-13 11:01:29 ORDER_DATE=2019-05-13 11:01:29
SLR19050001 LiveUpdate 2019-05-13 11:01:29 PRICES_CURRENCY=HUF
SLR19050001 LiveUpdate 2019-05-13 11:01:29 ORDER_SHIPPING=0
SLR19050001 LiveUpdate 2019-05-13 11:01:29 DISCOUNT=0
SLR19050001 LiveUpdate 2019-05-13 11:01:29 PAY_METHOD=CCVISAMC
SLR19050001 LiveUpdate 2019-05-13 11:01:29 LANGUAGE=HU
SLR19050001 LiveUpdate 2019-05-13 11:01:29 AUTOMODE=1
SLR19050001 LiveUpdate 2019-05-13 11:01:29 ORDER_TIMEOUT=300
SLR19050001 LiveUpdate 2019-05-13 11:01:29 TIMEOUT_URL=http://www.seal-ring.web-pro.hu/gateway/simple/timeout
SLR19050001 LiveUpdate 2019-05-13 11:01:29 BACK_REF=http://www.seal-ring.web-pro.hu/gateway/simple/backref
SLR19050001 LiveUpdate 2019-05-13 11:01:29 BILL_FNAME=Seal
SLR19050001 LiveUpdate 2019-05-13 11:01:29 BILL_LNAME=Ring
SLR19050001 LiveUpdate 2019-05-13 11:01:29 BILL_EMAIL=office@sealring.hu
SLR19050001 LiveUpdate 2019-05-13 11:01:29 BILL_PHONE=+3672210776
SLR19050001 LiveUpdate 2019-05-13 11:01:29 BILL_ADDRESS=
SLR19050001 LiveUpdate 2019-05-13 11:01:29 BILL_ZIPCODE=7632
SLR19050001 LiveUpdate 2019-05-13 11:01:29 BILL_CITY=Pécs
SLR19050001 LiveUpdate 2019-05-13 11:01:29 BILL_STATE=
SLR19050001 LiveUpdate 2019-05-13 11:01:29 BILL_COUNTRYCODE=HU
SLR19050001 LiveUpdate 2019-05-13 11:01:29 DELIVERY_FNAME=Seal
SLR19050001 LiveUpdate 2019-05-13 11:01:29 DELIVERY_LNAME=Ring
SLR19050001 LiveUpdate 2019-05-13 11:01:29 DELIVERY_PHONE=+3672210776
SLR19050001 LiveUpdate 2019-05-13 11:01:29 DELIVERY_ADDRESS=
SLR19050001 LiveUpdate 2019-05-13 11:01:29 DELIVERY_ZIPCODE=7632
SLR19050001 LiveUpdate 2019-05-13 11:01:29 DELIVERY_CITY=Pécs
SLR19050001 LiveUpdate 2019-05-13 11:01:29 DELIVERY_STATE=
SLR19050001 LiveUpdate 2019-05-13 11:01:29 DELIVERY_COUNTRYCODE=HU
SLR19050001 LiveUpdate 2019-05-13 11:01:29 ORDER_HASH=244779d64d8d90c4dc6ad87f2f072c41
SLR19050001 LiveUpdate 2019-05-13 11:01:32 MERCHANT=
SLR19050001 LiveUpdate 2019-05-13 11:01:32 ORDER_REF=SLR19050001
SLR19050001 LiveUpdate 2019-05-13 11:01:32 ORDER_DATE=2019-05-13 11:01:32
SLR19050001 LiveUpdate 2019-05-13 11:01:32 PRICES_CURRENCY=HUF
SLR19050001 LiveUpdate 2019-05-13 11:01:32 ORDER_SHIPPING=0
SLR19050001 LiveUpdate 2019-05-13 11:01:32 DISCOUNT=0
SLR19050001 LiveUpdate 2019-05-13 11:01:32 PAY_METHOD=CCVISAMC
SLR19050001 LiveUpdate 2019-05-13 11:01:32 LANGUAGE=HU
SLR19050001 LiveUpdate 2019-05-13 11:01:32 AUTOMODE=1
SLR19050001 LiveUpdate 2019-05-13 11:01:32 ORDER_TIMEOUT=300
SLR19050001 LiveUpdate 2019-05-13 11:01:32 TIMEOUT_URL=http://www.seal-ring.web-pro.hu/gateway/simple/timeout
SLR19050001 LiveUpdate 2019-05-13 11:01:32 BACK_REF=http://www.seal-ring.web-pro.hu/gateway/simple/backref
SLR19050001 LiveUpdate 2019-05-13 11:01:32 BILL_FNAME=Seal
SLR19050001 LiveUpdate 2019-05-13 11:01:32 BILL_LNAME=Ring
SLR19050001 LiveUpdate 2019-05-13 11:01:32 BILL_EMAIL=office@sealring.hu
SLR19050001 LiveUpdate 2019-05-13 11:01:32 BILL_PHONE=+3672210776
SLR19050001 LiveUpdate 2019-05-13 11:01:32 BILL_ADDRESS=
SLR19050001 LiveUpdate 2019-05-13 11:01:32 BILL_ZIPCODE=7632
SLR19050001 LiveUpdate 2019-05-13 11:01:32 BILL_CITY=Pécs
SLR19050001 LiveUpdate 2019-05-13 11:01:32 BILL_STATE=
SLR19050001 LiveUpdate 2019-05-13 11:01:32 BILL_COUNTRYCODE=HU
SLR19050001 LiveUpdate 2019-05-13 11:01:32 DELIVERY_FNAME=Seal
SLR19050001 LiveUpdate 2019-05-13 11:01:32 DELIVERY_LNAME=Ring
SLR19050001 LiveUpdate 2019-05-13 11:01:32 DELIVERY_PHONE=+3672210776
SLR19050001 LiveUpdate 2019-05-13 11:01:32 DELIVERY_ADDRESS=
SLR19050001 LiveUpdate 2019-05-13 11:01:32 DELIVERY_ZIPCODE=7632
SLR19050001 LiveUpdate 2019-05-13 11:01:32 DELIVERY_CITY=Pécs
SLR19050001 LiveUpdate 2019-05-13 11:01:32 DELIVERY_STATE=
SLR19050001 LiveUpdate 2019-05-13 11:01:32 DELIVERY_COUNTRYCODE=HU
SLR19050001 LiveUpdate 2019-05-13 11:01:32 ORDER_HASH=3252dd94d3bf40ee991930770b037ae3
SLR19050002 LiveUpdate 2019-05-13 11:14:06 MERCHANT=
SLR19050002 LiveUpdate 2019-05-13 11:14:06 ORDER_REF=SLR19050002
SLR19050002 LiveUpdate 2019-05-13 11:14:06 ORDER_DATE=2019-05-13 11:14:06
SLR19050002 LiveUpdate 2019-05-13 11:14:06 PRICES_CURRENCY=HUF
SLR19050002 LiveUpdate 2019-05-13 11:14:06 ORDER_SHIPPING=0
SLR19050002 LiveUpdate 2019-05-13 11:14:06 DISCOUNT=0
SLR19050002 LiveUpdate 2019-05-13 11:14:06 PAY_METHOD=CCVISAMC
SLR19050002 LiveUpdate 2019-05-13 11:14:06 LANGUAGE=HU
SLR19050002 LiveUpdate 2019-05-13 11:14:06 AUTOMODE=1
SLR19050002 LiveUpdate 2019-05-13 11:14:06 ORDER_TIMEOUT=300
SLR19050002 LiveUpdate 2019-05-13 11:14:06 TIMEOUT_URL=http://www.seal-ring.web-pro.hu/gateway/simple/timeout
SLR19050002 LiveUpdate 2019-05-13 11:14:06 BACK_REF=http://www.seal-ring.web-pro.hu/gateway/simple/backref
SLR19050002 LiveUpdate 2019-05-13 11:14:06 BILL_FNAME=Seal
SLR19050002 LiveUpdate 2019-05-13 11:14:06 BILL_LNAME=Ring
SLR19050002 LiveUpdate 2019-05-13 11:14:06 BILL_EMAIL=office@sealring.hu
SLR19050002 LiveUpdate 2019-05-13 11:14:06 BILL_PHONE=+3672210776
SLR19050002 LiveUpdate 2019-05-13 11:14:06 BILL_ADDRESS=
SLR19050002 LiveUpdate 2019-05-13 11:14:06 BILL_ZIPCODE=7632
SLR19050002 LiveUpdate 2019-05-13 11:14:06 BILL_CITY=Pécs
SLR19050002 LiveUpdate 2019-05-13 11:14:06 BILL_STATE=
SLR19050002 LiveUpdate 2019-05-13 11:14:06 BILL_COUNTRYCODE=HU
SLR19050002 LiveUpdate 2019-05-13 11:14:06 DELIVERY_FNAME=Seal
SLR19050002 LiveUpdate 2019-05-13 11:14:06 DELIVERY_LNAME=Ring
SLR19050002 LiveUpdate 2019-05-13 11:14:06 DELIVERY_PHONE=+3672210776
SLR19050002 LiveUpdate 2019-05-13 11:14:06 DELIVERY_ADDRESS=
SLR19050002 LiveUpdate 2019-05-13 11:14:06 DELIVERY_ZIPCODE=7632
SLR19050002 LiveUpdate 2019-05-13 11:14:06 DELIVERY_CITY=Pécs
SLR19050002 LiveUpdate 2019-05-13 11:14:06 DELIVERY_STATE=
SLR19050002 LiveUpdate 2019-05-13 11:14:06 DELIVERY_COUNTRYCODE=HU
SLR19050002 LiveUpdate 2019-05-13 11:14:06 ORDER_HASH=b2ac0ca066b879c7793a4de8bde0a13b
SLR19050002 LiveUpdate 2019-05-13 11:14:08 MERCHANT=
SLR19050002 LiveUpdate 2019-05-13 11:14:08 ORDER_REF=SLR19050002
SLR19050002 LiveUpdate 2019-05-13 11:14:08 ORDER_DATE=2019-05-13 11:14:08
SLR19050002 LiveUpdate 2019-05-13 11:14:08 PRICES_CURRENCY=HUF
SLR19050002 LiveUpdate 2019-05-13 11:14:08 ORDER_SHIPPING=0
SLR19050002 LiveUpdate 2019-05-13 11:14:08 DISCOUNT=0
SLR19050002 LiveUpdate 2019-05-13 11:14:08 PAY_METHOD=CCVISAMC
SLR19050002 LiveUpdate 2019-05-13 11:14:08 LANGUAGE=HU
SLR19050002 LiveUpdate 2019-05-13 11:14:08 AUTOMODE=1
SLR19050002 LiveUpdate 2019-05-13 11:14:08 ORDER_TIMEOUT=300
SLR19050002 LiveUpdate 2019-05-13 11:14:08 TIMEOUT_URL=http://www.seal-ring.web-pro.hu/gateway/simple/timeout
SLR19050002 LiveUpdate 2019-05-13 11:14:08 BACK_REF=http://www.seal-ring.web-pro.hu/gateway/simple/backref
SLR19050002 LiveUpdate 2019-05-13 11:14:08 BILL_FNAME=Seal
SLR19050002 LiveUpdate 2019-05-13 11:14:08 BILL_LNAME=Ring
SLR19050002 LiveUpdate 2019-05-13 11:14:08 BILL_EMAIL=office@sealring.hu
SLR19050002 LiveUpdate 2019-05-13 11:14:08 BILL_PHONE=+3672210776
SLR19050002 LiveUpdate 2019-05-13 11:14:08 BILL_ADDRESS=
SLR19050002 LiveUpdate 2019-05-13 11:14:08 BILL_ZIPCODE=7632
SLR19050002 LiveUpdate 2019-05-13 11:14:08 BILL_CITY=Pécs
SLR19050002 LiveUpdate 2019-05-13 11:14:08 BILL_STATE=
SLR19050002 LiveUpdate 2019-05-13 11:14:08 BILL_COUNTRYCODE=HU
SLR19050002 LiveUpdate 2019-05-13 11:14:08 DELIVERY_FNAME=Seal
SLR19050002 LiveUpdate 2019-05-13 11:14:08 DELIVERY_LNAME=Ring
SLR19050002 LiveUpdate 2019-05-13 11:14:08 DELIVERY_PHONE=+3672210776
SLR19050002 LiveUpdate 2019-05-13 11:14:08 DELIVERY_ADDRESS=
SLR19050002 LiveUpdate 2019-05-13 11:14:08 DELIVERY_ZIPCODE=7632
SLR19050002 LiveUpdate 2019-05-13 11:14:08 DELIVERY_CITY=Pécs
SLR19050002 LiveUpdate 2019-05-13 11:14:08 DELIVERY_STATE=
SLR19050002 LiveUpdate 2019-05-13 11:14:08 DELIVERY_COUNTRYCODE=HU
SLR19050002 LiveUpdate 2019-05-13 11:14:08 ORDER_HASH=d2ee09894f98ca900e59eeb7461020b8
SLR19050003 LiveUpdate 2019-05-13 11:33:02 MERCHANT=
SLR19050003 LiveUpdate 2019-05-13 11:33:02 ORDER_REF=SLR19050003
SLR19050003 LiveUpdate 2019-05-13 11:33:02 ORDER_DATE=2019-05-13 11:33:02
SLR19050003 LiveUpdate 2019-05-13 11:33:02 PRICES_CURRENCY=HUF
SLR19050003 LiveUpdate 2019-05-13 11:33:02 ORDER_SHIPPING=0
SLR19050003 LiveUpdate 2019-05-13 11:33:02 DISCOUNT=0
SLR19050003 LiveUpdate 2019-05-13 11:33:02 PAY_METHOD=CCVISAMC
SLR19050003 LiveUpdate 2019-05-13 11:33:02 LANGUAGE=HU
SLR19050003 LiveUpdate 2019-05-13 11:33:02 AUTOMODE=1
SLR19050003 LiveUpdate 2019-05-13 11:33:02 ORDER_TIMEOUT=300
SLR19050003 LiveUpdate 2019-05-13 11:33:02 TIMEOUT_URL=http://www.seal-ring.web-pro.hu/gateway/simple/timeout
SLR19050003 LiveUpdate 2019-05-13 11:33:02 BACK_REF=http://www.seal-ring.web-pro.hu/gateway/simple/backref
SLR19050003 LiveUpdate 2019-05-13 11:33:02 BILL_FNAME=Seal
SLR19050003 LiveUpdate 2019-05-13 11:33:02 BILL_LNAME=Ring
SLR19050003 LiveUpdate 2019-05-13 11:33:02 BILL_EMAIL=office@sealring.hu
SLR19050003 LiveUpdate 2019-05-13 11:33:02 BILL_PHONE=+3672210776
SLR19050003 LiveUpdate 2019-05-13 11:33:02 BILL_ADDRESS=
SLR19050003 LiveUpdate 2019-05-13 11:33:02 BILL_ZIPCODE=7632
SLR19050003 LiveUpdate 2019-05-13 11:33:02 BILL_CITY=Pécs
SLR19050003 LiveUpdate 2019-05-13 11:33:02 BILL_STATE=
SLR19050003 LiveUpdate 2019-05-13 11:33:02 BILL_COUNTRYCODE=HU
SLR19050003 LiveUpdate 2019-05-13 11:33:02 DELIVERY_FNAME=Seal
SLR19050003 LiveUpdate 2019-05-13 11:33:02 DELIVERY_LNAME=Ring
SLR19050003 LiveUpdate 2019-05-13 11:33:02 DELIVERY_PHONE=+3672210776
SLR19050003 LiveUpdate 2019-05-13 11:33:02 DELIVERY_ADDRESS=
SLR19050003 LiveUpdate 2019-05-13 11:33:02 DELIVERY_ZIPCODE=7632
SLR19050003 LiveUpdate 2019-05-13 11:33:02 DELIVERY_CITY=Pécs
SLR19050003 LiveUpdate 2019-05-13 11:33:02 DELIVERY_STATE=
SLR19050003 LiveUpdate 2019-05-13 11:33:02 DELIVERY_COUNTRYCODE=HU
SLR19050003 LiveUpdate 2019-05-13 11:33:02 ORDER_HASH=ece7e5f9734a617b37b53186076af138
SLR19050003 LiveUpdate 2019-05-13 11:33:05 MERCHANT=
SLR19050003 LiveUpdate 2019-05-13 11:33:05 ORDER_REF=SLR19050003
SLR19050003 LiveUpdate 2019-05-13 11:33:05 ORDER_DATE=2019-05-13 11:33:05
SLR19050003 LiveUpdate 2019-05-13 11:33:05 PRICES_CURRENCY=HUF
SLR19050003 LiveUpdate 2019-05-13 11:33:05 ORDER_SHIPPING=0
SLR19050003 LiveUpdate 2019-05-13 11:33:05 DISCOUNT=0
SLR19050003 LiveUpdate 2019-05-13 11:33:05 PAY_METHOD=CCVISAMC
SLR19050003 LiveUpdate 2019-05-13 11:33:05 LANGUAGE=HU
SLR19050003 LiveUpdate 2019-05-13 11:33:05 AUTOMODE=1
SLR19050003 LiveUpdate 2019-05-13 11:33:05 ORDER_TIMEOUT=300
SLR19050003 LiveUpdate 2019-05-13 11:33:05 TIMEOUT_URL=http://www.seal-ring.web-pro.hu/gateway/simple/timeout
SLR19050003 LiveUpdate 2019-05-13 11:33:05 BACK_REF=http://www.seal-ring.web-pro.hu/gateway/simple/backref
SLR19050003 LiveUpdate 2019-05-13 11:33:05 BILL_FNAME=Seal
SLR19050003 LiveUpdate 2019-05-13 11:33:05 BILL_LNAME=Ring
SLR19050003 LiveUpdate 2019-05-13 11:33:05 BILL_EMAIL=office@sealring.hu
SLR19050003 LiveUpdate 2019-05-13 11:33:05 BILL_PHONE=+3672210776
SLR19050003 LiveUpdate 2019-05-13 11:33:05 BILL_ADDRESS=
SLR19050003 LiveUpdate 2019-05-13 11:33:05 BILL_ZIPCODE=7632
SLR19050003 LiveUpdate 2019-05-13 11:33:05 BILL_CITY=Pécs
SLR19050003 LiveUpdate 2019-05-13 11:33:05 BILL_STATE=
SLR19050003 LiveUpdate 2019-05-13 11:33:05 BILL_COUNTRYCODE=HU
SLR19050003 LiveUpdate 2019-05-13 11:33:05 DELIVERY_FNAME=Seal
SLR19050003 LiveUpdate 2019-05-13 11:33:05 DELIVERY_LNAME=Ring
SLR19050003 LiveUpdate 2019-05-13 11:33:05 DELIVERY_PHONE=+3672210776
SLR19050003 LiveUpdate 2019-05-13 11:33:05 DELIVERY_ADDRESS=
SLR19050003 LiveUpdate 2019-05-13 11:33:05 DELIVERY_ZIPCODE=7632
SLR19050003 LiveUpdate 2019-05-13 11:33:05 DELIVERY_CITY=Pécs
SLR19050003 LiveUpdate 2019-05-13 11:33:05 DELIVERY_STATE=
SLR19050003 LiveUpdate 2019-05-13 11:33:05 DELIVERY_COUNTRYCODE=HU
SLR19050003 LiveUpdate 2019-05-13 11:33:05 ORDER_HASH=888fb02b75bbc7a0872476ea26093f8d
SLR19050004 LiveUpdate 2019-05-13 15:37:35 MERCHANT=
SLR19050004 LiveUpdate 2019-05-13 15:37:35 ORDER_REF=SLR19050004
SLR19050004 LiveUpdate 2019-05-13 15:37:35 ORDER_DATE=2019-05-13 15:37:35
SLR19050004 LiveUpdate 2019-05-13 15:37:35 PRICES_CURRENCY=HUF
SLR19050004 LiveUpdate 2019-05-13 15:37:35 ORDER_SHIPPING=0
SLR19050004 LiveUpdate 2019-05-13 15:37:35 DISCOUNT=0
SLR19050004 LiveUpdate 2019-05-13 15:37:35 PAY_METHOD=CCVISAMC
SLR19050004 LiveUpdate 2019-05-13 15:37:35 LANGUAGE=HU
SLR19050004 LiveUpdate 2019-05-13 15:37:35 AUTOMODE=1
SLR19050004 LiveUpdate 2019-05-13 15:37:35 ORDER_TIMEOUT=300
SLR19050004 LiveUpdate 2019-05-13 15:37:35 TIMEOUT_URL=http://www.seal-ring.web-pro.hu/gateway/simple/timeout
SLR19050004 LiveUpdate 2019-05-13 15:37:35 BACK_REF=http://www.seal-ring.web-pro.hu/gateway/simple/backref
SLR19050004 LiveUpdate 2019-05-13 15:37:35 BILL_FNAME=Seal
SLR19050004 LiveUpdate 2019-05-13 15:37:35 BILL_LNAME=Ring
SLR19050004 LiveUpdate 2019-05-13 15:37:35 BILL_EMAIL=office@sealring.hu
SLR19050004 LiveUpdate 2019-05-13 15:37:35 BILL_PHONE=+3672210776
SLR19050004 LiveUpdate 2019-05-13 15:37:35 BILL_ADDRESS=
SLR19050004 LiveUpdate 2019-05-13 15:37:35 BILL_ZIPCODE=7632
SLR19050004 LiveUpdate 2019-05-13 15:37:35 BILL_CITY=Pécs
SLR19050004 LiveUpdate 2019-05-13 15:37:35 BILL_STATE=
SLR19050004 LiveUpdate 2019-05-13 15:37:35 BILL_COUNTRYCODE=HU
SLR19050004 LiveUpdate 2019-05-13 15:37:35 DELIVERY_FNAME=Seal
SLR19050004 LiveUpdate 2019-05-13 15:37:35 DELIVERY_LNAME=Ring
SLR19050004 LiveUpdate 2019-05-13 15:37:35 DELIVERY_PHONE=+3672210776
SLR19050004 LiveUpdate 2019-05-13 15:37:35 DELIVERY_ADDRESS=
SLR19050004 LiveUpdate 2019-05-13 15:37:35 DELIVERY_ZIPCODE=7632
SLR19050004 LiveUpdate 2019-05-13 15:37:35 DELIVERY_CITY=Pécs
SLR19050004 LiveUpdate 2019-05-13 15:37:35 DELIVERY_STATE=
SLR19050004 LiveUpdate 2019-05-13 15:37:35 DELIVERY_COUNTRYCODE=HU
SLR19050004 LiveUpdate 2019-05-13 15:37:35 ORDER_HASH=c1280cfbcd07685c52b27d7004bbffcd
SLR19050004 LiveUpdate 2019-05-13 15:37:37 MERCHANT=
SLR19050004 LiveUpdate 2019-05-13 15:37:37 ORDER_REF=SLR19050004
SLR19050004 LiveUpdate 2019-05-13 15:37:37 ORDER_DATE=2019-05-13 15:37:37
SLR19050004 LiveUpdate 2019-05-13 15:37:37 PRICES_CURRENCY=HUF
SLR19050004 LiveUpdate 2019-05-13 15:37:37 ORDER_SHIPPING=0
SLR19050004 LiveUpdate 2019-05-13 15:37:37 DISCOUNT=0
SLR19050004 LiveUpdate 2019-05-13 15:37:37 PAY_METHOD=CCVISAMC
SLR19050004 LiveUpdate 2019-05-13 15:37:37 LANGUAGE=HU
SLR19050004 LiveUpdate 2019-05-13 15:37:37 AUTOMODE=1
SLR19050004 LiveUpdate 2019-05-13 15:37:37 ORDER_TIMEOUT=300
SLR19050004 LiveUpdate 2019-05-13 15:37:37 TIMEOUT_URL=http://www.seal-ring.web-pro.hu/gateway/simple/timeout
SLR19050004 LiveUpdate 2019-05-13 15:37:37 BACK_REF=http://www.seal-ring.web-pro.hu/gateway/simple/backref
SLR19050004 LiveUpdate 2019-05-13 15:37:37 BILL_FNAME=Seal
SLR19050004 LiveUpdate 2019-05-13 15:37:37 BILL_LNAME=Ring
SLR19050004 LiveUpdate 2019-05-13 15:37:37 BILL_EMAIL=office@sealring.hu
SLR19050004 LiveUpdate 2019-05-13 15:37:37 BILL_PHONE=+3672210776
SLR19050004 LiveUpdate 2019-05-13 15:37:37 BILL_ADDRESS=
SLR19050004 LiveUpdate 2019-05-13 15:37:37 BILL_ZIPCODE=7632
SLR19050004 LiveUpdate 2019-05-13 15:37:37 BILL_CITY=Pécs
SLR19050004 LiveUpdate 2019-05-13 15:37:37 BILL_STATE=
SLR19050004 LiveUpdate 2019-05-13 15:37:37 BILL_COUNTRYCODE=HU
SLR19050004 LiveUpdate 2019-05-13 15:37:37 DELIVERY_FNAME=Seal
SLR19050004 LiveUpdate 2019-05-13 15:37:37 DELIVERY_LNAME=Ring
SLR19050004 LiveUpdate 2019-05-13 15:37:37 DELIVERY_PHONE=+3672210776
SLR19050004 LiveUpdate 2019-05-13 15:37:37 DELIVERY_ADDRESS=
SLR19050004 LiveUpdate 2019-05-13 15:37:37 DELIVERY_ZIPCODE=7632
SLR19050004 LiveUpdate 2019-05-13 15:37:37 DELIVERY_CITY=Pécs
SLR19050004 LiveUpdate 2019-05-13 15:37:37 DELIVERY_STATE=
SLR19050004 LiveUpdate 2019-05-13 15:37:37 DELIVERY_COUNTRYCODE=HU
SLR19050004 LiveUpdate 2019-05-13 15:37:37 ORDER_HASH=8d55329f14dc184f04d48abc14802976
