SLR19030004 LiveUpdate 2019-03-28 15:49:06 MERCHANT=
SLR19030004 LiveUpdate 2019-03-28 15:49:06 ORDER_REF=SLR19030004
SLR19030004 LiveUpdate 2019-03-28 15:49:06 ORDER_DATE=2019-03-28 15:49:06
SLR19030004 LiveUpdate 2019-03-28 15:49:06 PRICES_CURRENCY=HUF
SLR19030004 LiveUpdate 2019-03-28 15:49:06 ORDER_SHIPPING=1290
SLR19030004 LiveUpdate 2019-03-28 15:49:06 DISCOUNT=0
SLR19030004 LiveUpdate 2019-03-28 15:49:06 PAY_METHOD=CCVISAMC
SLR19030004 LiveUpdate 2019-03-28 15:49:06 LANGUAGE=HU
SLR19030004 LiveUpdate 2019-03-28 15:49:06 AUTOMODE=1
SLR19030004 LiveUpdate 2019-03-28 15:49:06 ORDER_TIMEOUT=300
SLR19030004 LiveUpdate 2019-03-28 15:49:06 TIMEOUT_URL=http://www.seal-ring.web-pro.hu/gateway/simple/timeout
SLR19030004 LiveUpdate 2019-03-28 15:49:06 BACK_REF=http://www.seal-ring.web-pro.hu/gateway/simple/backref
SLR19030004 LiveUpdate 2019-03-28 15:49:06 BILL_FNAME=Molnár
SLR19030004 LiveUpdate 2019-03-28 15:49:06 BILL_LNAME=István
SLR19030004 LiveUpdate 2019-03-28 15:49:06 BILL_EMAIL=pocokxtrame@gmail.com
SLR19030004 LiveUpdate 2019-03-28 15:49:06 BILL_PHONE=06702361259
SLR19030004 LiveUpdate 2019-03-28 15:49:06 BILL_ADDRESS=
SLR19030004 LiveUpdate 2019-03-28 15:49:06 BILL_ZIPCODE=4000
SLR19030004 LiveUpdate 2019-03-28 15:49:06 BILL_CITY=Debrecen
SLR19030004 LiveUpdate 2019-03-28 15:49:06 BILL_STATE=
SLR19030004 LiveUpdate 2019-03-28 15:49:06 BILL_COUNTRYCODE=HU
SLR19030004 LiveUpdate 2019-03-28 15:49:06 DELIVERY_FNAME=Molnár
SLR19030004 LiveUpdate 2019-03-28 15:49:06 DELIVERY_LNAME=István
SLR19030004 LiveUpdate 2019-03-28 15:49:06 DELIVERY_PHONE=06702361259
SLR19030004 LiveUpdate 2019-03-28 15:49:06 DELIVERY_ADDRESS=
SLR19030004 LiveUpdate 2019-03-28 15:49:06 DELIVERY_ZIPCODE=4000
SLR19030004 LiveUpdate 2019-03-28 15:49:06 DELIVERY_CITY=Debrecen
SLR19030004 LiveUpdate 2019-03-28 15:49:06 DELIVERY_STATE=
SLR19030004 LiveUpdate 2019-03-28 15:49:06 DELIVERY_COUNTRYCODE=HU
SLR19030004 LiveUpdate 2019-03-28 15:49:06 ORDER_HASH=0774dfaaa35e11fdd447f1505ebeeae6
SLR19030004 LiveUpdate 2019-03-28 16:10:27 MERCHANT=
SLR19030004 LiveUpdate 2019-03-28 16:10:27 ORDER_REF=SLR19030004
SLR19030004 LiveUpdate 2019-03-28 16:10:27 ORDER_DATE=2019-03-28 16:10:27
SLR19030004 LiveUpdate 2019-03-28 16:10:27 PRICES_CURRENCY=HUF
SLR19030004 LiveUpdate 2019-03-28 16:10:27 ORDER_SHIPPING=1290
SLR19030004 LiveUpdate 2019-03-28 16:10:27 DISCOUNT=0
SLR19030004 LiveUpdate 2019-03-28 16:10:27 PAY_METHOD=CCVISAMC
SLR19030004 LiveUpdate 2019-03-28 16:10:27 LANGUAGE=HU
SLR19030004 LiveUpdate 2019-03-28 16:10:27 AUTOMODE=1
SLR19030004 LiveUpdate 2019-03-28 16:10:27 ORDER_TIMEOUT=300
SLR19030004 LiveUpdate 2019-03-28 16:10:27 TIMEOUT_URL=http://www.seal-ring.web-pro.hu/gateway/simple/timeout
SLR19030004 LiveUpdate 2019-03-28 16:10:27 BACK_REF=http://www.seal-ring.web-pro.hu/gateway/simple/backref
SLR19030004 LiveUpdate 2019-03-28 16:10:27 BILL_FNAME=Molnár
SLR19030004 LiveUpdate 2019-03-28 16:10:27 BILL_LNAME=István
SLR19030004 LiveUpdate 2019-03-28 16:10:27 BILL_EMAIL=pocokxtrame@gmail.com
SLR19030004 LiveUpdate 2019-03-28 16:10:27 BILL_PHONE=06702361259
SLR19030004 LiveUpdate 2019-03-28 16:10:27 BILL_ADDRESS=
SLR19030004 LiveUpdate 2019-03-28 16:10:27 BILL_ZIPCODE=4000
SLR19030004 LiveUpdate 2019-03-28 16:10:27 BILL_CITY=Debrecen
SLR19030004 LiveUpdate 2019-03-28 16:10:27 BILL_STATE=
SLR19030004 LiveUpdate 2019-03-28 16:10:27 BILL_COUNTRYCODE=HU
SLR19030004 LiveUpdate 2019-03-28 16:10:27 DELIVERY_FNAME=Molnár
SLR19030004 LiveUpdate 2019-03-28 16:10:27 DELIVERY_LNAME=István
SLR19030004 LiveUpdate 2019-03-28 16:10:27 DELIVERY_PHONE=06702361259
SLR19030004 LiveUpdate 2019-03-28 16:10:27 DELIVERY_ADDRESS=
SLR19030004 LiveUpdate 2019-03-28 16:10:27 DELIVERY_ZIPCODE=4000
SLR19030004 LiveUpdate 2019-03-28 16:10:27 DELIVERY_CITY=Debrecen
SLR19030004 LiveUpdate 2019-03-28 16:10:27 DELIVERY_STATE=
SLR19030004 LiveUpdate 2019-03-28 16:10:27 DELIVERY_COUNTRYCODE=HU
SLR19030004 LiveUpdate 2019-03-28 16:10:27 ORDER_HASH=4b8b9e8a4a8faead70bf2b2259c42559
SLR19030004 LiveUpdate 2019-03-28 16:16:25 MERCHANT=
SLR19030004 LiveUpdate 2019-03-28 16:16:25 ORDER_REF=SLR19030004
SLR19030004 LiveUpdate 2019-03-28 16:16:25 ORDER_DATE=2019-03-28 16:16:25
SLR19030004 LiveUpdate 2019-03-28 16:16:25 PRICES_CURRENCY=HUF
SLR19030004 LiveUpdate 2019-03-28 16:16:25 ORDER_SHIPPING=1290
SLR19030004 LiveUpdate 2019-03-28 16:16:25 DISCOUNT=0
SLR19030004 LiveUpdate 2019-03-28 16:16:25 PAY_METHOD=CCVISAMC
SLR19030004 LiveUpdate 2019-03-28 16:16:25 LANGUAGE=HU
SLR19030004 LiveUpdate 2019-03-28 16:16:25 AUTOMODE=1
SLR19030004 LiveUpdate 2019-03-28 16:16:25 ORDER_TIMEOUT=300
SLR19030004 LiveUpdate 2019-03-28 16:16:25 TIMEOUT_URL=http://www.seal-ring.web-pro.hu/gateway/simple/timeout
SLR19030004 LiveUpdate 2019-03-28 16:16:25 BACK_REF=http://www.seal-ring.web-pro.hu/gateway/simple/backref
SLR19030004 LiveUpdate 2019-03-28 16:16:25 BILL_FNAME=Molnár
SLR19030004 LiveUpdate 2019-03-28 16:16:25 BILL_LNAME=István
SLR19030004 LiveUpdate 2019-03-28 16:16:25 BILL_EMAIL=pocokxtrame@gmail.com
SLR19030004 LiveUpdate 2019-03-28 16:16:25 BILL_PHONE=06702361259
SLR19030004 LiveUpdate 2019-03-28 16:16:25 BILL_ADDRESS=
SLR19030004 LiveUpdate 2019-03-28 16:16:25 BILL_ZIPCODE=4000
SLR19030004 LiveUpdate 2019-03-28 16:16:25 BILL_CITY=Debrecen
SLR19030004 LiveUpdate 2019-03-28 16:16:25 BILL_STATE=
SLR19030004 LiveUpdate 2019-03-28 16:16:25 BILL_COUNTRYCODE=HU
SLR19030004 LiveUpdate 2019-03-28 16:16:25 DELIVERY_FNAME=Molnár
SLR19030004 LiveUpdate 2019-03-28 16:16:25 DELIVERY_LNAME=István
SLR19030004 LiveUpdate 2019-03-28 16:16:25 DELIVERY_PHONE=06702361259
SLR19030004 LiveUpdate 2019-03-28 16:16:25 DELIVERY_ADDRESS=
SLR19030004 LiveUpdate 2019-03-28 16:16:25 DELIVERY_ZIPCODE=4000
SLR19030004 LiveUpdate 2019-03-28 16:16:25 DELIVERY_CITY=Debrecen
SLR19030004 LiveUpdate 2019-03-28 16:16:25 DELIVERY_STATE=
SLR19030004 LiveUpdate 2019-03-28 16:16:25 DELIVERY_COUNTRYCODE=HU
SLR19030004 LiveUpdate 2019-03-28 16:16:25 ORDER_HASH=31500904d6e89d2187da36dc36241a51
SLR19030005 LiveUpdate 2019-03-28 16:17:33 MERCHANT=
SLR19030005 LiveUpdate 2019-03-28 16:17:33 ORDER_REF=SLR19030005
SLR19030005 LiveUpdate 2019-03-28 16:17:33 ORDER_DATE=2019-03-28 16:17:33
SLR19030005 LiveUpdate 2019-03-28 16:17:33 PRICES_CURRENCY=HUF
SLR19030005 LiveUpdate 2019-03-28 16:17:33 ORDER_SHIPPING=0
SLR19030005 LiveUpdate 2019-03-28 16:17:33 DISCOUNT=0
SLR19030005 LiveUpdate 2019-03-28 16:17:33 PAY_METHOD=CCVISAMC
SLR19030005 LiveUpdate 2019-03-28 16:17:33 LANGUAGE=HU
SLR19030005 LiveUpdate 2019-03-28 16:17:33 AUTOMODE=1
SLR19030005 LiveUpdate 2019-03-28 16:17:33 ORDER_TIMEOUT=300
SLR19030005 LiveUpdate 2019-03-28 16:17:33 TIMEOUT_URL=http://www.seal-ring.web-pro.hu/gateway/simple/timeout
SLR19030005 LiveUpdate 2019-03-28 16:17:33 BACK_REF=http://www.seal-ring.web-pro.hu/gateway/simple/backref
SLR19030005 LiveUpdate 2019-03-28 16:17:33 BILL_FNAME=Molnár
SLR19030005 LiveUpdate 2019-03-28 16:17:33 BILL_LNAME=István
SLR19030005 LiveUpdate 2019-03-28 16:17:33 BILL_EMAIL=pocokxtrame@gmail.com
SLR19030005 LiveUpdate 2019-03-28 16:17:33 BILL_PHONE=06702361259
SLR19030005 LiveUpdate 2019-03-28 16:17:33 BILL_ADDRESS=
SLR19030005 LiveUpdate 2019-03-28 16:17:33 BILL_ZIPCODE=4000
SLR19030005 LiveUpdate 2019-03-28 16:17:33 BILL_CITY=Debrecen
SLR19030005 LiveUpdate 2019-03-28 16:17:33 BILL_STATE=
SLR19030005 LiveUpdate 2019-03-28 16:17:33 BILL_COUNTRYCODE=HU
SLR19030005 LiveUpdate 2019-03-28 16:17:33 DELIVERY_FNAME=Molnár
SLR19030005 LiveUpdate 2019-03-28 16:17:33 DELIVERY_LNAME=István
SLR19030005 LiveUpdate 2019-03-28 16:17:33 DELIVERY_PHONE=06702361259
SLR19030005 LiveUpdate 2019-03-28 16:17:33 DELIVERY_ADDRESS=
SLR19030005 LiveUpdate 2019-03-28 16:17:33 DELIVERY_ZIPCODE=4000
SLR19030005 LiveUpdate 2019-03-28 16:17:33 DELIVERY_CITY=Debrecen
SLR19030005 LiveUpdate 2019-03-28 16:17:33 DELIVERY_STATE=
SLR19030005 LiveUpdate 2019-03-28 16:17:33 DELIVERY_COUNTRYCODE=HU
SLR19030005 LiveUpdate 2019-03-28 16:17:33 ORDER_HASH=c62daf12c5989c92696ad1b01132012a
SLR19030005 LiveUpdate 2019-03-28 16:51:26 MERCHANT=
SLR19030005 LiveUpdate 2019-03-28 16:51:26 ORDER_REF=SLR19030005
SLR19030005 LiveUpdate 2019-03-28 16:51:26 ORDER_DATE=2019-03-28 16:51:26
SLR19030005 LiveUpdate 2019-03-28 16:51:26 PRICES_CURRENCY=HUF
SLR19030005 LiveUpdate 2019-03-28 16:51:26 ORDER_SHIPPING=0
SLR19030005 LiveUpdate 2019-03-28 16:51:26 DISCOUNT=0
SLR19030005 LiveUpdate 2019-03-28 16:51:26 PAY_METHOD=CCVISAMC
SLR19030005 LiveUpdate 2019-03-28 16:51:26 LANGUAGE=HU
SLR19030005 LiveUpdate 2019-03-28 16:51:26 AUTOMODE=1
SLR19030005 LiveUpdate 2019-03-28 16:51:26 ORDER_TIMEOUT=300
SLR19030005 LiveUpdate 2019-03-28 16:51:26 TIMEOUT_URL=http://www.seal-ring.web-pro.hu/gateway/simple/timeout
SLR19030005 LiveUpdate 2019-03-28 16:51:26 BACK_REF=http://www.seal-ring.web-pro.hu/gateway/simple/backref
SLR19030005 LiveUpdate 2019-03-28 16:51:26 BILL_FNAME=Molnár
SLR19030005 LiveUpdate 2019-03-28 16:51:26 BILL_LNAME=István
SLR19030005 LiveUpdate 2019-03-28 16:51:26 BILL_EMAIL=pocokxtrame@gmail.com
SLR19030005 LiveUpdate 2019-03-28 16:51:26 BILL_PHONE=06702361259
SLR19030005 LiveUpdate 2019-03-28 16:51:26 BILL_ADDRESS=
SLR19030005 LiveUpdate 2019-03-28 16:51:26 BILL_ZIPCODE=4000
SLR19030005 LiveUpdate 2019-03-28 16:51:26 BILL_CITY=Debrecen
SLR19030005 LiveUpdate 2019-03-28 16:51:26 BILL_STATE=
SLR19030005 LiveUpdate 2019-03-28 16:51:26 BILL_COUNTRYCODE=HU
SLR19030005 LiveUpdate 2019-03-28 16:51:26 DELIVERY_FNAME=Molnár
SLR19030005 LiveUpdate 2019-03-28 16:51:26 DELIVERY_LNAME=István
SLR19030005 LiveUpdate 2019-03-28 16:51:26 DELIVERY_PHONE=06702361259
SLR19030005 LiveUpdate 2019-03-28 16:51:26 DELIVERY_ADDRESS=
SLR19030005 LiveUpdate 2019-03-28 16:51:26 DELIVERY_ZIPCODE=4000
SLR19030005 LiveUpdate 2019-03-28 16:51:26 DELIVERY_CITY=Debrecen
SLR19030005 LiveUpdate 2019-03-28 16:51:26 DELIVERY_STATE=
SLR19030005 LiveUpdate 2019-03-28 16:51:26 DELIVERY_COUNTRYCODE=HU
SLR19030005 LiveUpdate 2019-03-28 16:51:26 ORDER_HASH=3f5d3f3b91272f9e9d9e70c5032d6025
SLR19030005 LiveUpdate 2019-03-28 16:52:41 MERCHANT=
SLR19030005 LiveUpdate 2019-03-28 16:52:41 ORDER_REF=SLR19030005
SLR19030005 LiveUpdate 2019-03-28 16:52:41 ORDER_DATE=2019-03-28 16:52:41
SLR19030005 LiveUpdate 2019-03-28 16:52:41 PRICES_CURRENCY=HUF
SLR19030005 LiveUpdate 2019-03-28 16:52:41 ORDER_SHIPPING=0
SLR19030005 LiveUpdate 2019-03-28 16:52:41 DISCOUNT=0
SLR19030005 LiveUpdate 2019-03-28 16:52:41 PAY_METHOD=CCVISAMC
SLR19030005 LiveUpdate 2019-03-28 16:52:41 LANGUAGE=HU
SLR19030005 LiveUpdate 2019-03-28 16:52:41 AUTOMODE=1
SLR19030005 LiveUpdate 2019-03-28 16:52:41 ORDER_TIMEOUT=300
SLR19030005 LiveUpdate 2019-03-28 16:52:41 TIMEOUT_URL=http://www.seal-ring.web-pro.hu/gateway/simple/timeout
SLR19030005 LiveUpdate 2019-03-28 16:52:41 BACK_REF=http://www.seal-ring.web-pro.hu/gateway/simple/backref
SLR19030005 LiveUpdate 2019-03-28 16:52:41 BILL_FNAME=Molnár
SLR19030005 LiveUpdate 2019-03-28 16:52:41 BILL_LNAME=István
SLR19030005 LiveUpdate 2019-03-28 16:52:41 BILL_EMAIL=pocokxtrame@gmail.com
SLR19030005 LiveUpdate 2019-03-28 16:52:41 BILL_PHONE=06702361259
SLR19030005 LiveUpdate 2019-03-28 16:52:41 BILL_ADDRESS=
SLR19030005 LiveUpdate 2019-03-28 16:52:41 BILL_ZIPCODE=4000
SLR19030005 LiveUpdate 2019-03-28 16:52:41 BILL_CITY=Debrecen
SLR19030005 LiveUpdate 2019-03-28 16:52:41 BILL_STATE=
SLR19030005 LiveUpdate 2019-03-28 16:52:41 BILL_COUNTRYCODE=HU
SLR19030005 LiveUpdate 2019-03-28 16:52:41 DELIVERY_FNAME=Molnár
SLR19030005 LiveUpdate 2019-03-28 16:52:41 DELIVERY_LNAME=István
SLR19030005 LiveUpdate 2019-03-28 16:52:41 DELIVERY_PHONE=06702361259
SLR19030005 LiveUpdate 2019-03-28 16:52:41 DELIVERY_ADDRESS=
SLR19030005 LiveUpdate 2019-03-28 16:52:41 DELIVERY_ZIPCODE=4000
SLR19030005 LiveUpdate 2019-03-28 16:52:41 DELIVERY_CITY=Debrecen
SLR19030005 LiveUpdate 2019-03-28 16:52:41 DELIVERY_STATE=
SLR19030005 LiveUpdate 2019-03-28 16:52:41 DELIVERY_COUNTRYCODE=HU
SLR19030005 LiveUpdate 2019-03-28 16:52:41 ORDER_HASH=21d14ed9a17b2774e46bb242c12b825b
SLR19030005 LiveUpdate 2019-03-28 16:56:59 MERCHANT=
SLR19030005 LiveUpdate 2019-03-28 16:56:59 ORDER_REF=SLR19030005
SLR19030005 LiveUpdate 2019-03-28 16:56:59 ORDER_DATE=2019-03-28 16:56:59
SLR19030005 LiveUpdate 2019-03-28 16:56:59 PRICES_CURRENCY=HUF
SLR19030005 LiveUpdate 2019-03-28 16:56:59 ORDER_SHIPPING=0
SLR19030005 LiveUpdate 2019-03-28 16:56:59 DISCOUNT=0
SLR19030005 LiveUpdate 2019-03-28 16:56:59 PAY_METHOD=CCVISAMC
SLR19030005 LiveUpdate 2019-03-28 16:56:59 LANGUAGE=HU
SLR19030005 LiveUpdate 2019-03-28 16:56:59 AUTOMODE=1
SLR19030005 LiveUpdate 2019-03-28 16:56:59 ORDER_TIMEOUT=300
SLR19030005 LiveUpdate 2019-03-28 16:56:59 TIMEOUT_URL=http://www.seal-ring.web-pro.hu/gateway/simple/timeout
SLR19030005 LiveUpdate 2019-03-28 16:56:59 BACK_REF=http://www.seal-ring.web-pro.hu/gateway/simple/backref
SLR19030005 LiveUpdate 2019-03-28 16:56:59 BILL_FNAME=Molnár
SLR19030005 LiveUpdate 2019-03-28 16:56:59 BILL_LNAME=István
SLR19030005 LiveUpdate 2019-03-28 16:56:59 BILL_EMAIL=pocokxtrame@gmail.com
SLR19030005 LiveUpdate 2019-03-28 16:56:59 BILL_PHONE=06702361259
SLR19030005 LiveUpdate 2019-03-28 16:56:59 BILL_ADDRESS=
SLR19030005 LiveUpdate 2019-03-28 16:56:59 BILL_ZIPCODE=4000
SLR19030005 LiveUpdate 2019-03-28 16:56:59 BILL_CITY=Debrecen
SLR19030005 LiveUpdate 2019-03-28 16:56:59 BILL_STATE=
SLR19030005 LiveUpdate 2019-03-28 16:56:59 BILL_COUNTRYCODE=HU
SLR19030005 LiveUpdate 2019-03-28 16:56:59 DELIVERY_FNAME=Molnár
SLR19030005 LiveUpdate 2019-03-28 16:56:59 DELIVERY_LNAME=István
SLR19030005 LiveUpdate 2019-03-28 16:56:59 DELIVERY_PHONE=06702361259
SLR19030005 LiveUpdate 2019-03-28 16:56:59 DELIVERY_ADDRESS=
SLR19030005 LiveUpdate 2019-03-28 16:56:59 DELIVERY_ZIPCODE=4000
SLR19030005 LiveUpdate 2019-03-28 16:56:59 DELIVERY_CITY=Debrecen
SLR19030005 LiveUpdate 2019-03-28 16:56:59 DELIVERY_STATE=
SLR19030005 LiveUpdate 2019-03-28 16:56:59 DELIVERY_COUNTRYCODE=HU
SLR19030005 LiveUpdate 2019-03-28 16:56:59 ORDER_HASH=28eb4a4a2883f0c64677c3a3a1ccd458
