SLR19040004 LiveUpdate 2019-05-06 09:26:00 MERCHANT=
SLR19040004 LiveUpdate 2019-05-06 09:26:00 ORDER_REF=SLR19040004
SLR19040004 LiveUpdate 2019-05-06 09:26:00 ORDER_DATE=2019-05-06 09:26:00
SLR19040004 LiveUpdate 2019-05-06 09:26:00 PRICES_CURRENCY=HUF
SLR19040004 LiveUpdate 2019-05-06 09:26:00 ORDER_SHIPPING=0
SLR19040004 LiveUpdate 2019-05-06 09:26:00 DISCOUNT=0
SLR19040004 LiveUpdate 2019-05-06 09:26:00 PAY_METHOD=CCVISAMC
SLR19040004 LiveUpdate 2019-05-06 09:26:00 LANGUAGE=HU
SLR19040004 LiveUpdate 2019-05-06 09:26:00 AUTOMODE=1
SLR19040004 LiveUpdate 2019-05-06 09:26:00 ORDER_TIMEOUT=300
SLR19040004 LiveUpdate 2019-05-06 09:26:00 TIMEOUT_URL=http://www.seal-ring.web-pro.hu/gateway/simple/timeout
SLR19040004 LiveUpdate 2019-05-06 09:26:00 BACK_REF=http://www.seal-ring.web-pro.hu/gateway/simple/backref
SLR19040004 LiveUpdate 2019-05-06 09:26:00 BILL_FNAME=Proba
SLR19040004 LiveUpdate 2019-05-06 09:26:00 BILL_LNAME=Cég
SLR19040004 LiveUpdate 2019-05-06 09:26:00 BILL_EMAIL=proba@gmail.com
SLR19040004 LiveUpdate 2019-05-06 09:26:00 BILL_PHONE=2974345
SLR19040004 LiveUpdate 2019-05-06 09:26:00 BILL_ADDRESS=
SLR19040004 LiveUpdate 2019-05-06 09:26:00 BILL_ZIPCODE=1165
SLR19040004 LiveUpdate 2019-05-06 09:26:00 BILL_CITY=Budapest
SLR19040004 LiveUpdate 2019-05-06 09:26:00 BILL_STATE=
SLR19040004 LiveUpdate 2019-05-06 09:26:00 BILL_COUNTRYCODE=HU
SLR19040004 LiveUpdate 2019-05-06 09:26:00 DELIVERY_FNAME=Proba
SLR19040004 LiveUpdate 2019-05-06 09:26:00 DELIVERY_LNAME=Cég
SLR19040004 LiveUpdate 2019-05-06 09:26:00 DELIVERY_PHONE=2974345
SLR19040004 LiveUpdate 2019-05-06 09:26:00 DELIVERY_ADDRESS=
SLR19040004 LiveUpdate 2019-05-06 09:26:00 DELIVERY_ZIPCODE=1165
SLR19040004 LiveUpdate 2019-05-06 09:26:00 DELIVERY_CITY=Budapest
SLR19040004 LiveUpdate 2019-05-06 09:26:00 DELIVERY_STATE=
SLR19040004 LiveUpdate 2019-05-06 09:26:00 DELIVERY_COUNTRYCODE=HU
SLR19040004 LiveUpdate 2019-05-06 09:26:00 ORDER_HASH=fe357bffaea5bf23e5cf8f19ebfde146
SLR19040001 LiveUpdate 2019-05-06 13:22:47 MERCHANT=
SLR19040001 LiveUpdate 2019-05-06 13:22:47 ORDER_REF=SLR19040001
SLR19040001 LiveUpdate 2019-05-06 13:22:47 ORDER_DATE=2019-05-06 13:22:47
SLR19040001 LiveUpdate 2019-05-06 13:22:47 PRICES_CURRENCY=HUF
SLR19040001 LiveUpdate 2019-05-06 13:22:47 ORDER_SHIPPING=0
SLR19040001 LiveUpdate 2019-05-06 13:22:47 DISCOUNT=0
SLR19040001 LiveUpdate 2019-05-06 13:22:47 PAY_METHOD=CCVISAMC
SLR19040001 LiveUpdate 2019-05-06 13:22:47 LANGUAGE=HU
SLR19040001 LiveUpdate 2019-05-06 13:22:47 AUTOMODE=1
SLR19040001 LiveUpdate 2019-05-06 13:22:47 ORDER_TIMEOUT=300
SLR19040001 LiveUpdate 2019-05-06 13:22:47 TIMEOUT_URL=http://www.seal-ring.web-pro.hu/gateway/simple/timeout
SLR19040001 LiveUpdate 2019-05-06 13:22:47 BACK_REF=http://www.seal-ring.web-pro.hu/gateway/simple/backref
SLR19040001 LiveUpdate 2019-05-06 13:22:47 BILL_FNAME=Szelecz
SLR19040001 LiveUpdate 2019-05-06 13:22:47 BILL_LNAME=Péter
SLR19040001 LiveUpdate 2019-05-06 13:22:47 BILL_EMAIL=peter.szelecz@sealring.hu
SLR19040001 LiveUpdate 2019-05-06 13:22:47 BILL_PHONE=12974345
SLR19040001 LiveUpdate 2019-05-06 13:22:47 BILL_ADDRESS=
SLR19040001 LiveUpdate 2019-05-06 13:22:47 BILL_ZIPCODE=1165
SLR19040001 LiveUpdate 2019-05-06 13:22:47 BILL_CITY=Budapest
SLR19040001 LiveUpdate 2019-05-06 13:22:47 BILL_STATE=
SLR19040001 LiveUpdate 2019-05-06 13:22:47 BILL_COUNTRYCODE=HU
SLR19040001 LiveUpdate 2019-05-06 13:22:47 DELIVERY_FNAME=Szelecz
SLR19040001 LiveUpdate 2019-05-06 13:22:47 DELIVERY_LNAME=Péter
SLR19040001 LiveUpdate 2019-05-06 13:22:47 DELIVERY_PHONE=12974345
SLR19040001 LiveUpdate 2019-05-06 13:22:47 DELIVERY_ADDRESS=
SLR19040001 LiveUpdate 2019-05-06 13:22:47 DELIVERY_ZIPCODE=1165
SLR19040001 LiveUpdate 2019-05-06 13:22:47 DELIVERY_CITY=Budapest
SLR19040001 LiveUpdate 2019-05-06 13:22:47 DELIVERY_STATE=
SLR19040001 LiveUpdate 2019-05-06 13:22:47 DELIVERY_COUNTRYCODE=HU
SLR19040001 LiveUpdate 2019-05-06 13:22:47 ORDER_HASH=28f7c726661d8d6a5f6585f26e0c4def
SLR19040001 LiveUpdate 2019-05-06 14:42:40 MERCHANT=
SLR19040001 LiveUpdate 2019-05-06 14:42:40 ORDER_REF=SLR19040001
SLR19040001 LiveUpdate 2019-05-06 14:42:40 ORDER_DATE=2019-05-06 14:42:40
SLR19040001 LiveUpdate 2019-05-06 14:42:40 PRICES_CURRENCY=HUF
SLR19040001 LiveUpdate 2019-05-06 14:42:40 ORDER_SHIPPING=0
SLR19040001 LiveUpdate 2019-05-06 14:42:40 DISCOUNT=0
SLR19040001 LiveUpdate 2019-05-06 14:42:40 PAY_METHOD=CCVISAMC
SLR19040001 LiveUpdate 2019-05-06 14:42:40 LANGUAGE=HU
SLR19040001 LiveUpdate 2019-05-06 14:42:40 AUTOMODE=1
SLR19040001 LiveUpdate 2019-05-06 14:42:40 ORDER_TIMEOUT=300
SLR19040001 LiveUpdate 2019-05-06 14:42:40 TIMEOUT_URL=http://www.seal-ring.web-pro.hu/gateway/simple/timeout
SLR19040001 LiveUpdate 2019-05-06 14:42:40 BACK_REF=http://www.seal-ring.web-pro.hu/gateway/simple/backref
SLR19040001 LiveUpdate 2019-05-06 14:42:40 BILL_FNAME=Szelecz
SLR19040001 LiveUpdate 2019-05-06 14:42:40 BILL_LNAME=Péter
SLR19040001 LiveUpdate 2019-05-06 14:42:40 BILL_EMAIL=peter.szelecz@sealring.hu
SLR19040001 LiveUpdate 2019-05-06 14:42:40 BILL_PHONE=12974345
SLR19040001 LiveUpdate 2019-05-06 14:42:40 BILL_ADDRESS=
SLR19040001 LiveUpdate 2019-05-06 14:42:40 BILL_ZIPCODE=1165
SLR19040001 LiveUpdate 2019-05-06 14:42:40 BILL_CITY=Budapest
SLR19040001 LiveUpdate 2019-05-06 14:42:40 BILL_STATE=
SLR19040001 LiveUpdate 2019-05-06 14:42:40 BILL_COUNTRYCODE=HU
SLR19040001 LiveUpdate 2019-05-06 14:42:40 DELIVERY_FNAME=Szelecz
SLR19040001 LiveUpdate 2019-05-06 14:42:40 DELIVERY_LNAME=Péter
SLR19040001 LiveUpdate 2019-05-06 14:42:40 DELIVERY_PHONE=12974345
SLR19040001 LiveUpdate 2019-05-06 14:42:40 DELIVERY_ADDRESS=
SLR19040001 LiveUpdate 2019-05-06 14:42:40 DELIVERY_ZIPCODE=1165
SLR19040001 LiveUpdate 2019-05-06 14:42:40 DELIVERY_CITY=Budapest
SLR19040001 LiveUpdate 2019-05-06 14:42:40 DELIVERY_STATE=
SLR19040001 LiveUpdate 2019-05-06 14:42:40 DELIVERY_COUNTRYCODE=HU
SLR19040001 LiveUpdate 2019-05-06 14:42:40 ORDER_HASH=abf8b7c5e9567a820462f40931c51209
