SLR19060015 LiveUpdate 2019-06-14 18:32:27 MERCHANT=
SLR19060015 LiveUpdate 2019-06-14 18:32:27 ORDER_REF=SLR19060015
SLR19060015 LiveUpdate 2019-06-14 18:32:27 ORDER_DATE=2019-06-14 18:32:27
SLR19060015 LiveUpdate 2019-06-14 18:32:27 PRICES_CURRENCY=HUF
SLR19060015 LiveUpdate 2019-06-14 18:32:27 ORDER_SHIPPING=0
SLR19060015 LiveUpdate 2019-06-14 18:32:27 DISCOUNT=0
SLR19060015 LiveUpdate 2019-06-14 18:32:27 PAY_METHOD=CCVISAMC
SLR19060015 LiveUpdate 2019-06-14 18:32:27 LANGUAGE=HU
SLR19060015 LiveUpdate 2019-06-14 18:32:27 AUTOMODE=1
SLR19060015 LiveUpdate 2019-06-14 18:32:27 ORDER_TIMEOUT=300
SLR19060015 LiveUpdate 2019-06-14 18:32:27 TIMEOUT_URL=http://www.seal-ring.web-pro.hu/gateway/simple/timeout
SLR19060015 LiveUpdate 2019-06-14 18:32:27 BACK_REF=http://www.seal-ring.web-pro.hu/gateway/simple/backref
SLR19060015 LiveUpdate 2019-06-14 18:32:27 BILL_FNAME=Molnár
SLR19060015 LiveUpdate 2019-06-14 18:32:27 BILL_LNAME=István
SLR19060015 LiveUpdate 2019-06-14 18:32:27 BILL_EMAIL=pocokxtrame@gmail.com
SLR19060015 LiveUpdate 2019-06-14 18:32:27 BILL_PHONE=06702361259
SLR19060015 LiveUpdate 2019-06-14 18:32:27 BILL_ADDRESS=
SLR19060015 LiveUpdate 2019-06-14 18:32:27 BILL_ZIPCODE=4287
SLR19060015 LiveUpdate 2019-06-14 18:32:27 BILL_CITY=Vámospércs
SLR19060015 LiveUpdate 2019-06-14 18:32:27 BILL_STATE=
SLR19060015 LiveUpdate 2019-06-14 18:32:27 BILL_COUNTRYCODE=HU
SLR19060015 LiveUpdate 2019-06-14 18:32:27 DELIVERY_FNAME=Molnár
SLR19060015 LiveUpdate 2019-06-14 18:32:27 DELIVERY_LNAME=István
SLR19060015 LiveUpdate 2019-06-14 18:32:27 DELIVERY_PHONE=06702361259
SLR19060015 LiveUpdate 2019-06-14 18:32:27 DELIVERY_ADDRESS=
SLR19060015 LiveUpdate 2019-06-14 18:32:27 DELIVERY_ZIPCODE=4287
SLR19060015 LiveUpdate 2019-06-14 18:32:27 DELIVERY_CITY=Vámospércs
SLR19060015 LiveUpdate 2019-06-14 18:32:27 DELIVERY_STATE=
SLR19060015 LiveUpdate 2019-06-14 18:32:27 DELIVERY_COUNTRYCODE=HU
SLR19060015 LiveUpdate 2019-06-14 18:32:27 ORDER_HASH=bc69757c303b6a2a45c5ae7f33bd1a1c
SLR19060015 LiveUpdate 2019-06-14 18:32:30 MERCHANT=
SLR19060015 LiveUpdate 2019-06-14 18:32:30 ORDER_REF=SLR19060015
SLR19060015 LiveUpdate 2019-06-14 18:32:30 ORDER_DATE=2019-06-14 18:32:30
SLR19060015 LiveUpdate 2019-06-14 18:32:30 PRICES_CURRENCY=HUF
SLR19060015 LiveUpdate 2019-06-14 18:32:30 ORDER_SHIPPING=0
SLR19060015 LiveUpdate 2019-06-14 18:32:30 DISCOUNT=0
SLR19060015 LiveUpdate 2019-06-14 18:32:30 PAY_METHOD=CCVISAMC
SLR19060015 LiveUpdate 2019-06-14 18:32:30 LANGUAGE=HU
SLR19060015 LiveUpdate 2019-06-14 18:32:30 AUTOMODE=1
SLR19060015 LiveUpdate 2019-06-14 18:32:30 ORDER_TIMEOUT=300
SLR19060015 LiveUpdate 2019-06-14 18:32:30 TIMEOUT_URL=http://www.seal-ring.web-pro.hu/gateway/simple/timeout
SLR19060015 LiveUpdate 2019-06-14 18:32:30 BACK_REF=http://www.seal-ring.web-pro.hu/gateway/simple/backref
SLR19060015 LiveUpdate 2019-06-14 18:32:30 BILL_FNAME=Molnár
SLR19060015 LiveUpdate 2019-06-14 18:32:30 BILL_LNAME=István
SLR19060015 LiveUpdate 2019-06-14 18:32:30 BILL_EMAIL=pocokxtrame@gmail.com
SLR19060015 LiveUpdate 2019-06-14 18:32:30 BILL_PHONE=06702361259
SLR19060015 LiveUpdate 2019-06-14 18:32:30 BILL_ADDRESS=
SLR19060015 LiveUpdate 2019-06-14 18:32:30 BILL_ZIPCODE=4287
SLR19060015 LiveUpdate 2019-06-14 18:32:30 BILL_CITY=Vámospércs
SLR19060015 LiveUpdate 2019-06-14 18:32:30 BILL_STATE=
SLR19060015 LiveUpdate 2019-06-14 18:32:30 BILL_COUNTRYCODE=HU
SLR19060015 LiveUpdate 2019-06-14 18:32:30 DELIVERY_FNAME=Molnár
SLR19060015 LiveUpdate 2019-06-14 18:32:30 DELIVERY_LNAME=István
SLR19060015 LiveUpdate 2019-06-14 18:32:30 DELIVERY_PHONE=06702361259
SLR19060015 LiveUpdate 2019-06-14 18:32:30 DELIVERY_ADDRESS=
SLR19060015 LiveUpdate 2019-06-14 18:32:30 DELIVERY_ZIPCODE=4287
SLR19060015 LiveUpdate 2019-06-14 18:32:30 DELIVERY_CITY=Vámospércs
SLR19060015 LiveUpdate 2019-06-14 18:32:30 DELIVERY_STATE=
SLR19060015 LiveUpdate 2019-06-14 18:32:30 DELIVERY_COUNTRYCODE=HU
SLR19060015 LiveUpdate 2019-06-14 18:32:30 ORDER_HASH=49d7c19d4b506c6d8c27d7c34a68e6af
SLR19060015 LiveUpdate 2019-06-14 18:40:32 MERCHANT=
SLR19060015 LiveUpdate 2019-06-14 18:40:32 ORDER_REF=SLR19060015
SLR19060015 LiveUpdate 2019-06-14 18:40:32 ORDER_DATE=2019-06-14 18:40:32
SLR19060015 LiveUpdate 2019-06-14 18:40:32 PRICES_CURRENCY=HUF
SLR19060015 LiveUpdate 2019-06-14 18:40:32 ORDER_SHIPPING=0
SLR19060015 LiveUpdate 2019-06-14 18:40:32 DISCOUNT=0
SLR19060015 LiveUpdate 2019-06-14 18:40:32 PAY_METHOD=CCVISAMC
SLR19060015 LiveUpdate 2019-06-14 18:40:32 LANGUAGE=HU
SLR19060015 LiveUpdate 2019-06-14 18:40:32 AUTOMODE=1
SLR19060015 LiveUpdate 2019-06-14 18:40:32 ORDER_TIMEOUT=300
SLR19060015 LiveUpdate 2019-06-14 18:40:32 TIMEOUT_URL=http://www.seal-ring.web-pro.hu/gateway/simple/timeout
SLR19060015 LiveUpdate 2019-06-14 18:40:32 BACK_REF=http://www.seal-ring.web-pro.hu/gateway/simple/backref
SLR19060015 LiveUpdate 2019-06-14 18:40:32 BILL_FNAME=Molnár
SLR19060015 LiveUpdate 2019-06-14 18:40:32 BILL_LNAME=István
SLR19060015 LiveUpdate 2019-06-14 18:40:32 BILL_EMAIL=pocokxtrame@gmail.com
SLR19060015 LiveUpdate 2019-06-14 18:40:32 BILL_PHONE=06702361259
SLR19060015 LiveUpdate 2019-06-14 18:40:32 BILL_ADDRESS=
SLR19060015 LiveUpdate 2019-06-14 18:40:32 BILL_ZIPCODE=4287
SLR19060015 LiveUpdate 2019-06-14 18:40:32 BILL_CITY=Vámospércs
SLR19060015 LiveUpdate 2019-06-14 18:40:32 BILL_STATE=
SLR19060015 LiveUpdate 2019-06-14 18:40:32 BILL_COUNTRYCODE=HU
SLR19060015 LiveUpdate 2019-06-14 18:40:32 DELIVERY_FNAME=Molnár
SLR19060015 LiveUpdate 2019-06-14 18:40:32 DELIVERY_LNAME=István
SLR19060015 LiveUpdate 2019-06-14 18:40:32 DELIVERY_PHONE=06702361259
SLR19060015 LiveUpdate 2019-06-14 18:40:32 DELIVERY_ADDRESS=
SLR19060015 LiveUpdate 2019-06-14 18:40:32 DELIVERY_ZIPCODE=4287
SLR19060015 LiveUpdate 2019-06-14 18:40:32 DELIVERY_CITY=Vámospércs
SLR19060015 LiveUpdate 2019-06-14 18:40:32 DELIVERY_STATE=
SLR19060015 LiveUpdate 2019-06-14 18:40:32 DELIVERY_COUNTRYCODE=HU
SLR19060015 LiveUpdate 2019-06-14 18:40:32 ORDER_HASH=748076380c79cd5a78670578c463ab19
SLR19060015 LiveUpdate 2019-06-14 18:40:34 MERCHANT=
SLR19060015 LiveUpdate 2019-06-14 18:40:34 ORDER_REF=SLR19060015
SLR19060015 LiveUpdate 2019-06-14 18:40:34 ORDER_DATE=2019-06-14 18:40:34
SLR19060015 LiveUpdate 2019-06-14 18:40:34 PRICES_CURRENCY=HUF
SLR19060015 LiveUpdate 2019-06-14 18:40:34 ORDER_SHIPPING=0
SLR19060015 LiveUpdate 2019-06-14 18:40:34 DISCOUNT=0
SLR19060015 LiveUpdate 2019-06-14 18:40:34 PAY_METHOD=CCVISAMC
SLR19060015 LiveUpdate 2019-06-14 18:40:34 LANGUAGE=HU
SLR19060015 LiveUpdate 2019-06-14 18:40:34 AUTOMODE=1
SLR19060015 LiveUpdate 2019-06-14 18:40:34 ORDER_TIMEOUT=300
SLR19060015 LiveUpdate 2019-06-14 18:40:34 TIMEOUT_URL=http://www.seal-ring.web-pro.hu/gateway/simple/timeout
SLR19060015 LiveUpdate 2019-06-14 18:40:34 BACK_REF=http://www.seal-ring.web-pro.hu/gateway/simple/backref
SLR19060015 LiveUpdate 2019-06-14 18:40:34 BILL_FNAME=Molnár
SLR19060015 LiveUpdate 2019-06-14 18:40:34 BILL_LNAME=István
SLR19060015 LiveUpdate 2019-06-14 18:40:34 BILL_EMAIL=pocokxtrame@gmail.com
SLR19060015 LiveUpdate 2019-06-14 18:40:34 BILL_PHONE=06702361259
SLR19060015 LiveUpdate 2019-06-14 18:40:34 BILL_ADDRESS=
SLR19060015 LiveUpdate 2019-06-14 18:40:34 BILL_ZIPCODE=4287
SLR19060015 LiveUpdate 2019-06-14 18:40:34 BILL_CITY=Vámospércs
SLR19060015 LiveUpdate 2019-06-14 18:40:34 BILL_STATE=
SLR19060015 LiveUpdate 2019-06-14 18:40:34 BILL_COUNTRYCODE=HU
SLR19060015 LiveUpdate 2019-06-14 18:40:34 DELIVERY_FNAME=Molnár
SLR19060015 LiveUpdate 2019-06-14 18:40:34 DELIVERY_LNAME=István
SLR19060015 LiveUpdate 2019-06-14 18:40:34 DELIVERY_PHONE=06702361259
SLR19060015 LiveUpdate 2019-06-14 18:40:34 DELIVERY_ADDRESS=
SLR19060015 LiveUpdate 2019-06-14 18:40:34 DELIVERY_ZIPCODE=4287
SLR19060015 LiveUpdate 2019-06-14 18:40:34 DELIVERY_CITY=Vámospércs
SLR19060015 LiveUpdate 2019-06-14 18:40:34 DELIVERY_STATE=
SLR19060015 LiveUpdate 2019-06-14 18:40:34 DELIVERY_COUNTRYCODE=HU
SLR19060015 LiveUpdate 2019-06-14 18:40:34 ORDER_HASH=69c92e8ed83da8a2551adbae5fe64d8d
SLR19060015 LiveUpdate 2019-06-14 18:40:48 MERCHANT=
SLR19060015 LiveUpdate 2019-06-14 18:40:48 ORDER_REF=SLR19060015
SLR19060015 LiveUpdate 2019-06-14 18:40:48 ORDER_DATE=2019-06-14 18:40:48
SLR19060015 LiveUpdate 2019-06-14 18:40:48 PRICES_CURRENCY=HUF
SLR19060015 LiveUpdate 2019-06-14 18:40:48 ORDER_SHIPPING=0
SLR19060015 LiveUpdate 2019-06-14 18:40:48 DISCOUNT=0
SLR19060015 LiveUpdate 2019-06-14 18:40:48 PAY_METHOD=CCVISAMC
SLR19060015 LiveUpdate 2019-06-14 18:40:48 LANGUAGE=HU
SLR19060015 LiveUpdate 2019-06-14 18:40:48 AUTOMODE=1
SLR19060015 LiveUpdate 2019-06-14 18:40:48 ORDER_TIMEOUT=300
SLR19060015 LiveUpdate 2019-06-14 18:40:48 TIMEOUT_URL=http://www.seal-ring.web-pro.hu/gateway/simple/timeout
SLR19060015 LiveUpdate 2019-06-14 18:40:48 BACK_REF=http://www.seal-ring.web-pro.hu/gateway/simple/backref
SLR19060015 LiveUpdate 2019-06-14 18:40:48 BILL_FNAME=Molnár
SLR19060015 LiveUpdate 2019-06-14 18:40:48 BILL_LNAME=István
SLR19060015 LiveUpdate 2019-06-14 18:40:48 BILL_EMAIL=pocokxtrame@gmail.com
SLR19060015 LiveUpdate 2019-06-14 18:40:48 BILL_PHONE=06702361259
SLR19060015 LiveUpdate 2019-06-14 18:40:48 BILL_ADDRESS=
SLR19060015 LiveUpdate 2019-06-14 18:40:48 BILL_ZIPCODE=4287
SLR19060015 LiveUpdate 2019-06-14 18:40:48 BILL_CITY=Vámospércs
SLR19060015 LiveUpdate 2019-06-14 18:40:48 BILL_STATE=
SLR19060015 LiveUpdate 2019-06-14 18:40:48 BILL_COUNTRYCODE=HU
SLR19060015 LiveUpdate 2019-06-14 18:40:48 DELIVERY_FNAME=Molnár
SLR19060015 LiveUpdate 2019-06-14 18:40:48 DELIVERY_LNAME=István
SLR19060015 LiveUpdate 2019-06-14 18:40:48 DELIVERY_PHONE=06702361259
SLR19060015 LiveUpdate 2019-06-14 18:40:48 DELIVERY_ADDRESS=
SLR19060015 LiveUpdate 2019-06-14 18:40:48 DELIVERY_ZIPCODE=4287
SLR19060015 LiveUpdate 2019-06-14 18:40:48 DELIVERY_CITY=Vámospércs
SLR19060015 LiveUpdate 2019-06-14 18:40:48 DELIVERY_STATE=
SLR19060015 LiveUpdate 2019-06-14 18:40:48 DELIVERY_COUNTRYCODE=HU
SLR19060015 LiveUpdate 2019-06-14 18:40:48 ORDER_HASH=bdd3081e2f20919238f9d96e21235615
SLR19060015 LiveUpdate 2019-06-14 18:41:18 MERCHANT=
SLR19060015 LiveUpdate 2019-06-14 18:41:18 ORDER_REF=SLR19060015
SLR19060015 LiveUpdate 2019-06-14 18:41:18 ORDER_DATE=2019-06-14 18:41:18
SLR19060015 LiveUpdate 2019-06-14 18:41:18 PRICES_CURRENCY=HUF
SLR19060015 LiveUpdate 2019-06-14 18:41:18 ORDER_SHIPPING=0
SLR19060015 LiveUpdate 2019-06-14 18:41:18 DISCOUNT=0
SLR19060015 LiveUpdate 2019-06-14 18:41:18 PAY_METHOD=CCVISAMC
SLR19060015 LiveUpdate 2019-06-14 18:41:18 LANGUAGE=HU
SLR19060015 LiveUpdate 2019-06-14 18:41:18 AUTOMODE=1
SLR19060015 LiveUpdate 2019-06-14 18:41:18 ORDER_TIMEOUT=300
SLR19060015 LiveUpdate 2019-06-14 18:41:18 TIMEOUT_URL=http://www.seal-ring.web-pro.hu/gateway/simple/timeout
SLR19060015 LiveUpdate 2019-06-14 18:41:18 BACK_REF=http://www.seal-ring.web-pro.hu/gateway/simple/backref
SLR19060015 LiveUpdate 2019-06-14 18:41:18 BILL_FNAME=Molnár
SLR19060015 LiveUpdate 2019-06-14 18:41:18 BILL_LNAME=István
SLR19060015 LiveUpdate 2019-06-14 18:41:18 BILL_EMAIL=pocokxtrame@gmail.com
SLR19060015 LiveUpdate 2019-06-14 18:41:18 BILL_PHONE=06702361259
SLR19060015 LiveUpdate 2019-06-14 18:41:18 BILL_ADDRESS=
SLR19060015 LiveUpdate 2019-06-14 18:41:18 BILL_ZIPCODE=4287
SLR19060015 LiveUpdate 2019-06-14 18:41:18 BILL_CITY=Vámospércs
SLR19060015 LiveUpdate 2019-06-14 18:41:18 BILL_STATE=
SLR19060015 LiveUpdate 2019-06-14 18:41:18 BILL_COUNTRYCODE=HU
SLR19060015 LiveUpdate 2019-06-14 18:41:18 DELIVERY_FNAME=Molnár
SLR19060015 LiveUpdate 2019-06-14 18:41:18 DELIVERY_LNAME=István
SLR19060015 LiveUpdate 2019-06-14 18:41:18 DELIVERY_PHONE=06702361259
SLR19060015 LiveUpdate 2019-06-14 18:41:18 DELIVERY_ADDRESS=
SLR19060015 LiveUpdate 2019-06-14 18:41:18 DELIVERY_ZIPCODE=4287
SLR19060015 LiveUpdate 2019-06-14 18:41:18 DELIVERY_CITY=Vámospércs
SLR19060015 LiveUpdate 2019-06-14 18:41:18 DELIVERY_STATE=
SLR19060015 LiveUpdate 2019-06-14 18:41:18 DELIVERY_COUNTRYCODE=HU
SLR19060015 LiveUpdate 2019-06-14 18:41:18 ORDER_HASH=238fcf0b55fd8386ced24f1986366b87
SLR19060017 LiveUpdate 2019-06-14 18:44:26 MERCHANT=
SLR19060017 LiveUpdate 2019-06-14 18:44:26 ORDER_REF=SLR19060017
SLR19060017 LiveUpdate 2019-06-14 18:44:26 ORDER_DATE=2019-06-14 18:44:26
SLR19060017 LiveUpdate 2019-06-14 18:44:26 PRICES_CURRENCY=HUF
SLR19060017 LiveUpdate 2019-06-14 18:44:26 ORDER_SHIPPING=2000
SLR19060017 LiveUpdate 2019-06-14 18:44:26 DISCOUNT=0
SLR19060017 LiveUpdate 2019-06-14 18:44:26 PAY_METHOD=CCVISAMC
SLR19060017 LiveUpdate 2019-06-14 18:44:26 LANGUAGE=HU
SLR19060017 LiveUpdate 2019-06-14 18:44:26 AUTOMODE=1
SLR19060017 LiveUpdate 2019-06-14 18:44:26 ORDER_TIMEOUT=300
SLR19060017 LiveUpdate 2019-06-14 18:44:26 TIMEOUT_URL=http://www.seal-ring.web-pro.hu/gateway/simple/timeout
SLR19060017 LiveUpdate 2019-06-14 18:44:26 BACK_REF=http://www.seal-ring.web-pro.hu/gateway/simple/backref
SLR19060017 LiveUpdate 2019-06-14 18:44:26 BILL_FNAME=Molnár
SLR19060017 LiveUpdate 2019-06-14 18:44:26 BILL_LNAME=István
SLR19060017 LiveUpdate 2019-06-14 18:44:26 BILL_EMAIL=pocokxtrame@gmail.com
SLR19060017 LiveUpdate 2019-06-14 18:44:26 BILL_PHONE=06702361259
SLR19060017 LiveUpdate 2019-06-14 18:44:26 BILL_ADDRESS=
SLR19060017 LiveUpdate 2019-06-14 18:44:26 BILL_ZIPCODE=4287
SLR19060017 LiveUpdate 2019-06-14 18:44:26 BILL_CITY=Vámospércs
SLR19060017 LiveUpdate 2019-06-14 18:44:26 BILL_STATE=
SLR19060017 LiveUpdate 2019-06-14 18:44:26 BILL_COUNTRYCODE=HU
SLR19060017 LiveUpdate 2019-06-14 18:44:26 DELIVERY_FNAME=Molnár
SLR19060017 LiveUpdate 2019-06-14 18:44:26 DELIVERY_LNAME=István
SLR19060017 LiveUpdate 2019-06-14 18:44:26 DELIVERY_PHONE=06702361259
SLR19060017 LiveUpdate 2019-06-14 18:44:26 DELIVERY_ADDRESS=
SLR19060017 LiveUpdate 2019-06-14 18:44:26 DELIVERY_ZIPCODE=4287
SLR19060017 LiveUpdate 2019-06-14 18:44:26 DELIVERY_CITY=Vámospércs
SLR19060017 LiveUpdate 2019-06-14 18:44:26 DELIVERY_STATE=
SLR19060017 LiveUpdate 2019-06-14 18:44:26 DELIVERY_COUNTRYCODE=HU
SLR19060017 LiveUpdate 2019-06-14 18:44:26 ORDER_HASH=da1b0dce597a6582f8369ab9c3d02de8
SLR19060018 LiveUpdate 2019-06-14 18:46:47 MERCHANT=
SLR19060018 LiveUpdate 2019-06-14 18:46:47 ORDER_REF=SLR19060018
SLR19060018 LiveUpdate 2019-06-14 18:46:47 ORDER_DATE=2019-06-14 18:46:47
SLR19060018 LiveUpdate 2019-06-14 18:46:47 PRICES_CURRENCY=HUF
SLR19060018 LiveUpdate 2019-06-14 18:46:47 ORDER_SHIPPING=0
SLR19060018 LiveUpdate 2019-06-14 18:46:47 DISCOUNT=0
SLR19060018 LiveUpdate 2019-06-14 18:46:47 PAY_METHOD=CCVISAMC
SLR19060018 LiveUpdate 2019-06-14 18:46:47 LANGUAGE=HU
SLR19060018 LiveUpdate 2019-06-14 18:46:47 AUTOMODE=1
SLR19060018 LiveUpdate 2019-06-14 18:46:47 ORDER_TIMEOUT=300
SLR19060018 LiveUpdate 2019-06-14 18:46:47 TIMEOUT_URL=http://www.seal-ring.web-pro.hu/gateway/simple/timeout
SLR19060018 LiveUpdate 2019-06-14 18:46:47 BACK_REF=http://www.seal-ring.web-pro.hu/gateway/simple/backref
SLR19060018 LiveUpdate 2019-06-14 18:46:47 BILL_FNAME=Molnár
SLR19060018 LiveUpdate 2019-06-14 18:46:47 BILL_LNAME=István
SLR19060018 LiveUpdate 2019-06-14 18:46:47 BILL_EMAIL=pocokxtrame@gmail.com
SLR19060018 LiveUpdate 2019-06-14 18:46:47 BILL_PHONE=06702361259
SLR19060018 LiveUpdate 2019-06-14 18:46:47 BILL_ADDRESS=
SLR19060018 LiveUpdate 2019-06-14 18:46:47 BILL_ZIPCODE=4287
SLR19060018 LiveUpdate 2019-06-14 18:46:47 BILL_CITY=Vámospércs
SLR19060018 LiveUpdate 2019-06-14 18:46:47 BILL_STATE=
SLR19060018 LiveUpdate 2019-06-14 18:46:47 BILL_COUNTRYCODE=HU
SLR19060018 LiveUpdate 2019-06-14 18:46:47 DELIVERY_FNAME=Molnár
SLR19060018 LiveUpdate 2019-06-14 18:46:47 DELIVERY_LNAME=István
SLR19060018 LiveUpdate 2019-06-14 18:46:47 DELIVERY_PHONE=06702361259
SLR19060018 LiveUpdate 2019-06-14 18:46:47 DELIVERY_ADDRESS=
SLR19060018 LiveUpdate 2019-06-14 18:46:47 DELIVERY_ZIPCODE=4287
SLR19060018 LiveUpdate 2019-06-14 18:46:47 DELIVERY_CITY=Vámospércs
SLR19060018 LiveUpdate 2019-06-14 18:46:47 DELIVERY_STATE=
SLR19060018 LiveUpdate 2019-06-14 18:46:47 DELIVERY_COUNTRYCODE=HU
SLR19060018 LiveUpdate 2019-06-14 18:46:47 ORDER_HASH=d697baac5de49411cdea52d8231b50b7
