SLR19050001 LiveUpdate 2019-05-15 07:46:35 MERCHANT=
SLR19050001 LiveUpdate 2019-05-15 07:46:35 ORDER_REF=SLR19050001
SLR19050001 LiveUpdate 2019-05-15 07:46:35 ORDER_DATE=2019-05-15 07:46:35
SLR19050001 LiveUpdate 2019-05-15 07:46:35 PRICES_CURRENCY=HUF
SLR19050001 LiveUpdate 2019-05-15 07:46:35 ORDER_SHIPPING=0
SLR19050001 LiveUpdate 2019-05-15 07:46:35 DISCOUNT=0
SLR19050001 LiveUpdate 2019-05-15 07:46:35 PAY_METHOD=CCVISAMC
SLR19050001 LiveUpdate 2019-05-15 07:46:35 LANGUAGE=HU
SLR19050001 LiveUpdate 2019-05-15 07:46:35 AUTOMODE=1
SLR19050001 LiveUpdate 2019-05-15 07:46:35 ORDER_TIMEOUT=300
SLR19050001 LiveUpdate 2019-05-15 07:46:35 TIMEOUT_URL=http://www.seal-ring.web-pro.hu/gateway/simple/timeout
SLR19050001 LiveUpdate 2019-05-15 07:46:35 BACK_REF=http://www.seal-ring.web-pro.hu/gateway/simple/backref
SLR19050001 LiveUpdate 2019-05-15 07:46:35 BILL_FNAME=Seal
SLR19050001 LiveUpdate 2019-05-15 07:46:35 BILL_LNAME=Ring
SLR19050001 LiveUpdate 2019-05-15 07:46:35 BILL_EMAIL=office@sealring.hu
SLR19050001 LiveUpdate 2019-05-15 07:46:35 BILL_PHONE=+3672210776
SLR19050001 LiveUpdate 2019-05-15 07:46:35 BILL_ADDRESS=
SLR19050001 LiveUpdate 2019-05-15 07:46:35 BILL_ZIPCODE=7632
SLR19050001 LiveUpdate 2019-05-15 07:46:35 BILL_CITY=Pécs
SLR19050001 LiveUpdate 2019-05-15 07:46:35 BILL_STATE=
SLR19050001 LiveUpdate 2019-05-15 07:46:35 BILL_COUNTRYCODE=HU
SLR19050001 LiveUpdate 2019-05-15 07:46:35 DELIVERY_FNAME=Seal
SLR19050001 LiveUpdate 2019-05-15 07:46:35 DELIVERY_LNAME=Ring
SLR19050001 LiveUpdate 2019-05-15 07:46:35 DELIVERY_PHONE=+3672210776
SLR19050001 LiveUpdate 2019-05-15 07:46:35 DELIVERY_ADDRESS=
SLR19050001 LiveUpdate 2019-05-15 07:46:35 DELIVERY_ZIPCODE=7632
SLR19050001 LiveUpdate 2019-05-15 07:46:35 DELIVERY_CITY=Pécs
SLR19050001 LiveUpdate 2019-05-15 07:46:35 DELIVERY_STATE=
SLR19050001 LiveUpdate 2019-05-15 07:46:35 DELIVERY_COUNTRYCODE=HU
SLR19050001 LiveUpdate 2019-05-15 07:46:35 ORDER_HASH=cf6e56aaa64f4b15e5436b6203cb1152
SLR19050007 LiveUpdate 2019-05-15 10:40:28 MERCHANT=
SLR19050007 LiveUpdate 2019-05-15 10:40:28 ORDER_REF=SLR19050007
SLR19050007 LiveUpdate 2019-05-15 10:40:28 ORDER_DATE=2019-05-15 10:40:28
SLR19050007 LiveUpdate 2019-05-15 10:40:28 PRICES_CURRENCY=HUF
SLR19050007 LiveUpdate 2019-05-15 10:40:28 ORDER_SHIPPING=0
SLR19050007 LiveUpdate 2019-05-15 10:40:28 DISCOUNT=0
SLR19050007 LiveUpdate 2019-05-15 10:40:28 PAY_METHOD=CCVISAMC
SLR19050007 LiveUpdate 2019-05-15 10:40:28 LANGUAGE=HU
SLR19050007 LiveUpdate 2019-05-15 10:40:28 AUTOMODE=1
SLR19050007 LiveUpdate 2019-05-15 10:40:28 ORDER_TIMEOUT=300
SLR19050007 LiveUpdate 2019-05-15 10:40:28 TIMEOUT_URL=http://www.seal-ring.web-pro.hu/gateway/simple/timeout
SLR19050007 LiveUpdate 2019-05-15 10:40:28 BACK_REF=http://www.seal-ring.web-pro.hu/gateway/simple/backref
SLR19050007 LiveUpdate 2019-05-15 10:40:28 BILL_FNAME=Seal
SLR19050007 LiveUpdate 2019-05-15 10:40:28 BILL_LNAME=Ring
SLR19050007 LiveUpdate 2019-05-15 10:40:28 BILL_EMAIL=office@sealring.hu
SLR19050007 LiveUpdate 2019-05-15 10:40:28 BILL_PHONE=+3672210776
SLR19050007 LiveUpdate 2019-05-15 10:40:28 BILL_ADDRESS=
SLR19050007 LiveUpdate 2019-05-15 10:40:28 BILL_ZIPCODE=7632
SLR19050007 LiveUpdate 2019-05-15 10:40:28 BILL_CITY=Pécs
SLR19050007 LiveUpdate 2019-05-15 10:40:28 BILL_STATE=
SLR19050007 LiveUpdate 2019-05-15 10:40:28 BILL_COUNTRYCODE=HU
SLR19050007 LiveUpdate 2019-05-15 10:40:28 DELIVERY_FNAME=Seal
SLR19050007 LiveUpdate 2019-05-15 10:40:28 DELIVERY_LNAME=Ring
SLR19050007 LiveUpdate 2019-05-15 10:40:28 DELIVERY_PHONE=+3672210776
SLR19050007 LiveUpdate 2019-05-15 10:40:28 DELIVERY_ADDRESS=
SLR19050007 LiveUpdate 2019-05-15 10:40:28 DELIVERY_ZIPCODE=7632
SLR19050007 LiveUpdate 2019-05-15 10:40:28 DELIVERY_CITY=Pécs
SLR19050007 LiveUpdate 2019-05-15 10:40:28 DELIVERY_STATE=
SLR19050007 LiveUpdate 2019-05-15 10:40:28 DELIVERY_COUNTRYCODE=HU
SLR19050007 LiveUpdate 2019-05-15 10:40:28 ORDER_HASH=4ed9037028490058fc30b07b0a73c43b
SLR19050008 LiveUpdate 2019-05-15 11:04:27 MERCHANT=
SLR19050008 LiveUpdate 2019-05-15 11:04:27 ORDER_REF=SLR19050008
SLR19050008 LiveUpdate 2019-05-15 11:04:27 ORDER_DATE=2019-05-15 11:04:27
SLR19050008 LiveUpdate 2019-05-15 11:04:27 PRICES_CURRENCY=HUF
SLR19050008 LiveUpdate 2019-05-15 11:04:27 ORDER_SHIPPING=0
SLR19050008 LiveUpdate 2019-05-15 11:04:27 DISCOUNT=0
SLR19050008 LiveUpdate 2019-05-15 11:04:27 PAY_METHOD=CCVISAMC
SLR19050008 LiveUpdate 2019-05-15 11:04:27 LANGUAGE=HU
SLR19050008 LiveUpdate 2019-05-15 11:04:27 AUTOMODE=1
SLR19050008 LiveUpdate 2019-05-15 11:04:27 ORDER_TIMEOUT=300
SLR19050008 LiveUpdate 2019-05-15 11:04:27 TIMEOUT_URL=http://www.seal-ring.web-pro.hu/gateway/simple/timeout
SLR19050008 LiveUpdate 2019-05-15 11:04:27 BACK_REF=http://www.seal-ring.web-pro.hu/gateway/simple/backref
SLR19050008 LiveUpdate 2019-05-15 11:04:27 BILL_FNAME=Seal
SLR19050008 LiveUpdate 2019-05-15 11:04:27 BILL_LNAME=Ring
SLR19050008 LiveUpdate 2019-05-15 11:04:27 BILL_EMAIL=office@sealring.hu
SLR19050008 LiveUpdate 2019-05-15 11:04:27 BILL_PHONE=+3672210776
SLR19050008 LiveUpdate 2019-05-15 11:04:27 BILL_ADDRESS=
SLR19050008 LiveUpdate 2019-05-15 11:04:27 BILL_ZIPCODE=7632
SLR19050008 LiveUpdate 2019-05-15 11:04:27 BILL_CITY=Pécs
SLR19050008 LiveUpdate 2019-05-15 11:04:27 BILL_STATE=
SLR19050008 LiveUpdate 2019-05-15 11:04:27 BILL_COUNTRYCODE=HU
SLR19050008 LiveUpdate 2019-05-15 11:04:27 DELIVERY_FNAME=Seal
SLR19050008 LiveUpdate 2019-05-15 11:04:27 DELIVERY_LNAME=Ring
SLR19050008 LiveUpdate 2019-05-15 11:04:27 DELIVERY_PHONE=+3672210776
SLR19050008 LiveUpdate 2019-05-15 11:04:27 DELIVERY_ADDRESS=
SLR19050008 LiveUpdate 2019-05-15 11:04:27 DELIVERY_ZIPCODE=7632
SLR19050008 LiveUpdate 2019-05-15 11:04:27 DELIVERY_CITY=Pécs
SLR19050008 LiveUpdate 2019-05-15 11:04:27 DELIVERY_STATE=
SLR19050008 LiveUpdate 2019-05-15 11:04:27 DELIVERY_COUNTRYCODE=HU
SLR19050008 LiveUpdate 2019-05-15 11:04:27 ORDER_HASH=0cf6287c9a09833c0a717a895f8d33f6
SLR19050008 LiveUpdate 2019-05-15 11:04:32 MERCHANT=
SLR19050008 LiveUpdate 2019-05-15 11:04:32 ORDER_REF=SLR19050008
SLR19050008 LiveUpdate 2019-05-15 11:04:32 ORDER_DATE=2019-05-15 11:04:32
SLR19050008 LiveUpdate 2019-05-15 11:04:32 PRICES_CURRENCY=HUF
SLR19050008 LiveUpdate 2019-05-15 11:04:32 ORDER_SHIPPING=0
SLR19050008 LiveUpdate 2019-05-15 11:04:32 DISCOUNT=0
SLR19050008 LiveUpdate 2019-05-15 11:04:32 PAY_METHOD=CCVISAMC
SLR19050008 LiveUpdate 2019-05-15 11:04:32 LANGUAGE=HU
SLR19050008 LiveUpdate 2019-05-15 11:04:32 AUTOMODE=1
SLR19050008 LiveUpdate 2019-05-15 11:04:32 ORDER_TIMEOUT=300
SLR19050008 LiveUpdate 2019-05-15 11:04:32 TIMEOUT_URL=http://www.seal-ring.web-pro.hu/gateway/simple/timeout
SLR19050008 LiveUpdate 2019-05-15 11:04:32 BACK_REF=http://www.seal-ring.web-pro.hu/gateway/simple/backref
SLR19050008 LiveUpdate 2019-05-15 11:04:32 BILL_FNAME=Seal
SLR19050008 LiveUpdate 2019-05-15 11:04:32 BILL_LNAME=Ring
SLR19050008 LiveUpdate 2019-05-15 11:04:32 BILL_EMAIL=office@sealring.hu
SLR19050008 LiveUpdate 2019-05-15 11:04:32 BILL_PHONE=+3672210776
SLR19050008 LiveUpdate 2019-05-15 11:04:32 BILL_ADDRESS=
SLR19050008 LiveUpdate 2019-05-15 11:04:32 BILL_ZIPCODE=7632
SLR19050008 LiveUpdate 2019-05-15 11:04:32 BILL_CITY=Pécs
SLR19050008 LiveUpdate 2019-05-15 11:04:32 BILL_STATE=
SLR19050008 LiveUpdate 2019-05-15 11:04:32 BILL_COUNTRYCODE=HU
SLR19050008 LiveUpdate 2019-05-15 11:04:32 DELIVERY_FNAME=Seal
SLR19050008 LiveUpdate 2019-05-15 11:04:32 DELIVERY_LNAME=Ring
SLR19050008 LiveUpdate 2019-05-15 11:04:32 DELIVERY_PHONE=+3672210776
SLR19050008 LiveUpdate 2019-05-15 11:04:32 DELIVERY_ADDRESS=
SLR19050008 LiveUpdate 2019-05-15 11:04:32 DELIVERY_ZIPCODE=7632
SLR19050008 LiveUpdate 2019-05-15 11:04:32 DELIVERY_CITY=Pécs
SLR19050008 LiveUpdate 2019-05-15 11:04:32 DELIVERY_STATE=
SLR19050008 LiveUpdate 2019-05-15 11:04:32 DELIVERY_COUNTRYCODE=HU
SLR19050008 LiveUpdate 2019-05-15 11:04:32 ORDER_HASH=5d659692e96be109dcc836dc5dff6bf7
SLR19050009 LiveUpdate 2019-05-15 13:38:07 MERCHANT=
SLR19050009 LiveUpdate 2019-05-15 13:38:07 ORDER_REF=SLR19050009
SLR19050009 LiveUpdate 2019-05-15 13:38:07 ORDER_DATE=2019-05-15 13:38:07
SLR19050009 LiveUpdate 2019-05-15 13:38:07 PRICES_CURRENCY=HUF
SLR19050009 LiveUpdate 2019-05-15 13:38:07 ORDER_SHIPPING=0
SLR19050009 LiveUpdate 2019-05-15 13:38:07 DISCOUNT=0
SLR19050009 LiveUpdate 2019-05-15 13:38:07 PAY_METHOD=CCVISAMC
SLR19050009 LiveUpdate 2019-05-15 13:38:07 LANGUAGE=HU
SLR19050009 LiveUpdate 2019-05-15 13:38:07 AUTOMODE=1
SLR19050009 LiveUpdate 2019-05-15 13:38:07 ORDER_TIMEOUT=300
SLR19050009 LiveUpdate 2019-05-15 13:38:07 TIMEOUT_URL=http://www.seal-ring.web-pro.hu/gateway/simple/timeout
SLR19050009 LiveUpdate 2019-05-15 13:38:07 BACK_REF=http://www.seal-ring.web-pro.hu/gateway/simple/backref
SLR19050009 LiveUpdate 2019-05-15 13:38:07 BILL_FNAME=Seal
SLR19050009 LiveUpdate 2019-05-15 13:38:07 BILL_LNAME=Ring
SLR19050009 LiveUpdate 2019-05-15 13:38:07 BILL_EMAIL=office@sealring.hu
SLR19050009 LiveUpdate 2019-05-15 13:38:07 BILL_PHONE=+3672210776
SLR19050009 LiveUpdate 2019-05-15 13:38:07 BILL_ADDRESS=
SLR19050009 LiveUpdate 2019-05-15 13:38:07 BILL_ZIPCODE=7632
SLR19050009 LiveUpdate 2019-05-15 13:38:07 BILL_CITY=Pécs
SLR19050009 LiveUpdate 2019-05-15 13:38:07 BILL_STATE=
SLR19050009 LiveUpdate 2019-05-15 13:38:07 BILL_COUNTRYCODE=HU
SLR19050009 LiveUpdate 2019-05-15 13:38:07 DELIVERY_FNAME=Seal
SLR19050009 LiveUpdate 2019-05-15 13:38:07 DELIVERY_LNAME=Ring
SLR19050009 LiveUpdate 2019-05-15 13:38:07 DELIVERY_PHONE=+3672210776
SLR19050009 LiveUpdate 2019-05-15 13:38:07 DELIVERY_ADDRESS=
SLR19050009 LiveUpdate 2019-05-15 13:38:07 DELIVERY_ZIPCODE=7632
SLR19050009 LiveUpdate 2019-05-15 13:38:07 DELIVERY_CITY=Pécs
SLR19050009 LiveUpdate 2019-05-15 13:38:07 DELIVERY_STATE=
SLR19050009 LiveUpdate 2019-05-15 13:38:07 DELIVERY_COUNTRYCODE=HU
SLR19050009 LiveUpdate 2019-05-15 13:38:07 ORDER_HASH=0e8e0518c96ece6629a2eacf04610d8d
SLR19050009 LiveUpdate 2019-05-15 13:38:10 MERCHANT=
SLR19050009 LiveUpdate 2019-05-15 13:38:10 ORDER_REF=SLR19050009
SLR19050009 LiveUpdate 2019-05-15 13:38:10 ORDER_DATE=2019-05-15 13:38:10
SLR19050009 LiveUpdate 2019-05-15 13:38:10 PRICES_CURRENCY=HUF
SLR19050009 LiveUpdate 2019-05-15 13:38:10 ORDER_SHIPPING=0
SLR19050009 LiveUpdate 2019-05-15 13:38:10 DISCOUNT=0
SLR19050009 LiveUpdate 2019-05-15 13:38:10 PAY_METHOD=CCVISAMC
SLR19050009 LiveUpdate 2019-05-15 13:38:10 LANGUAGE=HU
SLR19050009 LiveUpdate 2019-05-15 13:38:10 AUTOMODE=1
SLR19050009 LiveUpdate 2019-05-15 13:38:10 ORDER_TIMEOUT=300
SLR19050009 LiveUpdate 2019-05-15 13:38:10 TIMEOUT_URL=http://www.seal-ring.web-pro.hu/gateway/simple/timeout
SLR19050009 LiveUpdate 2019-05-15 13:38:10 BACK_REF=http://www.seal-ring.web-pro.hu/gateway/simple/backref
SLR19050009 LiveUpdate 2019-05-15 13:38:10 BILL_FNAME=Seal
SLR19050009 LiveUpdate 2019-05-15 13:38:10 BILL_LNAME=Ring
SLR19050009 LiveUpdate 2019-05-15 13:38:10 BILL_EMAIL=office@sealring.hu
SLR19050009 LiveUpdate 2019-05-15 13:38:10 BILL_PHONE=+3672210776
SLR19050009 LiveUpdate 2019-05-15 13:38:10 BILL_ADDRESS=
SLR19050009 LiveUpdate 2019-05-15 13:38:10 BILL_ZIPCODE=7632
SLR19050009 LiveUpdate 2019-05-15 13:38:10 BILL_CITY=Pécs
SLR19050009 LiveUpdate 2019-05-15 13:38:10 BILL_STATE=
SLR19050009 LiveUpdate 2019-05-15 13:38:10 BILL_COUNTRYCODE=HU
SLR19050009 LiveUpdate 2019-05-15 13:38:10 DELIVERY_FNAME=Seal
SLR19050009 LiveUpdate 2019-05-15 13:38:10 DELIVERY_LNAME=Ring
SLR19050009 LiveUpdate 2019-05-15 13:38:10 DELIVERY_PHONE=+3672210776
SLR19050009 LiveUpdate 2019-05-15 13:38:10 DELIVERY_ADDRESS=
SLR19050009 LiveUpdate 2019-05-15 13:38:10 DELIVERY_ZIPCODE=7632
SLR19050009 LiveUpdate 2019-05-15 13:38:10 DELIVERY_CITY=Pécs
SLR19050009 LiveUpdate 2019-05-15 13:38:10 DELIVERY_STATE=
SLR19050009 LiveUpdate 2019-05-15 13:38:10 DELIVERY_COUNTRYCODE=HU
SLR19050009 LiveUpdate 2019-05-15 13:38:10 ORDER_HASH=f16869ef9cae9eeb94e5d30eaf34598d
SLR19050001 LiveUpdate 2019-05-15 14:25:35 MERCHANT=
SLR19050001 LiveUpdate 2019-05-15 14:25:35 ORDER_REF=SLR19050001
SLR19050001 LiveUpdate 2019-05-15 14:25:35 ORDER_DATE=2019-05-15 14:25:35
SLR19050001 LiveUpdate 2019-05-15 14:25:35 PRICES_CURRENCY=HUF
SLR19050001 LiveUpdate 2019-05-15 14:25:35 ORDER_SHIPPING=0
SLR19050001 LiveUpdate 2019-05-15 14:25:35 DISCOUNT=0
SLR19050001 LiveUpdate 2019-05-15 14:25:35 PAY_METHOD=CCVISAMC
SLR19050001 LiveUpdate 2019-05-15 14:25:35 LANGUAGE=HU
SLR19050001 LiveUpdate 2019-05-15 14:25:35 AUTOMODE=1
SLR19050001 LiveUpdate 2019-05-15 14:25:35 ORDER_TIMEOUT=300
SLR19050001 LiveUpdate 2019-05-15 14:25:35 TIMEOUT_URL=http://www.seal-ring.web-pro.hu/gateway/simple/timeout
SLR19050001 LiveUpdate 2019-05-15 14:25:35 BACK_REF=http://www.seal-ring.web-pro.hu/gateway/simple/backref
SLR19050001 LiveUpdate 2019-05-15 14:25:35 BILL_FNAME=Seal
SLR19050001 LiveUpdate 2019-05-15 14:25:35 BILL_LNAME=Ring
SLR19050001 LiveUpdate 2019-05-15 14:25:35 BILL_EMAIL=office@sealring.hu
SLR19050001 LiveUpdate 2019-05-15 14:25:35 BILL_PHONE=+3672210776
SLR19050001 LiveUpdate 2019-05-15 14:25:35 BILL_ADDRESS=
SLR19050001 LiveUpdate 2019-05-15 14:25:35 BILL_ZIPCODE=7632
SLR19050001 LiveUpdate 2019-05-15 14:25:35 BILL_CITY=Pécs
SLR19050001 LiveUpdate 2019-05-15 14:25:35 BILL_STATE=
SLR19050001 LiveUpdate 2019-05-15 14:25:35 BILL_COUNTRYCODE=HU
SLR19050001 LiveUpdate 2019-05-15 14:25:35 DELIVERY_FNAME=Seal
SLR19050001 LiveUpdate 2019-05-15 14:25:35 DELIVERY_LNAME=Ring
SLR19050001 LiveUpdate 2019-05-15 14:25:35 DELIVERY_PHONE=+3672210776
SLR19050001 LiveUpdate 2019-05-15 14:25:35 DELIVERY_ADDRESS=
SLR19050001 LiveUpdate 2019-05-15 14:25:35 DELIVERY_ZIPCODE=7632
SLR19050001 LiveUpdate 2019-05-15 14:25:35 DELIVERY_CITY=Pécs
SLR19050001 LiveUpdate 2019-05-15 14:25:35 DELIVERY_STATE=
SLR19050001 LiveUpdate 2019-05-15 14:25:35 DELIVERY_COUNTRYCODE=HU
SLR19050001 LiveUpdate 2019-05-15 14:25:35 ORDER_HASH=8d434678856ea7b1095d7f702a96136e
SLR19050007 LiveUpdate 2019-05-15 14:25:44 MERCHANT=
SLR19050007 LiveUpdate 2019-05-15 14:25:44 ORDER_REF=SLR19050007
SLR19050007 LiveUpdate 2019-05-15 14:25:44 ORDER_DATE=2019-05-15 14:25:44
SLR19050007 LiveUpdate 2019-05-15 14:25:44 PRICES_CURRENCY=HUF
SLR19050007 LiveUpdate 2019-05-15 14:25:44 ORDER_SHIPPING=0
SLR19050007 LiveUpdate 2019-05-15 14:25:44 DISCOUNT=0
SLR19050007 LiveUpdate 2019-05-15 14:25:44 PAY_METHOD=CCVISAMC
SLR19050007 LiveUpdate 2019-05-15 14:25:44 LANGUAGE=HU
SLR19050007 LiveUpdate 2019-05-15 14:25:44 AUTOMODE=1
SLR19050007 LiveUpdate 2019-05-15 14:25:44 ORDER_TIMEOUT=300
SLR19050007 LiveUpdate 2019-05-15 14:25:44 TIMEOUT_URL=http://www.seal-ring.web-pro.hu/gateway/simple/timeout
SLR19050007 LiveUpdate 2019-05-15 14:25:44 BACK_REF=http://www.seal-ring.web-pro.hu/gateway/simple/backref
SLR19050007 LiveUpdate 2019-05-15 14:25:44 BILL_FNAME=Seal
SLR19050007 LiveUpdate 2019-05-15 14:25:44 BILL_LNAME=Ring
SLR19050007 LiveUpdate 2019-05-15 14:25:44 BILL_EMAIL=office@sealring.hu
SLR19050007 LiveUpdate 2019-05-15 14:25:44 BILL_PHONE=+3672210776
SLR19050007 LiveUpdate 2019-05-15 14:25:44 BILL_ADDRESS=
SLR19050007 LiveUpdate 2019-05-15 14:25:44 BILL_ZIPCODE=7632
SLR19050007 LiveUpdate 2019-05-15 14:25:44 BILL_CITY=Pécs
SLR19050007 LiveUpdate 2019-05-15 14:25:44 BILL_STATE=
SLR19050007 LiveUpdate 2019-05-15 14:25:44 BILL_COUNTRYCODE=HU
SLR19050007 LiveUpdate 2019-05-15 14:25:44 DELIVERY_FNAME=Seal
SLR19050007 LiveUpdate 2019-05-15 14:25:44 DELIVERY_LNAME=Ring
SLR19050007 LiveUpdate 2019-05-15 14:25:44 DELIVERY_PHONE=+3672210776
SLR19050007 LiveUpdate 2019-05-15 14:25:44 DELIVERY_ADDRESS=
SLR19050007 LiveUpdate 2019-05-15 14:25:44 DELIVERY_ZIPCODE=7632
SLR19050007 LiveUpdate 2019-05-15 14:25:44 DELIVERY_CITY=Pécs
SLR19050007 LiveUpdate 2019-05-15 14:25:44 DELIVERY_STATE=
SLR19050007 LiveUpdate 2019-05-15 14:25:44 DELIVERY_COUNTRYCODE=HU
SLR19050007 LiveUpdate 2019-05-15 14:25:44 ORDER_HASH=566f8b1888cc1e1e37c7189b92be8c6a
SLR19050006 LiveUpdate 2019-05-15 14:25:56 MERCHANT=
SLR19050006 LiveUpdate 2019-05-15 14:25:56 ORDER_REF=SLR19050006
SLR19050006 LiveUpdate 2019-05-15 14:25:56 ORDER_DATE=2019-05-15 14:25:56
SLR19050006 LiveUpdate 2019-05-15 14:25:56 PRICES_CURRENCY=HUF
SLR19050006 LiveUpdate 2019-05-15 14:25:56 ORDER_SHIPPING=1290
SLR19050006 LiveUpdate 2019-05-15 14:25:56 DISCOUNT=0
SLR19050006 LiveUpdate 2019-05-15 14:25:56 PAY_METHOD=CCVISAMC
SLR19050006 LiveUpdate 2019-05-15 14:25:56 LANGUAGE=HU
SLR19050006 LiveUpdate 2019-05-15 14:25:56 AUTOMODE=1
SLR19050006 LiveUpdate 2019-05-15 14:25:56 ORDER_TIMEOUT=300
SLR19050006 LiveUpdate 2019-05-15 14:25:56 TIMEOUT_URL=http://www.seal-ring.web-pro.hu/gateway/simple/timeout
SLR19050006 LiveUpdate 2019-05-15 14:25:56 BACK_REF=http://www.seal-ring.web-pro.hu/gateway/simple/backref
SLR19050006 LiveUpdate 2019-05-15 14:25:56 BILL_FNAME=Seal
SLR19050006 LiveUpdate 2019-05-15 14:25:56 BILL_LNAME=Ring
SLR19050006 LiveUpdate 2019-05-15 14:25:56 BILL_EMAIL=office@sealring.hu
SLR19050006 LiveUpdate 2019-05-15 14:25:56 BILL_PHONE=+3672210776
SLR19050006 LiveUpdate 2019-05-15 14:25:56 BILL_ADDRESS=
SLR19050006 LiveUpdate 2019-05-15 14:25:56 BILL_ZIPCODE=7632
SLR19050006 LiveUpdate 2019-05-15 14:25:56 BILL_CITY=Pécs
SLR19050006 LiveUpdate 2019-05-15 14:25:56 BILL_STATE=
SLR19050006 LiveUpdate 2019-05-15 14:25:56 BILL_COUNTRYCODE=HU
SLR19050006 LiveUpdate 2019-05-15 14:25:56 DELIVERY_FNAME=Seal
SLR19050006 LiveUpdate 2019-05-15 14:25:56 DELIVERY_LNAME=Ring
SLR19050006 LiveUpdate 2019-05-15 14:25:56 DELIVERY_PHONE=+3672210776
SLR19050006 LiveUpdate 2019-05-15 14:25:56 DELIVERY_ADDRESS=
SLR19050006 LiveUpdate 2019-05-15 14:25:56 DELIVERY_ZIPCODE=7632
SLR19050006 LiveUpdate 2019-05-15 14:25:56 DELIVERY_CITY=Pécs
SLR19050006 LiveUpdate 2019-05-15 14:25:56 DELIVERY_STATE=
SLR19050006 LiveUpdate 2019-05-15 14:25:56 DELIVERY_COUNTRYCODE=HU
SLR19050006 LiveUpdate 2019-05-15 14:25:56 ORDER_HASH=8a98bbcb03686b36d920cb0271f007ac
SLR19050005 LiveUpdate 2019-05-15 14:26:03 MERCHANT=
SLR19050005 LiveUpdate 2019-05-15 14:26:03 ORDER_REF=SLR19050005
SLR19050005 LiveUpdate 2019-05-15 14:26:03 ORDER_DATE=2019-05-15 14:26:03
SLR19050005 LiveUpdate 2019-05-15 14:26:03 PRICES_CURRENCY=HUF
SLR19050005 LiveUpdate 2019-05-15 14:26:03 ORDER_SHIPPING=1290
SLR19050005 LiveUpdate 2019-05-15 14:26:03 DISCOUNT=0
SLR19050005 LiveUpdate 2019-05-15 14:26:03 PAY_METHOD=CCVISAMC
SLR19050005 LiveUpdate 2019-05-15 14:26:03 LANGUAGE=HU
SLR19050005 LiveUpdate 2019-05-15 14:26:03 AUTOMODE=1
SLR19050005 LiveUpdate 2019-05-15 14:26:03 ORDER_TIMEOUT=300
SLR19050005 LiveUpdate 2019-05-15 14:26:03 TIMEOUT_URL=http://www.seal-ring.web-pro.hu/gateway/simple/timeout
SLR19050005 LiveUpdate 2019-05-15 14:26:03 BACK_REF=http://www.seal-ring.web-pro.hu/gateway/simple/backref
SLR19050005 LiveUpdate 2019-05-15 14:26:03 BILL_FNAME=Seal
SLR19050005 LiveUpdate 2019-05-15 14:26:03 BILL_LNAME=Ring
SLR19050005 LiveUpdate 2019-05-15 14:26:03 BILL_EMAIL=office@sealring.hu
SLR19050005 LiveUpdate 2019-05-15 14:26:03 BILL_PHONE=+3672210776
SLR19050005 LiveUpdate 2019-05-15 14:26:03 BILL_ADDRESS=
SLR19050005 LiveUpdate 2019-05-15 14:26:03 BILL_ZIPCODE=7632
SLR19050005 LiveUpdate 2019-05-15 14:26:03 BILL_CITY=Pécs
SLR19050005 LiveUpdate 2019-05-15 14:26:03 BILL_STATE=
SLR19050005 LiveUpdate 2019-05-15 14:26:03 BILL_COUNTRYCODE=HU
SLR19050005 LiveUpdate 2019-05-15 14:26:03 DELIVERY_FNAME=Seal
SLR19050005 LiveUpdate 2019-05-15 14:26:03 DELIVERY_LNAME=Ring
SLR19050005 LiveUpdate 2019-05-15 14:26:03 DELIVERY_PHONE=+3672210776
SLR19050005 LiveUpdate 2019-05-15 14:26:03 DELIVERY_ADDRESS=
SLR19050005 LiveUpdate 2019-05-15 14:26:03 DELIVERY_ZIPCODE=7632
SLR19050005 LiveUpdate 2019-05-15 14:26:03 DELIVERY_CITY=Pécs
SLR19050005 LiveUpdate 2019-05-15 14:26:03 DELIVERY_STATE=
SLR19050005 LiveUpdate 2019-05-15 14:26:03 DELIVERY_COUNTRYCODE=HU
SLR19050005 LiveUpdate 2019-05-15 14:26:03 ORDER_HASH=20afc4f0c8428826c79a9bb7f57c129a
SLR19050004 LiveUpdate 2019-05-15 14:26:11 MERCHANT=
SLR19050004 LiveUpdate 2019-05-15 14:26:11 ORDER_REF=SLR19050004
SLR19050004 LiveUpdate 2019-05-15 14:26:11 ORDER_DATE=2019-05-15 14:26:11
SLR19050004 LiveUpdate 2019-05-15 14:26:11 PRICES_CURRENCY=HUF
SLR19050004 LiveUpdate 2019-05-15 14:26:11 ORDER_SHIPPING=0
SLR19050004 LiveUpdate 2019-05-15 14:26:11 DISCOUNT=0
SLR19050004 LiveUpdate 2019-05-15 14:26:11 PAY_METHOD=CCVISAMC
SLR19050004 LiveUpdate 2019-05-15 14:26:11 LANGUAGE=HU
SLR19050004 LiveUpdate 2019-05-15 14:26:11 AUTOMODE=1
SLR19050004 LiveUpdate 2019-05-15 14:26:11 ORDER_TIMEOUT=300
SLR19050004 LiveUpdate 2019-05-15 14:26:11 TIMEOUT_URL=http://www.seal-ring.web-pro.hu/gateway/simple/timeout
SLR19050004 LiveUpdate 2019-05-15 14:26:11 BACK_REF=http://www.seal-ring.web-pro.hu/gateway/simple/backref
SLR19050004 LiveUpdate 2019-05-15 14:26:11 BILL_FNAME=Seal
SLR19050004 LiveUpdate 2019-05-15 14:26:11 BILL_LNAME=Ring
SLR19050004 LiveUpdate 2019-05-15 14:26:11 BILL_EMAIL=office@sealring.hu
SLR19050004 LiveUpdate 2019-05-15 14:26:11 BILL_PHONE=+3672210776
SLR19050004 LiveUpdate 2019-05-15 14:26:11 BILL_ADDRESS=
SLR19050004 LiveUpdate 2019-05-15 14:26:11 BILL_ZIPCODE=7632
SLR19050004 LiveUpdate 2019-05-15 14:26:11 BILL_CITY=Pécs
SLR19050004 LiveUpdate 2019-05-15 14:26:11 BILL_STATE=
SLR19050004 LiveUpdate 2019-05-15 14:26:11 BILL_COUNTRYCODE=HU
SLR19050004 LiveUpdate 2019-05-15 14:26:11 DELIVERY_FNAME=Seal
SLR19050004 LiveUpdate 2019-05-15 14:26:11 DELIVERY_LNAME=Ring
SLR19050004 LiveUpdate 2019-05-15 14:26:11 DELIVERY_PHONE=+3672210776
SLR19050004 LiveUpdate 2019-05-15 14:26:11 DELIVERY_ADDRESS=
SLR19050004 LiveUpdate 2019-05-15 14:26:11 DELIVERY_ZIPCODE=7632
SLR19050004 LiveUpdate 2019-05-15 14:26:11 DELIVERY_CITY=Pécs
SLR19050004 LiveUpdate 2019-05-15 14:26:11 DELIVERY_STATE=
SLR19050004 LiveUpdate 2019-05-15 14:26:11 DELIVERY_COUNTRYCODE=HU
SLR19050004 LiveUpdate 2019-05-15 14:26:11 ORDER_HASH=cd5ea4d918723a42a1ba3e438018c61f
SLR19050001 LiveUpdate 2019-05-15 14:27:24 MERCHANT=
SLR19050001 LiveUpdate 2019-05-15 14:27:24 ORDER_REF=SLR19050001
SLR19050001 LiveUpdate 2019-05-15 14:27:24 ORDER_DATE=2019-05-15 14:27:24
SLR19050001 LiveUpdate 2019-05-15 14:27:24 PRICES_CURRENCY=HUF
SLR19050001 LiveUpdate 2019-05-15 14:27:24 ORDER_SHIPPING=0
SLR19050001 LiveUpdate 2019-05-15 14:27:24 DISCOUNT=0
SLR19050001 LiveUpdate 2019-05-15 14:27:24 PAY_METHOD=CCVISAMC
SLR19050001 LiveUpdate 2019-05-15 14:27:24 LANGUAGE=HU
SLR19050001 LiveUpdate 2019-05-15 14:27:24 AUTOMODE=1
SLR19050001 LiveUpdate 2019-05-15 14:27:24 ORDER_TIMEOUT=300
SLR19050001 LiveUpdate 2019-05-15 14:27:24 TIMEOUT_URL=http://www.seal-ring.web-pro.hu/gateway/simple/timeout
SLR19050001 LiveUpdate 2019-05-15 14:27:24 BACK_REF=http://www.seal-ring.web-pro.hu/gateway/simple/backref
SLR19050001 LiveUpdate 2019-05-15 14:27:24 BILL_FNAME=Seal
SLR19050001 LiveUpdate 2019-05-15 14:27:24 BILL_LNAME=Ring
SLR19050001 LiveUpdate 2019-05-15 14:27:24 BILL_EMAIL=office@sealring.hu
SLR19050001 LiveUpdate 2019-05-15 14:27:24 BILL_PHONE=+3672210776
SLR19050001 LiveUpdate 2019-05-15 14:27:24 BILL_ADDRESS=
SLR19050001 LiveUpdate 2019-05-15 14:27:24 BILL_ZIPCODE=7632
SLR19050001 LiveUpdate 2019-05-15 14:27:24 BILL_CITY=Pécs
SLR19050001 LiveUpdate 2019-05-15 14:27:24 BILL_STATE=
SLR19050001 LiveUpdate 2019-05-15 14:27:24 BILL_COUNTRYCODE=HU
SLR19050001 LiveUpdate 2019-05-15 14:27:24 DELIVERY_FNAME=Seal
SLR19050001 LiveUpdate 2019-05-15 14:27:24 DELIVERY_LNAME=Ring
SLR19050001 LiveUpdate 2019-05-15 14:27:24 DELIVERY_PHONE=+3672210776
SLR19050001 LiveUpdate 2019-05-15 14:27:24 DELIVERY_ADDRESS=
SLR19050001 LiveUpdate 2019-05-15 14:27:24 DELIVERY_ZIPCODE=7632
SLR19050001 LiveUpdate 2019-05-15 14:27:24 DELIVERY_CITY=Pécs
SLR19050001 LiveUpdate 2019-05-15 14:27:24 DELIVERY_STATE=
SLR19050001 LiveUpdate 2019-05-15 14:27:24 DELIVERY_COUNTRYCODE=HU
SLR19050001 LiveUpdate 2019-05-15 14:27:24 ORDER_HASH=0fe8236e2326e8c31e7be3841aaea700
