SLR19060012 LiveUpdate 2019-06-11 09:16:32 MERCHANT=
SLR19060012 LiveUpdate 2019-06-11 09:16:32 ORDER_REF=SLR19060012
SLR19060012 LiveUpdate 2019-06-11 09:16:32 ORDER_DATE=2019-06-11 09:16:32
SLR19060012 LiveUpdate 2019-06-11 09:16:32 PRICES_CURRENCY=HUF
SLR19060012 LiveUpdate 2019-06-11 09:16:32 ORDER_SHIPPING=2000
SLR19060012 LiveUpdate 2019-06-11 09:16:32 DISCOUNT=0
SLR19060012 LiveUpdate 2019-06-11 09:16:32 PAY_METHOD=CCVISAMC
SLR19060012 LiveUpdate 2019-06-11 09:16:32 LANGUAGE=HU
SLR19060012 LiveUpdate 2019-06-11 09:16:32 AUTOMODE=1
SLR19060012 LiveUpdate 2019-06-11 09:16:32 ORDER_TIMEOUT=300
SLR19060012 LiveUpdate 2019-06-11 09:16:32 TIMEOUT_URL=http://www.seal-ring.web-pro.hu/gateway/simple/timeout
SLR19060012 LiveUpdate 2019-06-11 09:16:32 BACK_REF=http://www.seal-ring.web-pro.hu/gateway/simple/backref
SLR19060012 LiveUpdate 2019-06-11 09:16:32 BILL_FNAME=Seal
SLR19060012 LiveUpdate 2019-06-11 09:16:32 BILL_LNAME=Ring
SLR19060012 LiveUpdate 2019-06-11 09:16:32 BILL_EMAIL=gyor@sealring.hu
SLR19060012 LiveUpdate 2019-06-11 09:16:32 BILL_PHONE=96/524-121
SLR19060012 LiveUpdate 2019-06-11 09:16:32 BILL_ADDRESS=
SLR19060012 LiveUpdate 2019-06-11 09:16:32 BILL_ZIPCODE=9027
SLR19060012 LiveUpdate 2019-06-11 09:16:32 BILL_CITY=Győr
SLR19060012 LiveUpdate 2019-06-11 09:16:32 BILL_STATE=
SLR19060012 LiveUpdate 2019-06-11 09:16:32 BILL_COUNTRYCODE=HU
SLR19060012 LiveUpdate 2019-06-11 09:16:32 DELIVERY_FNAME=Seal
SLR19060012 LiveUpdate 2019-06-11 09:16:32 DELIVERY_LNAME=Ring
SLR19060012 LiveUpdate 2019-06-11 09:16:32 DELIVERY_PHONE=96/524-121
SLR19060012 LiveUpdate 2019-06-11 09:16:32 DELIVERY_ADDRESS=
SLR19060012 LiveUpdate 2019-06-11 09:16:32 DELIVERY_ZIPCODE=9027
SLR19060012 LiveUpdate 2019-06-11 09:16:32 DELIVERY_CITY=Győr
SLR19060012 LiveUpdate 2019-06-11 09:16:32 DELIVERY_STATE=
SLR19060012 LiveUpdate 2019-06-11 09:16:32 DELIVERY_COUNTRYCODE=HU
SLR19060012 LiveUpdate 2019-06-11 09:16:32 ORDER_HASH=a95c2b60eb92512a8a8b8cb6c117fb32
SLR19060012 LiveUpdate 2019-06-11 09:16:35 MERCHANT=
SLR19060012 LiveUpdate 2019-06-11 09:16:35 ORDER_REF=SLR19060012
SLR19060012 LiveUpdate 2019-06-11 09:16:35 ORDER_DATE=2019-06-11 09:16:35
SLR19060012 LiveUpdate 2019-06-11 09:16:35 PRICES_CURRENCY=HUF
SLR19060012 LiveUpdate 2019-06-11 09:16:35 ORDER_SHIPPING=2000
SLR19060012 LiveUpdate 2019-06-11 09:16:35 DISCOUNT=0
SLR19060012 LiveUpdate 2019-06-11 09:16:35 PAY_METHOD=CCVISAMC
SLR19060012 LiveUpdate 2019-06-11 09:16:35 LANGUAGE=HU
SLR19060012 LiveUpdate 2019-06-11 09:16:35 AUTOMODE=1
SLR19060012 LiveUpdate 2019-06-11 09:16:35 ORDER_TIMEOUT=300
SLR19060012 LiveUpdate 2019-06-11 09:16:35 TIMEOUT_URL=http://www.seal-ring.web-pro.hu/gateway/simple/timeout
SLR19060012 LiveUpdate 2019-06-11 09:16:35 BACK_REF=http://www.seal-ring.web-pro.hu/gateway/simple/backref
SLR19060012 LiveUpdate 2019-06-11 09:16:35 BILL_FNAME=Seal
SLR19060012 LiveUpdate 2019-06-11 09:16:35 BILL_LNAME=Ring
SLR19060012 LiveUpdate 2019-06-11 09:16:35 BILL_EMAIL=gyor@sealring.hu
SLR19060012 LiveUpdate 2019-06-11 09:16:35 BILL_PHONE=96/524-121
SLR19060012 LiveUpdate 2019-06-11 09:16:35 BILL_ADDRESS=
SLR19060012 LiveUpdate 2019-06-11 09:16:35 BILL_ZIPCODE=9027
SLR19060012 LiveUpdate 2019-06-11 09:16:35 BILL_CITY=Győr
SLR19060012 LiveUpdate 2019-06-11 09:16:35 BILL_STATE=
SLR19060012 LiveUpdate 2019-06-11 09:16:35 BILL_COUNTRYCODE=HU
SLR19060012 LiveUpdate 2019-06-11 09:16:35 DELIVERY_FNAME=Seal
SLR19060012 LiveUpdate 2019-06-11 09:16:35 DELIVERY_LNAME=Ring
SLR19060012 LiveUpdate 2019-06-11 09:16:35 DELIVERY_PHONE=96/524-121
SLR19060012 LiveUpdate 2019-06-11 09:16:35 DELIVERY_ADDRESS=
SLR19060012 LiveUpdate 2019-06-11 09:16:35 DELIVERY_ZIPCODE=9027
SLR19060012 LiveUpdate 2019-06-11 09:16:35 DELIVERY_CITY=Győr
SLR19060012 LiveUpdate 2019-06-11 09:16:35 DELIVERY_STATE=
SLR19060012 LiveUpdate 2019-06-11 09:16:35 DELIVERY_COUNTRYCODE=HU
SLR19060012 LiveUpdate 2019-06-11 09:16:35 ORDER_HASH=7e6e88dc56e7447ac092045ff5eba170
SLR19060013 LiveUpdate 2019-06-11 12:31:40 MERCHANT=
SLR19060013 LiveUpdate 2019-06-11 12:31:40 ORDER_REF=SLR19060013
SLR19060013 LiveUpdate 2019-06-11 12:31:40 ORDER_DATE=2019-06-11 12:31:40
SLR19060013 LiveUpdate 2019-06-11 12:31:40 PRICES_CURRENCY=HUF
SLR19060013 LiveUpdate 2019-06-11 12:31:40 ORDER_SHIPPING=2000
SLR19060013 LiveUpdate 2019-06-11 12:31:40 DISCOUNT=0
SLR19060013 LiveUpdate 2019-06-11 12:31:40 PAY_METHOD=CCVISAMC
SLR19060013 LiveUpdate 2019-06-11 12:31:40 LANGUAGE=HU
SLR19060013 LiveUpdate 2019-06-11 12:31:40 AUTOMODE=1
SLR19060013 LiveUpdate 2019-06-11 12:31:40 ORDER_TIMEOUT=300
SLR19060013 LiveUpdate 2019-06-11 12:31:40 TIMEOUT_URL=http://www.seal-ring.web-pro.hu/gateway/simple/timeout
SLR19060013 LiveUpdate 2019-06-11 12:31:40 BACK_REF=http://www.seal-ring.web-pro.hu/gateway/simple/backref
SLR19060013 LiveUpdate 2019-06-11 12:31:40 BILL_FNAME=SealRing
SLR19060013 LiveUpdate 2019-06-11 12:31:40 BILL_LNAME=
SLR19060013 LiveUpdate 2019-06-11 12:31:40 BILL_EMAIL=szfvar@sealring.hu
SLR19060013 LiveUpdate 2019-06-11 12:31:40 BILL_PHONE=22/506398
SLR19060013 LiveUpdate 2019-06-11 12:31:40 BILL_ADDRESS=
SLR19060013 LiveUpdate 2019-06-11 12:31:40 BILL_ZIPCODE=8000
SLR19060013 LiveUpdate 2019-06-11 12:31:40 BILL_CITY=Székesfehérvár
SLR19060013 LiveUpdate 2019-06-11 12:31:40 BILL_STATE=
SLR19060013 LiveUpdate 2019-06-11 12:31:40 BILL_COUNTRYCODE=HU
SLR19060013 LiveUpdate 2019-06-11 12:31:40 DELIVERY_FNAME=SealRing
SLR19060013 LiveUpdate 2019-06-11 12:31:40 DELIVERY_LNAME=
SLR19060013 LiveUpdate 2019-06-11 12:31:40 DELIVERY_PHONE=22/506398
SLR19060013 LiveUpdate 2019-06-11 12:31:40 DELIVERY_ADDRESS=
SLR19060013 LiveUpdate 2019-06-11 12:31:40 DELIVERY_ZIPCODE=8000
SLR19060013 LiveUpdate 2019-06-11 12:31:40 DELIVERY_CITY=Székesfehérvár
SLR19060013 LiveUpdate 2019-06-11 12:31:40 DELIVERY_STATE=
SLR19060013 LiveUpdate 2019-06-11 12:31:40 DELIVERY_COUNTRYCODE=HU
SLR19060013 LiveUpdate 2019-06-11 12:31:40 ORDER_HASH=7fa6f3512e208b47388fb5bdb1369ac6
SLR19060013 LiveUpdate 2019-06-11 12:31:45 MERCHANT=
SLR19060013 LiveUpdate 2019-06-11 12:31:45 ORDER_REF=SLR19060013
SLR19060013 LiveUpdate 2019-06-11 12:31:45 ORDER_DATE=2019-06-11 12:31:45
SLR19060013 LiveUpdate 2019-06-11 12:31:45 PRICES_CURRENCY=HUF
SLR19060013 LiveUpdate 2019-06-11 12:31:45 ORDER_SHIPPING=2000
SLR19060013 LiveUpdate 2019-06-11 12:31:45 DISCOUNT=0
SLR19060013 LiveUpdate 2019-06-11 12:31:45 PAY_METHOD=CCVISAMC
SLR19060013 LiveUpdate 2019-06-11 12:31:45 LANGUAGE=HU
SLR19060013 LiveUpdate 2019-06-11 12:31:45 AUTOMODE=1
SLR19060013 LiveUpdate 2019-06-11 12:31:45 ORDER_TIMEOUT=300
SLR19060013 LiveUpdate 2019-06-11 12:31:45 TIMEOUT_URL=http://www.seal-ring.web-pro.hu/gateway/simple/timeout
SLR19060013 LiveUpdate 2019-06-11 12:31:45 BACK_REF=http://www.seal-ring.web-pro.hu/gateway/simple/backref
SLR19060013 LiveUpdate 2019-06-11 12:31:45 BILL_FNAME=SealRing
SLR19060013 LiveUpdate 2019-06-11 12:31:45 BILL_LNAME=
SLR19060013 LiveUpdate 2019-06-11 12:31:45 BILL_EMAIL=szfvar@sealring.hu
SLR19060013 LiveUpdate 2019-06-11 12:31:45 BILL_PHONE=22/506398
SLR19060013 LiveUpdate 2019-06-11 12:31:45 BILL_ADDRESS=
SLR19060013 LiveUpdate 2019-06-11 12:31:45 BILL_ZIPCODE=8000
SLR19060013 LiveUpdate 2019-06-11 12:31:45 BILL_CITY=Székesfehérvár
SLR19060013 LiveUpdate 2019-06-11 12:31:45 BILL_STATE=
SLR19060013 LiveUpdate 2019-06-11 12:31:45 BILL_COUNTRYCODE=HU
SLR19060013 LiveUpdate 2019-06-11 12:31:45 DELIVERY_FNAME=SealRing
SLR19060013 LiveUpdate 2019-06-11 12:31:45 DELIVERY_LNAME=
SLR19060013 LiveUpdate 2019-06-11 12:31:45 DELIVERY_PHONE=22/506398
SLR19060013 LiveUpdate 2019-06-11 12:31:45 DELIVERY_ADDRESS=
SLR19060013 LiveUpdate 2019-06-11 12:31:45 DELIVERY_ZIPCODE=8000
SLR19060013 LiveUpdate 2019-06-11 12:31:45 DELIVERY_CITY=Székesfehérvár
SLR19060013 LiveUpdate 2019-06-11 12:31:45 DELIVERY_STATE=
SLR19060013 LiveUpdate 2019-06-11 12:31:45 DELIVERY_COUNTRYCODE=HU
SLR19060013 LiveUpdate 2019-06-11 12:31:45 ORDER_HASH=d573c2a86c499ef8c1390ed7d3b409e8
SLR19060014 LiveUpdate 2019-06-11 14:36:12 MERCHANT=
SLR19060014 LiveUpdate 2019-06-11 14:36:12 ORDER_REF=SLR19060014
SLR19060014 LiveUpdate 2019-06-11 14:36:12 ORDER_DATE=2019-06-11 14:36:12
SLR19060014 LiveUpdate 2019-06-11 14:36:12 PRICES_CURRENCY=HUF
SLR19060014 LiveUpdate 2019-06-11 14:36:12 ORDER_SHIPPING=2000
SLR19060014 LiveUpdate 2019-06-11 14:36:12 DISCOUNT=0
SLR19060014 LiveUpdate 2019-06-11 14:36:12 PAY_METHOD=CCVISAMC
SLR19060014 LiveUpdate 2019-06-11 14:36:12 LANGUAGE=HU
SLR19060014 LiveUpdate 2019-06-11 14:36:12 AUTOMODE=1
SLR19060014 LiveUpdate 2019-06-11 14:36:12 ORDER_TIMEOUT=300
SLR19060014 LiveUpdate 2019-06-11 14:36:12 TIMEOUT_URL=http://www.seal-ring.web-pro.hu/gateway/simple/timeout
SLR19060014 LiveUpdate 2019-06-11 14:36:12 BACK_REF=http://www.seal-ring.web-pro.hu/gateway/simple/backref
SLR19060014 LiveUpdate 2019-06-11 14:36:12 BILL_FNAME=Seal
SLR19060014 LiveUpdate 2019-06-11 14:36:12 BILL_LNAME=Ring
SLR19060014 LiveUpdate 2019-06-11 14:36:12 BILL_EMAIL=szfvar@sealring.hu
SLR19060014 LiveUpdate 2019-06-11 14:36:12 BILL_PHONE=22/506398
SLR19060014 LiveUpdate 2019-06-11 14:36:12 BILL_ADDRESS=
SLR19060014 LiveUpdate 2019-06-11 14:36:12 BILL_ZIPCODE=8000
SLR19060014 LiveUpdate 2019-06-11 14:36:12 BILL_CITY=Székesfehérvár
SLR19060014 LiveUpdate 2019-06-11 14:36:12 BILL_STATE=
SLR19060014 LiveUpdate 2019-06-11 14:36:12 BILL_COUNTRYCODE=HU
SLR19060014 LiveUpdate 2019-06-11 14:36:12 DELIVERY_FNAME=Seal
SLR19060014 LiveUpdate 2019-06-11 14:36:12 DELIVERY_LNAME=Ring
SLR19060014 LiveUpdate 2019-06-11 14:36:12 DELIVERY_PHONE=22/506398
SLR19060014 LiveUpdate 2019-06-11 14:36:12 DELIVERY_ADDRESS=
SLR19060014 LiveUpdate 2019-06-11 14:36:12 DELIVERY_ZIPCODE=8000
SLR19060014 LiveUpdate 2019-06-11 14:36:12 DELIVERY_CITY=Székesfehérvár
SLR19060014 LiveUpdate 2019-06-11 14:36:12 DELIVERY_STATE=
SLR19060014 LiveUpdate 2019-06-11 14:36:12 DELIVERY_COUNTRYCODE=HU
SLR19060014 LiveUpdate 2019-06-11 14:36:12 ORDER_HASH=8ab075e367649b9e9e75376ea2cc9fc4
