SLR19040001 LiveUpdate 2019-05-07 09:31:31 MERCHANT=
SLR19040001 LiveUpdate 2019-05-07 09:31:31 ORDER_REF=SLR19040001
SLR19040001 LiveUpdate 2019-05-07 09:31:31 ORDER_DATE=2019-05-07 09:31:31
SLR19040001 LiveUpdate 2019-05-07 09:31:31 PRICES_CURRENCY=HUF
SLR19040001 LiveUpdate 2019-05-07 09:31:31 ORDER_SHIPPING=0
SLR19040001 LiveUpdate 2019-05-07 09:31:31 DISCOUNT=0
SLR19040001 LiveUpdate 2019-05-07 09:31:31 PAY_METHOD=CCVISAMC
SLR19040001 LiveUpdate 2019-05-07 09:31:31 LANGUAGE=HU
SLR19040001 LiveUpdate 2019-05-07 09:31:31 AUTOMODE=1
SLR19040001 LiveUpdate 2019-05-07 09:31:31 ORDER_TIMEOUT=300
SLR19040001 LiveUpdate 2019-05-07 09:31:31 TIMEOUT_URL=http://www.seal-ring.web-pro.hu/gateway/simple/timeout
SLR19040001 LiveUpdate 2019-05-07 09:31:31 BACK_REF=http://www.seal-ring.web-pro.hu/gateway/simple/backref
SLR19040001 LiveUpdate 2019-05-07 09:31:31 BILL_FNAME=Szelecz
SLR19040001 LiveUpdate 2019-05-07 09:31:31 BILL_LNAME=Péter
SLR19040001 LiveUpdate 2019-05-07 09:31:31 BILL_EMAIL=peter.szelecz@sealring.hu
SLR19040001 LiveUpdate 2019-05-07 09:31:31 BILL_PHONE=12974345
SLR19040001 LiveUpdate 2019-05-07 09:31:31 BILL_ADDRESS=
SLR19040001 LiveUpdate 2019-05-07 09:31:31 BILL_ZIPCODE=1165
SLR19040001 LiveUpdate 2019-05-07 09:31:31 BILL_CITY=Budapest
SLR19040001 LiveUpdate 2019-05-07 09:31:31 BILL_STATE=
SLR19040001 LiveUpdate 2019-05-07 09:31:31 BILL_COUNTRYCODE=HU
SLR19040001 LiveUpdate 2019-05-07 09:31:31 DELIVERY_FNAME=Szelecz
SLR19040001 LiveUpdate 2019-05-07 09:31:31 DELIVERY_LNAME=Péter
SLR19040001 LiveUpdate 2019-05-07 09:31:31 DELIVERY_PHONE=12974345
SLR19040001 LiveUpdate 2019-05-07 09:31:31 DELIVERY_ADDRESS=
SLR19040001 LiveUpdate 2019-05-07 09:31:31 DELIVERY_ZIPCODE=1165
SLR19040001 LiveUpdate 2019-05-07 09:31:31 DELIVERY_CITY=Budapest
SLR19040001 LiveUpdate 2019-05-07 09:31:31 DELIVERY_STATE=
SLR19040001 LiveUpdate 2019-05-07 09:31:31 DELIVERY_COUNTRYCODE=HU
SLR19040001 LiveUpdate 2019-05-07 09:31:31 ORDER_HASH=af659f7e097d6c64f9eb846a503344e9
SLR19030003 LiveUpdate 2019-05-07 11:23:36 MERCHANT=
SLR19030003 LiveUpdate 2019-05-07 11:23:36 ORDER_REF=SLR19030003
SLR19030003 LiveUpdate 2019-05-07 11:23:36 ORDER_DATE=2019-05-07 11:23:36
SLR19030003 LiveUpdate 2019-05-07 11:23:36 PRICES_CURRENCY=HUF
SLR19030003 LiveUpdate 2019-05-07 11:23:36 ORDER_SHIPPING=1290
SLR19030003 LiveUpdate 2019-05-07 11:23:36 DISCOUNT=0
SLR19030003 LiveUpdate 2019-05-07 11:23:36 PAY_METHOD=CCVISAMC
SLR19030003 LiveUpdate 2019-05-07 11:23:36 LANGUAGE=HU
SLR19030003 LiveUpdate 2019-05-07 11:23:36 AUTOMODE=1
SLR19030003 LiveUpdate 2019-05-07 11:23:36 ORDER_TIMEOUT=300
SLR19030003 LiveUpdate 2019-05-07 11:23:36 TIMEOUT_URL=http://www.seal-ring.web-pro.hu/gateway/simple/timeout
SLR19030003 LiveUpdate 2019-05-07 11:23:36 BACK_REF=http://www.seal-ring.web-pro.hu/gateway/simple/backref
SLR19030003 LiveUpdate 2019-05-07 11:23:36 BILL_FNAME=Molnár
SLR19030003 LiveUpdate 2019-05-07 11:23:36 BILL_LNAME=István
SLR19030003 LiveUpdate 2019-05-07 11:23:36 BILL_EMAIL=mistvan2014@gmail.com
SLR19030003 LiveUpdate 2019-05-07 11:23:36 BILL_PHONE=702361259
SLR19030003 LiveUpdate 2019-05-07 11:23:36 BILL_ADDRESS=
SLR19030003 LiveUpdate 2019-05-07 11:23:36 BILL_ZIPCODE=4287
SLR19030003 LiveUpdate 2019-05-07 11:23:36 BILL_CITY=Vámospércs
SLR19030003 LiveUpdate 2019-05-07 11:23:36 BILL_STATE=
SLR19030003 LiveUpdate 2019-05-07 11:23:36 BILL_COUNTRYCODE=HU
SLR19030003 LiveUpdate 2019-05-07 11:23:36 DELIVERY_FNAME=Molnár
SLR19030003 LiveUpdate 2019-05-07 11:23:36 DELIVERY_LNAME=István
SLR19030003 LiveUpdate 2019-05-07 11:23:36 DELIVERY_PHONE=702361259
SLR19030003 LiveUpdate 2019-05-07 11:23:36 DELIVERY_ADDRESS=
SLR19030003 LiveUpdate 2019-05-07 11:23:36 DELIVERY_ZIPCODE=4287
SLR19030003 LiveUpdate 2019-05-07 11:23:36 DELIVERY_CITY=Vámospércs
SLR19030003 LiveUpdate 2019-05-07 11:23:36 DELIVERY_STATE=
SLR19030003 LiveUpdate 2019-05-07 11:23:36 DELIVERY_COUNTRYCODE=HU
SLR19030003 LiveUpdate 2019-05-07 11:23:36 ORDER_HASH=20837d2764029787bd4dc12c5580591c
SLR19040001 LiveUpdate 2019-05-07 11:24:06 MERCHANT=
SLR19040001 LiveUpdate 2019-05-07 11:24:06 ORDER_REF=SLR19040001
SLR19040001 LiveUpdate 2019-05-07 11:24:06 ORDER_DATE=2019-05-07 11:24:06
SLR19040001 LiveUpdate 2019-05-07 11:24:06 PRICES_CURRENCY=HUF
SLR19040001 LiveUpdate 2019-05-07 11:24:06 ORDER_SHIPPING=0
SLR19040001 LiveUpdate 2019-05-07 11:24:06 DISCOUNT=0
SLR19040001 LiveUpdate 2019-05-07 11:24:06 PAY_METHOD=CCVISAMC
SLR19040001 LiveUpdate 2019-05-07 11:24:06 LANGUAGE=HU
SLR19040001 LiveUpdate 2019-05-07 11:24:06 AUTOMODE=1
SLR19040001 LiveUpdate 2019-05-07 11:24:06 ORDER_TIMEOUT=300
SLR19040001 LiveUpdate 2019-05-07 11:24:06 TIMEOUT_URL=http://www.seal-ring.web-pro.hu/gateway/simple/timeout
SLR19040001 LiveUpdate 2019-05-07 11:24:06 BACK_REF=http://www.seal-ring.web-pro.hu/gateway/simple/backref
SLR19040001 LiveUpdate 2019-05-07 11:24:06 BILL_FNAME=Szelecz
SLR19040001 LiveUpdate 2019-05-07 11:24:06 BILL_LNAME=Péter
SLR19040001 LiveUpdate 2019-05-07 11:24:06 BILL_EMAIL=peter.szelecz@sealring.hu
SLR19040001 LiveUpdate 2019-05-07 11:24:06 BILL_PHONE=12974345
SLR19040001 LiveUpdate 2019-05-07 11:24:06 BILL_ADDRESS=
SLR19040001 LiveUpdate 2019-05-07 11:24:06 BILL_ZIPCODE=1165
SLR19040001 LiveUpdate 2019-05-07 11:24:06 BILL_CITY=Budapest
SLR19040001 LiveUpdate 2019-05-07 11:24:06 BILL_STATE=
SLR19040001 LiveUpdate 2019-05-07 11:24:06 BILL_COUNTRYCODE=HU
SLR19040001 LiveUpdate 2019-05-07 11:24:06 DELIVERY_FNAME=Szelecz
SLR19040001 LiveUpdate 2019-05-07 11:24:06 DELIVERY_LNAME=Péter
SLR19040001 LiveUpdate 2019-05-07 11:24:06 DELIVERY_PHONE=12974345
SLR19040001 LiveUpdate 2019-05-07 11:24:06 DELIVERY_ADDRESS=
SLR19040001 LiveUpdate 2019-05-07 11:24:06 DELIVERY_ZIPCODE=1165
SLR19040001 LiveUpdate 2019-05-07 11:24:06 DELIVERY_CITY=Budapest
SLR19040001 LiveUpdate 2019-05-07 11:24:06 DELIVERY_STATE=
SLR19040001 LiveUpdate 2019-05-07 11:24:06 DELIVERY_COUNTRYCODE=HU
SLR19040001 LiveUpdate 2019-05-07 11:24:06 ORDER_HASH=6cce618fba18814012cbd8ba99cefceb
SLR19040004 LiveUpdate 2019-05-07 11:31:59 MERCHANT=
SLR19040004 LiveUpdate 2019-05-07 11:31:59 ORDER_REF=SLR19040004
SLR19040004 LiveUpdate 2019-05-07 11:31:59 ORDER_DATE=2019-05-07 11:31:59
SLR19040004 LiveUpdate 2019-05-07 11:31:59 PRICES_CURRENCY=HUF
SLR19040004 LiveUpdate 2019-05-07 11:31:59 ORDER_SHIPPING=0
SLR19040004 LiveUpdate 2019-05-07 11:31:59 DISCOUNT=0
SLR19040004 LiveUpdate 2019-05-07 11:31:59 PAY_METHOD=CCVISAMC
SLR19040004 LiveUpdate 2019-05-07 11:31:59 LANGUAGE=HU
SLR19040004 LiveUpdate 2019-05-07 11:31:59 AUTOMODE=1
SLR19040004 LiveUpdate 2019-05-07 11:31:59 ORDER_TIMEOUT=300
SLR19040004 LiveUpdate 2019-05-07 11:31:59 TIMEOUT_URL=http://www.seal-ring.web-pro.hu/gateway/simple/timeout
SLR19040004 LiveUpdate 2019-05-07 11:31:59 BACK_REF=http://www.seal-ring.web-pro.hu/gateway/simple/backref
SLR19040004 LiveUpdate 2019-05-07 11:31:59 BILL_FNAME=Proba
SLR19040004 LiveUpdate 2019-05-07 11:31:59 BILL_LNAME=Cég
SLR19040004 LiveUpdate 2019-05-07 11:31:59 BILL_EMAIL=proba@gmail.com
SLR19040004 LiveUpdate 2019-05-07 11:31:59 BILL_PHONE=2974345
SLR19040004 LiveUpdate 2019-05-07 11:31:59 BILL_ADDRESS=
SLR19040004 LiveUpdate 2019-05-07 11:31:59 BILL_ZIPCODE=1165
SLR19040004 LiveUpdate 2019-05-07 11:31:59 BILL_CITY=Budapest
SLR19040004 LiveUpdate 2019-05-07 11:31:59 BILL_STATE=
SLR19040004 LiveUpdate 2019-05-07 11:31:59 BILL_COUNTRYCODE=HU
SLR19040004 LiveUpdate 2019-05-07 11:31:59 DELIVERY_FNAME=Proba
SLR19040004 LiveUpdate 2019-05-07 11:31:59 DELIVERY_LNAME=Cég
SLR19040004 LiveUpdate 2019-05-07 11:31:59 DELIVERY_PHONE=2974345
SLR19040004 LiveUpdate 2019-05-07 11:31:59 DELIVERY_ADDRESS=
SLR19040004 LiveUpdate 2019-05-07 11:31:59 DELIVERY_ZIPCODE=1165
SLR19040004 LiveUpdate 2019-05-07 11:31:59 DELIVERY_CITY=Budapest
SLR19040004 LiveUpdate 2019-05-07 11:31:59 DELIVERY_STATE=
SLR19040004 LiveUpdate 2019-05-07 11:31:59 DELIVERY_COUNTRYCODE=HU
SLR19040004 LiveUpdate 2019-05-07 11:31:59 ORDER_HASH=86d14fcf11ba030add928baa07e8db86
SLR19030003 LiveUpdate 2019-05-07 11:33:01 MERCHANT=
SLR19030003 LiveUpdate 2019-05-07 11:33:01 ORDER_REF=SLR19030003
SLR19030003 LiveUpdate 2019-05-07 11:33:01 ORDER_DATE=2019-05-07 11:33:01
SLR19030003 LiveUpdate 2019-05-07 11:33:01 PRICES_CURRENCY=HUF
SLR19030003 LiveUpdate 2019-05-07 11:33:01 ORDER_SHIPPING=1290
SLR19030003 LiveUpdate 2019-05-07 11:33:01 DISCOUNT=0
SLR19030003 LiveUpdate 2019-05-07 11:33:01 PAY_METHOD=CCVISAMC
SLR19030003 LiveUpdate 2019-05-07 11:33:01 LANGUAGE=HU
SLR19030003 LiveUpdate 2019-05-07 11:33:01 AUTOMODE=1
SLR19030003 LiveUpdate 2019-05-07 11:33:01 ORDER_TIMEOUT=300
SLR19030003 LiveUpdate 2019-05-07 11:33:01 TIMEOUT_URL=http://www.seal-ring.web-pro.hu/gateway/simple/timeout
SLR19030003 LiveUpdate 2019-05-07 11:33:01 BACK_REF=http://www.seal-ring.web-pro.hu/gateway/simple/backref
SLR19030003 LiveUpdate 2019-05-07 11:33:01 BILL_FNAME=Molnár
SLR19030003 LiveUpdate 2019-05-07 11:33:01 BILL_LNAME=István
SLR19030003 LiveUpdate 2019-05-07 11:33:01 BILL_EMAIL=mistvan2014@gmail.com
SLR19030003 LiveUpdate 2019-05-07 11:33:01 BILL_PHONE=702361259
SLR19030003 LiveUpdate 2019-05-07 11:33:01 BILL_ADDRESS=
SLR19030003 LiveUpdate 2019-05-07 11:33:01 BILL_ZIPCODE=4287
SLR19030003 LiveUpdate 2019-05-07 11:33:01 BILL_CITY=Vámospércs
SLR19030003 LiveUpdate 2019-05-07 11:33:01 BILL_STATE=
SLR19030003 LiveUpdate 2019-05-07 11:33:01 BILL_COUNTRYCODE=HU
SLR19030003 LiveUpdate 2019-05-07 11:33:01 DELIVERY_FNAME=Molnár
SLR19030003 LiveUpdate 2019-05-07 11:33:01 DELIVERY_LNAME=István
SLR19030003 LiveUpdate 2019-05-07 11:33:01 DELIVERY_PHONE=702361259
SLR19030003 LiveUpdate 2019-05-07 11:33:01 DELIVERY_ADDRESS=
SLR19030003 LiveUpdate 2019-05-07 11:33:01 DELIVERY_ZIPCODE=4287
SLR19030003 LiveUpdate 2019-05-07 11:33:01 DELIVERY_CITY=Vámospércs
SLR19030003 LiveUpdate 2019-05-07 11:33:01 DELIVERY_STATE=
SLR19030003 LiveUpdate 2019-05-07 11:33:01 DELIVERY_COUNTRYCODE=HU
SLR19030003 LiveUpdate 2019-05-07 11:33:01 ORDER_HASH=823aad534f0ac82d36c7a35cf99bdb36
SLR19030003 LiveUpdate 2019-05-07 11:33:20 MERCHANT=
SLR19030003 LiveUpdate 2019-05-07 11:33:20 ORDER_REF=SLR19030003
SLR19030003 LiveUpdate 2019-05-07 11:33:20 ORDER_DATE=2019-05-07 11:33:20
SLR19030003 LiveUpdate 2019-05-07 11:33:20 PRICES_CURRENCY=HUF
SLR19030003 LiveUpdate 2019-05-07 11:33:20 ORDER_SHIPPING=1290
SLR19030003 LiveUpdate 2019-05-07 11:33:20 DISCOUNT=0
SLR19030003 LiveUpdate 2019-05-07 11:33:20 PAY_METHOD=CCVISAMC
SLR19030003 LiveUpdate 2019-05-07 11:33:20 LANGUAGE=HU
SLR19030003 LiveUpdate 2019-05-07 11:33:20 AUTOMODE=1
SLR19030003 LiveUpdate 2019-05-07 11:33:20 ORDER_TIMEOUT=300
SLR19030003 LiveUpdate 2019-05-07 11:33:20 TIMEOUT_URL=http://www.seal-ring.web-pro.hu/gateway/simple/timeout
SLR19030003 LiveUpdate 2019-05-07 11:33:20 BACK_REF=http://www.seal-ring.web-pro.hu/gateway/simple/backref
SLR19030003 LiveUpdate 2019-05-07 11:33:20 BILL_FNAME=Molnár
SLR19030003 LiveUpdate 2019-05-07 11:33:20 BILL_LNAME=István
SLR19030003 LiveUpdate 2019-05-07 11:33:20 BILL_EMAIL=mistvan2014@gmail.com
SLR19030003 LiveUpdate 2019-05-07 11:33:20 BILL_PHONE=702361259
SLR19030003 LiveUpdate 2019-05-07 11:33:20 BILL_ADDRESS=
SLR19030003 LiveUpdate 2019-05-07 11:33:20 BILL_ZIPCODE=4287
SLR19030003 LiveUpdate 2019-05-07 11:33:20 BILL_CITY=Vámospércs
SLR19030003 LiveUpdate 2019-05-07 11:33:20 BILL_STATE=
SLR19030003 LiveUpdate 2019-05-07 11:33:20 BILL_COUNTRYCODE=HU
SLR19030003 LiveUpdate 2019-05-07 11:33:20 DELIVERY_FNAME=Molnár
SLR19030003 LiveUpdate 2019-05-07 11:33:20 DELIVERY_LNAME=István
SLR19030003 LiveUpdate 2019-05-07 11:33:20 DELIVERY_PHONE=702361259
SLR19030003 LiveUpdate 2019-05-07 11:33:20 DELIVERY_ADDRESS=
SLR19030003 LiveUpdate 2019-05-07 11:33:20 DELIVERY_ZIPCODE=4287
SLR19030003 LiveUpdate 2019-05-07 11:33:20 DELIVERY_CITY=Vámospércs
SLR19030003 LiveUpdate 2019-05-07 11:33:20 DELIVERY_STATE=
SLR19030003 LiveUpdate 2019-05-07 11:33:20 DELIVERY_COUNTRYCODE=HU
SLR19030003 LiveUpdate 2019-05-07 11:33:20 ORDER_HASH=13809bd7d1fdd31e770f2e98869cdcd4
SLR19030003 LiveUpdate 2019-05-07 11:33:24 MERCHANT=
SLR19030003 LiveUpdate 2019-05-07 11:33:24 ORDER_REF=SLR19030003
SLR19030003 LiveUpdate 2019-05-07 11:33:24 ORDER_DATE=2019-05-07 11:33:24
SLR19030003 LiveUpdate 2019-05-07 11:33:24 PRICES_CURRENCY=HUF
SLR19030003 LiveUpdate 2019-05-07 11:33:24 ORDER_SHIPPING=1290
SLR19030003 LiveUpdate 2019-05-07 11:33:24 DISCOUNT=0
SLR19030003 LiveUpdate 2019-05-07 11:33:24 PAY_METHOD=CCVISAMC
SLR19030003 LiveUpdate 2019-05-07 11:33:24 LANGUAGE=HU
SLR19030003 LiveUpdate 2019-05-07 11:33:24 AUTOMODE=1
SLR19030003 LiveUpdate 2019-05-07 11:33:24 ORDER_TIMEOUT=300
SLR19030003 LiveUpdate 2019-05-07 11:33:24 TIMEOUT_URL=http://www.seal-ring.web-pro.hu/gateway/simple/timeout
SLR19030003 LiveUpdate 2019-05-07 11:33:24 BACK_REF=http://www.seal-ring.web-pro.hu/gateway/simple/backref
SLR19030003 LiveUpdate 2019-05-07 11:33:24 BILL_FNAME=Molnár
SLR19030003 LiveUpdate 2019-05-07 11:33:24 BILL_LNAME=István
SLR19030003 LiveUpdate 2019-05-07 11:33:24 BILL_EMAIL=mistvan2014@gmail.com
SLR19030003 LiveUpdate 2019-05-07 11:33:24 BILL_PHONE=702361259
SLR19030003 LiveUpdate 2019-05-07 11:33:24 BILL_ADDRESS=
SLR19030003 LiveUpdate 2019-05-07 11:33:24 BILL_ZIPCODE=4287
SLR19030003 LiveUpdate 2019-05-07 11:33:24 BILL_CITY=Vámospércs
SLR19030003 LiveUpdate 2019-05-07 11:33:24 BILL_STATE=
SLR19030003 LiveUpdate 2019-05-07 11:33:24 BILL_COUNTRYCODE=HU
SLR19030003 LiveUpdate 2019-05-07 11:33:24 DELIVERY_FNAME=Molnár
SLR19030003 LiveUpdate 2019-05-07 11:33:24 DELIVERY_LNAME=István
SLR19030003 LiveUpdate 2019-05-07 11:33:24 DELIVERY_PHONE=702361259
SLR19030003 LiveUpdate 2019-05-07 11:33:24 DELIVERY_ADDRESS=
SLR19030003 LiveUpdate 2019-05-07 11:33:24 DELIVERY_ZIPCODE=4287
SLR19030003 LiveUpdate 2019-05-07 11:33:24 DELIVERY_CITY=Vámospércs
SLR19030003 LiveUpdate 2019-05-07 11:33:24 DELIVERY_STATE=
SLR19030003 LiveUpdate 2019-05-07 11:33:24 DELIVERY_COUNTRYCODE=HU
SLR19030003 LiveUpdate 2019-05-07 11:33:24 ORDER_HASH=bc4307224b7ae57aad025d2d8ab2e154
SLR19040004 LiveUpdate 2019-05-07 11:33:58 MERCHANT=
SLR19040004 LiveUpdate 2019-05-07 11:33:58 ORDER_REF=SLR19040004
SLR19040004 LiveUpdate 2019-05-07 11:33:58 ORDER_DATE=2019-05-07 11:33:58
SLR19040004 LiveUpdate 2019-05-07 11:33:58 PRICES_CURRENCY=HUF
SLR19040004 LiveUpdate 2019-05-07 11:33:58 ORDER_SHIPPING=0
SLR19040004 LiveUpdate 2019-05-07 11:33:58 DISCOUNT=0
SLR19040004 LiveUpdate 2019-05-07 11:33:58 PAY_METHOD=CCVISAMC
SLR19040004 LiveUpdate 2019-05-07 11:33:58 LANGUAGE=HU
SLR19040004 LiveUpdate 2019-05-07 11:33:58 AUTOMODE=1
SLR19040004 LiveUpdate 2019-05-07 11:33:58 ORDER_TIMEOUT=300
SLR19040004 LiveUpdate 2019-05-07 11:33:58 TIMEOUT_URL=http://www.seal-ring.web-pro.hu/gateway/simple/timeout
SLR19040004 LiveUpdate 2019-05-07 11:33:58 BACK_REF=http://www.seal-ring.web-pro.hu/gateway/simple/backref
SLR19040004 LiveUpdate 2019-05-07 11:33:58 BILL_FNAME=Proba
SLR19040004 LiveUpdate 2019-05-07 11:33:58 BILL_LNAME=Cég
SLR19040004 LiveUpdate 2019-05-07 11:33:58 BILL_EMAIL=proba@gmail.com
SLR19040004 LiveUpdate 2019-05-07 11:33:58 BILL_PHONE=2974345
SLR19040004 LiveUpdate 2019-05-07 11:33:58 BILL_ADDRESS=
SLR19040004 LiveUpdate 2019-05-07 11:33:58 BILL_ZIPCODE=1165
SLR19040004 LiveUpdate 2019-05-07 11:33:58 BILL_CITY=Budapest
SLR19040004 LiveUpdate 2019-05-07 11:33:58 BILL_STATE=
SLR19040004 LiveUpdate 2019-05-07 11:33:58 BILL_COUNTRYCODE=HU
SLR19040004 LiveUpdate 2019-05-07 11:33:58 DELIVERY_FNAME=Proba
SLR19040004 LiveUpdate 2019-05-07 11:33:58 DELIVERY_LNAME=Cég
SLR19040004 LiveUpdate 2019-05-07 11:33:58 DELIVERY_PHONE=2974345
SLR19040004 LiveUpdate 2019-05-07 11:33:58 DELIVERY_ADDRESS=
SLR19040004 LiveUpdate 2019-05-07 11:33:58 DELIVERY_ZIPCODE=1165
SLR19040004 LiveUpdate 2019-05-07 11:33:58 DELIVERY_CITY=Budapest
SLR19040004 LiveUpdate 2019-05-07 11:33:58 DELIVERY_STATE=
SLR19040004 LiveUpdate 2019-05-07 11:33:58 DELIVERY_COUNTRYCODE=HU
SLR19040004 LiveUpdate 2019-05-07 11:33:58 ORDER_HASH=437440584b4221863944ae8127d92fb7
SLR19030003 LiveUpdate 2019-05-07 11:51:43 MERCHANT=
SLR19030003 LiveUpdate 2019-05-07 11:51:43 ORDER_REF=SLR19030003
SLR19030003 LiveUpdate 2019-05-07 11:51:43 ORDER_DATE=2019-05-07 11:51:43
SLR19030003 LiveUpdate 2019-05-07 11:51:43 PRICES_CURRENCY=HUF
SLR19030003 LiveUpdate 2019-05-07 11:51:43 ORDER_SHIPPING=1290
SLR19030003 LiveUpdate 2019-05-07 11:51:43 DISCOUNT=0
SLR19030003 LiveUpdate 2019-05-07 11:51:43 PAY_METHOD=CCVISAMC
SLR19030003 LiveUpdate 2019-05-07 11:51:43 LANGUAGE=HU
SLR19030003 LiveUpdate 2019-05-07 11:51:43 AUTOMODE=1
SLR19030003 LiveUpdate 2019-05-07 11:51:43 ORDER_TIMEOUT=300
SLR19030003 LiveUpdate 2019-05-07 11:51:43 TIMEOUT_URL=http://www.seal-ring.web-pro.hu/gateway/simple/timeout
SLR19030003 LiveUpdate 2019-05-07 11:51:43 BACK_REF=http://www.seal-ring.web-pro.hu/gateway/simple/backref
SLR19030003 LiveUpdate 2019-05-07 11:51:43 BILL_FNAME=Molnár
SLR19030003 LiveUpdate 2019-05-07 11:51:43 BILL_LNAME=István
SLR19030003 LiveUpdate 2019-05-07 11:51:43 BILL_EMAIL=mistvan2014@gmail.com
SLR19030003 LiveUpdate 2019-05-07 11:51:43 BILL_PHONE=702361259
SLR19030003 LiveUpdate 2019-05-07 11:51:43 BILL_ADDRESS=
SLR19030003 LiveUpdate 2019-05-07 11:51:43 BILL_ZIPCODE=4287
SLR19030003 LiveUpdate 2019-05-07 11:51:43 BILL_CITY=Vámospércs
SLR19030003 LiveUpdate 2019-05-07 11:51:43 BILL_STATE=
SLR19030003 LiveUpdate 2019-05-07 11:51:43 BILL_COUNTRYCODE=HU
SLR19030003 LiveUpdate 2019-05-07 11:51:43 DELIVERY_FNAME=Molnár
SLR19030003 LiveUpdate 2019-05-07 11:51:43 DELIVERY_LNAME=István
SLR19030003 LiveUpdate 2019-05-07 11:51:43 DELIVERY_PHONE=702361259
SLR19030003 LiveUpdate 2019-05-07 11:51:43 DELIVERY_ADDRESS=
SLR19030003 LiveUpdate 2019-05-07 11:51:43 DELIVERY_ZIPCODE=4287
SLR19030003 LiveUpdate 2019-05-07 11:51:43 DELIVERY_CITY=Vámospércs
SLR19030003 LiveUpdate 2019-05-07 11:51:43 DELIVERY_STATE=
SLR19030003 LiveUpdate 2019-05-07 11:51:43 DELIVERY_COUNTRYCODE=HU
SLR19030003 LiveUpdate 2019-05-07 11:51:43 ORDER_HASH=eede884e4b2746ca40fc9d2bd4e7f97a
