SLR19040002 LiveUpdate 2019-04-25 08:54:41 MERCHANT=
SLR19040002 LiveUpdate 2019-04-25 08:54:41 ORDER_REF=SLR19040002
SLR19040002 LiveUpdate 2019-04-25 08:54:41 ORDER_DATE=2019-04-25 08:54:41
SLR19040002 LiveUpdate 2019-04-25 08:54:41 PRICES_CURRENCY=HUF
SLR19040002 LiveUpdate 2019-04-25 08:54:41 ORDER_SHIPPING=1290
SLR19040002 LiveUpdate 2019-04-25 08:54:41 DISCOUNT=0
SLR19040002 LiveUpdate 2019-04-25 08:54:41 PAY_METHOD=CCVISAMC
SLR19040002 LiveUpdate 2019-04-25 08:54:41 LANGUAGE=HU
SLR19040002 LiveUpdate 2019-04-25 08:54:41 AUTOMODE=1
SLR19040002 LiveUpdate 2019-04-25 08:54:41 ORDER_TIMEOUT=300
SLR19040002 LiveUpdate 2019-04-25 08:54:41 TIMEOUT_URL=http://www.seal-ring.web-pro.hu/gateway/simple/timeout
SLR19040002 LiveUpdate 2019-04-25 08:54:41 BACK_REF=http://www.seal-ring.web-pro.hu/gateway/simple/backref
SLR19040002 LiveUpdate 2019-04-25 08:54:41 BILL_FNAME=Molnár
SLR19040002 LiveUpdate 2019-04-25 08:54:41 BILL_LNAME=István
SLR19040002 LiveUpdate 2019-04-25 08:54:41 BILL_EMAIL=pocokxtrame@gmail.com
SLR19040002 LiveUpdate 2019-04-25 08:54:41 BILL_PHONE=0670123456
SLR19040002 LiveUpdate 2019-04-25 08:54:41 BILL_ADDRESS=
SLR19040002 LiveUpdate 2019-04-25 08:54:41 BILL_ZIPCODE=4287
SLR19040002 LiveUpdate 2019-04-25 08:54:41 BILL_CITY=Vámospércs
SLR19040002 LiveUpdate 2019-04-25 08:54:41 BILL_STATE=
SLR19040002 LiveUpdate 2019-04-25 08:54:41 BILL_COUNTRYCODE=HU
SLR19040002 LiveUpdate 2019-04-25 08:54:41 DELIVERY_FNAME=Molnár
SLR19040002 LiveUpdate 2019-04-25 08:54:41 DELIVERY_LNAME=István
SLR19040002 LiveUpdate 2019-04-25 08:54:41 DELIVERY_PHONE=0670123456
SLR19040002 LiveUpdate 2019-04-25 08:54:41 DELIVERY_ADDRESS=
SLR19040002 LiveUpdate 2019-04-25 08:54:41 DELIVERY_ZIPCODE=4287
SLR19040002 LiveUpdate 2019-04-25 08:54:41 DELIVERY_CITY=Vámospércs
SLR19040002 LiveUpdate 2019-04-25 08:54:41 DELIVERY_STATE=
SLR19040002 LiveUpdate 2019-04-25 08:54:41 DELIVERY_COUNTRYCODE=HU
SLR19040002 LiveUpdate 2019-04-25 08:54:41 ORDER_HASH=8bcf7e1553d5b84bd195e3a38341b55e
SLR19040002 LiveUpdate 2019-04-25 10:05:51 MERCHANT=
SLR19040002 LiveUpdate 2019-04-25 10:05:51 ORDER_REF=SLR19040002
SLR19040002 LiveUpdate 2019-04-25 10:05:51 ORDER_DATE=2019-04-25 10:05:51
SLR19040002 LiveUpdate 2019-04-25 10:05:51 PRICES_CURRENCY=HUF
SLR19040002 LiveUpdate 2019-04-25 10:05:51 ORDER_SHIPPING=1290
SLR19040002 LiveUpdate 2019-04-25 10:05:51 DISCOUNT=0
SLR19040002 LiveUpdate 2019-04-25 10:05:51 PAY_METHOD=CCVISAMC
SLR19040002 LiveUpdate 2019-04-25 10:05:51 LANGUAGE=HU
SLR19040002 LiveUpdate 2019-04-25 10:05:51 AUTOMODE=1
SLR19040002 LiveUpdate 2019-04-25 10:05:51 ORDER_TIMEOUT=300
SLR19040002 LiveUpdate 2019-04-25 10:05:51 TIMEOUT_URL=http://www.seal-ring.web-pro.hu/gateway/simple/timeout
SLR19040002 LiveUpdate 2019-04-25 10:05:51 BACK_REF=http://www.seal-ring.web-pro.hu/gateway/simple/backref
SLR19040002 LiveUpdate 2019-04-25 10:05:51 BILL_FNAME=Molnár
SLR19040002 LiveUpdate 2019-04-25 10:05:51 BILL_LNAME=István
SLR19040002 LiveUpdate 2019-04-25 10:05:51 BILL_EMAIL=pocokxtrame@gmail.com
SLR19040002 LiveUpdate 2019-04-25 10:05:51 BILL_PHONE=0670123456
SLR19040002 LiveUpdate 2019-04-25 10:05:51 BILL_ADDRESS=
SLR19040002 LiveUpdate 2019-04-25 10:05:51 BILL_ZIPCODE=4287
SLR19040002 LiveUpdate 2019-04-25 10:05:51 BILL_CITY=Vámospércs
SLR19040002 LiveUpdate 2019-04-25 10:05:51 BILL_STATE=
SLR19040002 LiveUpdate 2019-04-25 10:05:51 BILL_COUNTRYCODE=HU
SLR19040002 LiveUpdate 2019-04-25 10:05:51 DELIVERY_FNAME=Molnár
SLR19040002 LiveUpdate 2019-04-25 10:05:51 DELIVERY_LNAME=István
SLR19040002 LiveUpdate 2019-04-25 10:05:51 DELIVERY_PHONE=0670123456
SLR19040002 LiveUpdate 2019-04-25 10:05:51 DELIVERY_ADDRESS=
SLR19040002 LiveUpdate 2019-04-25 10:05:51 DELIVERY_ZIPCODE=4287
SLR19040002 LiveUpdate 2019-04-25 10:05:51 DELIVERY_CITY=Vámospércs
SLR19040002 LiveUpdate 2019-04-25 10:05:51 DELIVERY_STATE=
SLR19040002 LiveUpdate 2019-04-25 10:05:51 DELIVERY_COUNTRYCODE=HU
SLR19040002 LiveUpdate 2019-04-25 10:05:51 ORDER_HASH=e8d7c94382d95e8877bca6ba3d1a2b2d
SLR19040003 LiveUpdate 2019-04-25 10:11:42 MERCHANT=
SLR19040003 LiveUpdate 2019-04-25 10:11:42 ORDER_REF=SLR19040003
SLR19040003 LiveUpdate 2019-04-25 10:11:42 ORDER_DATE=2019-04-25 10:11:42
SLR19040003 LiveUpdate 2019-04-25 10:11:42 PRICES_CURRENCY=HUF
SLR19040003 LiveUpdate 2019-04-25 10:11:42 ORDER_SHIPPING=0
SLR19040003 LiveUpdate 2019-04-25 10:11:42 DISCOUNT=0
SLR19040003 LiveUpdate 2019-04-25 10:11:42 PAY_METHOD=CCVISAMC
SLR19040003 LiveUpdate 2019-04-25 10:11:42 LANGUAGE=HU
SLR19040003 LiveUpdate 2019-04-25 10:11:42 AUTOMODE=1
SLR19040003 LiveUpdate 2019-04-25 10:11:42 ORDER_TIMEOUT=300
SLR19040003 LiveUpdate 2019-04-25 10:11:42 TIMEOUT_URL=http://www.seal-ring.web-pro.hu/gateway/simple/timeout
SLR19040003 LiveUpdate 2019-04-25 10:11:42 BACK_REF=http://www.seal-ring.web-pro.hu/gateway/simple/backref
SLR19040003 LiveUpdate 2019-04-25 10:11:42 BILL_FNAME=Molnár
SLR19040003 LiveUpdate 2019-04-25 10:11:42 BILL_LNAME=István
SLR19040003 LiveUpdate 2019-04-25 10:11:42 BILL_EMAIL=pocokxtrame@gmail.com
SLR19040003 LiveUpdate 2019-04-25 10:11:42 BILL_PHONE=06701234567
SLR19040003 LiveUpdate 2019-04-25 10:11:42 BILL_ADDRESS=
SLR19040003 LiveUpdate 2019-04-25 10:11:42 BILL_ZIPCODE=4287
SLR19040003 LiveUpdate 2019-04-25 10:11:42 BILL_CITY=Vámospércs
SLR19040003 LiveUpdate 2019-04-25 10:11:42 BILL_STATE=
SLR19040003 LiveUpdate 2019-04-25 10:11:42 BILL_COUNTRYCODE=HU
SLR19040003 LiveUpdate 2019-04-25 10:11:42 DELIVERY_FNAME=Molnár
SLR19040003 LiveUpdate 2019-04-25 10:11:42 DELIVERY_LNAME=István
SLR19040003 LiveUpdate 2019-04-25 10:11:42 DELIVERY_PHONE=06701234567
SLR19040003 LiveUpdate 2019-04-25 10:11:42 DELIVERY_ADDRESS=
SLR19040003 LiveUpdate 2019-04-25 10:11:42 DELIVERY_ZIPCODE=4287
SLR19040003 LiveUpdate 2019-04-25 10:11:42 DELIVERY_CITY=Vámospércs
SLR19040003 LiveUpdate 2019-04-25 10:11:42 DELIVERY_STATE=
SLR19040003 LiveUpdate 2019-04-25 10:11:42 DELIVERY_COUNTRYCODE=HU
SLR19040003 LiveUpdate 2019-04-25 10:11:42 ORDER_HASH=a9a559eed2dbe5d61f9fb9f651140ac4
SLR19040003 LiveUpdate 2019-04-25 11:00:43 MERCHANT=
SLR19040003 LiveUpdate 2019-04-25 11:00:43 ORDER_REF=SLR19040003
SLR19040003 LiveUpdate 2019-04-25 11:00:43 ORDER_DATE=2019-04-25 11:00:43
SLR19040003 LiveUpdate 2019-04-25 11:00:43 PRICES_CURRENCY=HUF
SLR19040003 LiveUpdate 2019-04-25 11:00:43 ORDER_SHIPPING=0
SLR19040003 LiveUpdate 2019-04-25 11:00:43 DISCOUNT=0
SLR19040003 LiveUpdate 2019-04-25 11:00:43 PAY_METHOD=CCVISAMC
SLR19040003 LiveUpdate 2019-04-25 11:00:43 LANGUAGE=HU
SLR19040003 LiveUpdate 2019-04-25 11:00:43 AUTOMODE=1
SLR19040003 LiveUpdate 2019-04-25 11:00:43 ORDER_TIMEOUT=300
SLR19040003 LiveUpdate 2019-04-25 11:00:43 TIMEOUT_URL=http://www.seal-ring.web-pro.hu/gateway/simple/timeout
SLR19040003 LiveUpdate 2019-04-25 11:00:43 BACK_REF=http://www.seal-ring.web-pro.hu/gateway/simple/backref
SLR19040003 LiveUpdate 2019-04-25 11:00:43 BILL_FNAME=Molnár
SLR19040003 LiveUpdate 2019-04-25 11:00:43 BILL_LNAME=István
SLR19040003 LiveUpdate 2019-04-25 11:00:43 BILL_EMAIL=pocokxtrame@gmail.com
SLR19040003 LiveUpdate 2019-04-25 11:00:43 BILL_PHONE=06701234567
SLR19040003 LiveUpdate 2019-04-25 11:00:43 BILL_ADDRESS=
SLR19040003 LiveUpdate 2019-04-25 11:00:43 BILL_ZIPCODE=4287
SLR19040003 LiveUpdate 2019-04-25 11:00:43 BILL_CITY=Vámospércs
SLR19040003 LiveUpdate 2019-04-25 11:00:43 BILL_STATE=
SLR19040003 LiveUpdate 2019-04-25 11:00:43 BILL_COUNTRYCODE=HU
SLR19040003 LiveUpdate 2019-04-25 11:00:43 DELIVERY_FNAME=Molnár
SLR19040003 LiveUpdate 2019-04-25 11:00:43 DELIVERY_LNAME=István
SLR19040003 LiveUpdate 2019-04-25 11:00:43 DELIVERY_PHONE=06701234567
SLR19040003 LiveUpdate 2019-04-25 11:00:43 DELIVERY_ADDRESS=
SLR19040003 LiveUpdate 2019-04-25 11:00:43 DELIVERY_ZIPCODE=4287
SLR19040003 LiveUpdate 2019-04-25 11:00:43 DELIVERY_CITY=Vámospércs
SLR19040003 LiveUpdate 2019-04-25 11:00:43 DELIVERY_STATE=
SLR19040003 LiveUpdate 2019-04-25 11:00:43 DELIVERY_COUNTRYCODE=HU
SLR19040003 LiveUpdate 2019-04-25 11:00:43 ORDER_HASH=db21f7daae2413803f20db17f7b64c84
