SLR20050002 LiveUpdate 2020-05-29 12:47:49 MERCHANT=
SLR20050002 LiveUpdate 2020-05-29 12:47:49 ORDER_REF=SLR20050002
SLR20050002 LiveUpdate 2020-05-29 12:47:49 ORDER_DATE=2020-05-29 12:47:49
SLR20050002 LiveUpdate 2020-05-29 12:47:49 ORDER_PNAME=Manométer 1/4 alsó 63mm FIAC
SLR20050002 LiveUpdate 2020-05-29 12:47:49 ORDER_PNAME=Manométer 0-4 BAR  63mm
SLR20050002 LiveUpdate 2020-05-29 12:47:49 ORDER_PNAME=Manométer perem 63 mm.
SLR20050002 LiveUpdate 2020-05-29 12:47:49 ORDER_PCODE=
SLR20050002 LiveUpdate 2020-05-29 12:47:49 ORDER_PCODE=
SLR20050002 LiveUpdate 2020-05-29 12:47:49 ORDER_PCODE=
SLR20050002 LiveUpdate 2020-05-29 12:47:49 ORDER_PINFO=Cikkszám: 19196 
SLR20050002 LiveUpdate 2020-05-29 12:47:49 ORDER_PINFO=Cikkszám: 3499 
SLR20050002 LiveUpdate 2020-05-29 12:47:49 ORDER_PINFO=Cikkszám: 3526 
SLR20050002 LiveUpdate 2020-05-29 12:47:49 ORDER_PRICE=3263
SLR20050002 LiveUpdate 2020-05-29 12:47:49 ORDER_PRICE=5204
SLR20050002 LiveUpdate 2020-05-29 12:47:49 ORDER_PRICE=1669
SLR20050002 LiveUpdate 2020-05-29 12:47:49 ORDER_QTY=10
SLR20050002 LiveUpdate 2020-05-29 12:47:49 ORDER_QTY=10
SLR20050002 LiveUpdate 2020-05-29 12:47:49 ORDER_QTY=20
SLR20050002 LiveUpdate 2020-05-29 12:47:49 ORDER_VAT=0
SLR20050002 LiveUpdate 2020-05-29 12:47:49 ORDER_VAT=0
SLR20050002 LiveUpdate 2020-05-29 12:47:49 ORDER_VAT=0
SLR20050002 LiveUpdate 2020-05-29 12:47:49 PRICES_CURRENCY=HUF
SLR20050002 LiveUpdate 2020-05-29 12:47:49 ORDER_SHIPPING=0
SLR20050002 LiveUpdate 2020-05-29 12:47:49 DISCOUNT=0
SLR20050002 LiveUpdate 2020-05-29 12:47:49 PAY_METHOD=CCVISAMC
SLR20050002 LiveUpdate 2020-05-29 12:47:49 LANGUAGE=HU
SLR20050002 LiveUpdate 2020-05-29 12:47:49 AUTOMODE=1
SLR20050002 LiveUpdate 2020-05-29 12:47:49 ORDER_TIMEOUT=300
SLR20050002 LiveUpdate 2020-05-29 12:47:49 TIMEOUT_URL=http://www.seal-ring.web-pro.hu/gateway/simple/timeout
SLR20050002 LiveUpdate 2020-05-29 12:47:49 BACK_REF=http://www.seal-ring.web-pro.hu/gateway/simple/backref
SLR20050002 LiveUpdate 2020-05-29 12:47:49 BILL_FNAME=WEBPRO
SLR20050002 LiveUpdate 2020-05-29 12:47:49 BILL_LNAME=Solutions
SLR20050002 LiveUpdate 2020-05-29 12:47:49 BILL_EMAIL=mistvan2014@gmail.com
SLR20050002 LiveUpdate 2020-05-29 12:47:49 BILL_PHONE=06702361259
SLR20050002 LiveUpdate 2020-05-29 12:47:49 BILL_ADDRESS=
SLR20050002 LiveUpdate 2020-05-29 12:47:49 BILL_ZIPCODE=4287
SLR20050002 LiveUpdate 2020-05-29 12:47:49 BILL_CITY=Vámospércs
SLR20050002 LiveUpdate 2020-05-29 12:47:49 BILL_STATE=
SLR20050002 LiveUpdate 2020-05-29 12:47:49 BILL_COUNTRYCODE=HU
SLR20050002 LiveUpdate 2020-05-29 12:47:49 DELIVERY_FNAME=WEBPRO
SLR20050002 LiveUpdate 2020-05-29 12:47:49 DELIVERY_LNAME=Solutions
SLR20050002 LiveUpdate 2020-05-29 12:47:49 DELIVERY_PHONE=06702361259
SLR20050002 LiveUpdate 2020-05-29 12:47:49 DELIVERY_ADDRESS=
SLR20050002 LiveUpdate 2020-05-29 12:47:49 DELIVERY_ZIPCODE=4287
SLR20050002 LiveUpdate 2020-05-29 12:47:49 DELIVERY_CITY=Vámospércs
SLR20050002 LiveUpdate 2020-05-29 12:47:49 DELIVERY_STATE=
SLR20050002 LiveUpdate 2020-05-29 12:47:49 DELIVERY_COUNTRYCODE=HU
SLR20050002 LiveUpdate 2020-05-29 12:47:49 ORDER_HASH=a85d35909d3b488bdcf38805b51bea1e
SLR20050002 LiveUpdate 2020-05-29 12:49:53 MERCHANT=
SLR20050002 LiveUpdate 2020-05-29 12:49:53 ORDER_REF=SLR20050002
SLR20050002 LiveUpdate 2020-05-29 12:49:53 ORDER_DATE=2020-05-29 12:49:53
SLR20050002 LiveUpdate 2020-05-29 12:49:53 ORDER_PNAME=Manométer 1/4 alsó 63mm FIAC
SLR20050002 LiveUpdate 2020-05-29 12:49:53 ORDER_PNAME=Manométer 0-4 BAR  63mm
SLR20050002 LiveUpdate 2020-05-29 12:49:53 ORDER_PNAME=Manométer perem 63 mm.
SLR20050002 LiveUpdate 2020-05-29 12:49:53 ORDER_PCODE=
SLR20050002 LiveUpdate 2020-05-29 12:49:53 ORDER_PCODE=
SLR20050002 LiveUpdate 2020-05-29 12:49:53 ORDER_PCODE=
SLR20050002 LiveUpdate 2020-05-29 12:49:53 ORDER_PINFO=Cikkszám: 19196 
SLR20050002 LiveUpdate 2020-05-29 12:49:53 ORDER_PINFO=Cikkszám: 3499 
SLR20050002 LiveUpdate 2020-05-29 12:49:53 ORDER_PINFO=Cikkszám: 3526 
SLR20050002 LiveUpdate 2020-05-29 12:49:53 ORDER_PRICE=3263
SLR20050002 LiveUpdate 2020-05-29 12:49:53 ORDER_PRICE=5204
SLR20050002 LiveUpdate 2020-05-29 12:49:53 ORDER_PRICE=1669
SLR20050002 LiveUpdate 2020-05-29 12:49:53 ORDER_QTY=10
SLR20050002 LiveUpdate 2020-05-29 12:49:53 ORDER_QTY=10
SLR20050002 LiveUpdate 2020-05-29 12:49:53 ORDER_QTY=20
SLR20050002 LiveUpdate 2020-05-29 12:49:53 ORDER_VAT=0
SLR20050002 LiveUpdate 2020-05-29 12:49:53 ORDER_VAT=0
SLR20050002 LiveUpdate 2020-05-29 12:49:53 ORDER_VAT=0
SLR20050002 LiveUpdate 2020-05-29 12:49:53 PRICES_CURRENCY=HUF
SLR20050002 LiveUpdate 2020-05-29 12:49:53 ORDER_SHIPPING=0
SLR20050002 LiveUpdate 2020-05-29 12:49:53 DISCOUNT=0
SLR20050002 LiveUpdate 2020-05-29 12:49:53 PAY_METHOD=CCVISAMC
SLR20050002 LiveUpdate 2020-05-29 12:49:53 LANGUAGE=HU
SLR20050002 LiveUpdate 2020-05-29 12:49:53 AUTOMODE=1
SLR20050002 LiveUpdate 2020-05-29 12:49:53 ORDER_TIMEOUT=300
SLR20050002 LiveUpdate 2020-05-29 12:49:53 TIMEOUT_URL=http://www.seal-ring.web-pro.hu/gateway/simple/timeout
SLR20050002 LiveUpdate 2020-05-29 12:49:53 BACK_REF=http://www.seal-ring.web-pro.hu/gateway/simple/backref
SLR20050002 LiveUpdate 2020-05-29 12:49:53 BILL_FNAME=WEBPRO
SLR20050002 LiveUpdate 2020-05-29 12:49:53 BILL_LNAME=Solutions
SLR20050002 LiveUpdate 2020-05-29 12:49:53 BILL_EMAIL=mistvan2014@gmail.com
SLR20050002 LiveUpdate 2020-05-29 12:49:53 BILL_PHONE=06702361259
SLR20050002 LiveUpdate 2020-05-29 12:49:53 BILL_ADDRESS=
SLR20050002 LiveUpdate 2020-05-29 12:49:53 BILL_ZIPCODE=4287
SLR20050002 LiveUpdate 2020-05-29 12:49:53 BILL_CITY=Vámospércs
SLR20050002 LiveUpdate 2020-05-29 12:49:53 BILL_STATE=
SLR20050002 LiveUpdate 2020-05-29 12:49:53 BILL_COUNTRYCODE=HU
SLR20050002 LiveUpdate 2020-05-29 12:49:53 DELIVERY_FNAME=WEBPRO
SLR20050002 LiveUpdate 2020-05-29 12:49:53 DELIVERY_LNAME=Solutions
SLR20050002 LiveUpdate 2020-05-29 12:49:53 DELIVERY_PHONE=06702361259
SLR20050002 LiveUpdate 2020-05-29 12:49:53 DELIVERY_ADDRESS=
SLR20050002 LiveUpdate 2020-05-29 12:49:53 DELIVERY_ZIPCODE=4287
SLR20050002 LiveUpdate 2020-05-29 12:49:53 DELIVERY_CITY=Vámospércs
SLR20050002 LiveUpdate 2020-05-29 12:49:53 DELIVERY_STATE=
SLR20050002 LiveUpdate 2020-05-29 12:49:53 DELIVERY_COUNTRYCODE=HU
SLR20050002 LiveUpdate 2020-05-29 12:49:53 ORDER_HASH=885c11c0cb8b2da0b1d2b519f87e1e66
SLR20050002 LiveUpdate 2020-05-29 12:50:42 MERCHANT=
SLR20050002 LiveUpdate 2020-05-29 12:50:42 ORDER_REF=SLR20050002
SLR20050002 LiveUpdate 2020-05-29 12:50:42 ORDER_DATE=2020-05-29 12:50:42
SLR20050002 LiveUpdate 2020-05-29 12:50:42 ORDER_PNAME=Manométer 1/4 alsó 63mm FIAC
SLR20050002 LiveUpdate 2020-05-29 12:50:42 ORDER_PNAME=Manométer 0-4 BAR  63mm
SLR20050002 LiveUpdate 2020-05-29 12:50:42 ORDER_PNAME=Manométer perem 63 mm.
SLR20050002 LiveUpdate 2020-05-29 12:50:42 ORDER_PCODE=
SLR20050002 LiveUpdate 2020-05-29 12:50:42 ORDER_PCODE=
SLR20050002 LiveUpdate 2020-05-29 12:50:42 ORDER_PCODE=
SLR20050002 LiveUpdate 2020-05-29 12:50:42 ORDER_PINFO=Cikkszám: 19196 
SLR20050002 LiveUpdate 2020-05-29 12:50:42 ORDER_PINFO=Cikkszám: 3499 
SLR20050002 LiveUpdate 2020-05-29 12:50:42 ORDER_PINFO=Cikkszám: 3526 
SLR20050002 LiveUpdate 2020-05-29 12:50:42 ORDER_PRICE=3263
SLR20050002 LiveUpdate 2020-05-29 12:50:42 ORDER_PRICE=5204
SLR20050002 LiveUpdate 2020-05-29 12:50:42 ORDER_PRICE=1669
SLR20050002 LiveUpdate 2020-05-29 12:50:42 ORDER_QTY=10
SLR20050002 LiveUpdate 2020-05-29 12:50:42 ORDER_QTY=10
SLR20050002 LiveUpdate 2020-05-29 12:50:42 ORDER_QTY=20
SLR20050002 LiveUpdate 2020-05-29 12:50:42 ORDER_VAT=0
SLR20050002 LiveUpdate 2020-05-29 12:50:42 ORDER_VAT=0
SLR20050002 LiveUpdate 2020-05-29 12:50:42 ORDER_VAT=0
SLR20050002 LiveUpdate 2020-05-29 12:50:42 PRICES_CURRENCY=HUF
SLR20050002 LiveUpdate 2020-05-29 12:50:42 ORDER_SHIPPING=0
SLR20050002 LiveUpdate 2020-05-29 12:50:42 DISCOUNT=0
SLR20050002 LiveUpdate 2020-05-29 12:50:42 PAY_METHOD=CCVISAMC
SLR20050002 LiveUpdate 2020-05-29 12:50:42 LANGUAGE=HU
SLR20050002 LiveUpdate 2020-05-29 12:50:42 AUTOMODE=1
SLR20050002 LiveUpdate 2020-05-29 12:50:42 ORDER_TIMEOUT=300
SLR20050002 LiveUpdate 2020-05-29 12:50:42 TIMEOUT_URL=http://www.seal-ring.web-pro.hu/gateway/simple/timeout
SLR20050002 LiveUpdate 2020-05-29 12:50:42 BACK_REF=http://www.seal-ring.web-pro.hu/gateway/simple/backref
SLR20050002 LiveUpdate 2020-05-29 12:50:42 BILL_FNAME=WEBPRO
SLR20050002 LiveUpdate 2020-05-29 12:50:42 BILL_LNAME=Solutions
SLR20050002 LiveUpdate 2020-05-29 12:50:42 BILL_EMAIL=mistvan2014@gmail.com
SLR20050002 LiveUpdate 2020-05-29 12:50:42 BILL_PHONE=06702361259
SLR20050002 LiveUpdate 2020-05-29 12:50:42 BILL_ADDRESS=
SLR20050002 LiveUpdate 2020-05-29 12:50:42 BILL_ZIPCODE=4287
SLR20050002 LiveUpdate 2020-05-29 12:50:42 BILL_CITY=Vámospércs
SLR20050002 LiveUpdate 2020-05-29 12:50:42 BILL_STATE=
SLR20050002 LiveUpdate 2020-05-29 12:50:42 BILL_COUNTRYCODE=HU
SLR20050002 LiveUpdate 2020-05-29 12:50:42 DELIVERY_FNAME=WEBPRO
SLR20050002 LiveUpdate 2020-05-29 12:50:42 DELIVERY_LNAME=Solutions
SLR20050002 LiveUpdate 2020-05-29 12:50:42 DELIVERY_PHONE=06702361259
SLR20050002 LiveUpdate 2020-05-29 12:50:42 DELIVERY_ADDRESS=
SLR20050002 LiveUpdate 2020-05-29 12:50:42 DELIVERY_ZIPCODE=4287
SLR20050002 LiveUpdate 2020-05-29 12:50:42 DELIVERY_CITY=Vámospércs
SLR20050002 LiveUpdate 2020-05-29 12:50:42 DELIVERY_STATE=
SLR20050002 LiveUpdate 2020-05-29 12:50:42 DELIVERY_COUNTRYCODE=HU
SLR20050002 LiveUpdate 2020-05-29 12:50:42 ORDER_HASH=75b4780ff4aeff5c97f37bcaf5110152
SLR20050002 LiveUpdate 2020-05-29 12:51:08 MERCHANT=
SLR20050002 LiveUpdate 2020-05-29 12:51:08 ORDER_REF=SLR20050002
SLR20050002 LiveUpdate 2020-05-29 12:51:08 ORDER_DATE=2020-05-29 12:51:08
SLR20050002 LiveUpdate 2020-05-29 12:51:08 ORDER_PNAME=Manométer 1/4 alsó 63mm FIAC
SLR20050002 LiveUpdate 2020-05-29 12:51:08 ORDER_PNAME=Manométer 0-4 BAR  63mm
SLR20050002 LiveUpdate 2020-05-29 12:51:08 ORDER_PNAME=Manométer perem 63 mm.
SLR20050002 LiveUpdate 2020-05-29 12:51:08 ORDER_PCODE=
SLR20050002 LiveUpdate 2020-05-29 12:51:08 ORDER_PCODE=
SLR20050002 LiveUpdate 2020-05-29 12:51:08 ORDER_PCODE=
SLR20050002 LiveUpdate 2020-05-29 12:51:08 ORDER_PINFO=Cikkszám: 19196 
SLR20050002 LiveUpdate 2020-05-29 12:51:08 ORDER_PINFO=Cikkszám: 3499 
SLR20050002 LiveUpdate 2020-05-29 12:51:08 ORDER_PINFO=Cikkszám: 3526 
SLR20050002 LiveUpdate 2020-05-29 12:51:08 ORDER_PRICE=3263
SLR20050002 LiveUpdate 2020-05-29 12:51:08 ORDER_PRICE=5204
SLR20050002 LiveUpdate 2020-05-29 12:51:08 ORDER_PRICE=1669
SLR20050002 LiveUpdate 2020-05-29 12:51:08 ORDER_QTY=10
SLR20050002 LiveUpdate 2020-05-29 12:51:08 ORDER_QTY=10
SLR20050002 LiveUpdate 2020-05-29 12:51:08 ORDER_QTY=20
SLR20050002 LiveUpdate 2020-05-29 12:51:08 ORDER_VAT=0
SLR20050002 LiveUpdate 2020-05-29 12:51:08 ORDER_VAT=0
SLR20050002 LiveUpdate 2020-05-29 12:51:08 ORDER_VAT=0
SLR20050002 LiveUpdate 2020-05-29 12:51:08 PRICES_CURRENCY=HUF
SLR20050002 LiveUpdate 2020-05-29 12:51:08 ORDER_SHIPPING=0
SLR20050002 LiveUpdate 2020-05-29 12:51:08 DISCOUNT=0
SLR20050002 LiveUpdate 2020-05-29 12:51:08 PAY_METHOD=CCVISAMC
SLR20050002 LiveUpdate 2020-05-29 12:51:08 LANGUAGE=HU
SLR20050002 LiveUpdate 2020-05-29 12:51:08 AUTOMODE=1
SLR20050002 LiveUpdate 2020-05-29 12:51:08 ORDER_TIMEOUT=300
SLR20050002 LiveUpdate 2020-05-29 12:51:08 TIMEOUT_URL=http://www.seal-ring.web-pro.hu/gateway/simple/timeout
SLR20050002 LiveUpdate 2020-05-29 12:51:08 BACK_REF=http://www.seal-ring.web-pro.hu/gateway/simple/backref
SLR20050002 LiveUpdate 2020-05-29 12:51:08 BILL_FNAME=WEBPRO
SLR20050002 LiveUpdate 2020-05-29 12:51:08 BILL_LNAME=Solutions
SLR20050002 LiveUpdate 2020-05-29 12:51:08 BILL_EMAIL=mistvan2014@gmail.com
SLR20050002 LiveUpdate 2020-05-29 12:51:08 BILL_PHONE=06702361259
SLR20050002 LiveUpdate 2020-05-29 12:51:08 BILL_ADDRESS=
SLR20050002 LiveUpdate 2020-05-29 12:51:08 BILL_ZIPCODE=4287
SLR20050002 LiveUpdate 2020-05-29 12:51:08 BILL_CITY=Vámospércs
SLR20050002 LiveUpdate 2020-05-29 12:51:08 BILL_STATE=
SLR20050002 LiveUpdate 2020-05-29 12:51:08 BILL_COUNTRYCODE=HU
SLR20050002 LiveUpdate 2020-05-29 12:51:08 DELIVERY_FNAME=WEBPRO
SLR20050002 LiveUpdate 2020-05-29 12:51:08 DELIVERY_LNAME=Solutions
SLR20050002 LiveUpdate 2020-05-29 12:51:08 DELIVERY_PHONE=06702361259
SLR20050002 LiveUpdate 2020-05-29 12:51:08 DELIVERY_ADDRESS=
SLR20050002 LiveUpdate 2020-05-29 12:51:08 DELIVERY_ZIPCODE=4287
SLR20050002 LiveUpdate 2020-05-29 12:51:08 DELIVERY_CITY=Vámospércs
SLR20050002 LiveUpdate 2020-05-29 12:51:08 DELIVERY_STATE=
SLR20050002 LiveUpdate 2020-05-29 12:51:08 DELIVERY_COUNTRYCODE=HU
SLR20050002 LiveUpdate 2020-05-29 12:51:08 ORDER_HASH=a7066b028596e111a9b073b20e7ccec8
SLR20050003 LiveUpdate 2020-05-29 12:58:26 MERCHANT=
SLR20050003 LiveUpdate 2020-05-29 12:58:26 ORDER_REF=SLR20050003
SLR20050003 LiveUpdate 2020-05-29 12:58:26 ORDER_DATE=2020-05-29 12:58:26
SLR20050003 LiveUpdate 2020-05-29 12:58:26 ORDER_PNAME=Grafitos teflonzsinór 5 X 5 fonott
SLR20050003 LiveUpdate 2020-05-29 12:58:26 ORDER_PCODE=
SLR20050003 LiveUpdate 2020-05-29 12:58:26 ORDER_PINFO=Cikkszám: 27527 
SLR20050003 LiveUpdate 2020-05-29 12:58:26 ORDER_PRICE=238
SLR20050003 LiveUpdate 2020-05-29 12:58:26 ORDER_QTY=100
SLR20050003 LiveUpdate 2020-05-29 12:58:26 ORDER_VAT=0
SLR20050003 LiveUpdate 2020-05-29 12:58:26 PRICES_CURRENCY=HUF
SLR20050003 LiveUpdate 2020-05-29 12:58:26 ORDER_SHIPPING=0
SLR20050003 LiveUpdate 2020-05-29 12:58:26 DISCOUNT=0
SLR20050003 LiveUpdate 2020-05-29 12:58:26 PAY_METHOD=CCVISAMC
SLR20050003 LiveUpdate 2020-05-29 12:58:26 LANGUAGE=HU
SLR20050003 LiveUpdate 2020-05-29 12:58:26 AUTOMODE=1
SLR20050003 LiveUpdate 2020-05-29 12:58:26 ORDER_TIMEOUT=300
SLR20050003 LiveUpdate 2020-05-29 12:58:26 TIMEOUT_URL=http://www.seal-ring.web-pro.hu/gateway/simple/timeout
SLR20050003 LiveUpdate 2020-05-29 12:58:26 BACK_REF=http://www.seal-ring.web-pro.hu/gateway/simple/backref
SLR20050003 LiveUpdate 2020-05-29 12:58:26 BILL_FNAME=WEBPRO
SLR20050003 LiveUpdate 2020-05-29 12:58:26 BILL_LNAME=Solutions
SLR20050003 LiveUpdate 2020-05-29 12:58:26 BILL_EMAIL=mistvan2014@gmail.com
SLR20050003 LiveUpdate 2020-05-29 12:58:26 BILL_PHONE=06702361259
SLR20050003 LiveUpdate 2020-05-29 12:58:26 BILL_ADDRESS=
SLR20050003 LiveUpdate 2020-05-29 12:58:26 BILL_ZIPCODE=4287
SLR20050003 LiveUpdate 2020-05-29 12:58:26 BILL_CITY=Vámospércs
SLR20050003 LiveUpdate 2020-05-29 12:58:26 BILL_STATE=
SLR20050003 LiveUpdate 2020-05-29 12:58:26 BILL_COUNTRYCODE=HU
SLR20050003 LiveUpdate 2020-05-29 12:58:26 DELIVERY_FNAME=WEBPRO
SLR20050003 LiveUpdate 2020-05-29 12:58:26 DELIVERY_LNAME=Solutions
SLR20050003 LiveUpdate 2020-05-29 12:58:26 DELIVERY_PHONE=06702361259
SLR20050003 LiveUpdate 2020-05-29 12:58:26 DELIVERY_ADDRESS=
SLR20050003 LiveUpdate 2020-05-29 12:58:26 DELIVERY_ZIPCODE=4287
SLR20050003 LiveUpdate 2020-05-29 12:58:26 DELIVERY_CITY=Vámospércs
SLR20050003 LiveUpdate 2020-05-29 12:58:26 DELIVERY_STATE=
SLR20050003 LiveUpdate 2020-05-29 12:58:26 DELIVERY_COUNTRYCODE=HU
SLR20050003 LiveUpdate 2020-05-29 12:58:26 ORDER_HASH=832c299f5727bfe10acfcc21e7c01a08
