SLR20050001 LiveUpdate 2022-04-08 10:57:22 MERCHANT=
SLR20050001 LiveUpdate 2022-04-08 10:57:22 ORDER_REF=SLR20050001
SLR20050001 LiveUpdate 2022-04-08 10:57:22 ORDER_DATE=2022-04-08 10:57:22
SLR20050001 LiveUpdate 2022-04-08 10:57:22 ORDER_PNAME=B *A* Seeger készlet
SLR20050001 LiveUpdate 2022-04-08 10:57:22 ORDER_PCODE=
SLR20050001 LiveUpdate 2022-04-08 10:57:22 ORDER_PINFO=Cikkszám: 833 
SLR20050001 LiveUpdate 2022-04-08 10:57:22 ORDER_PRICE=2919
SLR20050001 LiveUpdate 2022-04-08 10:57:22 ORDER_QTY=10
SLR20050001 LiveUpdate 2022-04-08 10:57:22 ORDER_VAT=0
SLR20050001 LiveUpdate 2022-04-08 10:57:22 PRICES_CURRENCY=HUF
SLR20050001 LiveUpdate 2022-04-08 10:57:22 ORDER_SHIPPING=0
SLR20050001 LiveUpdate 2022-04-08 10:57:22 DISCOUNT=0
SLR20050001 LiveUpdate 2022-04-08 10:57:22 PAY_METHOD=CCVISAMC
SLR20050001 LiveUpdate 2022-04-08 10:57:22 LANGUAGE=HU
SLR20050001 LiveUpdate 2022-04-08 10:57:22 AUTOMODE=1
SLR20050001 LiveUpdate 2022-04-08 10:57:22 ORDER_TIMEOUT=300
SLR20050001 LiveUpdate 2022-04-08 10:57:22 TIMEOUT_URL=http://www.seal-ring.web-pro.hu/gateway/simple/timeout
SLR20050001 LiveUpdate 2022-04-08 10:57:22 BACK_REF=http://www.seal-ring.web-pro.hu/gateway/simple/backref
SLR20050001 LiveUpdate 2022-04-08 10:57:22 BILL_FNAME=WEBPRO
SLR20050001 LiveUpdate 2022-04-08 10:57:22 BILL_LNAME=Solutions
SLR20050001 LiveUpdate 2022-04-08 10:57:22 BILL_EMAIL=mistvan2014@gmail.com
SLR20050001 LiveUpdate 2022-04-08 10:57:22 BILL_PHONE=06702361259
SLR20050001 LiveUpdate 2022-04-08 10:57:22 BILL_ADDRESS=
SLR20050001 LiveUpdate 2022-04-08 10:57:22 BILL_ZIPCODE=4287
SLR20050001 LiveUpdate 2022-04-08 10:57:22 BILL_CITY=Vámospércs
SLR20050001 LiveUpdate 2022-04-08 10:57:22 BILL_STATE=
SLR20050001 LiveUpdate 2022-04-08 10:57:22 BILL_COUNTRYCODE=HU
SLR20050001 LiveUpdate 2022-04-08 10:57:22 DELIVERY_FNAME=WEBPRO
SLR20050001 LiveUpdate 2022-04-08 10:57:22 DELIVERY_LNAME=Solutions
SLR20050001 LiveUpdate 2022-04-08 10:57:22 DELIVERY_PHONE=06702361259
SLR20050001 LiveUpdate 2022-04-08 10:57:22 DELIVERY_ADDRESS=
SLR20050001 LiveUpdate 2022-04-08 10:57:22 DELIVERY_ZIPCODE=4287
SLR20050001 LiveUpdate 2022-04-08 10:57:22 DELIVERY_CITY=Vámospércs
SLR20050001 LiveUpdate 2022-04-08 10:57:22 DELIVERY_STATE=
SLR20050001 LiveUpdate 2022-04-08 10:57:22 DELIVERY_COUNTRYCODE=HU
SLR20050001 LiveUpdate 2022-04-08 10:57:22 ORDER_HASH=d2ac94c6cd52134d96386c7d521fa34e
SLR22040004 LiveUpdate 2022-04-08 11:53:09 MERCHANT=
SLR22040004 LiveUpdate 2022-04-08 11:53:09 ORDER_REF=SLR22040004
SLR22040004 LiveUpdate 2022-04-08 11:53:09 ORDER_DATE=2022-04-08 11:53:09
SLR22040004 LiveUpdate 2022-04-08 11:53:09 ORDER_PNAME=G 41 X 54 X 7 RST NBR70
SLR22040004 LiveUpdate 2022-04-08 11:53:09 ORDER_PCODE=
SLR22040004 LiveUpdate 2022-04-08 11:53:09 ORDER_PINFO=Cikkszám: 1625 
SLR22040004 LiveUpdate 2022-04-08 11:53:09 ORDER_PRICE=1
SLR22040004 LiveUpdate 2022-04-08 11:53:09 ORDER_QTY=1
SLR22040004 LiveUpdate 2022-04-08 11:53:09 ORDER_VAT=0
SLR22040004 LiveUpdate 2022-04-08 11:53:09 PRICES_CURRENCY=HUF
SLR22040004 LiveUpdate 2022-04-08 11:53:09 ORDER_SHIPPING=0
SLR22040004 LiveUpdate 2022-04-08 11:53:09 DISCOUNT=0
SLR22040004 LiveUpdate 2022-04-08 11:53:09 PAY_METHOD=CCVISAMC
SLR22040004 LiveUpdate 2022-04-08 11:53:09 LANGUAGE=HU
SLR22040004 LiveUpdate 2022-04-08 11:53:09 AUTOMODE=1
SLR22040004 LiveUpdate 2022-04-08 11:53:09 ORDER_TIMEOUT=300
SLR22040004 LiveUpdate 2022-04-08 11:53:09 TIMEOUT_URL=http://www.seal-ring.web-pro.hu/gateway/simple/timeout
SLR22040004 LiveUpdate 2022-04-08 11:53:09 BACK_REF=http://www.seal-ring.web-pro.hu/gateway/simple/backref
SLR22040004 LiveUpdate 2022-04-08 11:53:09 BILL_FNAME=WEBPRO
SLR22040004 LiveUpdate 2022-04-08 11:53:09 BILL_LNAME=Solutions
SLR22040004 LiveUpdate 2022-04-08 11:53:09 BILL_EMAIL=mistvan2014@gmail.com
SLR22040004 LiveUpdate 2022-04-08 11:53:09 BILL_PHONE=06702361259
SLR22040004 LiveUpdate 2022-04-08 11:53:09 BILL_ADDRESS=
SLR22040004 LiveUpdate 2022-04-08 11:53:09 BILL_ZIPCODE=4287
SLR22040004 LiveUpdate 2022-04-08 11:53:09 BILL_CITY=Vámospércs
SLR22040004 LiveUpdate 2022-04-08 11:53:09 BILL_STATE=
SLR22040004 LiveUpdate 2022-04-08 11:53:09 BILL_COUNTRYCODE=HU
SLR22040004 LiveUpdate 2022-04-08 11:53:09 DELIVERY_FNAME=WEBPRO
SLR22040004 LiveUpdate 2022-04-08 11:53:09 DELIVERY_LNAME=Solutions
SLR22040004 LiveUpdate 2022-04-08 11:53:09 DELIVERY_PHONE=06702361259
SLR22040004 LiveUpdate 2022-04-08 11:53:09 DELIVERY_ADDRESS=
SLR22040004 LiveUpdate 2022-04-08 11:53:09 DELIVERY_ZIPCODE=4287
SLR22040004 LiveUpdate 2022-04-08 11:53:09 DELIVERY_CITY=Vámospércs
SLR22040004 LiveUpdate 2022-04-08 11:53:09 DELIVERY_STATE=
SLR22040004 LiveUpdate 2022-04-08 11:53:09 DELIVERY_COUNTRYCODE=HU
SLR22040004 LiveUpdate 2022-04-08 11:53:09 ORDER_HASH=8766c9f1fe35ea2d2e54779dc1e35c29
SLR22040004 LiveUpdate 2022-04-08 11:54:09 MERCHANT=
SLR22040004 LiveUpdate 2022-04-08 11:54:09 ORDER_REF=SLR22040004
SLR22040004 LiveUpdate 2022-04-08 11:54:09 ORDER_DATE=2022-04-08 11:54:09
SLR22040004 LiveUpdate 2022-04-08 11:54:09 ORDER_PNAME=G 41 X 54 X 7 RST NBR70
SLR22040004 LiveUpdate 2022-04-08 11:54:09 ORDER_PCODE=
SLR22040004 LiveUpdate 2022-04-08 11:54:09 ORDER_PINFO=Cikkszám: 1625 
SLR22040004 LiveUpdate 2022-04-08 11:54:09 ORDER_PRICE=1
SLR22040004 LiveUpdate 2022-04-08 11:54:09 ORDER_QTY=1
SLR22040004 LiveUpdate 2022-04-08 11:54:09 ORDER_VAT=0
SLR22040004 LiveUpdate 2022-04-08 11:54:09 PRICES_CURRENCY=HUF
SLR22040004 LiveUpdate 2022-04-08 11:54:09 ORDER_SHIPPING=0
SLR22040004 LiveUpdate 2022-04-08 11:54:09 DISCOUNT=0
SLR22040004 LiveUpdate 2022-04-08 11:54:09 PAY_METHOD=CCVISAMC
SLR22040004 LiveUpdate 2022-04-08 11:54:09 LANGUAGE=HU
SLR22040004 LiveUpdate 2022-04-08 11:54:09 AUTOMODE=1
SLR22040004 LiveUpdate 2022-04-08 11:54:09 ORDER_TIMEOUT=300
SLR22040004 LiveUpdate 2022-04-08 11:54:09 TIMEOUT_URL=http://www.seal-ring.web-pro.hu/gateway/simple/timeout
SLR22040004 LiveUpdate 2022-04-08 11:54:09 BACK_REF=http://www.seal-ring.web-pro.hu/gateway/simple/backref
SLR22040004 LiveUpdate 2022-04-08 11:54:09 BILL_FNAME=WEBPRO
SLR22040004 LiveUpdate 2022-04-08 11:54:09 BILL_LNAME=Solutions
SLR22040004 LiveUpdate 2022-04-08 11:54:09 BILL_EMAIL=mistvan2014@gmail.com
SLR22040004 LiveUpdate 2022-04-08 11:54:09 BILL_PHONE=06702361259
SLR22040004 LiveUpdate 2022-04-08 11:54:09 BILL_ADDRESS=
SLR22040004 LiveUpdate 2022-04-08 11:54:09 BILL_ZIPCODE=4287
SLR22040004 LiveUpdate 2022-04-08 11:54:09 BILL_CITY=Vámospércs
SLR22040004 LiveUpdate 2022-04-08 11:54:09 BILL_STATE=
SLR22040004 LiveUpdate 2022-04-08 11:54:09 BILL_COUNTRYCODE=HU
SLR22040004 LiveUpdate 2022-04-08 11:54:09 DELIVERY_FNAME=WEBPRO
SLR22040004 LiveUpdate 2022-04-08 11:54:09 DELIVERY_LNAME=Solutions
SLR22040004 LiveUpdate 2022-04-08 11:54:09 DELIVERY_PHONE=06702361259
SLR22040004 LiveUpdate 2022-04-08 11:54:09 DELIVERY_ADDRESS=
SLR22040004 LiveUpdate 2022-04-08 11:54:09 DELIVERY_ZIPCODE=4287
SLR22040004 LiveUpdate 2022-04-08 11:54:09 DELIVERY_CITY=Vámospércs
SLR22040004 LiveUpdate 2022-04-08 11:54:09 DELIVERY_STATE=
SLR22040004 LiveUpdate 2022-04-08 11:54:09 DELIVERY_COUNTRYCODE=HU
SLR22040004 LiveUpdate 2022-04-08 11:54:09 ORDER_HASH=7b62254b900e46c92f1694d128720e9a
SLR22040004 LiveUpdate 2022-04-08 11:54:14 MERCHANT=
SLR22040004 LiveUpdate 2022-04-08 11:54:14 ORDER_REF=SLR22040004
SLR22040004 LiveUpdate 2022-04-08 11:54:14 ORDER_DATE=2022-04-08 11:54:14
SLR22040004 LiveUpdate 2022-04-08 11:54:14 ORDER_PNAME=G 41 X 54 X 7 RST NBR70
SLR22040004 LiveUpdate 2022-04-08 11:54:14 ORDER_PCODE=
SLR22040004 LiveUpdate 2022-04-08 11:54:14 ORDER_PINFO=Cikkszám: 1625 
SLR22040004 LiveUpdate 2022-04-08 11:54:14 ORDER_PRICE=1
SLR22040004 LiveUpdate 2022-04-08 11:54:14 ORDER_QTY=1
SLR22040004 LiveUpdate 2022-04-08 11:54:14 ORDER_VAT=0
SLR22040004 LiveUpdate 2022-04-08 11:54:14 PRICES_CURRENCY=HUF
SLR22040004 LiveUpdate 2022-04-08 11:54:14 ORDER_SHIPPING=0
SLR22040004 LiveUpdate 2022-04-08 11:54:14 DISCOUNT=0
SLR22040004 LiveUpdate 2022-04-08 11:54:14 PAY_METHOD=CCVISAMC
SLR22040004 LiveUpdate 2022-04-08 11:54:14 LANGUAGE=HU
SLR22040004 LiveUpdate 2022-04-08 11:54:14 AUTOMODE=1
SLR22040004 LiveUpdate 2022-04-08 11:54:14 ORDER_TIMEOUT=300
SLR22040004 LiveUpdate 2022-04-08 11:54:14 TIMEOUT_URL=http://www.seal-ring.web-pro.hu/gateway/simple/timeout
SLR22040004 LiveUpdate 2022-04-08 11:54:14 BACK_REF=http://www.seal-ring.web-pro.hu/gateway/simple/backref
SLR22040004 LiveUpdate 2022-04-08 11:54:14 BILL_FNAME=WEBPRO
SLR22040004 LiveUpdate 2022-04-08 11:54:14 BILL_LNAME=Solutions
SLR22040004 LiveUpdate 2022-04-08 11:54:14 BILL_EMAIL=mistvan2014@gmail.com
SLR22040004 LiveUpdate 2022-04-08 11:54:14 BILL_PHONE=06702361259
SLR22040004 LiveUpdate 2022-04-08 11:54:14 BILL_ADDRESS=
SLR22040004 LiveUpdate 2022-04-08 11:54:14 BILL_ZIPCODE=4287
SLR22040004 LiveUpdate 2022-04-08 11:54:14 BILL_CITY=Vámospércs
SLR22040004 LiveUpdate 2022-04-08 11:54:14 BILL_STATE=
SLR22040004 LiveUpdate 2022-04-08 11:54:14 BILL_COUNTRYCODE=HU
SLR22040004 LiveUpdate 2022-04-08 11:54:14 DELIVERY_FNAME=WEBPRO
SLR22040004 LiveUpdate 2022-04-08 11:54:14 DELIVERY_LNAME=Solutions
SLR22040004 LiveUpdate 2022-04-08 11:54:14 DELIVERY_PHONE=06702361259
SLR22040004 LiveUpdate 2022-04-08 11:54:14 DELIVERY_ADDRESS=
SLR22040004 LiveUpdate 2022-04-08 11:54:14 DELIVERY_ZIPCODE=4287
SLR22040004 LiveUpdate 2022-04-08 11:54:14 DELIVERY_CITY=Vámospércs
SLR22040004 LiveUpdate 2022-04-08 11:54:14 DELIVERY_STATE=
SLR22040004 LiveUpdate 2022-04-08 11:54:14 DELIVERY_COUNTRYCODE=HU
SLR22040004 LiveUpdate 2022-04-08 11:54:14 ORDER_HASH=9d88c1eecad23e80a5852573dbdb0aef
SLR22040004 LiveUpdate 2022-04-08 11:54:57 MERCHANT=
SLR22040004 LiveUpdate 2022-04-08 11:54:57 ORDER_REF=SLR22040004
SLR22040004 LiveUpdate 2022-04-08 11:54:57 ORDER_DATE=2022-04-08 11:54:57
SLR22040004 LiveUpdate 2022-04-08 11:54:57 ORDER_PNAME=G 41 X 54 X 7 RST NBR70
SLR22040004 LiveUpdate 2022-04-08 11:54:57 ORDER_PCODE=
SLR22040004 LiveUpdate 2022-04-08 11:54:57 ORDER_PINFO=Cikkszám: 1625 
SLR22040004 LiveUpdate 2022-04-08 11:54:57 ORDER_PRICE=1
SLR22040004 LiveUpdate 2022-04-08 11:54:57 ORDER_QTY=1
SLR22040004 LiveUpdate 2022-04-08 11:54:57 ORDER_VAT=0
SLR22040004 LiveUpdate 2022-04-08 11:54:57 PRICES_CURRENCY=HUF
SLR22040004 LiveUpdate 2022-04-08 11:54:57 ORDER_SHIPPING=0
SLR22040004 LiveUpdate 2022-04-08 11:54:57 DISCOUNT=0
SLR22040004 LiveUpdate 2022-04-08 11:54:57 PAY_METHOD=CCVISAMC
SLR22040004 LiveUpdate 2022-04-08 11:54:57 LANGUAGE=HU
SLR22040004 LiveUpdate 2022-04-08 11:54:57 AUTOMODE=1
SLR22040004 LiveUpdate 2022-04-08 11:54:57 ORDER_TIMEOUT=300
SLR22040004 LiveUpdate 2022-04-08 11:54:57 TIMEOUT_URL=http://www.seal-ring.web-pro.hu/gateway/simple/timeout
SLR22040004 LiveUpdate 2022-04-08 11:54:57 BACK_REF=http://www.seal-ring.web-pro.hu/gateway/simple/backref
SLR22040004 LiveUpdate 2022-04-08 11:54:57 BILL_FNAME=WEBPRO
SLR22040004 LiveUpdate 2022-04-08 11:54:57 BILL_LNAME=Solutions
SLR22040004 LiveUpdate 2022-04-08 11:54:57 BILL_EMAIL=mistvan2014@gmail.com
SLR22040004 LiveUpdate 2022-04-08 11:54:57 BILL_PHONE=06702361259
SLR22040004 LiveUpdate 2022-04-08 11:54:57 BILL_ADDRESS=
SLR22040004 LiveUpdate 2022-04-08 11:54:57 BILL_ZIPCODE=4287
SLR22040004 LiveUpdate 2022-04-08 11:54:57 BILL_CITY=Vámospércs
SLR22040004 LiveUpdate 2022-04-08 11:54:57 BILL_STATE=
SLR22040004 LiveUpdate 2022-04-08 11:54:57 BILL_COUNTRYCODE=HU
SLR22040004 LiveUpdate 2022-04-08 11:54:57 DELIVERY_FNAME=WEBPRO
SLR22040004 LiveUpdate 2022-04-08 11:54:57 DELIVERY_LNAME=Solutions
SLR22040004 LiveUpdate 2022-04-08 11:54:57 DELIVERY_PHONE=06702361259
SLR22040004 LiveUpdate 2022-04-08 11:54:57 DELIVERY_ADDRESS=
SLR22040004 LiveUpdate 2022-04-08 11:54:57 DELIVERY_ZIPCODE=4287
SLR22040004 LiveUpdate 2022-04-08 11:54:57 DELIVERY_CITY=Vámospércs
SLR22040004 LiveUpdate 2022-04-08 11:54:57 DELIVERY_STATE=
SLR22040004 LiveUpdate 2022-04-08 11:54:57 DELIVERY_COUNTRYCODE=HU
SLR22040004 LiveUpdate 2022-04-08 11:54:57 ORDER_HASH=82e46342e743c75702cfbc4f39e56a05
