SLR20050004 LiveUpdate 2022-02-09 15:02:26 MERCHANT=
SLR20050004 LiveUpdate 2022-02-09 15:02:26 ORDER_REF=SLR20050004
SLR20050004 LiveUpdate 2022-02-09 15:02:26 ORDER_DATE=2022-02-09 15:02:26
SLR20050004 LiveUpdate 2022-02-09 15:02:26 ORDER_PNAME=HDKD 150 X 20 X 40 K26
SLR20050004 LiveUpdate 2022-02-09 15:02:26 ORDER_PCODE=
SLR20050004 LiveUpdate 2022-02-09 15:02:26 ORDER_PINFO=Cikkszám: 1721 
SLR20050004 LiveUpdate 2022-02-09 15:02:26 ORDER_PRICE=29201
SLR20050004 LiveUpdate 2022-02-09 15:02:26 ORDER_QTY=10
SLR20050004 LiveUpdate 2022-02-09 15:02:26 ORDER_VAT=0
SLR20050004 LiveUpdate 2022-02-09 15:02:26 PRICES_CURRENCY=HUF
SLR20050004 LiveUpdate 2022-02-09 15:02:26 ORDER_SHIPPING=0
SLR20050004 LiveUpdate 2022-02-09 15:02:26 DISCOUNT=0
SLR20050004 LiveUpdate 2022-02-09 15:02:26 PAY_METHOD=CCVISAMC
SLR20050004 LiveUpdate 2022-02-09 15:02:26 LANGUAGE=HU
SLR20050004 LiveUpdate 2022-02-09 15:02:26 AUTOMODE=1
SLR20050004 LiveUpdate 2022-02-09 15:02:26 ORDER_TIMEOUT=300
SLR20050004 LiveUpdate 2022-02-09 15:02:26 TIMEOUT_URL=http://www.seal-ring.web-pro.hu/gateway/simple/timeout
SLR20050004 LiveUpdate 2022-02-09 15:02:26 BACK_REF=http://www.seal-ring.web-pro.hu/gateway/simple/backref
SLR20050004 LiveUpdate 2022-02-09 15:02:26 BILL_FNAME=WEBPRO
SLR20050004 LiveUpdate 2022-02-09 15:02:26 BILL_LNAME=Solutions
SLR20050004 LiveUpdate 2022-02-09 15:02:26 BILL_EMAIL=mistvan2014@gmail.com
SLR20050004 LiveUpdate 2022-02-09 15:02:26 BILL_PHONE=06702361259
SLR20050004 LiveUpdate 2022-02-09 15:02:26 BILL_ADDRESS=
SLR20050004 LiveUpdate 2022-02-09 15:02:26 BILL_ZIPCODE=4287
SLR20050004 LiveUpdate 2022-02-09 15:02:26 BILL_CITY=Vámospércs
SLR20050004 LiveUpdate 2022-02-09 15:02:26 BILL_STATE=
SLR20050004 LiveUpdate 2022-02-09 15:02:26 BILL_COUNTRYCODE=HU
SLR20050004 LiveUpdate 2022-02-09 15:02:26 DELIVERY_FNAME=WEBPRO
SLR20050004 LiveUpdate 2022-02-09 15:02:26 DELIVERY_LNAME=Solutions
SLR20050004 LiveUpdate 2022-02-09 15:02:26 DELIVERY_PHONE=06702361259
SLR20050004 LiveUpdate 2022-02-09 15:02:26 DELIVERY_ADDRESS=
SLR20050004 LiveUpdate 2022-02-09 15:02:26 DELIVERY_ZIPCODE=4287
SLR20050004 LiveUpdate 2022-02-09 15:02:26 DELIVERY_CITY=Vámospércs
SLR20050004 LiveUpdate 2022-02-09 15:02:26 DELIVERY_STATE=
SLR20050004 LiveUpdate 2022-02-09 15:02:26 DELIVERY_COUNTRYCODE=HU
SLR20050004 LiveUpdate 2022-02-09 15:02:26 ORDER_HASH=1e5d473fb2d8f9682f119d6c20d5464e
