SLR20050001 LiveUpdate 2022-03-21 10:24:53 MERCHANT=
SLR20050001 LiveUpdate 2022-03-21 10:24:53 ORDER_REF=SLR20050001
SLR20050001 LiveUpdate 2022-03-21 10:24:53 ORDER_DATE=2022-03-21 10:24:53
SLR20050001 LiveUpdate 2022-03-21 10:24:53 ORDER_PNAME=B *A* Seeger készlet
SLR20050001 LiveUpdate 2022-03-21 10:24:53 ORDER_PCODE=
SLR20050001 LiveUpdate 2022-03-21 10:24:53 ORDER_PINFO=Cikkszám: 833 
SLR20050001 LiveUpdate 2022-03-21 10:24:53 ORDER_PRICE=2919
SLR20050001 LiveUpdate 2022-03-21 10:24:53 ORDER_QTY=10
SLR20050001 LiveUpdate 2022-03-21 10:24:53 ORDER_VAT=0
SLR20050001 LiveUpdate 2022-03-21 10:24:53 PRICES_CURRENCY=HUF
SLR20050001 LiveUpdate 2022-03-21 10:24:53 ORDER_SHIPPING=0
SLR20050001 LiveUpdate 2022-03-21 10:24:53 DISCOUNT=0
SLR20050001 LiveUpdate 2022-03-21 10:24:53 PAY_METHOD=CCVISAMC
SLR20050001 LiveUpdate 2022-03-21 10:24:53 LANGUAGE=HU
SLR20050001 LiveUpdate 2022-03-21 10:24:53 AUTOMODE=1
SLR20050001 LiveUpdate 2022-03-21 10:24:53 ORDER_TIMEOUT=300
SLR20050001 LiveUpdate 2022-03-21 10:24:53 TIMEOUT_URL=http://www.seal-ring.web-pro.hu/gateway/simple/timeout
SLR20050001 LiveUpdate 2022-03-21 10:24:53 BACK_REF=http://www.seal-ring.web-pro.hu/gateway/simple/backref
SLR20050001 LiveUpdate 2022-03-21 10:24:53 BILL_FNAME=WEBPRO
SLR20050001 LiveUpdate 2022-03-21 10:24:53 BILL_LNAME=Solutions
SLR20050001 LiveUpdate 2022-03-21 10:24:53 BILL_EMAIL=mistvan2014@gmail.com
SLR20050001 LiveUpdate 2022-03-21 10:24:53 BILL_PHONE=06702361259
SLR20050001 LiveUpdate 2022-03-21 10:24:53 BILL_ADDRESS=
SLR20050001 LiveUpdate 2022-03-21 10:24:53 BILL_ZIPCODE=4287
SLR20050001 LiveUpdate 2022-03-21 10:24:53 BILL_CITY=Vámospércs
SLR20050001 LiveUpdate 2022-03-21 10:24:53 BILL_STATE=
SLR20050001 LiveUpdate 2022-03-21 10:24:53 BILL_COUNTRYCODE=HU
SLR20050001 LiveUpdate 2022-03-21 10:24:53 DELIVERY_FNAME=WEBPRO
SLR20050001 LiveUpdate 2022-03-21 10:24:53 DELIVERY_LNAME=Solutions
SLR20050001 LiveUpdate 2022-03-21 10:24:53 DELIVERY_PHONE=06702361259
SLR20050001 LiveUpdate 2022-03-21 10:24:53 DELIVERY_ADDRESS=
SLR20050001 LiveUpdate 2022-03-21 10:24:53 DELIVERY_ZIPCODE=4287
SLR20050001 LiveUpdate 2022-03-21 10:24:53 DELIVERY_CITY=Vámospércs
SLR20050001 LiveUpdate 2022-03-21 10:24:53 DELIVERY_STATE=
SLR20050001 LiveUpdate 2022-03-21 10:24:53 DELIVERY_COUNTRYCODE=HU
SLR20050001 LiveUpdate 2022-03-21 10:24:53 ORDER_HASH=462a18e2e614c53a5187feedb0860306
SLR20050001 LiveUpdate 2022-03-21 10:25:26 MERCHANT=
SLR20050001 LiveUpdate 2022-03-21 10:25:26 ORDER_REF=SLR20050001
SLR20050001 LiveUpdate 2022-03-21 10:25:26 ORDER_DATE=2022-03-21 10:25:26
SLR20050001 LiveUpdate 2022-03-21 10:25:26 ORDER_PNAME=B *A* Seeger készlet
SLR20050001 LiveUpdate 2022-03-21 10:25:26 ORDER_PCODE=
SLR20050001 LiveUpdate 2022-03-21 10:25:26 ORDER_PINFO=Cikkszám: 833 
SLR20050001 LiveUpdate 2022-03-21 10:25:26 ORDER_PRICE=2919
SLR20050001 LiveUpdate 2022-03-21 10:25:26 ORDER_QTY=10
SLR20050001 LiveUpdate 2022-03-21 10:25:26 ORDER_VAT=0
SLR20050001 LiveUpdate 2022-03-21 10:25:26 PRICES_CURRENCY=HUF
SLR20050001 LiveUpdate 2022-03-21 10:25:26 ORDER_SHIPPING=0
SLR20050001 LiveUpdate 2022-03-21 10:25:26 DISCOUNT=0
SLR20050001 LiveUpdate 2022-03-21 10:25:26 PAY_METHOD=CCVISAMC
SLR20050001 LiveUpdate 2022-03-21 10:25:26 LANGUAGE=HU
SLR20050001 LiveUpdate 2022-03-21 10:25:26 AUTOMODE=1
SLR20050001 LiveUpdate 2022-03-21 10:25:26 ORDER_TIMEOUT=300
SLR20050001 LiveUpdate 2022-03-21 10:25:26 TIMEOUT_URL=http://www.seal-ring.web-pro.hu/gateway/simple/timeout
SLR20050001 LiveUpdate 2022-03-21 10:25:26 BACK_REF=http://www.seal-ring.web-pro.hu/gateway/simple/backref
SLR20050001 LiveUpdate 2022-03-21 10:25:26 BILL_FNAME=WEBPRO
SLR20050001 LiveUpdate 2022-03-21 10:25:26 BILL_LNAME=Solutions
SLR20050001 LiveUpdate 2022-03-21 10:25:26 BILL_EMAIL=mistvan2014@gmail.com
SLR20050001 LiveUpdate 2022-03-21 10:25:26 BILL_PHONE=06702361259
SLR20050001 LiveUpdate 2022-03-21 10:25:26 BILL_ADDRESS=
SLR20050001 LiveUpdate 2022-03-21 10:25:26 BILL_ZIPCODE=4287
SLR20050001 LiveUpdate 2022-03-21 10:25:26 BILL_CITY=Vámospércs
SLR20050001 LiveUpdate 2022-03-21 10:25:26 BILL_STATE=
SLR20050001 LiveUpdate 2022-03-21 10:25:26 BILL_COUNTRYCODE=HU
SLR20050001 LiveUpdate 2022-03-21 10:25:26 DELIVERY_FNAME=WEBPRO
SLR20050001 LiveUpdate 2022-03-21 10:25:26 DELIVERY_LNAME=Solutions
SLR20050001 LiveUpdate 2022-03-21 10:25:26 DELIVERY_PHONE=06702361259
SLR20050001 LiveUpdate 2022-03-21 10:25:26 DELIVERY_ADDRESS=
SLR20050001 LiveUpdate 2022-03-21 10:25:26 DELIVERY_ZIPCODE=4287
SLR20050001 LiveUpdate 2022-03-21 10:25:26 DELIVERY_CITY=Vámospércs
SLR20050001 LiveUpdate 2022-03-21 10:25:26 DELIVERY_STATE=
SLR20050001 LiveUpdate 2022-03-21 10:25:26 DELIVERY_COUNTRYCODE=HU
SLR20050001 LiveUpdate 2022-03-21 10:25:26 ORDER_HASH=5bd309be052741f75b42c0c3e239d74b
SLR20050001 LiveUpdate 2022-03-21 10:25:41 MERCHANT=
SLR20050001 LiveUpdate 2022-03-21 10:25:41 ORDER_REF=SLR20050001
SLR20050001 LiveUpdate 2022-03-21 10:25:41 ORDER_DATE=2022-03-21 10:25:41
SLR20050001 LiveUpdate 2022-03-21 10:25:41 ORDER_PNAME=B *A* Seeger készlet
SLR20050001 LiveUpdate 2022-03-21 10:25:41 ORDER_PCODE=
SLR20050001 LiveUpdate 2022-03-21 10:25:41 ORDER_PINFO=Cikkszám: 833 
SLR20050001 LiveUpdate 2022-03-21 10:25:41 ORDER_PRICE=2919
SLR20050001 LiveUpdate 2022-03-21 10:25:41 ORDER_QTY=10
SLR20050001 LiveUpdate 2022-03-21 10:25:41 ORDER_VAT=0
SLR20050001 LiveUpdate 2022-03-21 10:25:41 PRICES_CURRENCY=HUF
SLR20050001 LiveUpdate 2022-03-21 10:25:41 ORDER_SHIPPING=0
SLR20050001 LiveUpdate 2022-03-21 10:25:41 DISCOUNT=0
SLR20050001 LiveUpdate 2022-03-21 10:25:41 PAY_METHOD=CCVISAMC
SLR20050001 LiveUpdate 2022-03-21 10:25:41 LANGUAGE=HU
SLR20050001 LiveUpdate 2022-03-21 10:25:41 AUTOMODE=1
SLR20050001 LiveUpdate 2022-03-21 10:25:41 ORDER_TIMEOUT=300
SLR20050001 LiveUpdate 2022-03-21 10:25:41 TIMEOUT_URL=http://www.seal-ring.web-pro.hu/gateway/simple/timeout
SLR20050001 LiveUpdate 2022-03-21 10:25:41 BACK_REF=http://www.seal-ring.web-pro.hu/gateway/simple/backref
SLR20050001 LiveUpdate 2022-03-21 10:25:41 BILL_FNAME=WEBPRO
SLR20050001 LiveUpdate 2022-03-21 10:25:41 BILL_LNAME=Solutions
SLR20050001 LiveUpdate 2022-03-21 10:25:41 BILL_EMAIL=mistvan2014@gmail.com
SLR20050001 LiveUpdate 2022-03-21 10:25:41 BILL_PHONE=06702361259
SLR20050001 LiveUpdate 2022-03-21 10:25:41 BILL_ADDRESS=
SLR20050001 LiveUpdate 2022-03-21 10:25:41 BILL_ZIPCODE=4287
SLR20050001 LiveUpdate 2022-03-21 10:25:41 BILL_CITY=Vámospércs
SLR20050001 LiveUpdate 2022-03-21 10:25:41 BILL_STATE=
SLR20050001 LiveUpdate 2022-03-21 10:25:41 BILL_COUNTRYCODE=HU
SLR20050001 LiveUpdate 2022-03-21 10:25:41 DELIVERY_FNAME=WEBPRO
SLR20050001 LiveUpdate 2022-03-21 10:25:41 DELIVERY_LNAME=Solutions
SLR20050001 LiveUpdate 2022-03-21 10:25:41 DELIVERY_PHONE=06702361259
SLR20050001 LiveUpdate 2022-03-21 10:25:41 DELIVERY_ADDRESS=
SLR20050001 LiveUpdate 2022-03-21 10:25:41 DELIVERY_ZIPCODE=4287
SLR20050001 LiveUpdate 2022-03-21 10:25:41 DELIVERY_CITY=Vámospércs
SLR20050001 LiveUpdate 2022-03-21 10:25:41 DELIVERY_STATE=
SLR20050001 LiveUpdate 2022-03-21 10:25:41 DELIVERY_COUNTRYCODE=HU
SLR20050001 LiveUpdate 2022-03-21 10:25:41 ORDER_HASH=00728c7cce3ddf07936b80aaf52b01a7
SLR20050001 LiveUpdate 2022-03-21 10:25:59 MERCHANT=
SLR20050001 LiveUpdate 2022-03-21 10:25:59 ORDER_REF=SLR20050001
SLR20050001 LiveUpdate 2022-03-21 10:25:59 ORDER_DATE=2022-03-21 10:25:58
SLR20050001 LiveUpdate 2022-03-21 10:25:59 ORDER_PNAME=B *A* Seeger készlet
SLR20050001 LiveUpdate 2022-03-21 10:25:59 ORDER_PCODE=
SLR20050001 LiveUpdate 2022-03-21 10:25:59 ORDER_PINFO=Cikkszám: 833 
SLR20050001 LiveUpdate 2022-03-21 10:25:59 ORDER_PRICE=2919
SLR20050001 LiveUpdate 2022-03-21 10:25:59 ORDER_QTY=10
SLR20050001 LiveUpdate 2022-03-21 10:25:59 ORDER_VAT=0
SLR20050001 LiveUpdate 2022-03-21 10:25:59 PRICES_CURRENCY=HUF
SLR20050001 LiveUpdate 2022-03-21 10:25:59 ORDER_SHIPPING=0
SLR20050001 LiveUpdate 2022-03-21 10:25:59 DISCOUNT=0
SLR20050001 LiveUpdate 2022-03-21 10:25:59 PAY_METHOD=CCVISAMC
SLR20050001 LiveUpdate 2022-03-21 10:25:59 LANGUAGE=HU
SLR20050001 LiveUpdate 2022-03-21 10:25:59 AUTOMODE=1
SLR20050001 LiveUpdate 2022-03-21 10:25:59 ORDER_TIMEOUT=300
SLR20050001 LiveUpdate 2022-03-21 10:25:59 TIMEOUT_URL=http://www.seal-ring.web-pro.hu/gateway/simple/timeout
SLR20050001 LiveUpdate 2022-03-21 10:25:59 BACK_REF=http://www.seal-ring.web-pro.hu/gateway/simple/backref
SLR20050001 LiveUpdate 2022-03-21 10:25:59 BILL_FNAME=WEBPRO
SLR20050001 LiveUpdate 2022-03-21 10:25:59 BILL_LNAME=Solutions
SLR20050001 LiveUpdate 2022-03-21 10:25:59 BILL_EMAIL=mistvan2014@gmail.com
SLR20050001 LiveUpdate 2022-03-21 10:25:59 BILL_PHONE=06702361259
SLR20050001 LiveUpdate 2022-03-21 10:25:59 BILL_ADDRESS=
SLR20050001 LiveUpdate 2022-03-21 10:25:59 BILL_ZIPCODE=4287
SLR20050001 LiveUpdate 2022-03-21 10:25:59 BILL_CITY=Vámospércs
SLR20050001 LiveUpdate 2022-03-21 10:25:59 BILL_STATE=
SLR20050001 LiveUpdate 2022-03-21 10:25:59 BILL_COUNTRYCODE=HU
SLR20050001 LiveUpdate 2022-03-21 10:25:59 DELIVERY_FNAME=WEBPRO
SLR20050001 LiveUpdate 2022-03-21 10:25:59 DELIVERY_LNAME=Solutions
SLR20050001 LiveUpdate 2022-03-21 10:25:59 DELIVERY_PHONE=06702361259
SLR20050001 LiveUpdate 2022-03-21 10:25:59 DELIVERY_ADDRESS=
SLR20050001 LiveUpdate 2022-03-21 10:25:59 DELIVERY_ZIPCODE=4287
SLR20050001 LiveUpdate 2022-03-21 10:25:59 DELIVERY_CITY=Vámospércs
SLR20050001 LiveUpdate 2022-03-21 10:25:59 DELIVERY_STATE=
SLR20050001 LiveUpdate 2022-03-21 10:25:59 DELIVERY_COUNTRYCODE=HU
SLR20050001 LiveUpdate 2022-03-21 10:25:59 ORDER_HASH=90a7e7f23e5904852494dc7fef24bc04
SLR20050001 LiveUpdate 2022-03-21 10:26:20 MERCHANT=
SLR20050001 LiveUpdate 2022-03-21 10:26:20 ORDER_REF=SLR20050001
SLR20050001 LiveUpdate 2022-03-21 10:26:20 ORDER_DATE=2022-03-21 10:26:20
SLR20050001 LiveUpdate 2022-03-21 10:26:20 ORDER_PNAME=B *A* Seeger készlet
SLR20050001 LiveUpdate 2022-03-21 10:26:20 ORDER_PCODE=
SLR20050001 LiveUpdate 2022-03-21 10:26:20 ORDER_PINFO=Cikkszám: 833 
SLR20050001 LiveUpdate 2022-03-21 10:26:20 ORDER_PRICE=2919
SLR20050001 LiveUpdate 2022-03-21 10:26:20 ORDER_QTY=10
SLR20050001 LiveUpdate 2022-03-21 10:26:20 ORDER_VAT=0
SLR20050001 LiveUpdate 2022-03-21 10:26:20 PRICES_CURRENCY=HUF
SLR20050001 LiveUpdate 2022-03-21 10:26:20 ORDER_SHIPPING=0
SLR20050001 LiveUpdate 2022-03-21 10:26:20 DISCOUNT=0
SLR20050001 LiveUpdate 2022-03-21 10:26:20 PAY_METHOD=CCVISAMC
SLR20050001 LiveUpdate 2022-03-21 10:26:20 LANGUAGE=HU
SLR20050001 LiveUpdate 2022-03-21 10:26:20 AUTOMODE=1
SLR20050001 LiveUpdate 2022-03-21 10:26:20 ORDER_TIMEOUT=300
SLR20050001 LiveUpdate 2022-03-21 10:26:20 TIMEOUT_URL=http://www.seal-ring.web-pro.hu/gateway/simple/timeout
SLR20050001 LiveUpdate 2022-03-21 10:26:20 BACK_REF=http://www.seal-ring.web-pro.hu/gateway/simple/backref
SLR20050001 LiveUpdate 2022-03-21 10:26:20 BILL_FNAME=WEBPRO
SLR20050001 LiveUpdate 2022-03-21 10:26:20 BILL_LNAME=Solutions
SLR20050001 LiveUpdate 2022-03-21 10:26:20 BILL_EMAIL=mistvan2014@gmail.com
SLR20050001 LiveUpdate 2022-03-21 10:26:20 BILL_PHONE=06702361259
SLR20050001 LiveUpdate 2022-03-21 10:26:20 BILL_ADDRESS=
SLR20050001 LiveUpdate 2022-03-21 10:26:20 BILL_ZIPCODE=4287
SLR20050001 LiveUpdate 2022-03-21 10:26:20 BILL_CITY=Vámospércs
SLR20050001 LiveUpdate 2022-03-21 10:26:20 BILL_STATE=
SLR20050001 LiveUpdate 2022-03-21 10:26:20 BILL_COUNTRYCODE=HU
SLR20050001 LiveUpdate 2022-03-21 10:26:20 DELIVERY_FNAME=WEBPRO
SLR20050001 LiveUpdate 2022-03-21 10:26:20 DELIVERY_LNAME=Solutions
SLR20050001 LiveUpdate 2022-03-21 10:26:20 DELIVERY_PHONE=06702361259
SLR20050001 LiveUpdate 2022-03-21 10:26:20 DELIVERY_ADDRESS=
SLR20050001 LiveUpdate 2022-03-21 10:26:20 DELIVERY_ZIPCODE=4287
SLR20050001 LiveUpdate 2022-03-21 10:26:20 DELIVERY_CITY=Vámospércs
SLR20050001 LiveUpdate 2022-03-21 10:26:20 DELIVERY_STATE=
SLR20050001 LiveUpdate 2022-03-21 10:26:20 DELIVERY_COUNTRYCODE=HU
SLR20050001 LiveUpdate 2022-03-21 10:26:20 ORDER_HASH=011458147ac6f5cde0b8dc2e4ab256b8
SLR20050001 LiveUpdate 2022-03-21 10:26:50 MERCHANT=
SLR20050001 LiveUpdate 2022-03-21 10:26:50 ORDER_REF=SLR20050001
SLR20050001 LiveUpdate 2022-03-21 10:26:50 ORDER_DATE=2022-03-21 10:26:50
SLR20050001 LiveUpdate 2022-03-21 10:26:50 ORDER_PNAME=B *A* Seeger készlet
SLR20050001 LiveUpdate 2022-03-21 10:26:50 ORDER_PCODE=
SLR20050001 LiveUpdate 2022-03-21 10:26:50 ORDER_PINFO=Cikkszám: 833 
SLR20050001 LiveUpdate 2022-03-21 10:26:50 ORDER_PRICE=2919
SLR20050001 LiveUpdate 2022-03-21 10:26:50 ORDER_QTY=10
SLR20050001 LiveUpdate 2022-03-21 10:26:50 ORDER_VAT=0
SLR20050001 LiveUpdate 2022-03-21 10:26:50 PRICES_CURRENCY=HUF
SLR20050001 LiveUpdate 2022-03-21 10:26:50 ORDER_SHIPPING=0
SLR20050001 LiveUpdate 2022-03-21 10:26:50 DISCOUNT=0
SLR20050001 LiveUpdate 2022-03-21 10:26:50 PAY_METHOD=CCVISAMC
SLR20050001 LiveUpdate 2022-03-21 10:26:50 LANGUAGE=HU
SLR20050001 LiveUpdate 2022-03-21 10:26:50 AUTOMODE=1
SLR20050001 LiveUpdate 2022-03-21 10:26:50 ORDER_TIMEOUT=300
SLR20050001 LiveUpdate 2022-03-21 10:26:50 TIMEOUT_URL=http://www.seal-ring.web-pro.hu/gateway/simple/timeout
SLR20050001 LiveUpdate 2022-03-21 10:26:50 BACK_REF=http://www.seal-ring.web-pro.hu/gateway/simple/backref
SLR20050001 LiveUpdate 2022-03-21 10:26:50 BILL_FNAME=WEBPRO
SLR20050001 LiveUpdate 2022-03-21 10:26:50 BILL_LNAME=Solutions
SLR20050001 LiveUpdate 2022-03-21 10:26:50 BILL_EMAIL=mistvan2014@gmail.com
SLR20050001 LiveUpdate 2022-03-21 10:26:50 BILL_PHONE=06702361259
SLR20050001 LiveUpdate 2022-03-21 10:26:50 BILL_ADDRESS=
SLR20050001 LiveUpdate 2022-03-21 10:26:50 BILL_ZIPCODE=4287
SLR20050001 LiveUpdate 2022-03-21 10:26:50 BILL_CITY=Vámospércs
SLR20050001 LiveUpdate 2022-03-21 10:26:50 BILL_STATE=
SLR20050001 LiveUpdate 2022-03-21 10:26:50 BILL_COUNTRYCODE=HU
SLR20050001 LiveUpdate 2022-03-21 10:26:50 DELIVERY_FNAME=WEBPRO
SLR20050001 LiveUpdate 2022-03-21 10:26:50 DELIVERY_LNAME=Solutions
SLR20050001 LiveUpdate 2022-03-21 10:26:50 DELIVERY_PHONE=06702361259
SLR20050001 LiveUpdate 2022-03-21 10:26:50 DELIVERY_ADDRESS=
SLR20050001 LiveUpdate 2022-03-21 10:26:50 DELIVERY_ZIPCODE=4287
SLR20050001 LiveUpdate 2022-03-21 10:26:50 DELIVERY_CITY=Vámospércs
SLR20050001 LiveUpdate 2022-03-21 10:26:50 DELIVERY_STATE=
SLR20050001 LiveUpdate 2022-03-21 10:26:50 DELIVERY_COUNTRYCODE=HU
SLR20050001 LiveUpdate 2022-03-21 10:26:50 ORDER_HASH=148b69c22935adebbfb786d53dbccf15
SLR20050001 LiveUpdate 2022-03-21 10:26:55 MERCHANT=
SLR20050001 LiveUpdate 2022-03-21 10:26:55 ORDER_REF=SLR20050001
SLR20050001 LiveUpdate 2022-03-21 10:26:55 ORDER_DATE=2022-03-21 10:26:55
SLR20050001 LiveUpdate 2022-03-21 10:26:55 ORDER_PNAME=B *A* Seeger készlet
SLR20050001 LiveUpdate 2022-03-21 10:26:55 ORDER_PCODE=
SLR20050001 LiveUpdate 2022-03-21 10:26:55 ORDER_PINFO=Cikkszám: 833 
SLR20050001 LiveUpdate 2022-03-21 10:26:55 ORDER_PRICE=2919
SLR20050001 LiveUpdate 2022-03-21 10:26:55 ORDER_QTY=10
SLR20050001 LiveUpdate 2022-03-21 10:26:55 ORDER_VAT=0
SLR20050001 LiveUpdate 2022-03-21 10:26:55 PRICES_CURRENCY=HUF
SLR20050001 LiveUpdate 2022-03-21 10:26:55 ORDER_SHIPPING=0
SLR20050001 LiveUpdate 2022-03-21 10:26:55 DISCOUNT=0
SLR20050001 LiveUpdate 2022-03-21 10:26:55 PAY_METHOD=CCVISAMC
SLR20050001 LiveUpdate 2022-03-21 10:26:55 LANGUAGE=HU
SLR20050001 LiveUpdate 2022-03-21 10:26:55 AUTOMODE=1
SLR20050001 LiveUpdate 2022-03-21 10:26:55 ORDER_TIMEOUT=300
SLR20050001 LiveUpdate 2022-03-21 10:26:55 TIMEOUT_URL=http://www.seal-ring.web-pro.hu/gateway/simple/timeout
SLR20050001 LiveUpdate 2022-03-21 10:26:55 BACK_REF=http://www.seal-ring.web-pro.hu/gateway/simple/backref
SLR20050001 LiveUpdate 2022-03-21 10:26:55 BILL_FNAME=WEBPRO
SLR20050001 LiveUpdate 2022-03-21 10:26:55 BILL_LNAME=Solutions
SLR20050001 LiveUpdate 2022-03-21 10:26:55 BILL_EMAIL=mistvan2014@gmail.com
SLR20050001 LiveUpdate 2022-03-21 10:26:55 BILL_PHONE=06702361259
SLR20050001 LiveUpdate 2022-03-21 10:26:55 BILL_ADDRESS=
SLR20050001 LiveUpdate 2022-03-21 10:26:55 BILL_ZIPCODE=4287
SLR20050001 LiveUpdate 2022-03-21 10:26:55 BILL_CITY=Vámospércs
SLR20050001 LiveUpdate 2022-03-21 10:26:55 BILL_STATE=
SLR20050001 LiveUpdate 2022-03-21 10:26:55 BILL_COUNTRYCODE=HU
SLR20050001 LiveUpdate 2022-03-21 10:26:55 DELIVERY_FNAME=WEBPRO
SLR20050001 LiveUpdate 2022-03-21 10:26:55 DELIVERY_LNAME=Solutions
SLR20050001 LiveUpdate 2022-03-21 10:26:55 DELIVERY_PHONE=06702361259
SLR20050001 LiveUpdate 2022-03-21 10:26:55 DELIVERY_ADDRESS=
SLR20050001 LiveUpdate 2022-03-21 10:26:55 DELIVERY_ZIPCODE=4287
SLR20050001 LiveUpdate 2022-03-21 10:26:55 DELIVERY_CITY=Vámospércs
SLR20050001 LiveUpdate 2022-03-21 10:26:55 DELIVERY_STATE=
SLR20050001 LiveUpdate 2022-03-21 10:26:55 DELIVERY_COUNTRYCODE=HU
SLR20050001 LiveUpdate 2022-03-21 10:26:55 ORDER_HASH=a21d8175dec090f890f94e413932e490
SLR20050001 LiveUpdate 2022-03-21 10:27:03 MERCHANT=
SLR20050001 LiveUpdate 2022-03-21 10:27:03 ORDER_REF=SLR20050001
SLR20050001 LiveUpdate 2022-03-21 10:27:03 ORDER_DATE=2022-03-21 10:27:03
SLR20050001 LiveUpdate 2022-03-21 10:27:03 ORDER_PNAME=B *A* Seeger készlet
SLR20050001 LiveUpdate 2022-03-21 10:27:03 ORDER_PCODE=
SLR20050001 LiveUpdate 2022-03-21 10:27:03 ORDER_PINFO=Cikkszám: 833 
SLR20050001 LiveUpdate 2022-03-21 10:27:03 ORDER_PRICE=2919
SLR20050001 LiveUpdate 2022-03-21 10:27:03 ORDER_QTY=10
SLR20050001 LiveUpdate 2022-03-21 10:27:03 ORDER_VAT=0
SLR20050001 LiveUpdate 2022-03-21 10:27:03 PRICES_CURRENCY=HUF
SLR20050001 LiveUpdate 2022-03-21 10:27:03 ORDER_SHIPPING=0
SLR20050001 LiveUpdate 2022-03-21 10:27:03 DISCOUNT=0
SLR20050001 LiveUpdate 2022-03-21 10:27:03 PAY_METHOD=CCVISAMC
SLR20050001 LiveUpdate 2022-03-21 10:27:03 LANGUAGE=HU
SLR20050001 LiveUpdate 2022-03-21 10:27:03 AUTOMODE=1
SLR20050001 LiveUpdate 2022-03-21 10:27:03 ORDER_TIMEOUT=300
SLR20050001 LiveUpdate 2022-03-21 10:27:03 TIMEOUT_URL=http://www.seal-ring.web-pro.hu/gateway/simple/timeout
SLR20050001 LiveUpdate 2022-03-21 10:27:03 BACK_REF=http://www.seal-ring.web-pro.hu/gateway/simple/backref
SLR20050001 LiveUpdate 2022-03-21 10:27:03 BILL_FNAME=WEBPRO
SLR20050001 LiveUpdate 2022-03-21 10:27:03 BILL_LNAME=Solutions
SLR20050001 LiveUpdate 2022-03-21 10:27:03 BILL_EMAIL=mistvan2014@gmail.com
SLR20050001 LiveUpdate 2022-03-21 10:27:03 BILL_PHONE=06702361259
SLR20050001 LiveUpdate 2022-03-21 10:27:03 BILL_ADDRESS=
SLR20050001 LiveUpdate 2022-03-21 10:27:03 BILL_ZIPCODE=4287
SLR20050001 LiveUpdate 2022-03-21 10:27:03 BILL_CITY=Vámospércs
SLR20050001 LiveUpdate 2022-03-21 10:27:03 BILL_STATE=
SLR20050001 LiveUpdate 2022-03-21 10:27:03 BILL_COUNTRYCODE=HU
SLR20050001 LiveUpdate 2022-03-21 10:27:03 DELIVERY_FNAME=WEBPRO
SLR20050001 LiveUpdate 2022-03-21 10:27:03 DELIVERY_LNAME=Solutions
SLR20050001 LiveUpdate 2022-03-21 10:27:03 DELIVERY_PHONE=06702361259
SLR20050001 LiveUpdate 2022-03-21 10:27:03 DELIVERY_ADDRESS=
SLR20050001 LiveUpdate 2022-03-21 10:27:03 DELIVERY_ZIPCODE=4287
SLR20050001 LiveUpdate 2022-03-21 10:27:03 DELIVERY_CITY=Vámospércs
SLR20050001 LiveUpdate 2022-03-21 10:27:03 DELIVERY_STATE=
SLR20050001 LiveUpdate 2022-03-21 10:27:03 DELIVERY_COUNTRYCODE=HU
SLR20050001 LiveUpdate 2022-03-21 10:27:03 ORDER_HASH=f937655c1739ebcb9595b25cb156716d
SLR20050001 LiveUpdate 2022-03-21 10:27:11 MERCHANT=
SLR20050001 LiveUpdate 2022-03-21 10:27:11 ORDER_REF=SLR20050001
SLR20050001 LiveUpdate 2022-03-21 10:27:11 ORDER_DATE=2022-03-21 10:27:11
SLR20050001 LiveUpdate 2022-03-21 10:27:11 ORDER_PNAME=B *A* Seeger készlet
SLR20050001 LiveUpdate 2022-03-21 10:27:11 ORDER_PCODE=
SLR20050001 LiveUpdate 2022-03-21 10:27:11 ORDER_PINFO=Cikkszám: 833 
SLR20050001 LiveUpdate 2022-03-21 10:27:11 ORDER_PRICE=2919
SLR20050001 LiveUpdate 2022-03-21 10:27:11 ORDER_QTY=10
SLR20050001 LiveUpdate 2022-03-21 10:27:11 ORDER_VAT=0
SLR20050001 LiveUpdate 2022-03-21 10:27:11 PRICES_CURRENCY=HUF
SLR20050001 LiveUpdate 2022-03-21 10:27:11 ORDER_SHIPPING=0
SLR20050001 LiveUpdate 2022-03-21 10:27:11 DISCOUNT=0
SLR20050001 LiveUpdate 2022-03-21 10:27:11 PAY_METHOD=CCVISAMC
SLR20050001 LiveUpdate 2022-03-21 10:27:11 LANGUAGE=HU
SLR20050001 LiveUpdate 2022-03-21 10:27:11 AUTOMODE=1
SLR20050001 LiveUpdate 2022-03-21 10:27:11 ORDER_TIMEOUT=300
SLR20050001 LiveUpdate 2022-03-21 10:27:11 TIMEOUT_URL=http://www.seal-ring.web-pro.hu/gateway/simple/timeout
SLR20050001 LiveUpdate 2022-03-21 10:27:11 BACK_REF=http://www.seal-ring.web-pro.hu/gateway/simple/backref
SLR20050001 LiveUpdate 2022-03-21 10:27:11 BILL_FNAME=WEBPRO
SLR20050001 LiveUpdate 2022-03-21 10:27:11 BILL_LNAME=Solutions
SLR20050001 LiveUpdate 2022-03-21 10:27:11 BILL_EMAIL=mistvan2014@gmail.com
SLR20050001 LiveUpdate 2022-03-21 10:27:11 BILL_PHONE=06702361259
SLR20050001 LiveUpdate 2022-03-21 10:27:11 BILL_ADDRESS=
SLR20050001 LiveUpdate 2022-03-21 10:27:11 BILL_ZIPCODE=4287
SLR20050001 LiveUpdate 2022-03-21 10:27:11 BILL_CITY=Vámospércs
SLR20050001 LiveUpdate 2022-03-21 10:27:11 BILL_STATE=
SLR20050001 LiveUpdate 2022-03-21 10:27:11 BILL_COUNTRYCODE=HU
SLR20050001 LiveUpdate 2022-03-21 10:27:11 DELIVERY_FNAME=WEBPRO
SLR20050001 LiveUpdate 2022-03-21 10:27:11 DELIVERY_LNAME=Solutions
SLR20050001 LiveUpdate 2022-03-21 10:27:11 DELIVERY_PHONE=06702361259
SLR20050001 LiveUpdate 2022-03-21 10:27:11 DELIVERY_ADDRESS=
SLR20050001 LiveUpdate 2022-03-21 10:27:11 DELIVERY_ZIPCODE=4287
SLR20050001 LiveUpdate 2022-03-21 10:27:11 DELIVERY_CITY=Vámospércs
SLR20050001 LiveUpdate 2022-03-21 10:27:11 DELIVERY_STATE=
SLR20050001 LiveUpdate 2022-03-21 10:27:11 DELIVERY_COUNTRYCODE=HU
SLR20050001 LiveUpdate 2022-03-21 10:27:11 ORDER_HASH=8fd305981065bcdc8e897fbc34b5c7b2
SLR20050001 LiveUpdate 2022-03-21 10:27:52 MERCHANT=
SLR20050001 LiveUpdate 2022-03-21 10:27:52 ORDER_REF=SLR20050001
SLR20050001 LiveUpdate 2022-03-21 10:27:52 ORDER_DATE=2022-03-21 10:27:52
SLR20050001 LiveUpdate 2022-03-21 10:27:52 ORDER_PNAME=B *A* Seeger készlet
SLR20050001 LiveUpdate 2022-03-21 10:27:52 ORDER_PCODE=
SLR20050001 LiveUpdate 2022-03-21 10:27:52 ORDER_PINFO=Cikkszám: 833 
SLR20050001 LiveUpdate 2022-03-21 10:27:52 ORDER_PRICE=2919
SLR20050001 LiveUpdate 2022-03-21 10:27:52 ORDER_QTY=10
SLR20050001 LiveUpdate 2022-03-21 10:27:52 ORDER_VAT=0
SLR20050001 LiveUpdate 2022-03-21 10:27:52 PRICES_CURRENCY=HUF
SLR20050001 LiveUpdate 2022-03-21 10:27:52 ORDER_SHIPPING=0
SLR20050001 LiveUpdate 2022-03-21 10:27:52 DISCOUNT=0
SLR20050001 LiveUpdate 2022-03-21 10:27:52 PAY_METHOD=CCVISAMC
SLR20050001 LiveUpdate 2022-03-21 10:27:52 LANGUAGE=HU
SLR20050001 LiveUpdate 2022-03-21 10:27:52 AUTOMODE=1
SLR20050001 LiveUpdate 2022-03-21 10:27:52 ORDER_TIMEOUT=300
SLR20050001 LiveUpdate 2022-03-21 10:27:52 TIMEOUT_URL=http://www.seal-ring.web-pro.hu/gateway/simple/timeout
SLR20050001 LiveUpdate 2022-03-21 10:27:52 BACK_REF=http://www.seal-ring.web-pro.hu/gateway/simple/backref
SLR20050001 LiveUpdate 2022-03-21 10:27:52 BILL_FNAME=WEBPRO
SLR20050001 LiveUpdate 2022-03-21 10:27:52 BILL_LNAME=Solutions
SLR20050001 LiveUpdate 2022-03-21 10:27:52 BILL_EMAIL=mistvan2014@gmail.com
SLR20050001 LiveUpdate 2022-03-21 10:27:52 BILL_PHONE=06702361259
SLR20050001 LiveUpdate 2022-03-21 10:27:52 BILL_ADDRESS=
SLR20050001 LiveUpdate 2022-03-21 10:27:52 BILL_ZIPCODE=4287
SLR20050001 LiveUpdate 2022-03-21 10:27:52 BILL_CITY=Vámospércs
SLR20050001 LiveUpdate 2022-03-21 10:27:52 BILL_STATE=
SLR20050001 LiveUpdate 2022-03-21 10:27:52 BILL_COUNTRYCODE=HU
SLR20050001 LiveUpdate 2022-03-21 10:27:52 DELIVERY_FNAME=WEBPRO
SLR20050001 LiveUpdate 2022-03-21 10:27:52 DELIVERY_LNAME=Solutions
SLR20050001 LiveUpdate 2022-03-21 10:27:52 DELIVERY_PHONE=06702361259
SLR20050001 LiveUpdate 2022-03-21 10:27:52 DELIVERY_ADDRESS=
SLR20050001 LiveUpdate 2022-03-21 10:27:52 DELIVERY_ZIPCODE=4287
SLR20050001 LiveUpdate 2022-03-21 10:27:52 DELIVERY_CITY=Vámospércs
SLR20050001 LiveUpdate 2022-03-21 10:27:52 DELIVERY_STATE=
SLR20050001 LiveUpdate 2022-03-21 10:27:52 DELIVERY_COUNTRYCODE=HU
SLR20050001 LiveUpdate 2022-03-21 10:27:52 ORDER_HASH=2526e2045dd16196ac3d85a223fb0673
SLR20050001 LiveUpdate 2022-03-21 10:27:58 MERCHANT=
SLR20050001 LiveUpdate 2022-03-21 10:27:58 ORDER_REF=SLR20050001
SLR20050001 LiveUpdate 2022-03-21 10:27:58 ORDER_DATE=2022-03-21 10:27:58
SLR20050001 LiveUpdate 2022-03-21 10:27:58 ORDER_PNAME=B *A* Seeger készlet
SLR20050001 LiveUpdate 2022-03-21 10:27:58 ORDER_PCODE=
SLR20050001 LiveUpdate 2022-03-21 10:27:58 ORDER_PINFO=Cikkszám: 833 
SLR20050001 LiveUpdate 2022-03-21 10:27:58 ORDER_PRICE=2919
SLR20050001 LiveUpdate 2022-03-21 10:27:58 ORDER_QTY=10
SLR20050001 LiveUpdate 2022-03-21 10:27:58 ORDER_VAT=0
SLR20050001 LiveUpdate 2022-03-21 10:27:58 PRICES_CURRENCY=HUF
SLR20050001 LiveUpdate 2022-03-21 10:27:58 ORDER_SHIPPING=0
SLR20050001 LiveUpdate 2022-03-21 10:27:58 DISCOUNT=0
SLR20050001 LiveUpdate 2022-03-21 10:27:58 PAY_METHOD=CCVISAMC
SLR20050001 LiveUpdate 2022-03-21 10:27:58 LANGUAGE=HU
SLR20050001 LiveUpdate 2022-03-21 10:27:58 AUTOMODE=1
SLR20050001 LiveUpdate 2022-03-21 10:27:58 ORDER_TIMEOUT=300
SLR20050001 LiveUpdate 2022-03-21 10:27:58 TIMEOUT_URL=http://www.seal-ring.web-pro.hu/gateway/simple/timeout
SLR20050001 LiveUpdate 2022-03-21 10:27:58 BACK_REF=http://www.seal-ring.web-pro.hu/gateway/simple/backref
SLR20050001 LiveUpdate 2022-03-21 10:27:58 BILL_FNAME=WEBPRO
SLR20050001 LiveUpdate 2022-03-21 10:27:58 BILL_LNAME=Solutions
SLR20050001 LiveUpdate 2022-03-21 10:27:58 BILL_EMAIL=mistvan2014@gmail.com
SLR20050001 LiveUpdate 2022-03-21 10:27:58 BILL_PHONE=06702361259
SLR20050001 LiveUpdate 2022-03-21 10:27:58 BILL_ADDRESS=
SLR20050001 LiveUpdate 2022-03-21 10:27:58 BILL_ZIPCODE=4287
SLR20050001 LiveUpdate 2022-03-21 10:27:58 BILL_CITY=Vámospércs
SLR20050001 LiveUpdate 2022-03-21 10:27:58 BILL_STATE=
SLR20050001 LiveUpdate 2022-03-21 10:27:58 BILL_COUNTRYCODE=HU
SLR20050001 LiveUpdate 2022-03-21 10:27:58 DELIVERY_FNAME=WEBPRO
SLR20050001 LiveUpdate 2022-03-21 10:27:58 DELIVERY_LNAME=Solutions
SLR20050001 LiveUpdate 2022-03-21 10:27:58 DELIVERY_PHONE=06702361259
SLR20050001 LiveUpdate 2022-03-21 10:27:58 DELIVERY_ADDRESS=
SLR20050001 LiveUpdate 2022-03-21 10:27:58 DELIVERY_ZIPCODE=4287
SLR20050001 LiveUpdate 2022-03-21 10:27:58 DELIVERY_CITY=Vámospércs
SLR20050001 LiveUpdate 2022-03-21 10:27:58 DELIVERY_STATE=
SLR20050001 LiveUpdate 2022-03-21 10:27:58 DELIVERY_COUNTRYCODE=HU
SLR20050001 LiveUpdate 2022-03-21 10:27:58 ORDER_HASH=ae7760f623cb736568312621770264e7
SLR20050001 LiveUpdate 2022-03-21 10:28:11 MERCHANT=
SLR20050001 LiveUpdate 2022-03-21 10:28:11 ORDER_REF=SLR20050001
SLR20050001 LiveUpdate 2022-03-21 10:28:11 ORDER_DATE=2022-03-21 10:28:11
SLR20050001 LiveUpdate 2022-03-21 10:28:11 ORDER_PNAME=B *A* Seeger készlet
SLR20050001 LiveUpdate 2022-03-21 10:28:11 ORDER_PCODE=
SLR20050001 LiveUpdate 2022-03-21 10:28:11 ORDER_PINFO=Cikkszám: 833 
SLR20050001 LiveUpdate 2022-03-21 10:28:11 ORDER_PRICE=2919
SLR20050001 LiveUpdate 2022-03-21 10:28:11 ORDER_QTY=10
SLR20050001 LiveUpdate 2022-03-21 10:28:11 ORDER_VAT=0
SLR20050001 LiveUpdate 2022-03-21 10:28:11 PRICES_CURRENCY=HUF
SLR20050001 LiveUpdate 2022-03-21 10:28:11 ORDER_SHIPPING=0
SLR20050001 LiveUpdate 2022-03-21 10:28:11 DISCOUNT=0
SLR20050001 LiveUpdate 2022-03-21 10:28:11 PAY_METHOD=CCVISAMC
SLR20050001 LiveUpdate 2022-03-21 10:28:11 LANGUAGE=HU
SLR20050001 LiveUpdate 2022-03-21 10:28:11 AUTOMODE=1
SLR20050001 LiveUpdate 2022-03-21 10:28:11 ORDER_TIMEOUT=300
SLR20050001 LiveUpdate 2022-03-21 10:28:11 TIMEOUT_URL=http://www.seal-ring.web-pro.hu/gateway/simple/timeout
SLR20050001 LiveUpdate 2022-03-21 10:28:11 BACK_REF=http://www.seal-ring.web-pro.hu/gateway/simple/backref
SLR20050001 LiveUpdate 2022-03-21 10:28:11 BILL_FNAME=WEBPRO
SLR20050001 LiveUpdate 2022-03-21 10:28:11 BILL_LNAME=Solutions
SLR20050001 LiveUpdate 2022-03-21 10:28:11 BILL_EMAIL=mistvan2014@gmail.com
SLR20050001 LiveUpdate 2022-03-21 10:28:11 BILL_PHONE=06702361259
SLR20050001 LiveUpdate 2022-03-21 10:28:11 BILL_ADDRESS=
SLR20050001 LiveUpdate 2022-03-21 10:28:11 BILL_ZIPCODE=4287
SLR20050001 LiveUpdate 2022-03-21 10:28:11 BILL_CITY=Vámospércs
SLR20050001 LiveUpdate 2022-03-21 10:28:11 BILL_STATE=
SLR20050001 LiveUpdate 2022-03-21 10:28:11 BILL_COUNTRYCODE=HU
SLR20050001 LiveUpdate 2022-03-21 10:28:11 DELIVERY_FNAME=WEBPRO
SLR20050001 LiveUpdate 2022-03-21 10:28:11 DELIVERY_LNAME=Solutions
SLR20050001 LiveUpdate 2022-03-21 10:28:11 DELIVERY_PHONE=06702361259
SLR20050001 LiveUpdate 2022-03-21 10:28:11 DELIVERY_ADDRESS=
SLR20050001 LiveUpdate 2022-03-21 10:28:11 DELIVERY_ZIPCODE=4287
SLR20050001 LiveUpdate 2022-03-21 10:28:11 DELIVERY_CITY=Vámospércs
SLR20050001 LiveUpdate 2022-03-21 10:28:11 DELIVERY_STATE=
SLR20050001 LiveUpdate 2022-03-21 10:28:11 DELIVERY_COUNTRYCODE=HU
SLR20050001 LiveUpdate 2022-03-21 10:28:11 ORDER_HASH=ccfa7ee8c937d6f179c944eb68c0e906
SLR20050001 LiveUpdate 2022-03-21 10:29:54 MERCHANT=
SLR20050001 LiveUpdate 2022-03-21 10:29:54 ORDER_REF=SLR20050001
SLR20050001 LiveUpdate 2022-03-21 10:29:54 ORDER_DATE=2022-03-21 10:29:54
SLR20050001 LiveUpdate 2022-03-21 10:29:54 ORDER_PNAME=B *A* Seeger készlet
SLR20050001 LiveUpdate 2022-03-21 10:29:54 ORDER_PCODE=
SLR20050001 LiveUpdate 2022-03-21 10:29:54 ORDER_PINFO=Cikkszám: 833 
SLR20050001 LiveUpdate 2022-03-21 10:29:54 ORDER_PRICE=2919
SLR20050001 LiveUpdate 2022-03-21 10:29:54 ORDER_QTY=10
SLR20050001 LiveUpdate 2022-03-21 10:29:54 ORDER_VAT=0
SLR20050001 LiveUpdate 2022-03-21 10:29:54 PRICES_CURRENCY=HUF
SLR20050001 LiveUpdate 2022-03-21 10:29:54 ORDER_SHIPPING=0
SLR20050001 LiveUpdate 2022-03-21 10:29:54 DISCOUNT=0
SLR20050001 LiveUpdate 2022-03-21 10:29:54 PAY_METHOD=CCVISAMC
SLR20050001 LiveUpdate 2022-03-21 10:29:54 LANGUAGE=HU
SLR20050001 LiveUpdate 2022-03-21 10:29:54 AUTOMODE=1
SLR20050001 LiveUpdate 2022-03-21 10:29:54 ORDER_TIMEOUT=300
SLR20050001 LiveUpdate 2022-03-21 10:29:54 TIMEOUT_URL=http://www.seal-ring.web-pro.hu/gateway/simple/timeout
SLR20050001 LiveUpdate 2022-03-21 10:29:54 BACK_REF=http://www.seal-ring.web-pro.hu/gateway/simple/backref
SLR20050001 LiveUpdate 2022-03-21 10:29:54 BILL_FNAME=WEBPRO
SLR20050001 LiveUpdate 2022-03-21 10:29:54 BILL_LNAME=Solutions
SLR20050001 LiveUpdate 2022-03-21 10:29:54 BILL_EMAIL=mistvan2014@gmail.com
SLR20050001 LiveUpdate 2022-03-21 10:29:54 BILL_PHONE=06702361259
SLR20050001 LiveUpdate 2022-03-21 10:29:54 BILL_ADDRESS=
SLR20050001 LiveUpdate 2022-03-21 10:29:54 BILL_ZIPCODE=4287
SLR20050001 LiveUpdate 2022-03-21 10:29:54 BILL_CITY=Vámospércs
SLR20050001 LiveUpdate 2022-03-21 10:29:54 BILL_STATE=
SLR20050001 LiveUpdate 2022-03-21 10:29:54 BILL_COUNTRYCODE=HU
SLR20050001 LiveUpdate 2022-03-21 10:29:54 DELIVERY_FNAME=WEBPRO
SLR20050001 LiveUpdate 2022-03-21 10:29:54 DELIVERY_LNAME=Solutions
SLR20050001 LiveUpdate 2022-03-21 10:29:54 DELIVERY_PHONE=06702361259
SLR20050001 LiveUpdate 2022-03-21 10:29:54 DELIVERY_ADDRESS=
SLR20050001 LiveUpdate 2022-03-21 10:29:54 DELIVERY_ZIPCODE=4287
SLR20050001 LiveUpdate 2022-03-21 10:29:54 DELIVERY_CITY=Vámospércs
SLR20050001 LiveUpdate 2022-03-21 10:29:54 DELIVERY_STATE=
SLR20050001 LiveUpdate 2022-03-21 10:29:54 DELIVERY_COUNTRYCODE=HU
SLR20050001 LiveUpdate 2022-03-21 10:29:54 ORDER_HASH=56e4a0ec8236ed7dc2b7781473225fb8
SLR20050001 LiveUpdate 2022-03-21 10:30:08 MERCHANT=
SLR20050001 LiveUpdate 2022-03-21 10:30:08 ORDER_REF=SLR20050001
SLR20050001 LiveUpdate 2022-03-21 10:30:08 ORDER_DATE=2022-03-21 10:30:08
SLR20050001 LiveUpdate 2022-03-21 10:30:08 ORDER_PNAME=B *A* Seeger készlet
SLR20050001 LiveUpdate 2022-03-21 10:30:08 ORDER_PCODE=
SLR20050001 LiveUpdate 2022-03-21 10:30:08 ORDER_PINFO=Cikkszám: 833 
SLR20050001 LiveUpdate 2022-03-21 10:30:08 ORDER_PRICE=2919
SLR20050001 LiveUpdate 2022-03-21 10:30:08 ORDER_QTY=10
SLR20050001 LiveUpdate 2022-03-21 10:30:08 ORDER_VAT=0
SLR20050001 LiveUpdate 2022-03-21 10:30:08 PRICES_CURRENCY=HUF
SLR20050001 LiveUpdate 2022-03-21 10:30:08 ORDER_SHIPPING=0
SLR20050001 LiveUpdate 2022-03-21 10:30:08 DISCOUNT=0
SLR20050001 LiveUpdate 2022-03-21 10:30:08 PAY_METHOD=CCVISAMC
SLR20050001 LiveUpdate 2022-03-21 10:30:08 LANGUAGE=HU
SLR20050001 LiveUpdate 2022-03-21 10:30:08 AUTOMODE=1
SLR20050001 LiveUpdate 2022-03-21 10:30:08 ORDER_TIMEOUT=300
SLR20050001 LiveUpdate 2022-03-21 10:30:08 TIMEOUT_URL=http://www.seal-ring.web-pro.hu/gateway/simple/timeout
SLR20050001 LiveUpdate 2022-03-21 10:30:08 BACK_REF=http://www.seal-ring.web-pro.hu/gateway/simple/backref
SLR20050001 LiveUpdate 2022-03-21 10:30:08 BILL_FNAME=WEBPRO
SLR20050001 LiveUpdate 2022-03-21 10:30:08 BILL_LNAME=Solutions
SLR20050001 LiveUpdate 2022-03-21 10:30:08 BILL_EMAIL=mistvan2014@gmail.com
SLR20050001 LiveUpdate 2022-03-21 10:30:08 BILL_PHONE=06702361259
SLR20050001 LiveUpdate 2022-03-21 10:30:08 BILL_ADDRESS=
SLR20050001 LiveUpdate 2022-03-21 10:30:08 BILL_ZIPCODE=4287
SLR20050001 LiveUpdate 2022-03-21 10:30:08 BILL_CITY=Vámospércs
SLR20050001 LiveUpdate 2022-03-21 10:30:08 BILL_STATE=
SLR20050001 LiveUpdate 2022-03-21 10:30:08 BILL_COUNTRYCODE=HU
SLR20050001 LiveUpdate 2022-03-21 10:30:08 DELIVERY_FNAME=WEBPRO
SLR20050001 LiveUpdate 2022-03-21 10:30:08 DELIVERY_LNAME=Solutions
SLR20050001 LiveUpdate 2022-03-21 10:30:08 DELIVERY_PHONE=06702361259
SLR20050001 LiveUpdate 2022-03-21 10:30:08 DELIVERY_ADDRESS=
SLR20050001 LiveUpdate 2022-03-21 10:30:08 DELIVERY_ZIPCODE=4287
SLR20050001 LiveUpdate 2022-03-21 10:30:08 DELIVERY_CITY=Vámospércs
SLR20050001 LiveUpdate 2022-03-21 10:30:08 DELIVERY_STATE=
SLR20050001 LiveUpdate 2022-03-21 10:30:08 DELIVERY_COUNTRYCODE=HU
SLR20050001 LiveUpdate 2022-03-21 10:30:08 ORDER_HASH=bbd03f8dcbafa52f17dd6c0fb6a864e1
SLR20050001 LiveUpdate 2022-03-21 10:30:38 MERCHANT=
SLR20050001 LiveUpdate 2022-03-21 10:30:38 ORDER_REF=SLR20050001
SLR20050001 LiveUpdate 2022-03-21 10:30:38 ORDER_DATE=2022-03-21 10:30:38
SLR20050001 LiveUpdate 2022-03-21 10:30:38 ORDER_PNAME=B *A* Seeger készlet
SLR20050001 LiveUpdate 2022-03-21 10:30:38 ORDER_PCODE=
SLR20050001 LiveUpdate 2022-03-21 10:30:38 ORDER_PINFO=Cikkszám: 833 
SLR20050001 LiveUpdate 2022-03-21 10:30:38 ORDER_PRICE=2919
SLR20050001 LiveUpdate 2022-03-21 10:30:38 ORDER_QTY=10
SLR20050001 LiveUpdate 2022-03-21 10:30:38 ORDER_VAT=0
SLR20050001 LiveUpdate 2022-03-21 10:30:38 PRICES_CURRENCY=HUF
SLR20050001 LiveUpdate 2022-03-21 10:30:38 ORDER_SHIPPING=0
SLR20050001 LiveUpdate 2022-03-21 10:30:38 DISCOUNT=0
SLR20050001 LiveUpdate 2022-03-21 10:30:38 PAY_METHOD=CCVISAMC
SLR20050001 LiveUpdate 2022-03-21 10:30:38 LANGUAGE=HU
SLR20050001 LiveUpdate 2022-03-21 10:30:38 AUTOMODE=1
SLR20050001 LiveUpdate 2022-03-21 10:30:38 ORDER_TIMEOUT=300
SLR20050001 LiveUpdate 2022-03-21 10:30:38 TIMEOUT_URL=http://www.seal-ring.web-pro.hu/gateway/simple/timeout
SLR20050001 LiveUpdate 2022-03-21 10:30:38 BACK_REF=http://www.seal-ring.web-pro.hu/gateway/simple/backref
SLR20050001 LiveUpdate 2022-03-21 10:30:38 BILL_FNAME=WEBPRO
SLR20050001 LiveUpdate 2022-03-21 10:30:38 BILL_LNAME=Solutions
SLR20050001 LiveUpdate 2022-03-21 10:30:38 BILL_EMAIL=mistvan2014@gmail.com
SLR20050001 LiveUpdate 2022-03-21 10:30:38 BILL_PHONE=06702361259
SLR20050001 LiveUpdate 2022-03-21 10:30:38 BILL_ADDRESS=
SLR20050001 LiveUpdate 2022-03-21 10:30:38 BILL_ZIPCODE=4287
SLR20050001 LiveUpdate 2022-03-21 10:30:38 BILL_CITY=Vámospércs
SLR20050001 LiveUpdate 2022-03-21 10:30:38 BILL_STATE=
SLR20050001 LiveUpdate 2022-03-21 10:30:38 BILL_COUNTRYCODE=HU
SLR20050001 LiveUpdate 2022-03-21 10:30:38 DELIVERY_FNAME=WEBPRO
SLR20050001 LiveUpdate 2022-03-21 10:30:38 DELIVERY_LNAME=Solutions
SLR20050001 LiveUpdate 2022-03-21 10:30:38 DELIVERY_PHONE=06702361259
SLR20050001 LiveUpdate 2022-03-21 10:30:38 DELIVERY_ADDRESS=
SLR20050001 LiveUpdate 2022-03-21 10:30:38 DELIVERY_ZIPCODE=4287
SLR20050001 LiveUpdate 2022-03-21 10:30:38 DELIVERY_CITY=Vámospércs
SLR20050001 LiveUpdate 2022-03-21 10:30:38 DELIVERY_STATE=
SLR20050001 LiveUpdate 2022-03-21 10:30:38 DELIVERY_COUNTRYCODE=HU
SLR20050001 LiveUpdate 2022-03-21 10:30:38 ORDER_HASH=31ce258adc32f789140703a8f26cf0fc
SLR20050001 LiveUpdate 2022-03-21 10:30:42 MERCHANT=
SLR20050001 LiveUpdate 2022-03-21 10:30:42 ORDER_REF=SLR20050001
SLR20050001 LiveUpdate 2022-03-21 10:30:42 ORDER_DATE=2022-03-21 10:30:42
SLR20050001 LiveUpdate 2022-03-21 10:30:42 ORDER_PNAME=B *A* Seeger készlet
SLR20050001 LiveUpdate 2022-03-21 10:30:42 ORDER_PCODE=
SLR20050001 LiveUpdate 2022-03-21 10:30:42 ORDER_PINFO=Cikkszám: 833 
SLR20050001 LiveUpdate 2022-03-21 10:30:42 ORDER_PRICE=2919
SLR20050001 LiveUpdate 2022-03-21 10:30:42 ORDER_QTY=10
SLR20050001 LiveUpdate 2022-03-21 10:30:42 ORDER_VAT=0
SLR20050001 LiveUpdate 2022-03-21 10:30:42 PRICES_CURRENCY=HUF
SLR20050001 LiveUpdate 2022-03-21 10:30:42 ORDER_SHIPPING=0
SLR20050001 LiveUpdate 2022-03-21 10:30:42 DISCOUNT=0
SLR20050001 LiveUpdate 2022-03-21 10:30:42 PAY_METHOD=CCVISAMC
SLR20050001 LiveUpdate 2022-03-21 10:30:42 LANGUAGE=HU
SLR20050001 LiveUpdate 2022-03-21 10:30:42 AUTOMODE=1
SLR20050001 LiveUpdate 2022-03-21 10:30:42 ORDER_TIMEOUT=300
SLR20050001 LiveUpdate 2022-03-21 10:30:42 TIMEOUT_URL=http://www.seal-ring.web-pro.hu/gateway/simple/timeout
SLR20050001 LiveUpdate 2022-03-21 10:30:42 BACK_REF=http://www.seal-ring.web-pro.hu/gateway/simple/backref
SLR20050001 LiveUpdate 2022-03-21 10:30:42 BILL_FNAME=WEBPRO
SLR20050001 LiveUpdate 2022-03-21 10:30:42 BILL_LNAME=Solutions
SLR20050001 LiveUpdate 2022-03-21 10:30:42 BILL_EMAIL=mistvan2014@gmail.com
SLR20050001 LiveUpdate 2022-03-21 10:30:42 BILL_PHONE=06702361259
SLR20050001 LiveUpdate 2022-03-21 10:30:42 BILL_ADDRESS=
SLR20050001 LiveUpdate 2022-03-21 10:30:42 BILL_ZIPCODE=4287
SLR20050001 LiveUpdate 2022-03-21 10:30:42 BILL_CITY=Vámospércs
SLR20050001 LiveUpdate 2022-03-21 10:30:42 BILL_STATE=
SLR20050001 LiveUpdate 2022-03-21 10:30:42 BILL_COUNTRYCODE=HU
SLR20050001 LiveUpdate 2022-03-21 10:30:42 DELIVERY_FNAME=WEBPRO
SLR20050001 LiveUpdate 2022-03-21 10:30:42 DELIVERY_LNAME=Solutions
SLR20050001 LiveUpdate 2022-03-21 10:30:42 DELIVERY_PHONE=06702361259
SLR20050001 LiveUpdate 2022-03-21 10:30:42 DELIVERY_ADDRESS=
SLR20050001 LiveUpdate 2022-03-21 10:30:42 DELIVERY_ZIPCODE=4287
SLR20050001 LiveUpdate 2022-03-21 10:30:42 DELIVERY_CITY=Vámospércs
SLR20050001 LiveUpdate 2022-03-21 10:30:42 DELIVERY_STATE=
SLR20050001 LiveUpdate 2022-03-21 10:30:42 DELIVERY_COUNTRYCODE=HU
SLR20050001 LiveUpdate 2022-03-21 10:30:42 ORDER_HASH=dfe4db8881e217cf377fce730274fdc5
SLR20050001 LiveUpdate 2022-03-21 10:30:58 MERCHANT=
SLR20050001 LiveUpdate 2022-03-21 10:30:58 ORDER_REF=SLR20050001
SLR20050001 LiveUpdate 2022-03-21 10:30:58 ORDER_DATE=2022-03-21 10:30:58
SLR20050001 LiveUpdate 2022-03-21 10:30:58 ORDER_PNAME=B *A* Seeger készlet
SLR20050001 LiveUpdate 2022-03-21 10:30:58 ORDER_PCODE=
SLR20050001 LiveUpdate 2022-03-21 10:30:58 ORDER_PINFO=Cikkszám: 833 
SLR20050001 LiveUpdate 2022-03-21 10:30:58 ORDER_PRICE=2919
SLR20050001 LiveUpdate 2022-03-21 10:30:58 ORDER_QTY=10
SLR20050001 LiveUpdate 2022-03-21 10:30:58 ORDER_VAT=0
SLR20050001 LiveUpdate 2022-03-21 10:30:58 PRICES_CURRENCY=HUF
SLR20050001 LiveUpdate 2022-03-21 10:30:58 ORDER_SHIPPING=0
SLR20050001 LiveUpdate 2022-03-21 10:30:58 DISCOUNT=0
SLR20050001 LiveUpdate 2022-03-21 10:30:58 PAY_METHOD=CCVISAMC
SLR20050001 LiveUpdate 2022-03-21 10:30:58 LANGUAGE=HU
SLR20050001 LiveUpdate 2022-03-21 10:30:58 AUTOMODE=1
SLR20050001 LiveUpdate 2022-03-21 10:30:58 ORDER_TIMEOUT=300
SLR20050001 LiveUpdate 2022-03-21 10:30:58 TIMEOUT_URL=http://www.seal-ring.web-pro.hu/gateway/simple/timeout
SLR20050001 LiveUpdate 2022-03-21 10:30:58 BACK_REF=http://www.seal-ring.web-pro.hu/gateway/simple/backref
SLR20050001 LiveUpdate 2022-03-21 10:30:58 BILL_FNAME=WEBPRO
SLR20050001 LiveUpdate 2022-03-21 10:30:58 BILL_LNAME=Solutions
SLR20050001 LiveUpdate 2022-03-21 10:30:58 BILL_EMAIL=mistvan2014@gmail.com
SLR20050001 LiveUpdate 2022-03-21 10:30:58 BILL_PHONE=06702361259
SLR20050001 LiveUpdate 2022-03-21 10:30:58 BILL_ADDRESS=
SLR20050001 LiveUpdate 2022-03-21 10:30:58 BILL_ZIPCODE=4287
SLR20050001 LiveUpdate 2022-03-21 10:30:58 BILL_CITY=Vámospércs
SLR20050001 LiveUpdate 2022-03-21 10:30:58 BILL_STATE=
SLR20050001 LiveUpdate 2022-03-21 10:30:58 BILL_COUNTRYCODE=HU
SLR20050001 LiveUpdate 2022-03-21 10:30:58 DELIVERY_FNAME=WEBPRO
SLR20050001 LiveUpdate 2022-03-21 10:30:58 DELIVERY_LNAME=Solutions
SLR20050001 LiveUpdate 2022-03-21 10:30:58 DELIVERY_PHONE=06702361259
SLR20050001 LiveUpdate 2022-03-21 10:30:58 DELIVERY_ADDRESS=
SLR20050001 LiveUpdate 2022-03-21 10:30:58 DELIVERY_ZIPCODE=4287
SLR20050001 LiveUpdate 2022-03-21 10:30:58 DELIVERY_CITY=Vámospércs
SLR20050001 LiveUpdate 2022-03-21 10:30:58 DELIVERY_STATE=
SLR20050001 LiveUpdate 2022-03-21 10:30:58 DELIVERY_COUNTRYCODE=HU
SLR20050001 LiveUpdate 2022-03-21 10:30:58 ORDER_HASH=b98bd479a8d49bdbb7d380e61996d770
SLR20050001 LiveUpdate 2022-03-21 10:31:10 MERCHANT=
SLR20050001 LiveUpdate 2022-03-21 10:31:10 ORDER_REF=SLR20050001
SLR20050001 LiveUpdate 2022-03-21 10:31:10 ORDER_DATE=2022-03-21 10:31:10
SLR20050001 LiveUpdate 2022-03-21 10:31:10 ORDER_PNAME=B *A* Seeger készlet
SLR20050001 LiveUpdate 2022-03-21 10:31:10 ORDER_PCODE=
SLR20050001 LiveUpdate 2022-03-21 10:31:10 ORDER_PINFO=Cikkszám: 833 
SLR20050001 LiveUpdate 2022-03-21 10:31:10 ORDER_PRICE=2919
SLR20050001 LiveUpdate 2022-03-21 10:31:10 ORDER_QTY=10
SLR20050001 LiveUpdate 2022-03-21 10:31:10 ORDER_VAT=0
SLR20050001 LiveUpdate 2022-03-21 10:31:10 PRICES_CURRENCY=HUF
SLR20050001 LiveUpdate 2022-03-21 10:31:10 ORDER_SHIPPING=0
SLR20050001 LiveUpdate 2022-03-21 10:31:10 DISCOUNT=0
SLR20050001 LiveUpdate 2022-03-21 10:31:10 PAY_METHOD=CCVISAMC
SLR20050001 LiveUpdate 2022-03-21 10:31:10 LANGUAGE=HU
SLR20050001 LiveUpdate 2022-03-21 10:31:10 AUTOMODE=1
SLR20050001 LiveUpdate 2022-03-21 10:31:10 ORDER_TIMEOUT=300
SLR20050001 LiveUpdate 2022-03-21 10:31:10 TIMEOUT_URL=http://www.seal-ring.web-pro.hu/gateway/simple/timeout
SLR20050001 LiveUpdate 2022-03-21 10:31:10 BACK_REF=http://www.seal-ring.web-pro.hu/gateway/simple/backref
SLR20050001 LiveUpdate 2022-03-21 10:31:10 BILL_FNAME=WEBPRO
SLR20050001 LiveUpdate 2022-03-21 10:31:10 BILL_LNAME=Solutions
SLR20050001 LiveUpdate 2022-03-21 10:31:10 BILL_EMAIL=mistvan2014@gmail.com
SLR20050001 LiveUpdate 2022-03-21 10:31:10 BILL_PHONE=06702361259
SLR20050001 LiveUpdate 2022-03-21 10:31:10 BILL_ADDRESS=
SLR20050001 LiveUpdate 2022-03-21 10:31:10 BILL_ZIPCODE=4287
SLR20050001 LiveUpdate 2022-03-21 10:31:10 BILL_CITY=Vámospércs
SLR20050001 LiveUpdate 2022-03-21 10:31:10 BILL_STATE=
SLR20050001 LiveUpdate 2022-03-21 10:31:10 BILL_COUNTRYCODE=HU
SLR20050001 LiveUpdate 2022-03-21 10:31:10 DELIVERY_FNAME=WEBPRO
SLR20050001 LiveUpdate 2022-03-21 10:31:10 DELIVERY_LNAME=Solutions
SLR20050001 LiveUpdate 2022-03-21 10:31:10 DELIVERY_PHONE=06702361259
SLR20050001 LiveUpdate 2022-03-21 10:31:10 DELIVERY_ADDRESS=
SLR20050001 LiveUpdate 2022-03-21 10:31:10 DELIVERY_ZIPCODE=4287
SLR20050001 LiveUpdate 2022-03-21 10:31:10 DELIVERY_CITY=Vámospércs
SLR20050001 LiveUpdate 2022-03-21 10:31:10 DELIVERY_STATE=
SLR20050001 LiveUpdate 2022-03-21 10:31:10 DELIVERY_COUNTRYCODE=HU
SLR20050001 LiveUpdate 2022-03-21 10:31:10 ORDER_HASH=23d3db6410b137913d075e290967fd9c
SLR20050001 LiveUpdate 2022-03-21 10:31:18 MERCHANT=
SLR20050001 LiveUpdate 2022-03-21 10:31:18 ORDER_REF=SLR20050001
SLR20050001 LiveUpdate 2022-03-21 10:31:18 ORDER_DATE=2022-03-21 10:31:18
SLR20050001 LiveUpdate 2022-03-21 10:31:18 ORDER_PNAME=B *A* Seeger készlet
SLR20050001 LiveUpdate 2022-03-21 10:31:18 ORDER_PCODE=
SLR20050001 LiveUpdate 2022-03-21 10:31:18 ORDER_PINFO=Cikkszám: 833 
SLR20050001 LiveUpdate 2022-03-21 10:31:18 ORDER_PRICE=2919
SLR20050001 LiveUpdate 2022-03-21 10:31:18 ORDER_QTY=10
SLR20050001 LiveUpdate 2022-03-21 10:31:18 ORDER_VAT=0
SLR20050001 LiveUpdate 2022-03-21 10:31:18 PRICES_CURRENCY=HUF
SLR20050001 LiveUpdate 2022-03-21 10:31:18 ORDER_SHIPPING=0
SLR20050001 LiveUpdate 2022-03-21 10:31:18 DISCOUNT=0
SLR20050001 LiveUpdate 2022-03-21 10:31:18 PAY_METHOD=CCVISAMC
SLR20050001 LiveUpdate 2022-03-21 10:31:18 LANGUAGE=HU
SLR20050001 LiveUpdate 2022-03-21 10:31:18 AUTOMODE=1
SLR20050001 LiveUpdate 2022-03-21 10:31:18 ORDER_TIMEOUT=300
SLR20050001 LiveUpdate 2022-03-21 10:31:18 TIMEOUT_URL=http://www.seal-ring.web-pro.hu/gateway/simple/timeout
SLR20050001 LiveUpdate 2022-03-21 10:31:18 BACK_REF=http://www.seal-ring.web-pro.hu/gateway/simple/backref
SLR20050001 LiveUpdate 2022-03-21 10:31:18 BILL_FNAME=WEBPRO
SLR20050001 LiveUpdate 2022-03-21 10:31:18 BILL_LNAME=Solutions
SLR20050001 LiveUpdate 2022-03-21 10:31:18 BILL_EMAIL=mistvan2014@gmail.com
SLR20050001 LiveUpdate 2022-03-21 10:31:18 BILL_PHONE=06702361259
SLR20050001 LiveUpdate 2022-03-21 10:31:18 BILL_ADDRESS=
SLR20050001 LiveUpdate 2022-03-21 10:31:18 BILL_ZIPCODE=4287
SLR20050001 LiveUpdate 2022-03-21 10:31:18 BILL_CITY=Vámospércs
SLR20050001 LiveUpdate 2022-03-21 10:31:18 BILL_STATE=
SLR20050001 LiveUpdate 2022-03-21 10:31:18 BILL_COUNTRYCODE=HU
SLR20050001 LiveUpdate 2022-03-21 10:31:18 DELIVERY_FNAME=WEBPRO
SLR20050001 LiveUpdate 2022-03-21 10:31:18 DELIVERY_LNAME=Solutions
SLR20050001 LiveUpdate 2022-03-21 10:31:18 DELIVERY_PHONE=06702361259
SLR20050001 LiveUpdate 2022-03-21 10:31:18 DELIVERY_ADDRESS=
SLR20050001 LiveUpdate 2022-03-21 10:31:18 DELIVERY_ZIPCODE=4287
SLR20050001 LiveUpdate 2022-03-21 10:31:18 DELIVERY_CITY=Vámospércs
SLR20050001 LiveUpdate 2022-03-21 10:31:18 DELIVERY_STATE=
SLR20050001 LiveUpdate 2022-03-21 10:31:18 DELIVERY_COUNTRYCODE=HU
SLR20050001 LiveUpdate 2022-03-21 10:31:18 ORDER_HASH=172dfb147ba7509aa03579816412e935
SLR20050001 LiveUpdate 2022-03-21 10:31:30 MERCHANT=
SLR20050001 LiveUpdate 2022-03-21 10:31:30 ORDER_REF=SLR20050001
SLR20050001 LiveUpdate 2022-03-21 10:31:30 ORDER_DATE=2022-03-21 10:31:30
SLR20050001 LiveUpdate 2022-03-21 10:31:30 ORDER_PNAME=B *A* Seeger készlet
SLR20050001 LiveUpdate 2022-03-21 10:31:30 ORDER_PCODE=
SLR20050001 LiveUpdate 2022-03-21 10:31:30 ORDER_PINFO=Cikkszám: 833 
SLR20050001 LiveUpdate 2022-03-21 10:31:30 ORDER_PRICE=2919
SLR20050001 LiveUpdate 2022-03-21 10:31:30 ORDER_QTY=10
SLR20050001 LiveUpdate 2022-03-21 10:31:30 ORDER_VAT=0
SLR20050001 LiveUpdate 2022-03-21 10:31:30 PRICES_CURRENCY=HUF
SLR20050001 LiveUpdate 2022-03-21 10:31:30 ORDER_SHIPPING=0
SLR20050001 LiveUpdate 2022-03-21 10:31:30 DISCOUNT=0
SLR20050001 LiveUpdate 2022-03-21 10:31:30 PAY_METHOD=CCVISAMC
SLR20050001 LiveUpdate 2022-03-21 10:31:30 LANGUAGE=HU
SLR20050001 LiveUpdate 2022-03-21 10:31:30 AUTOMODE=1
SLR20050001 LiveUpdate 2022-03-21 10:31:30 ORDER_TIMEOUT=300
SLR20050001 LiveUpdate 2022-03-21 10:31:30 TIMEOUT_URL=http://www.seal-ring.web-pro.hu/gateway/simple/timeout
SLR20050001 LiveUpdate 2022-03-21 10:31:30 BACK_REF=http://www.seal-ring.web-pro.hu/gateway/simple/backref
SLR20050001 LiveUpdate 2022-03-21 10:31:30 BILL_FNAME=WEBPRO
SLR20050001 LiveUpdate 2022-03-21 10:31:30 BILL_LNAME=Solutions
SLR20050001 LiveUpdate 2022-03-21 10:31:30 BILL_EMAIL=mistvan2014@gmail.com
SLR20050001 LiveUpdate 2022-03-21 10:31:30 BILL_PHONE=06702361259
SLR20050001 LiveUpdate 2022-03-21 10:31:30 BILL_ADDRESS=
SLR20050001 LiveUpdate 2022-03-21 10:31:30 BILL_ZIPCODE=4287
SLR20050001 LiveUpdate 2022-03-21 10:31:30 BILL_CITY=Vámospércs
SLR20050001 LiveUpdate 2022-03-21 10:31:30 BILL_STATE=
SLR20050001 LiveUpdate 2022-03-21 10:31:30 BILL_COUNTRYCODE=HU
SLR20050001 LiveUpdate 2022-03-21 10:31:30 DELIVERY_FNAME=WEBPRO
SLR20050001 LiveUpdate 2022-03-21 10:31:30 DELIVERY_LNAME=Solutions
SLR20050001 LiveUpdate 2022-03-21 10:31:30 DELIVERY_PHONE=06702361259
SLR20050001 LiveUpdate 2022-03-21 10:31:30 DELIVERY_ADDRESS=
SLR20050001 LiveUpdate 2022-03-21 10:31:30 DELIVERY_ZIPCODE=4287
SLR20050001 LiveUpdate 2022-03-21 10:31:30 DELIVERY_CITY=Vámospércs
SLR20050001 LiveUpdate 2022-03-21 10:31:30 DELIVERY_STATE=
SLR20050001 LiveUpdate 2022-03-21 10:31:30 DELIVERY_COUNTRYCODE=HU
SLR20050001 LiveUpdate 2022-03-21 10:31:30 ORDER_HASH=eb78dee73dbcd1668f44c3e992f85b00
SLR20050001 LiveUpdate 2022-03-21 10:31:34 MERCHANT=
SLR20050001 LiveUpdate 2022-03-21 10:31:34 ORDER_REF=SLR20050001
SLR20050001 LiveUpdate 2022-03-21 10:31:34 ORDER_DATE=2022-03-21 10:31:34
SLR20050001 LiveUpdate 2022-03-21 10:31:34 ORDER_PNAME=B *A* Seeger készlet
SLR20050001 LiveUpdate 2022-03-21 10:31:34 ORDER_PCODE=
SLR20050001 LiveUpdate 2022-03-21 10:31:34 ORDER_PINFO=Cikkszám: 833 
SLR20050001 LiveUpdate 2022-03-21 10:31:34 ORDER_PRICE=2919
SLR20050001 LiveUpdate 2022-03-21 10:31:34 ORDER_QTY=10
SLR20050001 LiveUpdate 2022-03-21 10:31:34 ORDER_VAT=0
SLR20050001 LiveUpdate 2022-03-21 10:31:34 PRICES_CURRENCY=HUF
SLR20050001 LiveUpdate 2022-03-21 10:31:34 ORDER_SHIPPING=0
SLR20050001 LiveUpdate 2022-03-21 10:31:34 DISCOUNT=0
SLR20050001 LiveUpdate 2022-03-21 10:31:34 PAY_METHOD=CCVISAMC
SLR20050001 LiveUpdate 2022-03-21 10:31:34 LANGUAGE=HU
SLR20050001 LiveUpdate 2022-03-21 10:31:34 AUTOMODE=1
SLR20050001 LiveUpdate 2022-03-21 10:31:34 ORDER_TIMEOUT=300
SLR20050001 LiveUpdate 2022-03-21 10:31:34 TIMEOUT_URL=http://www.seal-ring.web-pro.hu/gateway/simple/timeout
SLR20050001 LiveUpdate 2022-03-21 10:31:34 BACK_REF=http://www.seal-ring.web-pro.hu/gateway/simple/backref
SLR20050001 LiveUpdate 2022-03-21 10:31:34 BILL_FNAME=WEBPRO
SLR20050001 LiveUpdate 2022-03-21 10:31:34 BILL_LNAME=Solutions
SLR20050001 LiveUpdate 2022-03-21 10:31:34 BILL_EMAIL=mistvan2014@gmail.com
SLR20050001 LiveUpdate 2022-03-21 10:31:34 BILL_PHONE=06702361259
SLR20050001 LiveUpdate 2022-03-21 10:31:34 BILL_ADDRESS=
SLR20050001 LiveUpdate 2022-03-21 10:31:34 BILL_ZIPCODE=4287
SLR20050001 LiveUpdate 2022-03-21 10:31:34 BILL_CITY=Vámospércs
SLR20050001 LiveUpdate 2022-03-21 10:31:34 BILL_STATE=
SLR20050001 LiveUpdate 2022-03-21 10:31:34 BILL_COUNTRYCODE=HU
SLR20050001 LiveUpdate 2022-03-21 10:31:34 DELIVERY_FNAME=WEBPRO
SLR20050001 LiveUpdate 2022-03-21 10:31:34 DELIVERY_LNAME=Solutions
SLR20050001 LiveUpdate 2022-03-21 10:31:34 DELIVERY_PHONE=06702361259
SLR20050001 LiveUpdate 2022-03-21 10:31:34 DELIVERY_ADDRESS=
SLR20050001 LiveUpdate 2022-03-21 10:31:34 DELIVERY_ZIPCODE=4287
SLR20050001 LiveUpdate 2022-03-21 10:31:34 DELIVERY_CITY=Vámospércs
SLR20050001 LiveUpdate 2022-03-21 10:31:34 DELIVERY_STATE=
SLR20050001 LiveUpdate 2022-03-21 10:31:34 DELIVERY_COUNTRYCODE=HU
SLR20050001 LiveUpdate 2022-03-21 10:31:34 ORDER_HASH=6be2e63532b15fbe23c80427c8ed0761
SLR20050001 LiveUpdate 2022-03-21 10:32:05 MERCHANT=
SLR20050001 LiveUpdate 2022-03-21 10:32:05 ORDER_REF=SLR20050001
SLR20050001 LiveUpdate 2022-03-21 10:32:05 ORDER_DATE=2022-03-21 10:32:05
SLR20050001 LiveUpdate 2022-03-21 10:32:05 ORDER_PNAME=B *A* Seeger készlet
SLR20050001 LiveUpdate 2022-03-21 10:32:05 ORDER_PCODE=
SLR20050001 LiveUpdate 2022-03-21 10:32:05 ORDER_PINFO=Cikkszám: 833 
SLR20050001 LiveUpdate 2022-03-21 10:32:05 ORDER_PRICE=2919
SLR20050001 LiveUpdate 2022-03-21 10:32:05 ORDER_QTY=10
SLR20050001 LiveUpdate 2022-03-21 10:32:05 ORDER_VAT=0
SLR20050001 LiveUpdate 2022-03-21 10:32:05 PRICES_CURRENCY=HUF
SLR20050001 LiveUpdate 2022-03-21 10:32:05 ORDER_SHIPPING=0
SLR20050001 LiveUpdate 2022-03-21 10:32:05 DISCOUNT=0
SLR20050001 LiveUpdate 2022-03-21 10:32:05 PAY_METHOD=CCVISAMC
SLR20050001 LiveUpdate 2022-03-21 10:32:05 LANGUAGE=HU
SLR20050001 LiveUpdate 2022-03-21 10:32:05 AUTOMODE=1
SLR20050001 LiveUpdate 2022-03-21 10:32:05 ORDER_TIMEOUT=300
SLR20050001 LiveUpdate 2022-03-21 10:32:05 TIMEOUT_URL=http://www.seal-ring.web-pro.hu/gateway/simple/timeout
SLR20050001 LiveUpdate 2022-03-21 10:32:05 BACK_REF=http://www.seal-ring.web-pro.hu/gateway/simple/backref
SLR20050001 LiveUpdate 2022-03-21 10:32:05 BILL_FNAME=WEBPRO
SLR20050001 LiveUpdate 2022-03-21 10:32:05 BILL_LNAME=Solutions
SLR20050001 LiveUpdate 2022-03-21 10:32:05 BILL_EMAIL=mistvan2014@gmail.com
SLR20050001 LiveUpdate 2022-03-21 10:32:05 BILL_PHONE=06702361259
SLR20050001 LiveUpdate 2022-03-21 10:32:05 BILL_ADDRESS=
SLR20050001 LiveUpdate 2022-03-21 10:32:05 BILL_ZIPCODE=4287
SLR20050001 LiveUpdate 2022-03-21 10:32:05 BILL_CITY=Vámospércs
SLR20050001 LiveUpdate 2022-03-21 10:32:05 BILL_STATE=
SLR20050001 LiveUpdate 2022-03-21 10:32:05 BILL_COUNTRYCODE=HU
SLR20050001 LiveUpdate 2022-03-21 10:32:05 DELIVERY_FNAME=WEBPRO
SLR20050001 LiveUpdate 2022-03-21 10:32:05 DELIVERY_LNAME=Solutions
SLR20050001 LiveUpdate 2022-03-21 10:32:05 DELIVERY_PHONE=06702361259
SLR20050001 LiveUpdate 2022-03-21 10:32:05 DELIVERY_ADDRESS=
SLR20050001 LiveUpdate 2022-03-21 10:32:05 DELIVERY_ZIPCODE=4287
SLR20050001 LiveUpdate 2022-03-21 10:32:05 DELIVERY_CITY=Vámospércs
SLR20050001 LiveUpdate 2022-03-21 10:32:05 DELIVERY_STATE=
SLR20050001 LiveUpdate 2022-03-21 10:32:05 DELIVERY_COUNTRYCODE=HU
SLR20050001 LiveUpdate 2022-03-21 10:32:05 ORDER_HASH=867c508adde7e962b43f8ffb4586fc3d
SLR20050001 LiveUpdate 2022-03-21 10:32:27 MERCHANT=
SLR20050001 LiveUpdate 2022-03-21 10:32:27 ORDER_REF=SLR20050001
SLR20050001 LiveUpdate 2022-03-21 10:32:27 ORDER_DATE=2022-03-21 10:32:27
SLR20050001 LiveUpdate 2022-03-21 10:32:27 ORDER_PNAME=B *A* Seeger készlet
SLR20050001 LiveUpdate 2022-03-21 10:32:27 ORDER_PCODE=
SLR20050001 LiveUpdate 2022-03-21 10:32:27 ORDER_PINFO=Cikkszám: 833 
SLR20050001 LiveUpdate 2022-03-21 10:32:27 ORDER_PRICE=2919
SLR20050001 LiveUpdate 2022-03-21 10:32:27 ORDER_QTY=10
SLR20050001 LiveUpdate 2022-03-21 10:32:27 ORDER_VAT=0
SLR20050001 LiveUpdate 2022-03-21 10:32:27 PRICES_CURRENCY=HUF
SLR20050001 LiveUpdate 2022-03-21 10:32:27 ORDER_SHIPPING=0
SLR20050001 LiveUpdate 2022-03-21 10:32:27 DISCOUNT=0
SLR20050001 LiveUpdate 2022-03-21 10:32:27 PAY_METHOD=CCVISAMC
SLR20050001 LiveUpdate 2022-03-21 10:32:27 LANGUAGE=HU
SLR20050001 LiveUpdate 2022-03-21 10:32:27 AUTOMODE=1
SLR20050001 LiveUpdate 2022-03-21 10:32:27 ORDER_TIMEOUT=300
SLR20050001 LiveUpdate 2022-03-21 10:32:27 TIMEOUT_URL=http://www.seal-ring.web-pro.hu/gateway/simple/timeout
SLR20050001 LiveUpdate 2022-03-21 10:32:27 BACK_REF=http://www.seal-ring.web-pro.hu/gateway/simple/backref
SLR20050001 LiveUpdate 2022-03-21 10:32:27 BILL_FNAME=WEBPRO
SLR20050001 LiveUpdate 2022-03-21 10:32:27 BILL_LNAME=Solutions
SLR20050001 LiveUpdate 2022-03-21 10:32:27 BILL_EMAIL=mistvan2014@gmail.com
SLR20050001 LiveUpdate 2022-03-21 10:32:27 BILL_PHONE=06702361259
SLR20050001 LiveUpdate 2022-03-21 10:32:27 BILL_ADDRESS=
SLR20050001 LiveUpdate 2022-03-21 10:32:27 BILL_ZIPCODE=4287
SLR20050001 LiveUpdate 2022-03-21 10:32:27 BILL_CITY=Vámospércs
SLR20050001 LiveUpdate 2022-03-21 10:32:27 BILL_STATE=
SLR20050001 LiveUpdate 2022-03-21 10:32:27 BILL_COUNTRYCODE=HU
SLR20050001 LiveUpdate 2022-03-21 10:32:27 DELIVERY_FNAME=WEBPRO
SLR20050001 LiveUpdate 2022-03-21 10:32:27 DELIVERY_LNAME=Solutions
SLR20050001 LiveUpdate 2022-03-21 10:32:27 DELIVERY_PHONE=06702361259
SLR20050001 LiveUpdate 2022-03-21 10:32:27 DELIVERY_ADDRESS=
SLR20050001 LiveUpdate 2022-03-21 10:32:27 DELIVERY_ZIPCODE=4287
SLR20050001 LiveUpdate 2022-03-21 10:32:27 DELIVERY_CITY=Vámospércs
SLR20050001 LiveUpdate 2022-03-21 10:32:27 DELIVERY_STATE=
SLR20050001 LiveUpdate 2022-03-21 10:32:27 DELIVERY_COUNTRYCODE=HU
SLR20050001 LiveUpdate 2022-03-21 10:32:27 ORDER_HASH=c8b41429a2ad77065e77d0d5f9eb49e4
SLR20050001 LiveUpdate 2022-03-21 10:34:39 MERCHANT=
SLR20050001 LiveUpdate 2022-03-21 10:34:39 ORDER_REF=SLR20050001
SLR20050001 LiveUpdate 2022-03-21 10:34:39 ORDER_DATE=2022-03-21 10:34:39
SLR20050001 LiveUpdate 2022-03-21 10:34:39 ORDER_PNAME=B *A* Seeger készlet
SLR20050001 LiveUpdate 2022-03-21 10:34:39 ORDER_PCODE=
SLR20050001 LiveUpdate 2022-03-21 10:34:39 ORDER_PINFO=Cikkszám: 833 
SLR20050001 LiveUpdate 2022-03-21 10:34:39 ORDER_PRICE=2919
SLR20050001 LiveUpdate 2022-03-21 10:34:39 ORDER_QTY=10
SLR20050001 LiveUpdate 2022-03-21 10:34:39 ORDER_VAT=0
SLR20050001 LiveUpdate 2022-03-21 10:34:39 PRICES_CURRENCY=HUF
SLR20050001 LiveUpdate 2022-03-21 10:34:39 ORDER_SHIPPING=0
SLR20050001 LiveUpdate 2022-03-21 10:34:39 DISCOUNT=0
SLR20050001 LiveUpdate 2022-03-21 10:34:39 PAY_METHOD=CCVISAMC
SLR20050001 LiveUpdate 2022-03-21 10:34:39 LANGUAGE=HU
SLR20050001 LiveUpdate 2022-03-21 10:34:39 AUTOMODE=1
SLR20050001 LiveUpdate 2022-03-21 10:34:39 ORDER_TIMEOUT=300
SLR20050001 LiveUpdate 2022-03-21 10:34:39 TIMEOUT_URL=http://www.seal-ring.web-pro.hu/gateway/simple/timeout
SLR20050001 LiveUpdate 2022-03-21 10:34:39 BACK_REF=http://www.seal-ring.web-pro.hu/gateway/simple/backref
SLR20050001 LiveUpdate 2022-03-21 10:34:39 BILL_FNAME=WEBPRO
SLR20050001 LiveUpdate 2022-03-21 10:34:39 BILL_LNAME=Solutions
SLR20050001 LiveUpdate 2022-03-21 10:34:39 BILL_EMAIL=mistvan2014@gmail.com
SLR20050001 LiveUpdate 2022-03-21 10:34:39 BILL_PHONE=06702361259
SLR20050001 LiveUpdate 2022-03-21 10:34:39 BILL_ADDRESS=
SLR20050001 LiveUpdate 2022-03-21 10:34:39 BILL_ZIPCODE=4287
SLR20050001 LiveUpdate 2022-03-21 10:34:39 BILL_CITY=Vámospércs
SLR20050001 LiveUpdate 2022-03-21 10:34:39 BILL_STATE=
SLR20050001 LiveUpdate 2022-03-21 10:34:39 BILL_COUNTRYCODE=HU
SLR20050001 LiveUpdate 2022-03-21 10:34:39 DELIVERY_FNAME=WEBPRO
SLR20050001 LiveUpdate 2022-03-21 10:34:39 DELIVERY_LNAME=Solutions
SLR20050001 LiveUpdate 2022-03-21 10:34:39 DELIVERY_PHONE=06702361259
SLR20050001 LiveUpdate 2022-03-21 10:34:39 DELIVERY_ADDRESS=
SLR20050001 LiveUpdate 2022-03-21 10:34:39 DELIVERY_ZIPCODE=4287
SLR20050001 LiveUpdate 2022-03-21 10:34:39 DELIVERY_CITY=Vámospércs
SLR20050001 LiveUpdate 2022-03-21 10:34:39 DELIVERY_STATE=
SLR20050001 LiveUpdate 2022-03-21 10:34:39 DELIVERY_COUNTRYCODE=HU
SLR20050001 LiveUpdate 2022-03-21 10:34:39 ORDER_HASH=4bd06693e1e1cea2854ea731a7f640f3
SLR20050001 LiveUpdate 2022-03-21 10:36:11 MERCHANT=
SLR20050001 LiveUpdate 2022-03-21 10:36:11 ORDER_REF=SLR20050001
SLR20050001 LiveUpdate 2022-03-21 10:36:11 ORDER_DATE=2022-03-21 10:36:11
SLR20050001 LiveUpdate 2022-03-21 10:36:11 ORDER_PNAME=B *A* Seeger készlet
SLR20050001 LiveUpdate 2022-03-21 10:36:11 ORDER_PCODE=
SLR20050001 LiveUpdate 2022-03-21 10:36:11 ORDER_PINFO=Cikkszám: 833 
SLR20050001 LiveUpdate 2022-03-21 10:36:11 ORDER_PRICE=2919
SLR20050001 LiveUpdate 2022-03-21 10:36:11 ORDER_QTY=10
SLR20050001 LiveUpdate 2022-03-21 10:36:11 ORDER_VAT=0
SLR20050001 LiveUpdate 2022-03-21 10:36:11 PRICES_CURRENCY=HUF
SLR20050001 LiveUpdate 2022-03-21 10:36:11 ORDER_SHIPPING=0
SLR20050001 LiveUpdate 2022-03-21 10:36:11 DISCOUNT=0
SLR20050001 LiveUpdate 2022-03-21 10:36:11 PAY_METHOD=CCVISAMC
SLR20050001 LiveUpdate 2022-03-21 10:36:11 LANGUAGE=HU
SLR20050001 LiveUpdate 2022-03-21 10:36:11 AUTOMODE=1
SLR20050001 LiveUpdate 2022-03-21 10:36:11 ORDER_TIMEOUT=300
SLR20050001 LiveUpdate 2022-03-21 10:36:11 TIMEOUT_URL=http://www.seal-ring.web-pro.hu/gateway/simple/timeout
SLR20050001 LiveUpdate 2022-03-21 10:36:11 BACK_REF=http://www.seal-ring.web-pro.hu/gateway/simple/backref
SLR20050001 LiveUpdate 2022-03-21 10:36:11 BILL_FNAME=WEBPRO
SLR20050001 LiveUpdate 2022-03-21 10:36:11 BILL_LNAME=Solutions
SLR20050001 LiveUpdate 2022-03-21 10:36:11 BILL_EMAIL=mistvan2014@gmail.com
SLR20050001 LiveUpdate 2022-03-21 10:36:11 BILL_PHONE=06702361259
SLR20050001 LiveUpdate 2022-03-21 10:36:11 BILL_ADDRESS=
SLR20050001 LiveUpdate 2022-03-21 10:36:11 BILL_ZIPCODE=4287
SLR20050001 LiveUpdate 2022-03-21 10:36:11 BILL_CITY=Vámospércs
SLR20050001 LiveUpdate 2022-03-21 10:36:11 BILL_STATE=
SLR20050001 LiveUpdate 2022-03-21 10:36:11 BILL_COUNTRYCODE=HU
SLR20050001 LiveUpdate 2022-03-21 10:36:11 DELIVERY_FNAME=WEBPRO
SLR20050001 LiveUpdate 2022-03-21 10:36:11 DELIVERY_LNAME=Solutions
SLR20050001 LiveUpdate 2022-03-21 10:36:11 DELIVERY_PHONE=06702361259
SLR20050001 LiveUpdate 2022-03-21 10:36:11 DELIVERY_ADDRESS=
SLR20050001 LiveUpdate 2022-03-21 10:36:11 DELIVERY_ZIPCODE=4287
SLR20050001 LiveUpdate 2022-03-21 10:36:11 DELIVERY_CITY=Vámospércs
SLR20050001 LiveUpdate 2022-03-21 10:36:11 DELIVERY_STATE=
SLR20050001 LiveUpdate 2022-03-21 10:36:11 DELIVERY_COUNTRYCODE=HU
SLR20050001 LiveUpdate 2022-03-21 10:36:11 ORDER_HASH=3234ad6c7b578144e44d4f2f48f05cd4
SLR20050001 LiveUpdate 2022-03-21 10:36:11 MERCHANT=
SLR20050001 LiveUpdate 2022-03-21 10:36:11 ORDER_REF=SLR20050001
SLR20050001 LiveUpdate 2022-03-21 10:36:11 ORDER_DATE=2022-03-21 10:36:11
SLR20050001 LiveUpdate 2022-03-21 10:36:11 ORDER_PNAME=B *A* Seeger készlet
SLR20050001 LiveUpdate 2022-03-21 10:36:11 ORDER_PCODE=
SLR20050001 LiveUpdate 2022-03-21 10:36:11 ORDER_PINFO=Cikkszám: 833 
SLR20050001 LiveUpdate 2022-03-21 10:36:11 ORDER_PRICE=2919
SLR20050001 LiveUpdate 2022-03-21 10:36:11 ORDER_QTY=10
SLR20050001 LiveUpdate 2022-03-21 10:36:11 ORDER_VAT=0
SLR20050001 LiveUpdate 2022-03-21 10:36:11 PRICES_CURRENCY=HUF
SLR20050001 LiveUpdate 2022-03-21 10:36:11 ORDER_SHIPPING=0
SLR20050001 LiveUpdate 2022-03-21 10:36:11 DISCOUNT=0
SLR20050001 LiveUpdate 2022-03-21 10:36:11 PAY_METHOD=CCVISAMC
SLR20050001 LiveUpdate 2022-03-21 10:36:11 LANGUAGE=HU
SLR20050001 LiveUpdate 2022-03-21 10:36:11 AUTOMODE=1
SLR20050001 LiveUpdate 2022-03-21 10:36:11 ORDER_TIMEOUT=300
SLR20050001 LiveUpdate 2022-03-21 10:36:11 TIMEOUT_URL=http://www.seal-ring.web-pro.hu/gateway/simple/timeout
SLR20050001 LiveUpdate 2022-03-21 10:36:11 BACK_REF=http://www.seal-ring.web-pro.hu/gateway/simple/backref
SLR20050001 LiveUpdate 2022-03-21 10:36:11 BILL_FNAME=WEBPRO
SLR20050001 LiveUpdate 2022-03-21 10:36:11 BILL_LNAME=Solutions
SLR20050001 LiveUpdate 2022-03-21 10:36:11 BILL_EMAIL=mistvan2014@gmail.com
SLR20050001 LiveUpdate 2022-03-21 10:36:11 BILL_PHONE=06702361259
SLR20050001 LiveUpdate 2022-03-21 10:36:11 BILL_ADDRESS=
SLR20050001 LiveUpdate 2022-03-21 10:36:11 BILL_ZIPCODE=4287
SLR20050001 LiveUpdate 2022-03-21 10:36:11 BILL_CITY=Vámospércs
SLR20050001 LiveUpdate 2022-03-21 10:36:11 BILL_STATE=
SLR20050001 LiveUpdate 2022-03-21 10:36:11 BILL_COUNTRYCODE=HU
SLR20050001 LiveUpdate 2022-03-21 10:36:11 DELIVERY_FNAME=WEBPRO
SLR20050001 LiveUpdate 2022-03-21 10:36:11 DELIVERY_LNAME=Solutions
SLR20050001 LiveUpdate 2022-03-21 10:36:11 DELIVERY_PHONE=06702361259
SLR20050001 LiveUpdate 2022-03-21 10:36:11 DELIVERY_ADDRESS=
SLR20050001 LiveUpdate 2022-03-21 10:36:11 DELIVERY_ZIPCODE=4287
SLR20050001 LiveUpdate 2022-03-21 10:36:11 DELIVERY_CITY=Vámospércs
SLR20050001 LiveUpdate 2022-03-21 10:36:11 DELIVERY_STATE=
SLR20050001 LiveUpdate 2022-03-21 10:36:11 DELIVERY_COUNTRYCODE=HU
SLR20050001 LiveUpdate 2022-03-21 10:36:11 ORDER_HASH=3234ad6c7b578144e44d4f2f48f05cd4
SLR20050001 LiveUpdate 2022-03-21 10:37:01 MERCHANT=
SLR20050001 LiveUpdate 2022-03-21 10:37:01 ORDER_REF=SLR20050001
SLR20050001 LiveUpdate 2022-03-21 10:37:01 ORDER_DATE=2022-03-21 10:37:01
SLR20050001 LiveUpdate 2022-03-21 10:37:01 ORDER_PNAME=B *A* Seeger készlet
SLR20050001 LiveUpdate 2022-03-21 10:37:01 ORDER_PCODE=
SLR20050001 LiveUpdate 2022-03-21 10:37:01 ORDER_PINFO=Cikkszám: 833 
SLR20050001 LiveUpdate 2022-03-21 10:37:01 ORDER_PRICE=2919
SLR20050001 LiveUpdate 2022-03-21 10:37:01 ORDER_QTY=10
SLR20050001 LiveUpdate 2022-03-21 10:37:01 ORDER_VAT=0
SLR20050001 LiveUpdate 2022-03-21 10:37:01 PRICES_CURRENCY=HUF
SLR20050001 LiveUpdate 2022-03-21 10:37:01 ORDER_SHIPPING=0
SLR20050001 LiveUpdate 2022-03-21 10:37:01 DISCOUNT=0
SLR20050001 LiveUpdate 2022-03-21 10:37:01 PAY_METHOD=CCVISAMC
SLR20050001 LiveUpdate 2022-03-21 10:37:01 LANGUAGE=HU
SLR20050001 LiveUpdate 2022-03-21 10:37:01 AUTOMODE=1
SLR20050001 LiveUpdate 2022-03-21 10:37:01 ORDER_TIMEOUT=300
SLR20050001 LiveUpdate 2022-03-21 10:37:01 TIMEOUT_URL=http://www.seal-ring.web-pro.hu/gateway/simple/timeout
SLR20050001 LiveUpdate 2022-03-21 10:37:01 BACK_REF=http://www.seal-ring.web-pro.hu/gateway/simple/backref
SLR20050001 LiveUpdate 2022-03-21 10:37:01 BILL_FNAME=WEBPRO
SLR20050001 LiveUpdate 2022-03-21 10:37:01 BILL_LNAME=Solutions
SLR20050001 LiveUpdate 2022-03-21 10:37:01 BILL_EMAIL=mistvan2014@gmail.com
SLR20050001 LiveUpdate 2022-03-21 10:37:01 BILL_PHONE=06702361259
SLR20050001 LiveUpdate 2022-03-21 10:37:01 BILL_ADDRESS=
SLR20050001 LiveUpdate 2022-03-21 10:37:01 BILL_ZIPCODE=4287
SLR20050001 LiveUpdate 2022-03-21 10:37:01 BILL_CITY=Vámospércs
SLR20050001 LiveUpdate 2022-03-21 10:37:01 BILL_STATE=
SLR20050001 LiveUpdate 2022-03-21 10:37:01 BILL_COUNTRYCODE=HU
SLR20050001 LiveUpdate 2022-03-21 10:37:01 DELIVERY_FNAME=WEBPRO
SLR20050001 LiveUpdate 2022-03-21 10:37:01 DELIVERY_LNAME=Solutions
SLR20050001 LiveUpdate 2022-03-21 10:37:01 DELIVERY_PHONE=06702361259
SLR20050001 LiveUpdate 2022-03-21 10:37:01 DELIVERY_ADDRESS=
SLR20050001 LiveUpdate 2022-03-21 10:37:01 DELIVERY_ZIPCODE=4287
SLR20050001 LiveUpdate 2022-03-21 10:37:01 DELIVERY_CITY=Vámospércs
SLR20050001 LiveUpdate 2022-03-21 10:37:01 DELIVERY_STATE=
SLR20050001 LiveUpdate 2022-03-21 10:37:01 DELIVERY_COUNTRYCODE=HU
SLR20050001 LiveUpdate 2022-03-21 10:37:01 ORDER_HASH=bedef11f3d049905bd7ae7d10a127e55
SLR20050001 LiveUpdate 2022-03-21 10:37:12 MERCHANT=
SLR20050001 LiveUpdate 2022-03-21 10:37:12 ORDER_REF=SLR20050001
SLR20050001 LiveUpdate 2022-03-21 10:37:12 ORDER_DATE=2022-03-21 10:37:12
SLR20050001 LiveUpdate 2022-03-21 10:37:12 ORDER_PNAME=B *A* Seeger készlet
SLR20050001 LiveUpdate 2022-03-21 10:37:12 ORDER_PCODE=
SLR20050001 LiveUpdate 2022-03-21 10:37:12 ORDER_PINFO=Cikkszám: 833 
SLR20050001 LiveUpdate 2022-03-21 10:37:12 ORDER_PRICE=2919
SLR20050001 LiveUpdate 2022-03-21 10:37:12 ORDER_QTY=10
SLR20050001 LiveUpdate 2022-03-21 10:37:12 ORDER_VAT=0
SLR20050001 LiveUpdate 2022-03-21 10:37:12 PRICES_CURRENCY=HUF
SLR20050001 LiveUpdate 2022-03-21 10:37:12 ORDER_SHIPPING=0
SLR20050001 LiveUpdate 2022-03-21 10:37:12 DISCOUNT=0
SLR20050001 LiveUpdate 2022-03-21 10:37:12 PAY_METHOD=CCVISAMC
SLR20050001 LiveUpdate 2022-03-21 10:37:12 LANGUAGE=HU
SLR20050001 LiveUpdate 2022-03-21 10:37:12 AUTOMODE=1
SLR20050001 LiveUpdate 2022-03-21 10:37:12 ORDER_TIMEOUT=300
SLR20050001 LiveUpdate 2022-03-21 10:37:12 TIMEOUT_URL=http://www.seal-ring.web-pro.hu/gateway/simple/timeout
SLR20050001 LiveUpdate 2022-03-21 10:37:12 BACK_REF=http://www.seal-ring.web-pro.hu/gateway/simple/backref
SLR20050001 LiveUpdate 2022-03-21 10:37:12 BILL_FNAME=WEBPRO
SLR20050001 LiveUpdate 2022-03-21 10:37:12 BILL_LNAME=Solutions
SLR20050001 LiveUpdate 2022-03-21 10:37:12 BILL_EMAIL=mistvan2014@gmail.com
SLR20050001 LiveUpdate 2022-03-21 10:37:12 BILL_PHONE=06702361259
SLR20050001 LiveUpdate 2022-03-21 10:37:12 BILL_ADDRESS=
SLR20050001 LiveUpdate 2022-03-21 10:37:12 BILL_ZIPCODE=4287
SLR20050001 LiveUpdate 2022-03-21 10:37:12 BILL_CITY=Vámospércs
SLR20050001 LiveUpdate 2022-03-21 10:37:12 BILL_STATE=
SLR20050001 LiveUpdate 2022-03-21 10:37:12 BILL_COUNTRYCODE=HU
SLR20050001 LiveUpdate 2022-03-21 10:37:12 DELIVERY_FNAME=WEBPRO
SLR20050001 LiveUpdate 2022-03-21 10:37:12 DELIVERY_LNAME=Solutions
SLR20050001 LiveUpdate 2022-03-21 10:37:12 DELIVERY_PHONE=06702361259
SLR20050001 LiveUpdate 2022-03-21 10:37:12 DELIVERY_ADDRESS=
SLR20050001 LiveUpdate 2022-03-21 10:37:12 DELIVERY_ZIPCODE=4287
SLR20050001 LiveUpdate 2022-03-21 10:37:12 DELIVERY_CITY=Vámospércs
SLR20050001 LiveUpdate 2022-03-21 10:37:12 DELIVERY_STATE=
SLR20050001 LiveUpdate 2022-03-21 10:37:12 DELIVERY_COUNTRYCODE=HU
SLR20050001 LiveUpdate 2022-03-21 10:37:12 ORDER_HASH=aee9039d91232c1ce9a226f22ece2409
SLR20050001 LiveUpdate 2022-03-21 10:37:23 MERCHANT=
SLR20050001 LiveUpdate 2022-03-21 10:37:23 ORDER_REF=SLR20050001
SLR20050001 LiveUpdate 2022-03-21 10:37:23 ORDER_DATE=2022-03-21 10:37:23
SLR20050001 LiveUpdate 2022-03-21 10:37:23 ORDER_PNAME=B *A* Seeger készlet
SLR20050001 LiveUpdate 2022-03-21 10:37:23 ORDER_PCODE=
SLR20050001 LiveUpdate 2022-03-21 10:37:23 ORDER_PINFO=Cikkszám: 833 
SLR20050001 LiveUpdate 2022-03-21 10:37:23 ORDER_PRICE=2919
SLR20050001 LiveUpdate 2022-03-21 10:37:23 ORDER_QTY=10
SLR20050001 LiveUpdate 2022-03-21 10:37:23 ORDER_VAT=0
SLR20050001 LiveUpdate 2022-03-21 10:37:23 PRICES_CURRENCY=HUF
SLR20050001 LiveUpdate 2022-03-21 10:37:23 ORDER_SHIPPING=0
SLR20050001 LiveUpdate 2022-03-21 10:37:23 DISCOUNT=0
SLR20050001 LiveUpdate 2022-03-21 10:37:23 PAY_METHOD=CCVISAMC
SLR20050001 LiveUpdate 2022-03-21 10:37:23 LANGUAGE=HU
SLR20050001 LiveUpdate 2022-03-21 10:37:23 AUTOMODE=1
SLR20050001 LiveUpdate 2022-03-21 10:37:23 ORDER_TIMEOUT=300
SLR20050001 LiveUpdate 2022-03-21 10:37:23 TIMEOUT_URL=http://www.seal-ring.web-pro.hu/gateway/simple/timeout
SLR20050001 LiveUpdate 2022-03-21 10:37:23 BACK_REF=http://www.seal-ring.web-pro.hu/gateway/simple/backref
SLR20050001 LiveUpdate 2022-03-21 10:37:23 BILL_FNAME=WEBPRO
SLR20050001 LiveUpdate 2022-03-21 10:37:23 BILL_LNAME=Solutions
SLR20050001 LiveUpdate 2022-03-21 10:37:23 BILL_EMAIL=mistvan2014@gmail.com
SLR20050001 LiveUpdate 2022-03-21 10:37:23 BILL_PHONE=06702361259
SLR20050001 LiveUpdate 2022-03-21 10:37:23 BILL_ADDRESS=
SLR20050001 LiveUpdate 2022-03-21 10:37:23 BILL_ZIPCODE=4287
SLR20050001 LiveUpdate 2022-03-21 10:37:23 BILL_CITY=Vámospércs
SLR20050001 LiveUpdate 2022-03-21 10:37:23 BILL_STATE=
SLR20050001 LiveUpdate 2022-03-21 10:37:23 BILL_COUNTRYCODE=HU
SLR20050001 LiveUpdate 2022-03-21 10:37:23 DELIVERY_FNAME=WEBPRO
SLR20050001 LiveUpdate 2022-03-21 10:37:23 DELIVERY_LNAME=Solutions
SLR20050001 LiveUpdate 2022-03-21 10:37:23 DELIVERY_PHONE=06702361259
SLR20050001 LiveUpdate 2022-03-21 10:37:23 DELIVERY_ADDRESS=
SLR20050001 LiveUpdate 2022-03-21 10:37:23 DELIVERY_ZIPCODE=4287
SLR20050001 LiveUpdate 2022-03-21 10:37:23 DELIVERY_CITY=Vámospércs
SLR20050001 LiveUpdate 2022-03-21 10:37:23 DELIVERY_STATE=
SLR20050001 LiveUpdate 2022-03-21 10:37:23 DELIVERY_COUNTRYCODE=HU
SLR20050001 LiveUpdate 2022-03-21 10:37:23 ORDER_HASH=bbd350a7ad8040b29b7f972aaf1b9b55
SLR20050001 LiveUpdate 2022-03-21 10:38:07 MERCHANT=
SLR20050001 LiveUpdate 2022-03-21 10:38:07 ORDER_REF=SLR20050001
SLR20050001 LiveUpdate 2022-03-21 10:38:07 ORDER_DATE=2022-03-21 10:38:07
SLR20050001 LiveUpdate 2022-03-21 10:38:07 ORDER_PNAME=B *A* Seeger készlet
SLR20050001 LiveUpdate 2022-03-21 10:38:07 ORDER_PCODE=
SLR20050001 LiveUpdate 2022-03-21 10:38:07 ORDER_PINFO=Cikkszám: 833 
SLR20050001 LiveUpdate 2022-03-21 10:38:07 ORDER_PRICE=2919
SLR20050001 LiveUpdate 2022-03-21 10:38:07 ORDER_QTY=10
SLR20050001 LiveUpdate 2022-03-21 10:38:07 ORDER_VAT=0
SLR20050001 LiveUpdate 2022-03-21 10:38:07 PRICES_CURRENCY=HUF
SLR20050001 LiveUpdate 2022-03-21 10:38:07 ORDER_SHIPPING=0
SLR20050001 LiveUpdate 2022-03-21 10:38:07 DISCOUNT=0
SLR20050001 LiveUpdate 2022-03-21 10:38:07 PAY_METHOD=CCVISAMC
SLR20050001 LiveUpdate 2022-03-21 10:38:07 LANGUAGE=HU
SLR20050001 LiveUpdate 2022-03-21 10:38:07 AUTOMODE=1
SLR20050001 LiveUpdate 2022-03-21 10:38:07 ORDER_TIMEOUT=300
SLR20050001 LiveUpdate 2022-03-21 10:38:07 TIMEOUT_URL=http://www.seal-ring.web-pro.hu/gateway/simple/timeout
SLR20050001 LiveUpdate 2022-03-21 10:38:07 BACK_REF=http://www.seal-ring.web-pro.hu/gateway/simple/backref
SLR20050001 LiveUpdate 2022-03-21 10:38:07 BILL_FNAME=WEBPRO
SLR20050001 LiveUpdate 2022-03-21 10:38:07 BILL_LNAME=Solutions
SLR20050001 LiveUpdate 2022-03-21 10:38:07 BILL_EMAIL=mistvan2014@gmail.com
SLR20050001 LiveUpdate 2022-03-21 10:38:07 BILL_PHONE=06702361259
SLR20050001 LiveUpdate 2022-03-21 10:38:07 BILL_ADDRESS=
SLR20050001 LiveUpdate 2022-03-21 10:38:07 BILL_ZIPCODE=4287
SLR20050001 LiveUpdate 2022-03-21 10:38:07 BILL_CITY=Vámospércs
SLR20050001 LiveUpdate 2022-03-21 10:38:07 BILL_STATE=
SLR20050001 LiveUpdate 2022-03-21 10:38:07 BILL_COUNTRYCODE=HU
SLR20050001 LiveUpdate 2022-03-21 10:38:07 DELIVERY_FNAME=WEBPRO
SLR20050001 LiveUpdate 2022-03-21 10:38:07 DELIVERY_LNAME=Solutions
SLR20050001 LiveUpdate 2022-03-21 10:38:07 DELIVERY_PHONE=06702361259
SLR20050001 LiveUpdate 2022-03-21 10:38:07 DELIVERY_ADDRESS=
SLR20050001 LiveUpdate 2022-03-21 10:38:07 DELIVERY_ZIPCODE=4287
SLR20050001 LiveUpdate 2022-03-21 10:38:07 DELIVERY_CITY=Vámospércs
SLR20050001 LiveUpdate 2022-03-21 10:38:07 DELIVERY_STATE=
SLR20050001 LiveUpdate 2022-03-21 10:38:07 DELIVERY_COUNTRYCODE=HU
SLR20050001 LiveUpdate 2022-03-21 10:38:07 ORDER_HASH=d1f4aacff146bcf1ffca56448eda8408
SLR20050001 LiveUpdate 2022-03-21 10:40:24 MERCHANT=
SLR20050001 LiveUpdate 2022-03-21 10:40:24 ORDER_REF=SLR20050001
SLR20050001 LiveUpdate 2022-03-21 10:40:24 ORDER_DATE=2022-03-21 10:40:24
SLR20050001 LiveUpdate 2022-03-21 10:40:24 ORDER_PNAME=B *A* Seeger készlet
SLR20050001 LiveUpdate 2022-03-21 10:40:24 ORDER_PCODE=
SLR20050001 LiveUpdate 2022-03-21 10:40:24 ORDER_PINFO=Cikkszám: 833 
SLR20050001 LiveUpdate 2022-03-21 10:40:24 ORDER_PRICE=2919
SLR20050001 LiveUpdate 2022-03-21 10:40:24 ORDER_QTY=10
SLR20050001 LiveUpdate 2022-03-21 10:40:24 ORDER_VAT=0
SLR20050001 LiveUpdate 2022-03-21 10:40:24 PRICES_CURRENCY=HUF
SLR20050001 LiveUpdate 2022-03-21 10:40:24 ORDER_SHIPPING=0
SLR20050001 LiveUpdate 2022-03-21 10:40:24 DISCOUNT=0
SLR20050001 LiveUpdate 2022-03-21 10:40:24 PAY_METHOD=CCVISAMC
SLR20050001 LiveUpdate 2022-03-21 10:40:24 LANGUAGE=HU
SLR20050001 LiveUpdate 2022-03-21 10:40:24 AUTOMODE=1
SLR20050001 LiveUpdate 2022-03-21 10:40:24 ORDER_TIMEOUT=300
SLR20050001 LiveUpdate 2022-03-21 10:40:24 TIMEOUT_URL=http://www.seal-ring.web-pro.hu/gateway/simple/timeout
SLR20050001 LiveUpdate 2022-03-21 10:40:24 BACK_REF=http://www.seal-ring.web-pro.hu/gateway/simple/backref
SLR20050001 LiveUpdate 2022-03-21 10:40:24 BILL_FNAME=WEBPRO
SLR20050001 LiveUpdate 2022-03-21 10:40:24 BILL_LNAME=Solutions
SLR20050001 LiveUpdate 2022-03-21 10:40:24 BILL_EMAIL=mistvan2014@gmail.com
SLR20050001 LiveUpdate 2022-03-21 10:40:24 BILL_PHONE=06702361259
SLR20050001 LiveUpdate 2022-03-21 10:40:24 BILL_ADDRESS=
SLR20050001 LiveUpdate 2022-03-21 10:40:24 BILL_ZIPCODE=4287
SLR20050001 LiveUpdate 2022-03-21 10:40:24 BILL_CITY=Vámospércs
SLR20050001 LiveUpdate 2022-03-21 10:40:24 BILL_STATE=
SLR20050001 LiveUpdate 2022-03-21 10:40:24 BILL_COUNTRYCODE=HU
SLR20050001 LiveUpdate 2022-03-21 10:40:24 DELIVERY_FNAME=WEBPRO
SLR20050001 LiveUpdate 2022-03-21 10:40:24 DELIVERY_LNAME=Solutions
SLR20050001 LiveUpdate 2022-03-21 10:40:24 DELIVERY_PHONE=06702361259
SLR20050001 LiveUpdate 2022-03-21 10:40:24 DELIVERY_ADDRESS=
SLR20050001 LiveUpdate 2022-03-21 10:40:24 DELIVERY_ZIPCODE=4287
SLR20050001 LiveUpdate 2022-03-21 10:40:24 DELIVERY_CITY=Vámospércs
SLR20050001 LiveUpdate 2022-03-21 10:40:24 DELIVERY_STATE=
SLR20050001 LiveUpdate 2022-03-21 10:40:24 DELIVERY_COUNTRYCODE=HU
SLR20050001 LiveUpdate 2022-03-21 10:40:24 ORDER_HASH=bdef8473a8b6d4783c7fb5e5d23f7697
SLR20050001 LiveUpdate 2022-03-21 10:40:33 MERCHANT=
SLR20050001 LiveUpdate 2022-03-21 10:40:33 ORDER_REF=SLR20050001
SLR20050001 LiveUpdate 2022-03-21 10:40:33 ORDER_DATE=2022-03-21 10:40:33
SLR20050001 LiveUpdate 2022-03-21 10:40:33 ORDER_PNAME=B *A* Seeger készlet
SLR20050001 LiveUpdate 2022-03-21 10:40:33 ORDER_PCODE=
SLR20050001 LiveUpdate 2022-03-21 10:40:33 ORDER_PINFO=Cikkszám: 833 
SLR20050001 LiveUpdate 2022-03-21 10:40:33 ORDER_PRICE=2919
SLR20050001 LiveUpdate 2022-03-21 10:40:33 ORDER_QTY=10
SLR20050001 LiveUpdate 2022-03-21 10:40:33 ORDER_VAT=0
SLR20050001 LiveUpdate 2022-03-21 10:40:33 PRICES_CURRENCY=HUF
SLR20050001 LiveUpdate 2022-03-21 10:40:33 ORDER_SHIPPING=0
SLR20050001 LiveUpdate 2022-03-21 10:40:33 DISCOUNT=0
SLR20050001 LiveUpdate 2022-03-21 10:40:33 PAY_METHOD=CCVISAMC
SLR20050001 LiveUpdate 2022-03-21 10:40:33 LANGUAGE=HU
SLR20050001 LiveUpdate 2022-03-21 10:40:33 AUTOMODE=1
SLR20050001 LiveUpdate 2022-03-21 10:40:33 ORDER_TIMEOUT=300
SLR20050001 LiveUpdate 2022-03-21 10:40:33 TIMEOUT_URL=http://www.seal-ring.web-pro.hu/gateway/simple/timeout
SLR20050001 LiveUpdate 2022-03-21 10:40:33 BACK_REF=http://www.seal-ring.web-pro.hu/gateway/simple/backref
SLR20050001 LiveUpdate 2022-03-21 10:40:33 BILL_FNAME=WEBPRO
SLR20050001 LiveUpdate 2022-03-21 10:40:33 BILL_LNAME=Solutions
SLR20050001 LiveUpdate 2022-03-21 10:40:33 BILL_EMAIL=mistvan2014@gmail.com
SLR20050001 LiveUpdate 2022-03-21 10:40:33 BILL_PHONE=06702361259
SLR20050001 LiveUpdate 2022-03-21 10:40:33 BILL_ADDRESS=
SLR20050001 LiveUpdate 2022-03-21 10:40:33 BILL_ZIPCODE=4287
SLR20050001 LiveUpdate 2022-03-21 10:40:33 BILL_CITY=Vámospércs
SLR20050001 LiveUpdate 2022-03-21 10:40:33 BILL_STATE=
SLR20050001 LiveUpdate 2022-03-21 10:40:33 BILL_COUNTRYCODE=HU
SLR20050001 LiveUpdate 2022-03-21 10:40:33 DELIVERY_FNAME=WEBPRO
SLR20050001 LiveUpdate 2022-03-21 10:40:33 DELIVERY_LNAME=Solutions
SLR20050001 LiveUpdate 2022-03-21 10:40:33 DELIVERY_PHONE=06702361259
SLR20050001 LiveUpdate 2022-03-21 10:40:33 DELIVERY_ADDRESS=
SLR20050001 LiveUpdate 2022-03-21 10:40:33 DELIVERY_ZIPCODE=4287
SLR20050001 LiveUpdate 2022-03-21 10:40:33 DELIVERY_CITY=Vámospércs
SLR20050001 LiveUpdate 2022-03-21 10:40:33 DELIVERY_STATE=
SLR20050001 LiveUpdate 2022-03-21 10:40:33 DELIVERY_COUNTRYCODE=HU
SLR20050001 LiveUpdate 2022-03-21 10:40:33 ORDER_HASH=395a4af2752050aa247ddcef8f2e18fb
SLR20050001 LiveUpdate 2022-03-21 12:30:38 MERCHANT=
SLR20050001 LiveUpdate 2022-03-21 12:30:38 ORDER_REF=SLR20050001
SLR20050001 LiveUpdate 2022-03-21 12:30:38 ORDER_DATE=2022-03-21 12:30:38
SLR20050001 LiveUpdate 2022-03-21 12:30:38 ORDER_PNAME=B *A* Seeger készlet
SLR20050001 LiveUpdate 2022-03-21 12:30:38 ORDER_PCODE=
SLR20050001 LiveUpdate 2022-03-21 12:30:38 ORDER_PINFO=Cikkszám: 833 
SLR20050001 LiveUpdate 2022-03-21 12:30:38 ORDER_PRICE=2919
SLR20050001 LiveUpdate 2022-03-21 12:30:38 ORDER_QTY=10
SLR20050001 LiveUpdate 2022-03-21 12:30:38 ORDER_VAT=0
SLR20050001 LiveUpdate 2022-03-21 12:30:38 PRICES_CURRENCY=HUF
SLR20050001 LiveUpdate 2022-03-21 12:30:38 ORDER_SHIPPING=0
SLR20050001 LiveUpdate 2022-03-21 12:30:38 DISCOUNT=0
SLR20050001 LiveUpdate 2022-03-21 12:30:38 PAY_METHOD=CCVISAMC
SLR20050001 LiveUpdate 2022-03-21 12:30:38 LANGUAGE=HU
SLR20050001 LiveUpdate 2022-03-21 12:30:38 AUTOMODE=1
SLR20050001 LiveUpdate 2022-03-21 12:30:38 ORDER_TIMEOUT=300
SLR20050001 LiveUpdate 2022-03-21 12:30:38 TIMEOUT_URL=http://www.seal-ring.web-pro.hu/gateway/simple/timeout
SLR20050001 LiveUpdate 2022-03-21 12:30:38 BACK_REF=http://www.seal-ring.web-pro.hu/gateway/simple/backref
SLR20050001 LiveUpdate 2022-03-21 12:30:38 BILL_FNAME=WEBPRO
SLR20050001 LiveUpdate 2022-03-21 12:30:38 BILL_LNAME=Solutions
SLR20050001 LiveUpdate 2022-03-21 12:30:38 BILL_EMAIL=mistvan2014@gmail.com
SLR20050001 LiveUpdate 2022-03-21 12:30:38 BILL_PHONE=06702361259
SLR20050001 LiveUpdate 2022-03-21 12:30:38 BILL_ADDRESS=
SLR20050001 LiveUpdate 2022-03-21 12:30:38 BILL_ZIPCODE=4287
SLR20050001 LiveUpdate 2022-03-21 12:30:38 BILL_CITY=Vámospércs
SLR20050001 LiveUpdate 2022-03-21 12:30:38 BILL_STATE=
SLR20050001 LiveUpdate 2022-03-21 12:30:38 BILL_COUNTRYCODE=HU
SLR20050001 LiveUpdate 2022-03-21 12:30:38 DELIVERY_FNAME=WEBPRO
SLR20050001 LiveUpdate 2022-03-21 12:30:38 DELIVERY_LNAME=Solutions
SLR20050001 LiveUpdate 2022-03-21 12:30:38 DELIVERY_PHONE=06702361259
SLR20050001 LiveUpdate 2022-03-21 12:30:38 DELIVERY_ADDRESS=
SLR20050001 LiveUpdate 2022-03-21 12:30:38 DELIVERY_ZIPCODE=4287
SLR20050001 LiveUpdate 2022-03-21 12:30:38 DELIVERY_CITY=Vámospércs
SLR20050001 LiveUpdate 2022-03-21 12:30:38 DELIVERY_STATE=
SLR20050001 LiveUpdate 2022-03-21 12:30:38 DELIVERY_COUNTRYCODE=HU
SLR20050001 LiveUpdate 2022-03-21 12:30:38 ORDER_HASH=d33c115f375cab997b6e95aab87d91bd
