SLR22040004 LiveUpdate 2022-04-13 14:29:55 MERCHANT=
SLR22040004 LiveUpdate 2022-04-13 14:29:55 ORDER_REF=SLR22040004
SLR22040004 LiveUpdate 2022-04-13 14:29:55 ORDER_DATE=2022-04-13 14:29:55
SLR22040004 LiveUpdate 2022-04-13 14:29:55 ORDER_PNAME=G 41 X 54 X 7 RST NBR70
SLR22040004 LiveUpdate 2022-04-13 14:29:55 ORDER_PCODE=
SLR22040004 LiveUpdate 2022-04-13 14:29:55 ORDER_PINFO=Cikkszám: 1625 
SLR22040004 LiveUpdate 2022-04-13 14:29:55 ORDER_PRICE=1
SLR22040004 LiveUpdate 2022-04-13 14:29:55 ORDER_QTY=1
SLR22040004 LiveUpdate 2022-04-13 14:29:55 ORDER_VAT=0
SLR22040004 LiveUpdate 2022-04-13 14:29:55 PRICES_CURRENCY=HUF
SLR22040004 LiveUpdate 2022-04-13 14:29:55 ORDER_SHIPPING=0
SLR22040004 LiveUpdate 2022-04-13 14:29:55 DISCOUNT=0
SLR22040004 LiveUpdate 2022-04-13 14:29:55 PAY_METHOD=CCVISAMC
SLR22040004 LiveUpdate 2022-04-13 14:29:55 LANGUAGE=HU
SLR22040004 LiveUpdate 2022-04-13 14:29:55 AUTOMODE=1
SLR22040004 LiveUpdate 2022-04-13 14:29:55 ORDER_TIMEOUT=300
SLR22040004 LiveUpdate 2022-04-13 14:29:55 TIMEOUT_URL=http://www.seal-ring.web-pro.hu/gateway/simple/timeout
SLR22040004 LiveUpdate 2022-04-13 14:29:55 BACK_REF=http://www.seal-ring.web-pro.hu/gateway/simple/backref
SLR22040004 LiveUpdate 2022-04-13 14:29:55 BILL_FNAME=WEBPRO
SLR22040004 LiveUpdate 2022-04-13 14:29:55 BILL_LNAME=Solutions
SLR22040004 LiveUpdate 2022-04-13 14:29:55 BILL_EMAIL=mistvan2014@gmail.com
SLR22040004 LiveUpdate 2022-04-13 14:29:55 BILL_PHONE=06702361259
SLR22040004 LiveUpdate 2022-04-13 14:29:55 BILL_ADDRESS=
SLR22040004 LiveUpdate 2022-04-13 14:29:55 BILL_ZIPCODE=4287
SLR22040004 LiveUpdate 2022-04-13 14:29:55 BILL_CITY=Vámospércs
SLR22040004 LiveUpdate 2022-04-13 14:29:55 BILL_STATE=
SLR22040004 LiveUpdate 2022-04-13 14:29:55 BILL_COUNTRYCODE=HU
SLR22040004 LiveUpdate 2022-04-13 14:29:55 DELIVERY_FNAME=WEBPRO
SLR22040004 LiveUpdate 2022-04-13 14:29:55 DELIVERY_LNAME=Solutions
SLR22040004 LiveUpdate 2022-04-13 14:29:55 DELIVERY_PHONE=06702361259
SLR22040004 LiveUpdate 2022-04-13 14:29:55 DELIVERY_ADDRESS=
SLR22040004 LiveUpdate 2022-04-13 14:29:55 DELIVERY_ZIPCODE=4287
SLR22040004 LiveUpdate 2022-04-13 14:29:55 DELIVERY_CITY=Vámospércs
SLR22040004 LiveUpdate 2022-04-13 14:29:55 DELIVERY_STATE=
SLR22040004 LiveUpdate 2022-04-13 14:29:55 DELIVERY_COUNTRYCODE=HU
SLR22040004 LiveUpdate 2022-04-13 14:29:55 ORDER_HASH=ed1c63dd0625ca0d920dfaaa5ccd055e
SLR22040005 LiveUpdate 2022-04-13 16:00:53 MERCHANT=
SLR22040005 LiveUpdate 2022-04-13 16:00:53 ORDER_REF=SLR22040005
SLR22040005 LiveUpdate 2022-04-13 16:00:53 ORDER_DATE=2022-04-13 16:00:53
SLR22040005 LiveUpdate 2022-04-13 16:00:53 ORDER_PNAME=S 20 X 35 X 07 R-DUO NBR70 TTO
SLR22040005 LiveUpdate 2022-04-13 16:00:53 ORDER_PCODE=
SLR22040005 LiveUpdate 2022-04-13 16:00:53 ORDER_PINFO=Cikkszám: 12124 
SLR22040005 LiveUpdate 2022-04-13 16:00:53 ORDER_PRICE=1
SLR22040005 LiveUpdate 2022-04-13 16:00:53 ORDER_QTY=3
SLR22040005 LiveUpdate 2022-04-13 16:00:53 ORDER_VAT=0
SLR22040005 LiveUpdate 2022-04-13 16:00:53 PRICES_CURRENCY=HUF
SLR22040005 LiveUpdate 2022-04-13 16:00:53 ORDER_SHIPPING=0
SLR22040005 LiveUpdate 2022-04-13 16:00:53 DISCOUNT=0
SLR22040005 LiveUpdate 2022-04-13 16:00:53 PAY_METHOD=CCVISAMC
SLR22040005 LiveUpdate 2022-04-13 16:00:53 LANGUAGE=HU
SLR22040005 LiveUpdate 2022-04-13 16:00:53 AUTOMODE=1
SLR22040005 LiveUpdate 2022-04-13 16:00:53 ORDER_TIMEOUT=300
SLR22040005 LiveUpdate 2022-04-13 16:00:53 TIMEOUT_URL=http://www.seal-ring.web-pro.hu/gateway/simple/timeout
SLR22040005 LiveUpdate 2022-04-13 16:00:53 BACK_REF=http://www.seal-ring.web-pro.hu/gateway/simple/backref
SLR22040005 LiveUpdate 2022-04-13 16:00:53 BILL_FNAME=WEBPRO
SLR22040005 LiveUpdate 2022-04-13 16:00:53 BILL_LNAME=Solutions
SLR22040005 LiveUpdate 2022-04-13 16:00:53 BILL_EMAIL=mistvan2014@gmail.com
SLR22040005 LiveUpdate 2022-04-13 16:00:53 BILL_PHONE=06702361259
SLR22040005 LiveUpdate 2022-04-13 16:00:53 BILL_ADDRESS=
SLR22040005 LiveUpdate 2022-04-13 16:00:53 BILL_ZIPCODE=4287
SLR22040005 LiveUpdate 2022-04-13 16:00:53 BILL_CITY=Vámospércs
SLR22040005 LiveUpdate 2022-04-13 16:00:53 BILL_STATE=
SLR22040005 LiveUpdate 2022-04-13 16:00:53 BILL_COUNTRYCODE=HU
SLR22040005 LiveUpdate 2022-04-13 16:00:53 DELIVERY_FNAME=WEBPRO
SLR22040005 LiveUpdate 2022-04-13 16:00:53 DELIVERY_LNAME=Solutions
SLR22040005 LiveUpdate 2022-04-13 16:00:53 DELIVERY_PHONE=06702361259
SLR22040005 LiveUpdate 2022-04-13 16:00:53 DELIVERY_ADDRESS=
SLR22040005 LiveUpdate 2022-04-13 16:00:53 DELIVERY_ZIPCODE=4287
SLR22040005 LiveUpdate 2022-04-13 16:00:53 DELIVERY_CITY=Vámospércs
SLR22040005 LiveUpdate 2022-04-13 16:00:53 DELIVERY_STATE=
SLR22040005 LiveUpdate 2022-04-13 16:00:53 DELIVERY_COUNTRYCODE=HU
SLR22040005 LiveUpdate 2022-04-13 16:00:53 ORDER_HASH=d5c379388e4998090f5e80d148a79b6c
SLR22040005 LiveUpdate 2022-04-13 16:01:04 MERCHANT=
SLR22040005 LiveUpdate 2022-04-13 16:01:04 ORDER_REF=SLR22040005
SLR22040005 LiveUpdate 2022-04-13 16:01:04 ORDER_DATE=2022-04-13 16:01:04
SLR22040005 LiveUpdate 2022-04-13 16:01:04 ORDER_PNAME=S 20 X 35 X 07 R-DUO NBR70 TTO
SLR22040005 LiveUpdate 2022-04-13 16:01:04 ORDER_PCODE=
SLR22040005 LiveUpdate 2022-04-13 16:01:04 ORDER_PINFO=Cikkszám: 12124 
SLR22040005 LiveUpdate 2022-04-13 16:01:04 ORDER_PRICE=1
SLR22040005 LiveUpdate 2022-04-13 16:01:04 ORDER_QTY=3
SLR22040005 LiveUpdate 2022-04-13 16:01:04 ORDER_VAT=0
SLR22040005 LiveUpdate 2022-04-13 16:01:04 PRICES_CURRENCY=HUF
SLR22040005 LiveUpdate 2022-04-13 16:01:04 ORDER_SHIPPING=0
SLR22040005 LiveUpdate 2022-04-13 16:01:04 DISCOUNT=0
SLR22040005 LiveUpdate 2022-04-13 16:01:04 PAY_METHOD=CCVISAMC
SLR22040005 LiveUpdate 2022-04-13 16:01:04 LANGUAGE=HU
SLR22040005 LiveUpdate 2022-04-13 16:01:04 AUTOMODE=1
SLR22040005 LiveUpdate 2022-04-13 16:01:04 ORDER_TIMEOUT=300
SLR22040005 LiveUpdate 2022-04-13 16:01:04 TIMEOUT_URL=http://www.seal-ring.web-pro.hu/gateway/simple/timeout
SLR22040005 LiveUpdate 2022-04-13 16:01:04 BACK_REF=http://www.seal-ring.web-pro.hu/gateway/simple/backref
SLR22040005 LiveUpdate 2022-04-13 16:01:04 BILL_FNAME=WEBPRO
SLR22040005 LiveUpdate 2022-04-13 16:01:04 BILL_LNAME=Solutions
SLR22040005 LiveUpdate 2022-04-13 16:01:04 BILL_EMAIL=mistvan2014@gmail.com
SLR22040005 LiveUpdate 2022-04-13 16:01:04 BILL_PHONE=06702361259
SLR22040005 LiveUpdate 2022-04-13 16:01:04 BILL_ADDRESS=
SLR22040005 LiveUpdate 2022-04-13 16:01:04 BILL_ZIPCODE=4287
SLR22040005 LiveUpdate 2022-04-13 16:01:04 BILL_CITY=Vámospércs
SLR22040005 LiveUpdate 2022-04-13 16:01:04 BILL_STATE=
SLR22040005 LiveUpdate 2022-04-13 16:01:04 BILL_COUNTRYCODE=HU
SLR22040005 LiveUpdate 2022-04-13 16:01:04 DELIVERY_FNAME=WEBPRO
SLR22040005 LiveUpdate 2022-04-13 16:01:04 DELIVERY_LNAME=Solutions
SLR22040005 LiveUpdate 2022-04-13 16:01:04 DELIVERY_PHONE=06702361259
SLR22040005 LiveUpdate 2022-04-13 16:01:04 DELIVERY_ADDRESS=
SLR22040005 LiveUpdate 2022-04-13 16:01:04 DELIVERY_ZIPCODE=4287
SLR22040005 LiveUpdate 2022-04-13 16:01:04 DELIVERY_CITY=Vámospércs
SLR22040005 LiveUpdate 2022-04-13 16:01:04 DELIVERY_STATE=
SLR22040005 LiveUpdate 2022-04-13 16:01:04 DELIVERY_COUNTRYCODE=HU
SLR22040005 LiveUpdate 2022-04-13 16:01:04 ORDER_HASH=a5990f0b6500f6574fc538eadceeed75
SLR22040003 LiveUpdate 2022-04-13 16:05:26 MERCHANT=
SLR22040003 LiveUpdate 2022-04-13 16:05:26 ORDER_REF=SLR22040003
SLR22040003 LiveUpdate 2022-04-13 16:05:26 ORDER_DATE=2022-04-13 16:05:26
SLR22040003 LiveUpdate 2022-04-13 16:05:26 ORDER_PNAME=CO 140 X 170 X 14,5/16 NBR70 Cassette
SLR22040003 LiveUpdate 2022-04-13 16:05:26 ORDER_PCODE=
SLR22040003 LiveUpdate 2022-04-13 16:05:26 ORDER_PINFO=Cikkszám: 27470 
SLR22040003 LiveUpdate 2022-04-13 16:05:26 ORDER_PRICE=52
SLR22040003 LiveUpdate 2022-04-13 16:05:26 ORDER_QTY=1
SLR22040003 LiveUpdate 2022-04-13 16:05:26 ORDER_VAT=0
SLR22040003 LiveUpdate 2022-04-13 16:05:26 PRICES_CURRENCY=HUF
SLR22040003 LiveUpdate 2022-04-13 16:05:26 ORDER_SHIPPING=0
SLR22040003 LiveUpdate 2022-04-13 16:05:26 DISCOUNT=0
SLR22040003 LiveUpdate 2022-04-13 16:05:26 PAY_METHOD=CCVISAMC
SLR22040003 LiveUpdate 2022-04-13 16:05:26 LANGUAGE=HU
SLR22040003 LiveUpdate 2022-04-13 16:05:26 AUTOMODE=1
SLR22040003 LiveUpdate 2022-04-13 16:05:26 ORDER_TIMEOUT=300
SLR22040003 LiveUpdate 2022-04-13 16:05:26 TIMEOUT_URL=http://www.seal-ring.web-pro.hu/gateway/simple/timeout
SLR22040003 LiveUpdate 2022-04-13 16:05:26 BACK_REF=http://www.seal-ring.web-pro.hu/gateway/simple/backref
SLR22040003 LiveUpdate 2022-04-13 16:05:26 BILL_FNAME=WEBPRO
SLR22040003 LiveUpdate 2022-04-13 16:05:26 BILL_LNAME=Solutions
SLR22040003 LiveUpdate 2022-04-13 16:05:26 BILL_EMAIL=mistvan2014@gmail.com
SLR22040003 LiveUpdate 2022-04-13 16:05:26 BILL_PHONE=06702361259
SLR22040003 LiveUpdate 2022-04-13 16:05:26 BILL_ADDRESS=
SLR22040003 LiveUpdate 2022-04-13 16:05:26 BILL_ZIPCODE=4287
SLR22040003 LiveUpdate 2022-04-13 16:05:26 BILL_CITY=Vámospércs
SLR22040003 LiveUpdate 2022-04-13 16:05:26 BILL_STATE=
SLR22040003 LiveUpdate 2022-04-13 16:05:26 BILL_COUNTRYCODE=HU
SLR22040003 LiveUpdate 2022-04-13 16:05:26 DELIVERY_FNAME=WEBPRO
SLR22040003 LiveUpdate 2022-04-13 16:05:26 DELIVERY_LNAME=Solutions
SLR22040003 LiveUpdate 2022-04-13 16:05:26 DELIVERY_PHONE=06702361259
SLR22040003 LiveUpdate 2022-04-13 16:05:26 DELIVERY_ADDRESS=
SLR22040003 LiveUpdate 2022-04-13 16:05:26 DELIVERY_ZIPCODE=4287
SLR22040003 LiveUpdate 2022-04-13 16:05:26 DELIVERY_CITY=Vámospércs
SLR22040003 LiveUpdate 2022-04-13 16:05:26 DELIVERY_STATE=
SLR22040003 LiveUpdate 2022-04-13 16:05:26 DELIVERY_COUNTRYCODE=HU
SLR22040003 LiveUpdate 2022-04-13 16:05:26 ORDER_HASH=04ea6935aa4e5496c970ae82ca1aeec1
SLR20050001 LiveUpdate 2022-04-13 16:05:32 MERCHANT=
SLR20050001 LiveUpdate 2022-04-13 16:05:32 ORDER_REF=SLR20050001
SLR20050001 LiveUpdate 2022-04-13 16:05:32 ORDER_DATE=2022-04-13 16:05:32
SLR20050001 LiveUpdate 2022-04-13 16:05:32 ORDER_PNAME=B *A* Seeger készlet
SLR20050001 LiveUpdate 2022-04-13 16:05:32 ORDER_PCODE=
SLR20050001 LiveUpdate 2022-04-13 16:05:32 ORDER_PINFO=Cikkszám: 833 
SLR20050001 LiveUpdate 2022-04-13 16:05:32 ORDER_PRICE=2919
SLR20050001 LiveUpdate 2022-04-13 16:05:32 ORDER_QTY=10
SLR20050001 LiveUpdate 2022-04-13 16:05:32 ORDER_VAT=0
SLR20050001 LiveUpdate 2022-04-13 16:05:32 PRICES_CURRENCY=HUF
SLR20050001 LiveUpdate 2022-04-13 16:05:32 ORDER_SHIPPING=0
SLR20050001 LiveUpdate 2022-04-13 16:05:32 DISCOUNT=0
SLR20050001 LiveUpdate 2022-04-13 16:05:32 PAY_METHOD=CCVISAMC
SLR20050001 LiveUpdate 2022-04-13 16:05:32 LANGUAGE=HU
SLR20050001 LiveUpdate 2022-04-13 16:05:32 AUTOMODE=1
SLR20050001 LiveUpdate 2022-04-13 16:05:32 ORDER_TIMEOUT=300
SLR20050001 LiveUpdate 2022-04-13 16:05:32 TIMEOUT_URL=http://www.seal-ring.web-pro.hu/gateway/simple/timeout
SLR20050001 LiveUpdate 2022-04-13 16:05:32 BACK_REF=http://www.seal-ring.web-pro.hu/gateway/simple/backref
SLR20050001 LiveUpdate 2022-04-13 16:05:32 BILL_FNAME=WEBPRO
SLR20050001 LiveUpdate 2022-04-13 16:05:32 BILL_LNAME=Solutions
SLR20050001 LiveUpdate 2022-04-13 16:05:32 BILL_EMAIL=mistvan2014@gmail.com
SLR20050001 LiveUpdate 2022-04-13 16:05:32 BILL_PHONE=06702361259
SLR20050001 LiveUpdate 2022-04-13 16:05:32 BILL_ADDRESS=
SLR20050001 LiveUpdate 2022-04-13 16:05:32 BILL_ZIPCODE=4287
SLR20050001 LiveUpdate 2022-04-13 16:05:32 BILL_CITY=Vámospércs
SLR20050001 LiveUpdate 2022-04-13 16:05:32 BILL_STATE=
SLR20050001 LiveUpdate 2022-04-13 16:05:32 BILL_COUNTRYCODE=HU
SLR20050001 LiveUpdate 2022-04-13 16:05:32 DELIVERY_FNAME=WEBPRO
SLR20050001 LiveUpdate 2022-04-13 16:05:32 DELIVERY_LNAME=Solutions
SLR20050001 LiveUpdate 2022-04-13 16:05:32 DELIVERY_PHONE=06702361259
SLR20050001 LiveUpdate 2022-04-13 16:05:32 DELIVERY_ADDRESS=
SLR20050001 LiveUpdate 2022-04-13 16:05:32 DELIVERY_ZIPCODE=4287
SLR20050001 LiveUpdate 2022-04-13 16:05:32 DELIVERY_CITY=Vámospércs
SLR20050001 LiveUpdate 2022-04-13 16:05:32 DELIVERY_STATE=
SLR20050001 LiveUpdate 2022-04-13 16:05:32 DELIVERY_COUNTRYCODE=HU
SLR20050001 LiveUpdate 2022-04-13 16:05:32 ORDER_HASH=615a62925264ddf97e3eab0cd465a961
